********************************ARQUIVO*******************************
GABRIEL O ANJO@F@03/10/1991@(60) 51934-6313@CORSA@WKD-0639@JUNDIAI|LORENA|RIO DE JANEIRO|TAUBATE@11/02/19@21:13@074.41@4@#######################################################################################################################################
********************************BUSCAR********************************
Busca por GWKD110221. Nos percorridos:
GWKD110221

GWKD110221
GABRIEL O ANJO
F
03/10/1991
(60) 51934-6313
CORSA
WKD-0639
11/02/19
21:13
074.41
4
JUNDIAI, LORENA, RIO DE JANEIRO, TAUBATE
********************************LISTAR********************************
1 - GWKD110221
***************************INDICE PRIMÁRIO****************************
002GWKD1102210000JNKU1002070003T*********
001LYZX0507060002##############T*********
001LGKZ1603070001##############F000001***
********************************ARQUIVO*******************************
GABRIEL O ANJO@F@03/10/1991@(60) 51934-6313@CORSA@WKD-0639@JUNDIAI|LORENA|RIO DE JANEIRO|TAUBATE@11/02/19@21:13@074.41@4@#######################################################################################################################################LAVINIE DIAS@F@19/09/1991@(33) 19958-2295@FIT@GKZ-0637@JUNDIAI|OSASCO|RIO DE JANEIRO|SAO PAULO@16/03/19@07:09@138.26@4@#########################################################################################################################################LETICIA BASTOS@F@26/02/1999@(16) 91644-4457@ONIX@YZX-8851@COTIA|JUNDIAI|LORENA|OSASCO|RIO DE JANEIRO|SAO ROQUE|SOROCABA|TAUBATE@05/07/19@06:25@052.86@4@########################################################################################################JULIANA MENDES@M@19/09/1990@(58) 44925-9026@UNO@NKU-8716@COTIA|LORENA|OSASCO|RIO DE JANEIRO|SAO JOSE DOS CAMPOS|SAO PAULO|SAO ROQUE|SOROCABA|TAUBATE@10/02/19@07:55@188.66@2@###################################################################################
********************************BUSCAR********************************
Busca por LCFY080810. Nos percorridos:
JNKU100207, LGKZ160307
LCFY080810

LCFY080810
LETICIA BASTOS
M
17/09/1990
(00) 98021-0817
UNO
CFY-5832
08/08/19
10:44
240.35
4
LORENA, SAO JOSE DOS CAMPOS, SAO PAULO, SAO ROQUE
***************************INDICE PRIMÁRIO****************************
001GWKD1102210000##############T*********
001LYZX0507060002##############T*********
002JNKU1002070003LGKZ1603070001F000003001
001LCFY0808100004##############T*********
********************************ARQUIVO*******************************
GABRIEL O ANJO@F@03/10/1991@(60) 51934-6313@CORSA@WKD-0639@JUNDIAI|LORENA|RIO DE JANEIRO|TAUBATE@11/02/19@21:13@074.41@4@#######################################################################################################################################LAVINIE DIAS@F@19/09/1991@(33) 19958-2295@FIT@GKZ-0637@JUNDIAI|OSASCO|RIO DE JANEIRO|SAO PAULO@16/03/19@07:09@138.26@4@#########################################################################################################################################LETICIA BASTOS@F@26/02/1999@(16) 91644-4457@ONIX@YZX-8851@COTIA|JUNDIAI|LORENA|OSASCO|RIO DE JANEIRO|SAO ROQUE|SOROCABA|TAUBATE@05/07/19@06:25@052.86@4@########################################################################################################JULIANA MENDES@M@19/09/1990@(58) 44925-9026@UNO@NKU-8716@COTIA|LORENA|OSASCO|RIO DE JANEIRO|SAO JOSE DOS CAMPOS|SAO PAULO|SAO ROQUE|SOROCABA|TAUBATE@10/02/19@07:55@188.66@2@###################################################################################LETICIA BASTOS@M@17/09/1990@(00) 98021-0817@UNO@CFY-5832@LORENA|SAO JOSE DOS CAMPOS|SAO PAULO|SAO ROQUE@08/08/19@10:44@240.35@4@################################################################################################################################ROBERT NORMAL@F@15/12/1998@(38) 13063-3079@TORO@OOX-7172@COTIA|JUNDIAI|LORENA|OSASCO|RIO DE JANEIRO|SAO JOSE DOS CAMPOS|SAO PAULO|SAO ROQUE|SOROCABA@14/01/19@11:52@107.80@3@###################################################################################
***************************INDICE PRIMÁRIO****************************
001GWKD1102210000##############T*********
001LYZX0507060002##############T*********
002JNKU1002070003LEED2412100008F000003007
001LCFY0808100004##############T*********
001TMRI0911010007##############T*********
001ROOX1401110005##############F001004***
001LGKZ1603070001##############F002005***
001LEQA0708110006##############T*********
********************************LISTAR********************************
1 - LGKZ160307
2 - JNKU100207, LEED241210
3 - GWKD110221
3 - LCFY080810
3 - LEQA070811
2 - ROOX140111
3 - LYZX050706
3 - TMRI091101
********************************BUSCAR********************************
Busca por LEED241210. Nos percorridos:
LGKZ160307
JNKU100207, LEED241210

LEED241210
LETICIA FERREIRA DOS SANTOS
M
14/10/1999
(89) 05918-3983
CORSA
EED-6765
24/12/19
10:22
065.26
2
COTIA, JUNDIAI, LORENA, OSASCO, RIO DE JANEIRO, SAO ROQUE
********************************LISTAR********************************
1 - LGKZ160307
2 - JNKU100207, LEED241210
3 - GWKD110221, GYOF191205
3 - LCFY080810
3 - LEQA070811
2 - ROOX140111
3 - LYZX050706, MHKI071204
3 - SVWN031016, TMRI091101
********************************ARQUIVO*******************************
GABRIEL O ANJO@F@03/10/1991@(60) 51934-6313@CORSA@WKD-0639@JUNDIAI|LORENA|RIO DE JANEIRO|TAUBATE@11/02/19@21:13@074.41@4@#######################################################################################################################################LAVINIE DIAS@F@19/09/1991@(33) 19958-2295@FIT@GKZ-0637@JUNDIAI|OSASCO|RIO DE JANEIRO|SAO PAULO@16/03/19@07:09@138.26@4@#########################################################################################################################################LETICIA BASTOS@F@26/02/1999@(16) 91644-4457@ONIX@YZX-8851@COTIA|JUNDIAI|LORENA|OSASCO|RIO DE JANEIRO|SAO ROQUE|SOROCABA|TAUBATE@05/07/19@06:25@052.86@4@########################################################################################################JULIANA MENDES@M@19/09/1990@(58) 44925-9026@UNO@NKU-8716@COTIA|LORENA|OSASCO|RIO DE JANEIRO|SAO JOSE DOS CAMPOS|SAO PAULO|SAO ROQUE|SOROCABA|TAUBATE@10/02/19@07:55@188.66@2@###################################################################################LETICIA BASTOS@M@17/09/1990@(00) 98021-0817@UNO@CFY-5832@LORENA|SAO JOSE DOS CAMPOS|SAO PAULO|SAO ROQUE@08/08/19@10:44@240.35@4@################################################################################################################################ROBERT NORMAL@F@15/12/1998@(38) 13063-3079@TORO@OOX-7172@COTIA|JUNDIAI|LORENA|OSASCO|RIO DE JANEIRO|SAO JOSE DOS CAMPOS|SAO PAULO|SAO ROQUE|SOROCABA@14/01/19@11:52@107.80@3@###################################################################################LETICIA CARRARA@F@14/08/1999@(88) 31045-3923@HB20@EQA-2822@OSASCO|SOROCABA@07/08/19@11:45@149.67@4@#############################################################################################################################################################TATIANA MONTEIRO@F@14/08/1991@(34) 04246-3674@ONIX@MRI-4722@JUNDIAI|LORENA|OSASCO|RIO DE JANEIRO|SAO JOSE DOS CAMPOS|SAO PAULO|SAO ROQUE|SOROCABA@09/11/19@01:07@128.24@3@######################################################################################LETICIA FERREIRA DOS SANTOS@M@14/10/1999@(89) 05918-3983@CORSA@EED-6765@COTIA|JUNDIAI|LORENA|OSASCO|RIO DE JANEIRO|SAO ROQUE@24/12/19@10:22@065.26@2@###########################################################################################################SABRINA SATO@F@19/07/1995@(90) 93736-4186@FOX@VWN-4685@COTIA|LORENA|OSASCO|RIO DE JANEIRO|SAO PAULO|SOROCABA|TAUBATE@03/10/19@16:58@024.16@2@###################################################################################################################MATHEUS AUGUSTO@M@24/04/1990@(32) 12176-7020@FUSCA@HKI-8502@OSASCO|SOROCABA@07/12/19@04:45@086.89@4@############################################################################################################################################################GABRIEL PENSADOR@F@20/08/1993@(29) 39717-0969@CIVIC@YOF-6158@OSASCO|SAO PAULO@19/12/19@05:47@202.38@1@##########################################################################################################################################################BRUNA MARQUEZINE@M@01/04/1996@(33) 45205-0742@FIT@SRD-8445@JUNDIAI|LORENA|OSASCO|RIO DE JANEIRO|SAO JOSE DOS CAMPOS|SAO PAULO|SAO ROQUE|SOROCABA|TAUBATE@06/06/19@21:12@241.85@3@###############################################################################
********************************LISTAR********************************
1 - JNKU100207, LGKZ160307
2 - GWKD110221
3 - BSRD060621
3 - GYOF191205, JHCS240122
2 - LEED241210
3 - LCFY080810
3 - LEQA070811
2 - LZEY081012, ROOX140111
3 - LYZX050706
3 - MHKI071204
3 - SVWN031016, TMRI091101
********************************BUSCAR********************************
Busca por ZZZZ081016. Nos percorridos:
JNKU100207, LGKZ160307
LZEY081012, ROOX140111
SVWN031016, TMRI091101

Registro(s) nao encontrado!
********************************LISTAR********************************
1 - JNKU100207, LGKZ160307
2 - BSRD060621, GWKD110221
3 - APBM180519
3 - BVOY200700, GOYV250904
3 - GYOF191205, JHCS240122
2 - LEED241210
3 - LCFY080810
3 - LEQA070811
2 - LZEY081012, ROOX140111
3 - LKCZ150209, LYZX050706
3 - MHKI071204
3 - SVWN031016, TMRI091101
********************************ARQUIVO*******************************
GABRIEL O ANJO@F@03/10/1991@(60) 51934-6313@CORSA@WKD-0639@JUNDIAI|LORENA|RIO DE JANEIRO|TAUBATE@11/02/19@21:13@074.41@4@#######################################################################################################################################LAVINIE DIAS@F@19/09/1991@(33) 19958-2295@FIT@GKZ-0637@JUNDIAI|OSASCO|RIO DE JANEIRO|SAO PAULO@16/03/19@07:09@138.26@4@#########################################################################################################################################LETICIA BASTOS@F@26/02/1999@(16) 91644-4457@ONIX@YZX-8851@COTIA|JUNDIAI|LORENA|OSASCO|RIO DE JANEIRO|SAO ROQUE|SOROCABA|TAUBATE@05/07/19@06:25@052.86@4@########################################################################################################JULIANA MENDES@M@19/09/1990@(58) 44925-9026@UNO@NKU-8716@COTIA|LORENA|OSASCO|RIO DE JANEIRO|SAO JOSE DOS CAMPOS|SAO PAULO|SAO ROQUE|SOROCABA|TAUBATE@10/02/19@07:55@188.66@2@###################################################################################LETICIA BASTOS@M@17/09/1990@(00) 98021-0817@UNO@CFY-5832@LORENA|SAO JOSE DOS CAMPOS|SAO PAULO|SAO ROQUE@08/08/19@10:44@240.35@4@################################################################################################################################ROBERT NORMAL@F@15/12/1998@(38) 13063-3079@TORO@OOX-7172@COTIA|JUNDIAI|LORENA|OSASCO|RIO DE JANEIRO|SAO JOSE DOS CAMPOS|SAO PAULO|SAO ROQUE|SOROCABA@14/01/19@11:52@107.80@3@###################################################################################LETICIA CARRARA@F@14/08/1999@(88) 31045-3923@HB20@EQA-2822@OSASCO|SOROCABA@07/08/19@11:45@149.67@4@#############################################################################################################################################################TATIANA MONTEIRO@F@14/08/1991@(34) 04246-3674@ONIX@MRI-4722@JUNDIAI|LORENA|OSASCO|RIO DE JANEIRO|SAO JOSE DOS CAMPOS|SAO PAULO|SAO ROQUE|SOROCABA@09/11/19@01:07@128.24@3@######################################################################################LETICIA FERREIRA DOS SANTOS@M@14/10/1999@(89) 05918-3983@CORSA@EED-6765@COTIA|JUNDIAI|LORENA|OSASCO|RIO DE JANEIRO|SAO ROQUE@24/12/19@10:22@065.26@2@###########################################################################################################SABRINA SATO@F@19/07/1995@(90) 93736-4186@FOX@VWN-4685@COTIA|LORENA|OSASCO|RIO DE JANEIRO|SAO PAULO|SOROCABA|TAUBATE@03/10/19@16:58@024.16@2@###################################################################################################################MATHEUS AUGUSTO@M@24/04/1990@(32) 12176-7020@FUSCA@HKI-8502@OSASCO|SOROCABA@07/12/19@04:45@086.89@4@############################################################################################################################################################GABRIEL PENSADOR@F@20/08/1993@(29) 39717-0969@CIVIC@YOF-6158@OSASCO|SAO PAULO@19/12/19@05:47@202.38@1@##########################################################################################################################################################BRUNA MARQUEZINE@M@01/04/1996@(33) 45205-0742@FIT@SRD-8445@JUNDIAI|LORENA|OSASCO|RIO DE JANEIRO|SAO JOSE DOS CAMPOS|SAO PAULO|SAO ROQUE|SOROCABA|TAUBATE@06/06/19@21:12@241.85@3@###############################################################################LAVINIE DIAS@M@10/08/1996@(96) 13343-8387@COROLLA@ZEY-9309@RIO DE JANEIRO|SAO JOSE DOS CAMPOS@08/10/19@12:38@245.39@1@##########################################################################################################################################JULIA ANDRADE@F@21/08/1998@(49) 26945-7359@CELTA@HCS-0186@JUNDIAI|OSASCO|SAO JOSE DOS CAMPOS|SOROCABA|TAUBATE@24/01/19@22:28@013.21@3@##########################################################################################################################ALEXANDRE O GRANDE@M@16/11/1995@(41) 37524-5028@FOX@PBM-3883@COTIA|LORENA|OSASCO|RIO DE JANEIRO|SAO JOSE DOS CAMPOS|SAO PAULO|SAO ROQUE|SOROCABA@18/05/19@19:34@137.24@1@#######################################################################################BRUNA MARQUEZINE@F@10/09/1996@(03) 32219-4875@HB20@VOY-7576@COTIA|OSASCO@20/07/19@00:12@044.96@4@###############################################################################################################################################################GABRIELA ALVEZ@F@23/06/1995@(86) 70898-1321@FIT@OYV-5765@COTIA|JUNDIAI|LORENA|OSASCO|RIO DE JANEIRO|SAO PAULO|SAO ROQUE|SOROCABA|TAUBATE@25/09/19@04:20@230.41@2@###############################################################################################LETICIA CARRARA@F@23/07/1992@(30) 02632-8903@HB20@KCZ-4228@COTIA|JUNDIAI|LORENA|OSASCO|RIO DE JANEIRO|SAO JOSE DOS CAMPOS|SAO PAULO|SAO ROQUE|SOROCABA|TAUBATE@15/02/19@09:13@162.04@1@#########################################################################
***************************INDICE PRIMÁRIO****************************
001APBM1805190015##############T*********
002LKCZ1502090018LYZX0507060002T*********
002BSRD0606210012GWKD1102210000F000011008
001LCFY0808100004##############T*********
002SVWN0310160009TMRI0911010007T*********
002LZEY0810120013ROOX1401110005F001010004
002JNKU1002070003LGKZ1603070001F002009005
001LEQA0708110006##############T*********
002GYOF1912050011JHCS2401220014T*********
001LEED2412100008##############F003007***
001MHKI0712040010##############T*********
002BVOY2007000016GOYV2509040017T*********
