********************************ARQUIVO*******************************
Arquivo vazio!
***************************INDICE PRIMÁRIO****************************
Arquivo vazio!
***************************INDICE SECUNDÁRIO**************************
Arquivo vazio!
********************************LISTAR********************************
Registro(s) nao encontrado!
********************************LISTAR********************************
Registro(s) nao encontrado!
********************************ALTERAR*******************************
Registro(s) nao encontrado!
FALHA AO REALIZAR OPERACAO!
********************************BUSCAR********************************
Busca por TAUBATE$1903011536.
Nos percorridos:
TAUBATE$1903011536, TAUBATE$1904232241

PKCI010315
PABLO VITTAR
F
10/05/1989
(97) 41112-1277
GOL
KCI-7104
01/03/19
15:36
233.40
2
COTIA, JUNDIAI, LORENA, OSASCO, RIO DE JANEIRO, SAO JOSE DOS CAMPOS, SAO PAULO, SAO ROQUE, SOROCABA, TAUBATE
***************************INDICE PRIMÁRIO****************************
003GDDJ2006030002GDMI2304220000PKCI0103150001T************
********************************LISTAR********************************
1 - GDDJ200603, GDMI230422, PKCI010315
***************************INDICE SECUNDÁRIO**************************
001GDDJ200603OSASCO$1906200314###########################################################################T*********
001GDMI230422TAUBATE$1904232241##########################################################################T*********
001PKCI010315TAUBATE$1903011536##########################################################################F000001***
***************************INDICE PRIMÁRIO****************************
003GDDJ2006030002GDMI2304220000PKCI0103150001T************
***************************INDICE SECUNDÁRIO**************************
001GDDJ200603OSASCO$1906200314###########################################################################T*********
001GDMI230422TAUBATE$1904232241##########################################################################T*********
001PKCI010315TAUBATE$1903011536##########################################################################F000001***
********************************LISTAR********************************
OSASCO------------------------ 20/06/19 - 03:14-
TAUBATE----------------------- 01/03/19 - 15:36-
TAUBATE----------------------- 23/04/19 - 22:41-
********************************ALTERAR*******************************
OPERACAO REALIZADA COM SUCESSO!
***************************INDICE PRIMÁRIO****************************
003GDDJ2006030002GDMI2304220000PKCI0103150001T************
********************************BUSCAR********************************
Busca por LLLL211217. Nos percorridos:
GDDJ200603, GDMI230422, PKCI010315

Registro(s) nao encontrado!
***************************INDICE PRIMÁRIO****************************
003GDDJ2006030002GDMI2304220000PKCI0103150001T************
********************************LISTAR********************************
1 - GDDJ200603, GDMI230422, PKCI010315
********************************LISTAR********************************
1 - GDDJ200603, GDMI230422, PKCI010315
********************************BUSCAR********************************
Busca por GDMI230422. Nos percorridos:
GDDJ200603, GDMI230422, PKCI010315

GDMI230422
GABRIELA ALVEZ
F
14/04/1998
(43) 61772-5666
FOX
DMI-1659
23/04/19
22:41
029.87
4
COTIA, OSASCO, RIO DE JANEIRO, SAO ROQUE, TAUBATE
********************************ALTERAR*******************************
Registro(s) nao encontrado!
FALHA AO REALIZAR OPERACAO!
********************************ALTERAR*******************************
OPERACAO REALIZADA COM SUCESSO!
********************************BUSCAR********************************
Busca por TAUBATE$1909210117.
Nos percorridos:
TAUBATE$1903011536, TAUBATE$1906250941
TAUBATE$1909210117

AGLX210901
ALEXANDRE O MAIS OU MENOS
F
05/06/1998
(69) 79896-6114
CORSA
GLX-3348
21/09/19
01:17
015.18
3
JUNDIAI, RIO DE JANEIRO, SAO JOSE DOS CAMPOS, SAO PAULO, SAO ROQUE, SOROCABA, TAUBATE
********************************ALTERAR*******************************
Registro(s) nao encontrado!
FALHA AO REALIZAR OPERACAO!
********************************ARQUIVO*******************************
GABRIELA ALVEZ@F@14/04/1998@(43) 61772-5666@FOX@DMI-1659@COTIA|OSASCO|RIO DE JANEIRO|SAO ROQUE|TAUBATE@23/04/19@22:41@029.87@2@#################################################################################################################################PABLO VITTAR@F@10/05/1989@(97) 41112-1277@GOL@KCI-7104@COTIA|JUNDIAI|LORENA|OSASCO|RIO DE JANEIRO|SAO JOSE DOS CAMPOS|SAO PAULO|SAO ROQUE|SOROCABA|TAUBATE@01/03/19@15:36@233.40@2@#############################################################################GABRIEL THE ANGEL@M@01/12/1992@(31) 80945-0326@CORSA@DDJ-5536@COTIA|JUNDIAI|LORENA|OSASCO@20/06/19@03:14@066.15@4@##############################################################################################################################################JULIANA PAES@M@19/05/1992@(27) 02285-9591@GOL@RTS-1457@COTIA|JUNDIAI|LORENA|OSASCO|RIO DE JANEIRO|SAO JOSE DOS CAMPOS|SAO PAULO|SAO ROQUE|SOROCABA|TAUBATE@25/06/19@09:41@223.76@3@#############################################################################ALEXANDRE O MAIS OU MENOS@F@05/06/1998@(69) 79896-6114@CORSA@GLX-3348@JUNDIAI|RIO DE JANEIRO|SAO JOSE DOS CAMPOS|SAO PAULO|SAO ROQUE|SOROCABA|TAUBATE@21/09/19@01:17@015.18@3@##################################################################################
********************************BUSCAR********************************
Busca por JRTS250609. Nos percorridos:
JRTS250609

JRTS250609
JULIANA PAES
M
19/05/1992
(27) 02285-9591
GOL
RTS-1457
25/06/19
09:41
223.76
3
COTIA, JUNDIAI, LORENA, OSASCO, RIO DE JANEIRO, SAO JOSE DOS CAMPOS, SAO PAULO, SAO ROQUE, SOROCABA, TAUBATE
********************************ALTERAR*******************************
OPERACAO REALIZADA COM SUCESSO!
***************************INDICE SECUNDÁRIO**************************
001GDDJ200603OSASCO$1906200314###########################################################################T*********
001GDMI230422TAUBATE$1904232241##########################################################################T*********
002PKCI010315TAUBATE$1903011536#######################JRTS250609TAUBATE$1906250941#######################F000001003
002JPNW030816TAUBATE$1908031603#######################AGLX210901TAUBATE$1909210117#######################T*********
********************************LISTAR********************************
1 - GDMI230422, JRTS250609
2 - AGLX210901, GDDJ200603
2 - JPNW030816
2 - PKCI010315
***************************INDICE PRIMÁRIO****************************
002AGLX2109010004GDDJ2006030002##############T************
001PKCI0103150001############################T************
002GDMI2304220000JRTS2506090003##############F000003001***
001JPNW0308160005############################T************
***************************INDICE SECUNDÁRIO**************************
002GDDJ200603OSASCO$1906200314########################TBXD191201OSASCO$1912190104########################T*********
001GDMI230422TAUBATE$1904232241##########################################################################T*********
002PKCI010315TAUBATE$1903011536#######################JRTS250609TAUBATE$1906250941#######################F000001003
002JPNW030816TAUBATE$1908031603#######################AGLX210901TAUBATE$1909210117#######################T*********
********************************ARQUIVO*******************************
GABRIELA ALVEZ@F@14/04/1998@(43) 61772-5666@FOX@DMI-1659@COTIA|OSASCO|RIO DE JANEIRO|SAO ROQUE|TAUBATE@23/04/19@22:41@029.87@3@#################################################################################################################################PABLO VITTAR@F@10/05/1989@(97) 41112-1277@GOL@KCI-7104@COTIA|JUNDIAI|LORENA|OSASCO|RIO DE JANEIRO|SAO JOSE DOS CAMPOS|SAO PAULO|SAO ROQUE|SOROCABA|TAUBATE@01/03/19@15:36@233.40@2@#############################################################################GABRIEL THE ANGEL@M@01/12/1992@(31) 80945-0326@CORSA@DDJ-5536@COTIA|JUNDIAI|LORENA|OSASCO@20/06/19@03:14@066.15@4@##############################################################################################################################################JULIANA PAES@M@19/05/1992@(27) 02285-9591@GOL@RTS-1457@COTIA|JUNDIAI|LORENA|OSASCO|RIO DE JANEIRO|SAO JOSE DOS CAMPOS|SAO PAULO|SAO ROQUE|SOROCABA|TAUBATE@25/06/19@09:41@223.76@3@#############################################################################ALEXANDRE O MAIS OU MENOS@F@05/06/1998@(69) 79896-6114@CORSA@GLX-3348@JUNDIAI|RIO DE JANEIRO|SAO JOSE DOS CAMPOS|SAO PAULO|SAO ROQUE|SOROCABA|TAUBATE@21/09/19@01:17@015.18@3@##################################################################################JULIANA MENDES@M@03/03/1992@(41) 95962-1154@HB20@PNW-4039@COTIA|JUNDIAI|LORENA|OSASCO|SAO ROQUE|SOROCABA|TAUBATE@03/08/19@16:03@068.52@4@#######################################################################################################################TATIANA MONTEIRO@F@09/08/1997@(03) 34958-4454@CELTA@BXD-0748@JUNDIAI|OSASCO@19/12/19@01:04@111.84@2@############################################################################################################################################################TATIANA MONTEIRO@M@05/09/1991@(92) 67379-2663@UNO@ZTH-1921@COTIA|JUNDIAI|LORENA|OSASCO|RIO DE JANEIRO|SAO PAULO|SAO ROQUE|SOROCABA@17/10/19@13:44@047.45@2@#####################################################################################################
***************************INDICE SECUNDÁRIO**************************
001GDDJ200603OSASCO$1906200314###########################################################################T*********
001GDMI230422TAUBATE$1904232241##########################################################################T*********
001TBXD191201OSASCO$1912190104###########################################################################F000004***
002JPNW030816TAUBATE$1908031603#######################AGLX210901TAUBATE$1909210117#######################T*********
001TZTH171013SOROCABA$1910171344#########################################################################T*********
001JRTS250609TAUBATE$1906250941##########################################################################F001003***
001PKCI010315TAUBATE$1903011536##########################################################################F002005***
***************************INDICE PRIMÁRIO****************************
002AGLX2109010004GDDJ2006030002##############T************
003MCSU1804040008PKCI0103150001SACG2104160009T************
003GDMI2304220000JRTS2506090003TBXD1912010006F000003001004
001JPNW0308160005############################T************
001TZTH1710130007############################T************
***************************INDICE PRIMÁRIO****************************
002AGLX2109010004GDDJ2006030002##############T************
003MCSU1804040008PKCI0103150001SACG2104160009T************
003GDMI2304220000JRTS2506090003TBXD1912010006F000003001004
001JPNW0308160005############################T************
001TZTH1710130007############################T************
********************************BUSCAR********************************
Busca por LORENA$1903011536.
Nos percorridos:
TAUBATE$1903011536
OSASCO$1912190104
OSASCO$1906200314

Registro(s) nao encontrado!
********************************ARQUIVO*******************************
GABRIELA ALVEZ@F@14/04/1998@(43) 61772-5666@FOX@DMI-1659@COTIA|OSASCO|RIO DE JANEIRO|SAO ROQUE|TAUBATE@23/04/19@22:41@029.87@3@#################################################################################################################################PABLO VITTAR@F@10/05/1989@(97) 41112-1277@GOL@KCI-7104@COTIA|JUNDIAI|LORENA|OSASCO|RIO DE JANEIRO|SAO JOSE DOS CAMPOS|SAO PAULO|SAO ROQUE|SOROCABA|TAUBATE@01/03/19@15:36@233.40@2@#############################################################################GABRIEL THE ANGEL@M@01/12/1992@(31) 80945-0326@CORSA@DDJ-5536@COTIA|JUNDIAI|LORENA|OSASCO@20/06/19@03:14@066.15@4@##############################################################################################################################################JULIANA PAES@M@19/05/1992@(27) 02285-9591@GOL@RTS-1457@COTIA|JUNDIAI|LORENA|OSASCO|RIO DE JANEIRO|SAO JOSE DOS CAMPOS|SAO PAULO|SAO ROQUE|SOROCABA|TAUBATE@25/06/19@09:41@223.76@3@#############################################################################ALEXANDRE O MAIS OU MENOS@F@05/06/1998@(69) 79896-6114@CORSA@GLX-3348@JUNDIAI|RIO DE JANEIRO|SAO JOSE DOS CAMPOS|SAO PAULO|SAO ROQUE|SOROCABA|TAUBATE@21/09/19@01:17@015.18@3@##################################################################################JULIANA MENDES@M@03/03/1992@(41) 95962-1154@HB20@PNW-4039@COTIA|JUNDIAI|LORENA|OSASCO|SAO ROQUE|SOROCABA|TAUBATE@03/08/19@16:03@068.52@4@#######################################################################################################################TATIANA MONTEIRO@F@09/08/1997@(03) 34958-4454@CELTA@BXD-0748@JUNDIAI|OSASCO@19/12/19@01:04@111.84@2@############################################################################################################################################################TATIANA MONTEIRO@M@05/09/1991@(92) 67379-2663@UNO@ZTH-1921@COTIA|JUNDIAI|LORENA|OSASCO|RIO DE JANEIRO|SAO PAULO|SAO ROQUE|SOROCABA@17/10/19@13:44@047.45@2@#####################################################################################################MATEUS ALVES@F@02/10/1999@(12) 44314-1371@FIT@CSU-2130@COTIA|JUNDIAI|OSASCO|RIO DE JANEIRO|SOROCABA|TAUBATE@18/04/19@04:38@169.05@2@############################################################################################################################SABRINA SATO@F@03/04/1990@(57) 58556-1020@CORSA@ACG-0989@COTIA|JUNDIAI|LORENA|OSASCO|RIO DE JANEIRO|SAO JOSE DOS CAMPOS|SAO PAULO|SOROCABA|TAUBATE@21/04/19@16:45@134.35@3@#####################################################################################MATHEUS LIMA@M@20/11/1992@(46) 32175-2948@CIVIC@POG-2328@COTIA|LORENA|SAO JOSE DOS CAMPOS|SAO PAULO|SOROCABA|TAUBATE@05/05/19@03:24@175.22@1@###################################################################################################################
********************************LISTAR********************************
OSASCO------------------------ 20/06/19 - 03:14-
OSASCO------------------------ 19/12/19 - 01:04-
SAO JOSE DOS CAMPOS----------- 16/08/19 - 16:14-
SOROCABA---------------------- 17/10/19 - 13:44-
TAUBATE----------------------- 01/03/19 - 15:36-
TAUBATE----------------------- 18/04/19 - 04:38-
TAUBATE----------------------- 21/04/19 - 16:45-
TAUBATE----------------------- 23/04/19 - 22:41-
TAUBATE----------------------- 05/05/19 - 03:24-
TAUBATE----------------------- 25/06/19 - 09:41-
TAUBATE----------------------- 03/08/19 - 16:03-
TAUBATE----------------------- 21/09/19 - 01:17-
TAUBATE----------------------- 11/10/19 - 04:14-
********************************ARQUIVO*******************************
GABRIELA ALVEZ@F@14/04/1998@(43) 61772-5666@FOX@DMI-1659@COTIA|OSASCO|RIO DE JANEIRO|SAO ROQUE|TAUBATE@23/04/19@22:41@029.87@3@#################################################################################################################################PABLO VITTAR@F@10/05/1989@(97) 41112-1277@GOL@KCI-7104@COTIA|JUNDIAI|LORENA|OSASCO|RIO DE JANEIRO|SAO JOSE DOS CAMPOS|SAO PAULO|SAO ROQUE|SOROCABA|TAUBATE@01/03/19@15:36@233.40@2@#############################################################################GABRIEL THE ANGEL@M@01/12/1992@(31) 80945-0326@CORSA@DDJ-5536@COTIA|JUNDIAI|LORENA|OSASCO@20/06/19@03:14@066.15@4@##############################################################################################################################################JULIANA PAES@M@19/05/1992@(27) 02285-9591@GOL@RTS-1457@COTIA|JUNDIAI|LORENA|OSASCO|RIO DE JANEIRO|SAO JOSE DOS CAMPOS|SAO PAULO|SAO ROQUE|SOROCABA|TAUBATE@25/06/19@09:41@223.76@3@#############################################################################ALEXANDRE O MAIS OU MENOS@F@05/06/1998@(69) 79896-6114@CORSA@GLX-3348@JUNDIAI|RIO DE JANEIRO|SAO JOSE DOS CAMPOS|SAO PAULO|SAO ROQUE|SOROCABA|TAUBATE@21/09/19@01:17@015.18@3@##################################################################################JULIANA MENDES@M@03/03/1992@(41) 95962-1154@HB20@PNW-4039@COTIA|JUNDIAI|LORENA|OSASCO|SAO ROQUE|SOROCABA|TAUBATE@03/08/19@16:03@068.52@4@#######################################################################################################################TATIANA MONTEIRO@F@09/08/1997@(03) 34958-4454@CELTA@BXD-0748@JUNDIAI|OSASCO@19/12/19@01:04@111.84@2@############################################################################################################################################################TATIANA MONTEIRO@M@05/09/1991@(92) 67379-2663@UNO@ZTH-1921@COTIA|JUNDIAI|LORENA|OSASCO|RIO DE JANEIRO|SAO PAULO|SAO ROQUE|SOROCABA@17/10/19@13:44@047.45@2@#####################################################################################################MATEUS ALVES@F@02/10/1999@(12) 44314-1371@FIT@CSU-2130@COTIA|JUNDIAI|OSASCO|RIO DE JANEIRO|SOROCABA|TAUBATE@18/04/19@04:38@169.05@2@############################################################################################################################SABRINA SATO@F@03/04/1990@(57) 58556-1020@CORSA@ACG-0989@COTIA|JUNDIAI|LORENA|OSASCO|RIO DE JANEIRO|SAO JOSE DOS CAMPOS|SAO PAULO|SOROCABA|TAUBATE@21/04/19@16:45@134.35@3@#####################################################################################MATHEUS LIMA@M@20/11/1992@(46) 32175-2948@CIVIC@POG-2328@COTIA|LORENA|SAO JOSE DOS CAMPOS|SAO PAULO|SOROCABA|TAUBATE@05/05/19@03:24@175.22@1@###################################################################################################################GABRIEL O ANJO@F@24/11/1991@(31) 30322-0602@FOX@WWY-7373@COTIA|JUNDIAI|OSASCO|SAO JOSE DOS CAMPOS|SAO PAULO|TAUBATE@11/10/19@04:14@010.88@1@####################################################################################################################GABRIEL O ANJO@M@27/09/1993@(57) 87941-8704@CELTA@JJU-9125@LORENA|SAO JOSE DOS CAMPOS@16/08/19@16:14@101.06@1@##################################################################################################################################################
***************************INDICE PRIMÁRIO****************************
002AGLX2109010004GDDJ2006030002##############T************
002MCSU1804040008MPOG0505030010##############T************
002GDMI2304220000JRTS2506090003##############F000003001***
003GJJU1608160012GWWY1110040011JPNW0308160005T************
001TZTH1710130007############################T************
001SACG2104160009############################T************
001TBXD1912010006############################F005004******
001PKCI0103150001############################F002006******
********************************ALTERAR*******************************
OPERACAO REALIZADA COM SUCESSO!
********************************ALTERAR*******************************
OPERACAO REALIZADA COM SUCESSO!
***************************INDICE SECUNDÁRIO**************************
001GDDJ200603OSASCO$1906200314###########################################################################T*********
001MCSU180404TAUBATE$1904180438##########################################################################T*********
001TBXD191201OSASCO$1912190104###########################################################################F000004***
001JPNW030816TAUBATE$1908031603##########################################################################T*********
002GJJU160816SAO JOSE DOS CAMPOS$1908161614###########TZTH171013SOROCABA$1910171344######################T*********
001SACG210416TAUBATE$1904211645##########################################################################F001007***
002PKCI010315TAUBATE$1903011536#######################JRTS250609TAUBATE$1906250941#######################F002005009
002GDMI230422TAUBATE$1904232241#######################MPOG050503TAUBATE$1905050324#######################T*********
001GWWY111004TAUBATE$1910110414##########################################################################T*********
001AGLX210901TAUBATE$1909210117##########################################################################F003008***
***************************INDICE SECUNDÁRIO**************************
001GDDJ200603OSASCO$1906200314###########################################################################T*********
001MCSU180404TAUBATE$1904180438##########################################################################T*********
001TBXD191201OSASCO$1912190104###########################################################################F000004***
001JPNW030816TAUBATE$1908031603##########################################################################T*********
002GJJU160816SAO JOSE DOS CAMPOS$1908161614###########TZTH171013SOROCABA$1910171344######################T*********
001SACG210416TAUBATE$1904211645##########################################################################F001007***
002PKCI010315TAUBATE$1903011536#######################JRTS250609TAUBATE$1906250941#######################F002005009
002GDMI230422TAUBATE$1904232241#######################MPOG050503TAUBATE$1905050324#######################T*********
001GWWY111004TAUBATE$1910110414##########################################################################T*********
001AGLX210901TAUBATE$1909210117##########################################################################F003008***
********************************BUSCAR********************************
Busca por TAUBATE$1909210117.
Nos percorridos:
TAUBATE$1903011536, TAUBATE$1906250941
TAUBATE$1909210117

AGLX210901
ALEXANDRE O MAIS OU MENOS
F
05/06/1998
(69) 79896-6114
CORSA
GLX-3348
21/09/19
01:17
015.18
3
JUNDIAI, RIO DE JANEIRO, SAO JOSE DOS CAMPOS, SAO PAULO, SAO ROQUE, SOROCABA, TAUBATE
********************************LISTAR********************************
1 - PKCI010315
2 - GDMI230422, JEKR200405, JRTS250609
3 - AGLX210901, EJWO210714, GDDJ200603
3 - GJJU160816, GWWY111004
3 - JPNW030816
3 - MCSU180404, MPOG050503
2 - TBXD191201
3 - SACG210416
3 - TZTH171013
********************************LISTAR********************************
OSASCO------------------------ 20/06/19 - 03:14-
OSASCO------------------------ 19/12/19 - 01:04-
SAO JOSE DOS CAMPOS----------- 16/08/19 - 16:14-
SAO PAULO--------------------- 21/07/19 - 14:16-
SOROCABA---------------------- 20/04/19 - 05:32-
SOROCABA---------------------- 17/10/19 - 13:44-
TAUBATE----------------------- 01/03/19 - 15:36-
TAUBATE----------------------- 18/04/19 - 04:38-
TAUBATE----------------------- 21/04/19 - 16:45-
TAUBATE----------------------- 23/04/19 - 22:41-
TAUBATE----------------------- 05/05/19 - 03:24-
TAUBATE----------------------- 25/06/19 - 09:41-
TAUBATE----------------------- 03/08/19 - 16:03-
TAUBATE----------------------- 21/09/19 - 01:17-
TAUBATE----------------------- 11/10/19 - 04:14-
********************************ARQUIVO*******************************
GABRIELA ALVEZ@F@14/04/1998@(43) 61772-5666@FOX@DMI-1659@COTIA|OSASCO|RIO DE JANEIRO|SAO ROQUE|TAUBATE@23/04/19@22:41@029.87@4@#################################################################################################################################PABLO VITTAR@F@10/05/1989@(97) 41112-1277@GOL@KCI-7104@COTIA|JUNDIAI|LORENA|OSASCO|RIO DE JANEIRO|SAO JOSE DOS CAMPOS|SAO PAULO|SAO ROQUE|SOROCABA|TAUBATE@01/03/19@15:36@233.40@2@#############################################################################GABRIEL THE ANGEL@M@01/12/1992@(31) 80945-0326@CORSA@DDJ-5536@COTIA|JUNDIAI|LORENA|OSASCO@20/06/19@03:14@066.15@4@##############################################################################################################################################JULIANA PAES@M@19/05/1992@(27) 02285-9591@GOL@RTS-1457@COTIA|JUNDIAI|LORENA|OSASCO|RIO DE JANEIRO|SAO JOSE DOS CAMPOS|SAO PAULO|SAO ROQUE|SOROCABA|TAUBATE@25/06/19@09:41@223.76@3@#############################################################################ALEXANDRE O MAIS OU MENOS@F@05/06/1998@(69) 79896-6114@CORSA@GLX-3348@JUNDIAI|RIO DE JANEIRO|SAO JOSE DOS CAMPOS|SAO PAULO|SAO ROQUE|SOROCABA|TAUBATE@21/09/19@01:17@015.18@3@##################################################################################JULIANA MENDES@M@03/03/1992@(41) 95962-1154@HB20@PNW-4039@COTIA|JUNDIAI|LORENA|OSASCO|SAO ROQUE|SOROCABA|TAUBATE@03/08/19@16:03@068.52@4@#######################################################################################################################TATIANA MONTEIRO@F@09/08/1997@(03) 34958-4454@CELTA@BXD-0748@JUNDIAI|OSASCO@19/12/19@01:04@111.84@2@############################################################################################################################################################TATIANA MONTEIRO@M@05/09/1991@(92) 67379-2663@UNO@ZTH-1921@COTIA|JUNDIAI|LORENA|OSASCO|RIO DE JANEIRO|SAO PAULO|SAO ROQUE|SOROCABA@17/10/19@13:44@047.45@2@#####################################################################################################MATEUS ALVES@F@02/10/1999@(12) 44314-1371@FIT@CSU-2130@COTIA|JUNDIAI|OSASCO|RIO DE JANEIRO|SOROCABA|TAUBATE@18/04/19@04:38@169.05@2@############################################################################################################################SABRINA SATO@F@03/04/1990@(57) 58556-1020@CORSA@ACG-0989@COTIA|JUNDIAI|LORENA|OSASCO|RIO DE JANEIRO|SAO JOSE DOS CAMPOS|SAO PAULO|SOROCABA|TAUBATE@21/04/19@16:45@134.35@3@#####################################################################################MATHEUS LIMA@M@20/11/1992@(46) 32175-2948@CIVIC@POG-2328@COTIA|LORENA|SAO JOSE DOS CAMPOS|SAO PAULO|SOROCABA|TAUBATE@05/05/19@03:24@175.22@1@###################################################################################################################GABRIEL O ANJO@F@24/11/1991@(31) 30322-0602@FOX@WWY-7373@COTIA|JUNDIAI|OSASCO|SAO JOSE DOS CAMPOS|SAO PAULO|TAUBATE@11/10/19@04:14@010.88@4@####################################################################################################################GABRIEL O ANJO@M@27/09/1993@(57) 87941-8704@CELTA@JJU-9125@LORENA|SAO JOSE DOS CAMPOS@16/08/19@16:14@101.06@1@##################################################################################################################################################EDUARDO MOTTA@M@15/06/1990@(92) 72583-8778@TORO@JWO-1866@LORENA|SAO PAULO@21/07/19@14:16@120.83@1@##############################################################################################################################################################JULIANA MENDES@F@09/05/1999@(29) 12204-7527@CORSA@EKR-6798@COTIA|JUNDIAI|LORENA|OSASCO|RIO DE JANEIRO|SAO JOSE DOS CAMPOS|SAO PAULO|SAO ROQUE|SOROCABA@20/04/19@05:32@103.81@2@#################################################################################
***************************INDICE PRIMÁRIO****************************
003AGLX2109010004EJWO2107140013GDDJ2006030002T************
002MCSU1804040008MPOG0505030010##############T************
003GDMI2304220000JEKR2004050014JRTS2506090003F000003008001
002GJJU1608160012GWWY1110040011##############T************
001TZTH1710130007############################T************
001SACG2104160009############################T************
001TBXD1912010006############################F005004******
001PKCI0103150001############################F002006******
001JPNW0308160005############################T************
***************************INDICE SECUNDÁRIO**************************
001GDDJ200603OSASCO$1906200314###########################################################################T*********
001MCSU180404TAUBATE$1904180438##########################################################################T*********
002TBXD191201OSASCO$1912190104########################EJWO210714SAO PAULO$1907211416#####################F000004010
001JPNW030816TAUBATE$1908031603##########################################################################T*********
001GJJU160816SAO JOSE DOS CAMPOS$1908161614##############################################################T*********
001SACG210416TAUBATE$1904211645##########################################################################F001007***
002PKCI010315TAUBATE$1903011536#######################JRTS250609TAUBATE$1906250941#######################F002005009
002GDMI230422TAUBATE$1904232241#######################MPOG050503TAUBATE$1905050324#######################T*********
001GWWY111004TAUBATE$1910110414##########################################################################T*********
001AGLX210901TAUBATE$1909210117##########################################################################F003008***
002JEKR200405SOROCABA$1904200532######################TZTH171013SOROCABA$1910171344######################T*********
