***************************INDICE PRIMÁRIO****************************
003AAZB0703200020AOTS2110090007APQK2201120009T************
002MEFC0111020003MGJR2207000005##############T************
003APRW1502080001GIAC0402040002LKUJ0409150013F000004008005
002PYPB2611080016RTJN1111130008##############T************
002BHNZ0406130012GCHW1609220014##############T************
001LSUX0404220010############################T************
003MUBV0412180011PUDZ0803000004TFWA0703070006F001009003010
001LXTY0505210000############################F002006******
002GVIP0105090017JLCL0203140015##############T************
001PJON1912180018############################T************
001TLZT2706140019############################T************
********************************BUSCAR********************************
Busca por MEFC011102. Nos percorridos:
LXTY050521
MUBV041218, PUDZ080300, TFWA070307
MEFC011102, MGJR220700

MEFC011102
MATHEUS LIMA
F
11/06/1997
(44) 61934-4483
ONIX
EFC-1557
01/11/19
02:41
099.14
1
LORENA, RIO DE JANEIRO
********************************BUSCAR********************************
Busca por AAZB070320. Nos percorridos:
LXTY050521
APRW150208, GIAC040204, LKUJ040915
AAZB070320, AOTS211009, APQK220112

AAZB070320
ALEXANDRE O MEDIO
F
16/03/1991
(79) 76931-3327
FUSCA
AZB-7320
07/03/19
20:20
003.35
2
COTIA, LORENA, RIO DE JANEIRO
********************************ARQUIVO*******************************
LETICIA FERREIRA DOS SANTOS@F@17/08/1996@(10) 20256-5434@HB20@XTY-4936@COTIA|LORENA|OSASCO|SAO JOSE DOS CAMPOS|SAO PAULO|SAO ROQUE|TAUBATE@05/05/19@21:17@145.94@4@#############################################################################################ALEXANDRE O CHEGA NE@F@18/12/1989@(92) 18546-5300@CELTA@PRW-3676@COTIA|JUNDIAI|OSASCO|RIO DE JANEIRO|SAO JOSE DOS CAMPOS|SAO PAULO|SAO ROQUE|SOROCABA|TAUBATE@15/02/19@08:30@052.09@3@##########################################################################GABRIEL O ANJO@F@17/03/1992@(07) 03521-8360@UNO@IAC-6097@COTIA|JUNDIAI|LORENA|OSASCO|RIO DE JANEIRO|SAO JOSE DOS CAMPOS|SAO PAULO|SAO ROQUE|SOROCABA|TAUBATE@04/02/19@04:14@118.11@2@###########################################################################MATHEUS LIMA@F@11/06/1997@(44) 61934-4483@ONIX@EFC-1557@LORENA|RIO DE JANEIRO@01/11/19@02:41@099.14@1@##########################################################################################################################################################PABLO PICASSO@F@03/06/1991@(24) 85447-6721@CIVIC@UDZ-6944@COTIA|LORENA|OSASCO|SAO JOSE DOS CAMPOS|SAO PAULO|SAO ROQUE|SOROCABA@08/03/19@00:22@149.58@2@#########################################################################################################MATEUS ALVES@F@08/07/1993@(57) 10188-1500@GOL@GJR-5540@COTIA|JUNDIAI|LORENA|OSASCO|RIO DE JANEIRO|SAO JOSE DOS CAMPOS|SAO PAULO|SOROCABA|TAUBATE@22/07/19@00:42@165.19@4@#######################################################################################TATIANA MONTEIRO@M@18/04/1996@(48) 53342-2410@CORSA@FWA-2667@COTIA|JUNDIAI|LORENA|OSASCO|SAO JOSE DOS CAMPOS|SAO ROQUE|SOROCABA@07/03/19@07:33@162.44@1@########################################################################################################ALEXANDRE O MAIS OU MENOS@F@10/01/1994@(79) 49535-9590@FIT@OTS-5417@COTIA|JUNDIAI|LORENA|OSASCO|RIO DE JANEIRO|SAO JOSE DOS CAMPOS|SAO PAULO|SAO ROQUE|SOROCABA|TAUBATE@21/10/19@09:31@186.59@3@################################################################ROBERT NORMAL@F@17/07/1999@(95) 35093-3388@TORO@TJN-6638@COTIA|JUNDIAI|LORENA|RIO DE JANEIRO|SAO PAULO|SAO ROQUE|SOROCABA@11/11/19@13:56@063.67@4@##############################################################################################################ALEXANDRE O CHEGA NE@M@15/04/1992@(07) 52732-4426@FIT@PQK-7570@RIO DE JANEIRO|SAO ROQUE@22/01/19@12:12@025.60@3@################################################################################################################################################LETICIA BASTOS@F@06/05/1996@(06) 60947-6030@TORO@SUX-1074@COTIA|LORENA|OSASCO|RIO DE JANEIRO@04/04/19@22:51@098.31@3@###########################################################################################################################################MATHEUS AUGUSTO@F@20/07/1989@(66) 73883-1633@CIVIC@UBV-7321@LORENA|RIO DE JANEIRO|SAO JOSE DOS CAMPOS|SAO PAULO|SAO ROQUE@04/12/19@18:02@051.53@3@##############################################################################################################BRUNA MARQUEZINE@M@13/11/1990@(24) 34041-8231@CIVIC@HNZ-1446@COTIA|OSASCO@04/06/19@13:30@170.82@2@##############################################################################################################################################################LETICIA FERREIRA DA SILVA@M@08/01/1994@(68) 95993-9538@CELTA@KUJ-3086@COTIA|JUNDIAI|LORENA|OSASCO|SAO JOSE DOS CAMPOS|SAO PAULO|SOROCABA|TAUBATE@04/09/19@15:29@035.50@1@#######################################################################################GABRIEL PENSADOR@M@25/02/1994@(51) 26613-5312@FIT@CHW-0007@COTIA|JUNDIAI|LORENA|OSASCO|RIO DE JANEIRO|SAO JOSE DOS CAMPOS|SAO PAULO|SOROCABA|TAUBATE@16/09/19@22:13@140.74@2@###################################################################################JULIA ANDRADE@M@18/06/1989@(61) 06903-2806@FIT@LCL-0114@COTIA|JUNDIAI|RIO DE JANEIRO@02/03/19@14:36@155.07@3@###################################################################################################################################################PABLO PICASSO@M@22/04/1994@(83) 04933-0699@CORSA@YPB-1490@JUNDIAI|LORENA|OSASCO|RIO DE JANEIRO|SAO JOSE DOS CAMPOS|SAO PAULO@26/11/19@08:13@103.55@3@###########################################################################################################GABRIELA ALVEZ@M@24/09/1997@(96) 55623-9483@CORSA@VIP-5133@COTIA|JUNDIAI|LORENA|OSASCO|SAO ROQUE@01/05/19@09:04@028.06@1@#######################################################################################################################################PABLO PICASSO@M@23/10/1995@(79) 18285-3053@UNO@JON-0764@COTIA|JUNDIAI|LORENA|OSASCO|RIO DE JANEIRO|SAO ROQUE@19/12/19@18:18@209.44@1@###########################################################################################################################TATIANA MONTEIRO@M@12/11/1999@(28) 80114-1453@COROLLA@LZT-4685@JUNDIAI|LORENA|SAO JOSE DOS CAMPOS@27/06/19@14:02@126.69@3@######################################################################################################################################ALEXANDRE O MEDIO@F@16/03/1991@(79) 76931-3327@FUSCA@AZB-7320@COTIA|LORENA|RIO DE JANEIRO@07/03/19@20:20@003.35@2@##############################################################################################################################################
***************************INDICE PRIMÁRIO****************************
003AAZB0703200020AOTS2110090007APQK2201120009T************
002MEFC0111020003MGJR2207000005##############T************
003APRW1502080001GIAC0402040002LKUJ0409150013F000004008005
002PYPB2611080016RTJN1111130008##############T************
002BHNZ0406130012GCHW1609220014##############T************
001LSUX0404220010############################T************
003MUBV0412180011PUDZ0803000004TFWA0703070006F001009003010
001LXTY0505210000############################F002006******
002GVIP0105090017JLCL0203140015##############T************
001PJON1912180018############################T************
001TLZT2706140019############################T************
********************************LISTAR********************************
1 - LXTY050521
2 - APRW150208, GIAC040204, LKUJ040915
3 - AAZB070320, AOTS211009, APQK220112
3 - BHNZ040613, GCHW160922
3 - GVIP010509, JLCL020314
3 - LSUX040422
2 - MUBV041218, PUDZ080300, TFWA070307
3 - MEFC011102, MGJR220700
3 - PJON191218
3 - PYPB261108, RTJN111113
3 - TLZT270614
********************************ARQUIVO*******************************
LETICIA FERREIRA DOS SANTOS@F@17/08/1996@(10) 20256-5434@HB20@XTY-4936@COTIA|LORENA|OSASCO|SAO JOSE DOS CAMPOS|SAO PAULO|SAO ROQUE|TAUBATE@05/05/19@21:17@145.94@4@#############################################################################################ALEXANDRE O CHEGA NE@F@18/12/1989@(92) 18546-5300@CELTA@PRW-3676@COTIA|JUNDIAI|OSASCO|RIO DE JANEIRO|SAO JOSE DOS CAMPOS|SAO PAULO|SAO ROQUE|SOROCABA|TAUBATE@15/02/19@08:30@052.09@3@##########################################################################GABRIEL O ANJO@F@17/03/1992@(07) 03521-8360@UNO@IAC-6097@COTIA|JUNDIAI|LORENA|OSASCO|RIO DE JANEIRO|SAO JOSE DOS CAMPOS|SAO PAULO|SAO ROQUE|SOROCABA|TAUBATE@04/02/19@04:14@118.11@2@###########################################################################MATHEUS LIMA@F@11/06/1997@(44) 61934-4483@ONIX@EFC-1557@LORENA|RIO DE JANEIRO@01/11/19@02:41@099.14@1@##########################################################################################################################################################PABLO PICASSO@F@03/06/1991@(24) 85447-6721@CIVIC@UDZ-6944@COTIA|LORENA|OSASCO|SAO JOSE DOS CAMPOS|SAO PAULO|SAO ROQUE|SOROCABA@08/03/19@00:22@149.58@2@#########################################################################################################MATEUS ALVES@F@08/07/1993@(57) 10188-1500@GOL@GJR-5540@COTIA|JUNDIAI|LORENA|OSASCO|RIO DE JANEIRO|SAO JOSE DOS CAMPOS|SAO PAULO|SOROCABA|TAUBATE@22/07/19@00:42@165.19@4@#######################################################################################TATIANA MONTEIRO@M@18/04/1996@(48) 53342-2410@CORSA@FWA-2667@COTIA|JUNDIAI|LORENA|OSASCO|SAO JOSE DOS CAMPOS|SAO ROQUE|SOROCABA@07/03/19@07:33@162.44@1@########################################################################################################ALEXANDRE O MAIS OU MENOS@F@10/01/1994@(79) 49535-9590@FIT@OTS-5417@COTIA|JUNDIAI|LORENA|OSASCO|RIO DE JANEIRO|SAO JOSE DOS CAMPOS|SAO PAULO|SAO ROQUE|SOROCABA|TAUBATE@21/10/19@09:31@186.59@3@################################################################ROBERT NORMAL@F@17/07/1999@(95) 35093-3388@TORO@TJN-6638@COTIA|JUNDIAI|LORENA|RIO DE JANEIRO|SAO PAULO|SAO ROQUE|SOROCABA@11/11/19@13:56@063.67@4@##############################################################################################################ALEXANDRE O CHEGA NE@M@15/04/1992@(07) 52732-4426@FIT@PQK-7570@RIO DE JANEIRO|SAO ROQUE@22/01/19@12:12@025.60@3@################################################################################################################################################LETICIA BASTOS@F@06/05/1996@(06) 60947-6030@TORO@SUX-1074@COTIA|LORENA|OSASCO|RIO DE JANEIRO@04/04/19@22:51@098.31@3@###########################################################################################################################################MATHEUS AUGUSTO@F@20/07/1989@(66) 73883-1633@CIVIC@UBV-7321@LORENA|RIO DE JANEIRO|SAO JOSE DOS CAMPOS|SAO PAULO|SAO ROQUE@04/12/19@18:02@051.53@3@##############################################################################################################BRUNA MARQUEZINE@M@13/11/1990@(24) 34041-8231@CIVIC@HNZ-1446@COTIA|OSASCO@04/06/19@13:30@170.82@2@##############################################################################################################################################################LETICIA FERREIRA DA SILVA@M@08/01/1994@(68) 95993-9538@CELTA@KUJ-3086@COTIA|JUNDIAI|LORENA|OSASCO|SAO JOSE DOS CAMPOS|SAO PAULO|SOROCABA|TAUBATE@04/09/19@15:29@035.50@1@#######################################################################################GABRIEL PENSADOR@M@25/02/1994@(51) 26613-5312@FIT@CHW-0007@COTIA|JUNDIAI|LORENA|OSASCO|RIO DE JANEIRO|SAO JOSE DOS CAMPOS|SAO PAULO|SOROCABA|TAUBATE@16/09/19@22:13@140.74@2@###################################################################################JULIA ANDRADE@M@18/06/1989@(61) 06903-2806@FIT@LCL-0114@COTIA|JUNDIAI|RIO DE JANEIRO@02/03/19@14:36@155.07@3@###################################################################################################################################################PABLO PICASSO@M@22/04/1994@(83) 04933-0699@CORSA@YPB-1490@JUNDIAI|LORENA|OSASCO|RIO DE JANEIRO|SAO JOSE DOS CAMPOS|SAO PAULO@26/11/19@08:13@103.55@3@###########################################################################################################GABRIELA ALVEZ@M@24/09/1997@(96) 55623-9483@CORSA@VIP-5133@COTIA|JUNDIAI|LORENA|OSASCO|SAO ROQUE@01/05/19@09:04@028.06@1@#######################################################################################################################################PABLO PICASSO@M@23/10/1995@(79) 18285-3053@UNO@JON-0764@COTIA|JUNDIAI|LORENA|OSASCO|RIO DE JANEIRO|SAO ROQUE@19/12/19@18:18@209.44@1@###########################################################################################################################TATIANA MONTEIRO@M@12/11/1999@(28) 80114-1453@COROLLA@LZT-4685@JUNDIAI|LORENA|SAO JOSE DOS CAMPOS@27/06/19@14:02@126.69@3@######################################################################################################################################ALEXANDRE O MEDIO@F@16/03/1991@(79) 76931-3327@FUSCA@AZB-7320@COTIA|LORENA|RIO DE JANEIRO@07/03/19@20:20@003.35@2@##############################################################################################################################################
********************************BUSCAR********************************
Busca por MEFC011102. Nos percorridos:
LXTY050521
MUBV041218, PUDZ080300, TFWA070307
MEFC011102, MGJR220700

MEFC011102
MATHEUS LIMA
F
11/06/1997
(44) 61934-4483
ONIX
EFC-1557
01/11/19
02:41
099.14
1
LORENA, RIO DE JANEIRO
********************************BUSCAR********************************
Busca por AWOD040212. Nos percorridos:
LXTY050521
APRW150208, GIAC040204, LKUJ040915
AWOD040212, BHNZ040613, GCHW160922

AWOD040212
ALEXANDRE O MEDIO
M
15/07/1996
(76) 19286-5893
CIVIC
WOD-1105
04/02/19
12:24
120.95
2
COTIA, JUNDIAI, OSASCO, RIO DE JANEIRO, SAO JOSE DOS CAMPOS, SAO PAULO, SAO ROQUE, SOROCABA
********************************BUSCAR********************************
Busca por QQQQ120917. Nos percorridos:
LXTY050521
MUBV041218, PUDZ080300, TFWA070307
PYPB261108, RTJN111113

Registro(s) nao encontrado!
********************************LISTAR********************************
1 - LXTY050521
2 - APRW150208, GIAC040204, LKUJ040915
3 - AAZB070320, AOTS211009, APQK220112
3 - AWOD040212, BHNZ040613, GCHW160922
3 - GVIP010509, JLCL020314
3 - LSUX040422
2 - MUBV041218, PUDZ080300, TFWA070307
3 - MEFC011102, MGJR220700
3 - PJON191218
3 - PYPB261108, RTJN111113
3 - TLZT270614
********************************LISTAR********************************
1 - LXTY050521
2 - APRW150208, GIAC040204, LKUJ040915
3 - AAZB070320, AOTS211009, APQK220112
3 - AWOD040212, BHNZ040613, GCHW160922
3 - GVIP010509, JLCL020314
3 - LSUX040422
2 - MUBV041218, PUDZ080300, TFWA070307
3 - MEFC011102, MGJR220700
3 - PJON191218
3 - PYPB261108, RTJN111113
3 - TLZT270614
********************************ARQUIVO*******************************
LETICIA FERREIRA DOS SANTOS@F@17/08/1996@(10) 20256-5434@HB20@XTY-4936@COTIA|LORENA|OSASCO|SAO JOSE DOS CAMPOS|SAO PAULO|SAO ROQUE|TAUBATE@05/05/19@21:17@145.94@4@#############################################################################################ALEXANDRE O CHEGA NE@F@18/12/1989@(92) 18546-5300@CELTA@PRW-3676@COTIA|JUNDIAI|OSASCO|RIO DE JANEIRO|SAO JOSE DOS CAMPOS|SAO PAULO|SAO ROQUE|SOROCABA|TAUBATE@15/02/19@08:30@052.09@3@##########################################################################GABRIEL O ANJO@F@17/03/1992@(07) 03521-8360@UNO@IAC-6097@COTIA|JUNDIAI|LORENA|OSASCO|RIO DE JANEIRO|SAO JOSE DOS CAMPOS|SAO PAULO|SAO ROQUE|SOROCABA|TAUBATE@04/02/19@04:14@118.11@2@###########################################################################MATHEUS LIMA@F@11/06/1997@(44) 61934-4483@ONIX@EFC-1557@LORENA|RIO DE JANEIRO@01/11/19@02:41@099.14@1@##########################################################################################################################################################PABLO PICASSO@F@03/06/1991@(24) 85447-6721@CIVIC@UDZ-6944@COTIA|LORENA|OSASCO|SAO JOSE DOS CAMPOS|SAO PAULO|SAO ROQUE|SOROCABA@08/03/19@00:22@149.58@2@#########################################################################################################MATEUS ALVES@F@08/07/1993@(57) 10188-1500@GOL@GJR-5540@COTIA|JUNDIAI|LORENA|OSASCO|RIO DE JANEIRO|SAO JOSE DOS CAMPOS|SAO PAULO|SOROCABA|TAUBATE@22/07/19@00:42@165.19@4@#######################################################################################TATIANA MONTEIRO@M@18/04/1996@(48) 53342-2410@CORSA@FWA-2667@COTIA|JUNDIAI|LORENA|OSASCO|SAO JOSE DOS CAMPOS|SAO ROQUE|SOROCABA@07/03/19@07:33@162.44@1@########################################################################################################ALEXANDRE O MAIS OU MENOS@F@10/01/1994@(79) 49535-9590@FIT@OTS-5417@COTIA|JUNDIAI|LORENA|OSASCO|RIO DE JANEIRO|SAO JOSE DOS CAMPOS|SAO PAULO|SAO ROQUE|SOROCABA|TAUBATE@21/10/19@09:31@186.59@3@################################################################ROBERT NORMAL@F@17/07/1999@(95) 35093-3388@TORO@TJN-6638@COTIA|JUNDIAI|LORENA|RIO DE JANEIRO|SAO PAULO|SAO ROQUE|SOROCABA@11/11/19@13:56@063.67@4@##############################################################################################################ALEXANDRE O CHEGA NE@M@15/04/1992@(07) 52732-4426@FIT@PQK-7570@RIO DE JANEIRO|SAO ROQUE@22/01/19@12:12@025.60@3@################################################################################################################################################LETICIA BASTOS@F@06/05/1996@(06) 60947-6030@TORO@SUX-1074@COTIA|LORENA|OSASCO|RIO DE JANEIRO@04/04/19@22:51@098.31@3@###########################################################################################################################################MATHEUS AUGUSTO@F@20/07/1989@(66) 73883-1633@CIVIC@UBV-7321@LORENA|RIO DE JANEIRO|SAO JOSE DOS CAMPOS|SAO PAULO|SAO ROQUE@04/12/19@18:02@051.53@3@##############################################################################################################BRUNA MARQUEZINE@M@13/11/1990@(24) 34041-8231@CIVIC@HNZ-1446@COTIA|OSASCO@04/06/19@13:30@170.82@2@##############################################################################################################################################################LETICIA FERREIRA DA SILVA@M@08/01/1994@(68) 95993-9538@CELTA@KUJ-3086@COTIA|JUNDIAI|LORENA|OSASCO|SAO JOSE DOS CAMPOS|SAO PAULO|SOROCABA|TAUBATE@04/09/19@15:29@035.50@1@#######################################################################################GABRIEL PENSADOR@M@25/02/1994@(51) 26613-5312@FIT@CHW-0007@COTIA|JUNDIAI|LORENA|OSASCO|RIO DE JANEIRO|SAO JOSE DOS CAMPOS|SAO PAULO|SOROCABA|TAUBATE@16/09/19@22:13@140.74@2@###################################################################################JULIA ANDRADE@M@18/06/1989@(61) 06903-2806@FIT@LCL-0114@COTIA|JUNDIAI|RIO DE JANEIRO@02/03/19@14:36@155.07@3@###################################################################################################################################################PABLO PICASSO@M@22/04/1994@(83) 04933-0699@CORSA@YPB-1490@JUNDIAI|LORENA|OSASCO|RIO DE JANEIRO|SAO JOSE DOS CAMPOS|SAO PAULO@26/11/19@08:13@103.55@3@###########################################################################################################GABRIELA ALVEZ@M@24/09/1997@(96) 55623-9483@CORSA@VIP-5133@COTIA|JUNDIAI|LORENA|OSASCO|SAO ROQUE@01/05/19@09:04@028.06@1@#######################################################################################################################################PABLO PICASSO@M@23/10/1995@(79) 18285-3053@UNO@JON-0764@COTIA|JUNDIAI|LORENA|OSASCO|RIO DE JANEIRO|SAO ROQUE@19/12/19@18:18@209.44@1@###########################################################################################################################TATIANA MONTEIRO@M@12/11/1999@(28) 80114-1453@COROLLA@LZT-4685@JUNDIAI|LORENA|SAO JOSE DOS CAMPOS@27/06/19@14:02@126.69@3@######################################################################################################################################ALEXANDRE O MEDIO@F@16/03/1991@(79) 76931-3327@FUSCA@AZB-7320@COTIA|LORENA|RIO DE JANEIRO@07/03/19@20:20@003.35@2@##############################################################################################################################################ALEXANDRE O MEDIO@M@15/07/1996@(76) 19286-5893@CIVIC@WOD-1105@COTIA|JUNDIAI|OSASCO|RIO DE JANEIRO|SAO JOSE DOS CAMPOS|SAO PAULO|SAO ROQUE|SOROCABA@04/02/19@12:24@120.95@2@#####################################################################################
********************************LISTAR********************************
1 - GIAC040204, LXTY050521
2 - APRW150208, ESBC191108
3 - AAZB070320, AOTS211009, APQK220112
3 - AWOD040212, BHNZ040613
3 - GCHW160922
2 - LKUJ040915
3 - GVIP010509, JLCL020314
3 - LSUX040422
2 - MUBV041218, PUDZ080300, TFWA070307
3 - MEFC011102, MGJR220700
3 - PJON191218
3 - PYPB261108, RTJN111113
3 - TLZT270614
********************************BUSCAR********************************
Busca por RTJN111113. Nos percorridos:
GIAC040204, LXTY050521
MUBV041218, PUDZ080300, TFWA070307
PYPB261108, RTJN111113

RTJN111113
ROBERT NORMAL
F
17/07/1999
(95) 35093-3388
TORO
TJN-6638
11/11/19
13:56
063.67
4
COTIA, JUNDIAI, LORENA, RIO DE JANEIRO, SAO PAULO, SAO ROQUE, SOROCABA
********************************BUSCAR********************************
Busca por MUBV041218. Nos percorridos:
GIAC040204, LXTY050521
MUBV041218, PUDZ080300, TFWA070307

MUBV041218
MATHEUS AUGUSTO
F
20/07/1989
(66) 73883-1633
CIVIC
UBV-7321
04/12/19
18:02
051.53
3
LORENA, RIO DE JANEIRO, SAO JOSE DOS CAMPOS, SAO PAULO, SAO ROQUE
********************************LISTAR********************************
1 - GIAC040204, LXTY050521
2 - APRW150208, ESBC191108
3 - AAZB070320, AOTS211009, APQK220112
3 - AWOD040212, BHNZ040613
3 - GCHW160922
2 - LKUJ040915
3 - GVIP010509, JGAN211002, JLCL020314
3 - LSUX040422
2 - MUBV041218, PUDZ080300, TFWA070307
3 - MEFC011102, MGJR220700
3 - PJON191218
3 - PYPB261108, RTJN111113
3 - TLZT270614
********************************BUSCAR********************************
Busca por ESBC191108. Nos percorridos:
GIAC040204, LXTY050521
APRW150208, ESBC191108

ESBC191108
EVELYN DOS SANTOS
M
16/06/1994
(58) 92339-1396
FIT
SBC-2356
19/11/19
08:27
196.73
2
COTIA, LORENA, OSASCO, RIO DE JANEIRO, SOROCABA, TAUBATE
********************************LISTAR********************************
1 - GIAC040204, LXTY050521
2 - APRW150208, ESBC191108
3 - AAZB070320, AOTS211009, APQK220112
3 - AWOD040212, BHNZ040613
3 - GCHW160922
2 - JLCL020314, LKUJ040915
3 - GVIP010509, JGAN211002
3 - JZOG110815
3 - LSUX040422
2 - MUBV041218, PUDZ080300, TFWA070307
3 - MEFC011102, MGJR220700
3 - PJON191218
3 - PYPB261108, RTJN111113, SNOO220106
3 - TLZT270614
***************************INDICE PRIMÁRIO****************************
003AAZB0703200020AOTS2110090007APQK2201120009T************
002MEFC0111020003MGJR2207000005##############T************
002APRW1502080001ESBC1911080022##############F000004011***
003PYPB2611080016RTJN1111130008SNOO2201060024T************
002AWOD0402120021BHNZ0406130012##############T************
001LSUX0404220010############################T************
003MUBV0412180011PUDZ0803000004TFWA0703070006F001009003010
002GIAC0402040002LXTY0505210000##############F002012006***
002GVIP0105090017JGAN2110020023##############T************
001PJON1912180018############################T************
001TLZT2706140019############################T************
002EXNK2603030026GCHW1609220014##############T************
002JLCL0203140015LKUJ0409150013##############F008013005***
001JZOG1108150025############################T************
********************************LISTAR********************************
1 - GIAC040204, LXTY050521
2 - APRW150208, ESBC191108
3 - AAZB070320, AOTS211009, APQK220112
3 - AWOD040212, BHNZ040613
3 - EXNK260303, GCHW160922
2 - JLCL020314, LKUJ040915
3 - GPJL121207, GVIP010509, JGAN211002
3 - JZOG110815
3 - LSUX040422
2 - MUBV041218, PUDZ080300, TFWA070307
3 - MEFC011102, MGJR220700
3 - PJON191218
3 - PYPB261108, RTJN111113, SNOO220106
3 - TLZT270614
********************************ARQUIVO*******************************
LETICIA FERREIRA DOS SANTOS@F@17/08/1996@(10) 20256-5434@HB20@XTY-4936@COTIA|LORENA|OSASCO|SAO JOSE DOS CAMPOS|SAO PAULO|SAO ROQUE|TAUBATE@05/05/19@21:17@145.94@4@#############################################################################################ALEXANDRE O CHEGA NE@F@18/12/1989@(92) 18546-5300@CELTA@PRW-3676@COTIA|JUNDIAI|OSASCO|RIO DE JANEIRO|SAO JOSE DOS CAMPOS|SAO PAULO|SAO ROQUE|SOROCABA|TAUBATE@15/02/19@08:30@052.09@3@##########################################################################GABRIEL O ANJO@F@17/03/1992@(07) 03521-8360@UNO@IAC-6097@COTIA|JUNDIAI|LORENA|OSASCO|RIO DE JANEIRO|SAO JOSE DOS CAMPOS|SAO PAULO|SAO ROQUE|SOROCABA|TAUBATE@04/02/19@04:14@118.11@2@###########################################################################MATHEUS LIMA@F@11/06/1997@(44) 61934-4483@ONIX@EFC-1557@LORENA|RIO DE JANEIRO@01/11/19@02:41@099.14@1@##########################################################################################################################################################PABLO PICASSO@F@03/06/1991@(24) 85447-6721@CIVIC@UDZ-6944@COTIA|LORENA|OSASCO|SAO JOSE DOS CAMPOS|SAO PAULO|SAO ROQUE|SOROCABA@08/03/19@00:22@149.58@2@#########################################################################################################MATEUS ALVES@F@08/07/1993@(57) 10188-1500@GOL@GJR-5540@COTIA|JUNDIAI|LORENA|OSASCO|RIO DE JANEIRO|SAO JOSE DOS CAMPOS|SAO PAULO|SOROCABA|TAUBATE@22/07/19@00:42@165.19@4@#######################################################################################TATIANA MONTEIRO@M@18/04/1996@(48) 53342-2410@CORSA@FWA-2667@COTIA|JUNDIAI|LORENA|OSASCO|SAO JOSE DOS CAMPOS|SAO ROQUE|SOROCABA@07/03/19@07:33@162.44@1@########################################################################################################ALEXANDRE O MAIS OU MENOS@F@10/01/1994@(79) 49535-9590@FIT@OTS-5417@COTIA|JUNDIAI|LORENA|OSASCO|RIO DE JANEIRO|SAO JOSE DOS CAMPOS|SAO PAULO|SAO ROQUE|SOROCABA|TAUBATE@21/10/19@09:31@186.59@3@################################################################ROBERT NORMAL@F@17/07/1999@(95) 35093-3388@TORO@TJN-6638@COTIA|JUNDIAI|LORENA|RIO DE JANEIRO|SAO PAULO|SAO ROQUE|SOROCABA@11/11/19@13:56@063.67@4@##############################################################################################################ALEXANDRE O CHEGA NE@M@15/04/1992@(07) 52732-4426@FIT@PQK-7570@RIO DE JANEIRO|SAO ROQUE@22/01/19@12:12@025.60@3@################################################################################################################################################LETICIA BASTOS@F@06/05/1996@(06) 60947-6030@TORO@SUX-1074@COTIA|LORENA|OSASCO|RIO DE JANEIRO@04/04/19@22:51@098.31@3@###########################################################################################################################################MATHEUS AUGUSTO@F@20/07/1989@(66) 73883-1633@CIVIC@UBV-7321@LORENA|RIO DE JANEIRO|SAO JOSE DOS CAMPOS|SAO PAULO|SAO ROQUE@04/12/19@18:02@051.53@3@##############################################################################################################BRUNA MARQUEZINE@M@13/11/1990@(24) 34041-8231@CIVIC@HNZ-1446@COTIA|OSASCO@04/06/19@13:30@170.82@2@##############################################################################################################################################################LETICIA FERREIRA DA SILVA@M@08/01/1994@(68) 95993-9538@CELTA@KUJ-3086@COTIA|JUNDIAI|LORENA|OSASCO|SAO JOSE DOS CAMPOS|SAO PAULO|SOROCABA|TAUBATE@04/09/19@15:29@035.50@1@#######################################################################################GABRIEL PENSADOR@M@25/02/1994@(51) 26613-5312@FIT@CHW-0007@COTIA|JUNDIAI|LORENA|OSASCO|RIO DE JANEIRO|SAO JOSE DOS CAMPOS|SAO PAULO|SOROCABA|TAUBATE@16/09/19@22:13@140.74@2@###################################################################################JULIA ANDRADE@M@18/06/1989@(61) 06903-2806@FIT@LCL-0114@COTIA|JUNDIAI|RIO DE JANEIRO@02/03/19@14:36@155.07@3@###################################################################################################################################################PABLO PICASSO@M@22/04/1994@(83) 04933-0699@CORSA@YPB-1490@JUNDIAI|LORENA|OSASCO|RIO DE JANEIRO|SAO JOSE DOS CAMPOS|SAO PAULO@26/11/19@08:13@103.55@3@###########################################################################################################GABRIELA ALVEZ@M@24/09/1997@(96) 55623-9483@CORSA@VIP-5133@COTIA|JUNDIAI|LORENA|OSASCO|SAO ROQUE@01/05/19@09:04@028.06@1@#######################################################################################################################################PABLO PICASSO@M@23/10/1995@(79) 18285-3053@UNO@JON-0764@COTIA|JUNDIAI|LORENA|OSASCO|RIO DE JANEIRO|SAO ROQUE@19/12/19@18:18@209.44@1@###########################################################################################################################TATIANA MONTEIRO@M@12/11/1999@(28) 80114-1453@COROLLA@LZT-4685@JUNDIAI|LORENA|SAO JOSE DOS CAMPOS@27/06/19@14:02@126.69@3@######################################################################################################################################ALEXANDRE O MEDIO@F@16/03/1991@(79) 76931-3327@FUSCA@AZB-7320@COTIA|LORENA|RIO DE JANEIRO@07/03/19@20:20@003.35@2@##############################################################################################################################################ALEXANDRE O MEDIO@M@15/07/1996@(76) 19286-5893@CIVIC@WOD-1105@COTIA|JUNDIAI|OSASCO|RIO DE JANEIRO|SAO JOSE DOS CAMPOS|SAO PAULO|SAO ROQUE|SOROCABA@04/02/19@12:24@120.95@2@#####################################################################################EVELYN DOS SANTOS@M@16/06/1994@(58) 92339-1396@FIT@SBC-2356@COTIA|LORENA|OSASCO|RIO DE JANEIRO|SOROCABA|TAUBATE@19/11/19@08:27@196.73@2@########################################################################################################################JULIA ANDRADE@M@19/10/1999@(60) 41655-1302@CORSA@GAN-7827@COTIA|OSASCO|RIO DE JANEIRO|SAO ROQUE|SOROCABA@21/10/19@02:56@223.27@2@###############################################################################################################################SABRINA SATO@M@19/03/1998@(16) 96404-5537@HB20@NOO-1534@COTIA|JUNDIAI|LORENA|OSASCO|SAO JOSE DOS CAMPOS|SAO PAULO|SOROCABA|TAUBATE@22/01/19@06:14@241.23@4@#####################################################################################################JULIANA MENDES@M@06/12/1998@(85) 30202-6903@FIT@ZOG-7776@OSASCO|RIO DE JANEIRO|SAO JOSE DOS CAMPOS@11/08/19@15:03@181.25@2@#####################################################################################################################################EDUARDO COSTA@M@10/02/1989@(93) 32575-9773@CORSA@XNK-8040@COTIA|RIO DE JANEIRO|SAO JOSE DOS CAMPOS|SAO ROQUE|SOROCABA@26/03/19@03:10@055.78@2@##################################################################################################################GABRIEL O ANJO@M@07/02/1993@(42) 04318-8109@CELTA@PJL-1292@COTIA|JUNDIAI|LORENA|RIO DE JANEIRO|SAO PAULO|SAO ROQUE|SOROCABA@12/12/19@07:48@011.09@3@############################################################################################################
***************************INDICE PRIMÁRIO****************************
003AAZB0703200020AOTS2110090007APQK2201120009T************
002MEFC0111020003MGJR2207000005##############T************
002APRW1502080001ESBC1911080022##############F000004011***
003PYPB2611080016RTJN1111130008SNOO2201060024T************
002AWOD0402120021BHNZ0406130012##############T************
001LSUX0404220010############################T************
003MUBV0412180011PUDZ0803000004TFWA0703070006F001009003010
002GIAC0402040002LXTY0505210000##############F002012006***
003GPJL1212070027GVIP0105090017JGAN2110020023T************
001PJON1912180018############################T************
001TLZT2706140019############################T************
002EXNK2603030026GCHW1609220014##############T************
002JLCL0203140015LKUJ0409150013##############F008013005***
001JZOG1108150025############################T************
