********************************LISTAR********************************
1 - LXTY050521
2 - APRW150208, GIAC040204, LKUJ040915
3 - AOTS211009, APQK220112
3 - BHNZ040613, GCHW160922
3 - GVIP010509, JLCL020314
3 - LSUX040422
2 - MUBV041218, PUDZ080300, TFWA070307
3 - MEFC011102, MGJR220700
3 - PJON191218
3 - PYPB261108, RTJN111113
3 - TLZT270614
********************************ARQUIVO*******************************
LETICIA FERREIRA DOS SANTOS@F@17/08/1996@(10) 20256-5434@HB20@XTY-4936@COTIA|LORENA|OSASCO|SAO JOSE DOS CAMPOS|SAO PAULO|SAO ROQUE|TAUBATE@05/05/19@21:17@145.94@4@#############################################################################################ALEXANDRE O CHEGA NE@F@18/12/1989@(92) 18546-5300@CELTA@PRW-3676@COTIA|JUNDIAI|OSASCO|RIO DE JANEIRO|SAO JOSE DOS CAMPOS|SAO PAULO|SAO ROQUE|SOROCABA|TAUBATE@15/02/19@08:30@052.09@3@##########################################################################GABRIEL O ANJO@F@17/03/1992@(07) 03521-8360@UNO@IAC-6097@COTIA|JUNDIAI|LORENA|OSASCO|RIO DE JANEIRO|SAO JOSE DOS CAMPOS|SAO PAULO|SAO ROQUE|SOROCABA|TAUBATE@04/02/19@04:14@118.11@2@###########################################################################MATHEUS LIMA@F@11/06/1997@(44) 61934-4483@ONIX@EFC-1557@LORENA|RIO DE JANEIRO@01/11/19@02:41@099.14@1@##########################################################################################################################################################PABLO PICASSO@F@03/06/1991@(24) 85447-6721@CIVIC@UDZ-6944@COTIA|LORENA|OSASCO|SAO JOSE DOS CAMPOS|SAO PAULO|SAO ROQUE|SOROCABA@08/03/19@00:22@149.58@2@#########################################################################################################MATEUS ALVES@F@08/07/1993@(57) 10188-1500@GOL@GJR-5540@COTIA|JUNDIAI|LORENA|OSASCO|RIO DE JANEIRO|SAO JOSE DOS CAMPOS|SAO PAULO|SOROCABA|TAUBATE@22/07/19@00:42@165.19@4@#######################################################################################TATIANA MONTEIRO@M@18/04/1996@(48) 53342-2410@CORSA@FWA-2667@COTIA|JUNDIAI|LORENA|OSASCO|SAO JOSE DOS CAMPOS|SAO ROQUE|SOROCABA@07/03/19@07:33@162.44@1@########################################################################################################ALEXANDRE O MAIS OU MENOS@F@10/01/1994@(79) 49535-9590@FIT@OTS-5417@COTIA|JUNDIAI|LORENA|OSASCO|RIO DE JANEIRO|SAO JOSE DOS CAMPOS|SAO PAULO|SAO ROQUE|SOROCABA|TAUBATE@21/10/19@09:31@186.59@3@################################################################ROBERT NORMAL@F@17/07/1999@(95) 35093-3388@TORO@TJN-6638@COTIA|JUNDIAI|LORENA|RIO DE JANEIRO|SAO PAULO|SAO ROQUE|SOROCABA@11/11/19@13:56@063.67@4@##############################################################################################################ALEXANDRE O CHEGA NE@M@15/04/1992@(07) 52732-4426@FIT@PQK-7570@RIO DE JANEIRO|SAO ROQUE@22/01/19@12:12@025.60@3@################################################################################################################################################LETICIA BASTOS@F@06/05/1996@(06) 60947-6030@TORO@SUX-1074@COTIA|LORENA|OSASCO|RIO DE JANEIRO@04/04/19@22:51@098.31@3@###########################################################################################################################################MATHEUS AUGUSTO@F@20/07/1989@(66) 73883-1633@CIVIC@UBV-7321@LORENA|RIO DE JANEIRO|SAO JOSE DOS CAMPOS|SAO PAULO|SAO ROQUE@04/12/19@18:02@051.53@3@##############################################################################################################BRUNA MARQUEZINE@M@13/11/1990@(24) 34041-8231@CIVIC@HNZ-1446@COTIA|OSASCO@04/06/19@13:30@170.82@2@##############################################################################################################################################################LETICIA FERREIRA DA SILVA@M@08/01/1994@(68) 95993-9538@CELTA@KUJ-3086@COTIA|JUNDIAI|LORENA|OSASCO|SAO JOSE DOS CAMPOS|SAO PAULO|SOROCABA|TAUBATE@04/09/19@15:29@035.50@1@#######################################################################################GABRIEL PENSADOR@M@25/02/1994@(51) 26613-5312@FIT@CHW-0007@COTIA|JUNDIAI|LORENA|OSASCO|RIO DE JANEIRO|SAO JOSE DOS CAMPOS|SAO PAULO|SOROCABA|TAUBATE@16/09/19@22:13@140.74@2@###################################################################################JULIA ANDRADE@M@18/06/1989@(61) 06903-2806@FIT@LCL-0114@COTIA|JUNDIAI|RIO DE JANEIRO@02/03/19@14:36@155.07@3@###################################################################################################################################################PABLO PICASSO@M@22/04/1994@(83) 04933-0699@CORSA@YPB-1490@JUNDIAI|LORENA|OSASCO|RIO DE JANEIRO|SAO JOSE DOS CAMPOS|SAO PAULO@26/11/19@08:13@103.55@3@###########################################################################################################GABRIELA ALVEZ@M@24/09/1997@(96) 55623-9483@CORSA@VIP-5133@COTIA|JUNDIAI|LORENA|OSASCO|SAO ROQUE@01/05/19@09:04@028.06@1@#######################################################################################################################################PABLO PICASSO@M@23/10/1995@(79) 18285-3053@UNO@JON-0764@COTIA|JUNDIAI|LORENA|OSASCO|RIO DE JANEIRO|SAO ROQUE@19/12/19@18:18@209.44@1@###########################################################################################################################TATIANA MONTEIRO@M@12/11/1999@(28) 80114-1453@COROLLA@LZT-4685@JUNDIAI|LORENA|SAO JOSE DOS CAMPOS@27/06/19@14:02@126.69@3@######################################################################################################################################
********************************LISTAR********************************
OSASCO------------------------ 04/06/19 - 13:30-
RIO DE JANEIRO---------------- 02/03/19 - 14:36-
RIO DE JANEIRO---------------- 04/04/19 - 22:51-
RIO DE JANEIRO---------------- 01/11/19 - 02:41-
SAO JOSE DOS CAMPOS----------- 27/06/19 - 14:02-
SAO PAULO--------------------- 26/11/19 - 08:13-
SAO ROQUE--------------------- 22/01/19 - 12:12-
SAO ROQUE--------------------- 01/05/19 - 09:04-
SAO ROQUE--------------------- 04/12/19 - 18:02-
SAO ROQUE--------------------- 19/12/19 - 18:18-
SOROCABA---------------------- 07/03/19 - 07:33-
SOROCABA---------------------- 08/03/19 - 00:22-
SOROCABA---------------------- 11/11/19 - 13:56-
TAUBATE----------------------- 04/02/19 - 04:14-
TAUBATE----------------------- 15/02/19 - 08:30-
TAUBATE----------------------- 05/05/19 - 21:17-
TAUBATE----------------------- 22/07/19 - 00:42-
TAUBATE----------------------- 04/09/19 - 15:29-
TAUBATE----------------------- 16/09/19 - 22:13-
TAUBATE----------------------- 21/10/19 - 09:31-
********************************ALTERAR*******************************
OPERACAO REALIZADA COM SUCESSO!
***************************INDICE PRIMÁRIO****************************
002AOTS2110090007APQK2201120009##############T************
002MEFC0111020003MGJR2207000005##############T************
003APRW1502080001GIAC0402040002LKUJ0409150013F000004008005
003PYPB2611080016RMYG1112070020RTJN1111130008T************
002BHNZ0406130012GCHW1609220014##############T************
001LSUX0404220010############################T************
003MUBV0412180011PUDZ0803000004TFWA0703070006F001009003010
001LXTY0505210000############################F002006******
002GVIP0105090017JLCL0203140015##############T************
001PJON1912180018############################T************
001TLZT2706140019############################T************
********************************ARQUIVO*******************************
LETICIA FERREIRA DOS SANTOS@F@17/08/1996@(10) 20256-5434@HB20@XTY-4936@COTIA|LORENA|OSASCO|SAO JOSE DOS CAMPOS|SAO PAULO|SAO ROQUE|TAUBATE@05/05/19@21:17@145.94@4@#############################################################################################ALEXANDRE O CHEGA NE@F@18/12/1989@(92) 18546-5300@CELTA@PRW-3676@COTIA|JUNDIAI|OSASCO|RIO DE JANEIRO|SAO JOSE DOS CAMPOS|SAO PAULO|SAO ROQUE|SOROCABA|TAUBATE@15/02/19@08:30@052.09@3@##########################################################################GABRIEL O ANJO@F@17/03/1992@(07) 03521-8360@UNO@IAC-6097@COTIA|JUNDIAI|LORENA|OSASCO|RIO DE JANEIRO|SAO JOSE DOS CAMPOS|SAO PAULO|SAO ROQUE|SOROCABA|TAUBATE@04/02/19@04:14@118.11@2@###########################################################################MATHEUS LIMA@F@11/06/1997@(44) 61934-4483@ONIX@EFC-1557@LORENA|RIO DE JANEIRO@01/11/19@02:41@099.14@1@##########################################################################################################################################################PABLO PICASSO@F@03/06/1991@(24) 85447-6721@CIVIC@UDZ-6944@COTIA|LORENA|OSASCO|SAO JOSE DOS CAMPOS|SAO PAULO|SAO ROQUE|SOROCABA@08/03/19@00:22@149.58@2@#########################################################################################################MATEUS ALVES@F@08/07/1993@(57) 10188-1500@GOL@GJR-5540@COTIA|JUNDIAI|LORENA|OSASCO|RIO DE JANEIRO|SAO JOSE DOS CAMPOS|SAO PAULO|SOROCABA|TAUBATE@22/07/19@00:42@165.19@4@#######################################################################################TATIANA MONTEIRO@M@18/04/1996@(48) 53342-2410@CORSA@FWA-2667@COTIA|JUNDIAI|LORENA|OSASCO|SAO JOSE DOS CAMPOS|SAO ROQUE|SOROCABA@07/03/19@07:33@162.44@1@########################################################################################################ALEXANDRE O MAIS OU MENOS@F@10/01/1994@(79) 49535-9590@FIT@OTS-5417@COTIA|JUNDIAI|LORENA|OSASCO|RIO DE JANEIRO|SAO JOSE DOS CAMPOS|SAO PAULO|SAO ROQUE|SOROCABA|TAUBATE@21/10/19@09:31@186.59@3@################################################################ROBERT NORMAL@F@17/07/1999@(95) 35093-3388@TORO@TJN-6638@COTIA|JUNDIAI|LORENA|RIO DE JANEIRO|SAO PAULO|SAO ROQUE|SOROCABA@11/11/19@13:56@063.67@4@##############################################################################################################ALEXANDRE O CHEGA NE@M@15/04/1992@(07) 52732-4426@FIT@PQK-7570@RIO DE JANEIRO|SAO ROQUE@22/01/19@12:12@025.60@3@################################################################################################################################################LETICIA BASTOS@F@06/05/1996@(06) 60947-6030@TORO@SUX-1074@COTIA|LORENA|OSASCO|RIO DE JANEIRO@04/04/19@22:51@098.31@3@###########################################################################################################################################MATHEUS AUGUSTO@F@20/07/1989@(66) 73883-1633@CIVIC@UBV-7321@LORENA|RIO DE JANEIRO|SAO JOSE DOS CAMPOS|SAO PAULO|SAO ROQUE@04/12/19@18:02@051.53@3@##############################################################################################################BRUNA MARQUEZINE@M@13/11/1990@(24) 34041-8231@CIVIC@HNZ-1446@COTIA|OSASCO@04/06/19@13:30@170.82@2@##############################################################################################################################################################LETICIA FERREIRA DA SILVA@M@08/01/1994@(68) 95993-9538@CELTA@KUJ-3086@COTIA|JUNDIAI|LORENA|OSASCO|SAO JOSE DOS CAMPOS|SAO PAULO|SOROCABA|TAUBATE@04/09/19@15:29@035.50@1@#######################################################################################GABRIEL PENSADOR@M@25/02/1994@(51) 26613-5312@FIT@CHW-0007@COTIA|JUNDIAI|LORENA|OSASCO|RIO DE JANEIRO|SAO JOSE DOS CAMPOS|SAO PAULO|SOROCABA|TAUBATE@16/09/19@22:13@140.74@2@###################################################################################JULIA ANDRADE@M@18/06/1989@(61) 06903-2806@FIT@LCL-0114@COTIA|JUNDIAI|RIO DE JANEIRO@02/03/19@14:36@155.07@3@###################################################################################################################################################PABLO PICASSO@M@22/04/1994@(83) 04933-0699@CORSA@YPB-1490@JUNDIAI|LORENA|OSASCO|RIO DE JANEIRO|SAO JOSE DOS CAMPOS|SAO PAULO@26/11/19@08:13@103.55@3@###########################################################################################################GABRIELA ALVEZ@M@24/09/1997@(96) 55623-9483@CORSA@VIP-5133@COTIA|JUNDIAI|LORENA|OSASCO|SAO ROQUE@01/05/19@09:04@028.06@1@#######################################################################################################################################PABLO PICASSO@M@23/10/1995@(79) 18285-3053@UNO@JON-0764@COTIA|JUNDIAI|LORENA|OSASCO|RIO DE JANEIRO|SAO ROQUE@19/12/19@18:18@209.44@1@###########################################################################################################################TATIANA MONTEIRO@M@12/11/1999@(28) 80114-1453@COROLLA@LZT-4685@JUNDIAI|LORENA|SAO JOSE DOS CAMPOS@27/06/19@14:02@126.69@3@######################################################################################################################################ROBERT NORMAL@F@05/11/1989@(09) 61866-1053@CELTA@MYG-1916@COTIA|JUNDIAI|LORENA|OSASCO|RIO DE JANEIRO|SAO JOSE DOS CAMPOS|SAO PAULO|SAO ROQUE|SOROCABA|TAUBATE@11/12/19@07:27@224.02@4@##########################################################################
********************************BUSCAR********************************
Busca por MEFC011102. Nos percorridos:
LXTY050521
MUBV041218, PUDZ080300, TFWA070307
MEFC011102, MGJR220700

MEFC011102
MATHEUS LIMA
F
11/06/1997
(44) 61934-4483
ONIX
EFC-1557
01/11/19
02:41
099.14
1
LORENA, RIO DE JANEIRO
********************************LISTAR********************************
1 - LXTY050521
2 - APRW150208, GIAC040204, LKUJ040915
3 - AOTS211009, APQK220112
3 - BHNZ040613, GCHW160922
3 - GVIP010509, JLCL020314
3 - LSUX040422
2 - MUBV041218, PUDZ080300, TFWA070307
3 - MEFC011102, MGJR220700
3 - PJON191218
3 - PYPB261108, RMYG111207, RTJN111113
3 - TLZT270614
***************************INDICE SECUNDÁRIO**************************
002BHNZ040613OSASCO$1906041330########################JLCL020314RIO DE JANEIRO$1903021436################T*********
001LXTY050521TAUBATE$1905052117##########################################################################T*********
002LSUX040422RIO DE JANEIRO$1904042251################TLZT270614SAO JOSE DOS CAMPOS$1906271402###########F000008012
002RTJN111113SOROCABA$1911111356######################GIAC040204TAUBATE$1902040414#######################T*********
001LKUJ040915TAUBATE$1909041529##########################################################################T*********
002MGJR220700TAUBATE$1907220042#######################GCHW160922TAUBATE$1909162213#######################F001004010
002APQK220112SAO ROQUE$1901221212#####################APRW150208TAUBATE$1902150830#######################F002009005
001GVIP010509SAO ROQUE$1905010904########################################################################T*********
001MEFC011102RIO DE JANEIRO$1911010241###################################################################T*********
002MUBV041218SAO ROQUE$1912041802#####################PUDZ080300SOROCABA$1903080022######################F007011003
002AOTS211009TAUBATE$1910210931#######################RMYG111207TAUBATE$1912110727#######################T*********
002PJON191218SAO ROQUE$1912191818#####################TFWA070307SOROCABA$1903070733######################T*********
001PYPB261108SAO PAULO$1911260813########################################################################T*********
***************************INDICE SECUNDÁRIO**************************
002BHNZ040613OSASCO$1906041330########################JLCL020314RIO DE JANEIRO$1903021436################T*********
001LXTY050521TAUBATE$1905052117##########################################################################T*********
002LSUX040422RIO DE JANEIRO$1904042251################TLZT270614SAO JOSE DOS CAMPOS$1906271402###########F000008012
002RTJN111113SOROCABA$1911111356######################GIAC040204TAUBATE$1902040414#######################T*********
001LKUJ040915TAUBATE$1909041529##########################################################################T*********
002MGJR220700TAUBATE$1907220042#######################GCHW160922TAUBATE$1909162213#######################F001004010
002APQK220112SAO ROQUE$1901221212#####################APRW150208TAUBATE$1902150830#######################F002009005
001GVIP010509SAO ROQUE$1905010904########################################################################T*********
001MEFC011102RIO DE JANEIRO$1911010241###################################################################T*********
002MUBV041218SAO ROQUE$1912041802#####################PUDZ080300SOROCABA$1903080022######################F007011003
002AOTS211009TAUBATE$1910210931#######################RMYG111207TAUBATE$1912110727#######################T*********
002PJON191218SAO ROQUE$1912191818#####################TFWA070307SOROCABA$1903070733######################T*********
001PYPB261108SAO PAULO$1911260813########################################################################T*********
********************************ARQUIVO*******************************
LETICIA FERREIRA DOS SANTOS@F@17/08/1996@(10) 20256-5434@HB20@XTY-4936@COTIA|LORENA|OSASCO|SAO JOSE DOS CAMPOS|SAO PAULO|SAO ROQUE|TAUBATE@05/05/19@21:17@145.94@4@#############################################################################################ALEXANDRE O CHEGA NE@F@18/12/1989@(92) 18546-5300@CELTA@PRW-3676@COTIA|JUNDIAI|OSASCO|RIO DE JANEIRO|SAO JOSE DOS CAMPOS|SAO PAULO|SAO ROQUE|SOROCABA|TAUBATE@15/02/19@08:30@052.09@3@##########################################################################GABRIEL O ANJO@F@17/03/1992@(07) 03521-8360@UNO@IAC-6097@COTIA|JUNDIAI|LORENA|OSASCO|RIO DE JANEIRO|SAO JOSE DOS CAMPOS|SAO PAULO|SAO ROQUE|SOROCABA|TAUBATE@04/02/19@04:14@118.11@2@###########################################################################MATHEUS LIMA@F@11/06/1997@(44) 61934-4483@ONIX@EFC-1557@LORENA|RIO DE JANEIRO@01/11/19@02:41@099.14@1@##########################################################################################################################################################PABLO PICASSO@F@03/06/1991@(24) 85447-6721@CIVIC@UDZ-6944@COTIA|LORENA|OSASCO|SAO JOSE DOS CAMPOS|SAO PAULO|SAO ROQUE|SOROCABA@08/03/19@00:22@149.58@2@#########################################################################################################MATEUS ALVES@F@08/07/1993@(57) 10188-1500@GOL@GJR-5540@COTIA|JUNDIAI|LORENA|OSASCO|RIO DE JANEIRO|SAO JOSE DOS CAMPOS|SAO PAULO|SOROCABA|TAUBATE@22/07/19@00:42@165.19@4@#######################################################################################TATIANA MONTEIRO@M@18/04/1996@(48) 53342-2410@CORSA@FWA-2667@COTIA|JUNDIAI|LORENA|OSASCO|SAO JOSE DOS CAMPOS|SAO ROQUE|SOROCABA@07/03/19@07:33@162.44@1@########################################################################################################ALEXANDRE O MAIS OU MENOS@F@10/01/1994@(79) 49535-9590@FIT@OTS-5417@COTIA|JUNDIAI|LORENA|OSASCO|RIO DE JANEIRO|SAO JOSE DOS CAMPOS|SAO PAULO|SAO ROQUE|SOROCABA|TAUBATE@21/10/19@09:31@186.59@3@################################################################ROBERT NORMAL@F@17/07/1999@(95) 35093-3388@TORO@TJN-6638@COTIA|JUNDIAI|LORENA|RIO DE JANEIRO|SAO PAULO|SAO ROQUE|SOROCABA@11/11/19@13:56@063.67@4@##############################################################################################################ALEXANDRE O CHEGA NE@M@15/04/1992@(07) 52732-4426@FIT@PQK-7570@RIO DE JANEIRO|SAO ROQUE@22/01/19@12:12@025.60@3@################################################################################################################################################LETICIA BASTOS@F@06/05/1996@(06) 60947-6030@TORO@SUX-1074@COTIA|LORENA|OSASCO|RIO DE JANEIRO@04/04/19@22:51@098.31@3@###########################################################################################################################################MATHEUS AUGUSTO@F@20/07/1989@(66) 73883-1633@CIVIC@UBV-7321@LORENA|RIO DE JANEIRO|SAO JOSE DOS CAMPOS|SAO PAULO|SAO ROQUE@04/12/19@18:02@051.53@3@##############################################################################################################BRUNA MARQUEZINE@M@13/11/1990@(24) 34041-8231@CIVIC@HNZ-1446@COTIA|OSASCO@04/06/19@13:30@170.82@2@##############################################################################################################################################################LETICIA FERREIRA DA SILVA@M@08/01/1994@(68) 95993-9538@CELTA@KUJ-3086@COTIA|JUNDIAI|LORENA|OSASCO|SAO JOSE DOS CAMPOS|SAO PAULO|SOROCABA|TAUBATE@04/09/19@15:29@035.50@1@#######################################################################################GABRIEL PENSADOR@M@25/02/1994@(51) 26613-5312@FIT@CHW-0007@COTIA|JUNDIAI|LORENA|OSASCO|RIO DE JANEIRO|SAO JOSE DOS CAMPOS|SAO PAULO|SOROCABA|TAUBATE@16/09/19@22:13@140.74@2@###################################################################################JULIA ANDRADE@M@18/06/1989@(61) 06903-2806@FIT@LCL-0114@COTIA|JUNDIAI|RIO DE JANEIRO@02/03/19@14:36@155.07@3@###################################################################################################################################################PABLO PICASSO@M@22/04/1994@(83) 04933-0699@CORSA@YPB-1490@JUNDIAI|LORENA|OSASCO|RIO DE JANEIRO|SAO JOSE DOS CAMPOS|SAO PAULO@26/11/19@08:13@103.55@3@###########################################################################################################GABRIELA ALVEZ@M@24/09/1997@(96) 55623-9483@CORSA@VIP-5133@COTIA|JUNDIAI|LORENA|OSASCO|SAO ROQUE@01/05/19@09:04@028.06@1@#######################################################################################################################################PABLO PICASSO@M@23/10/1995@(79) 18285-3053@UNO@JON-0764@COTIA|JUNDIAI|LORENA|OSASCO|RIO DE JANEIRO|SAO ROQUE@19/12/19@18:18@209.44@1@###########################################################################################################################TATIANA MONTEIRO@M@12/11/1999@(28) 80114-1453@COROLLA@LZT-4685@JUNDIAI|LORENA|SAO JOSE DOS CAMPOS@27/06/19@14:02@126.69@3@######################################################################################################################################ROBERT NORMAL@F@05/11/1989@(09) 61866-1053@CELTA@MYG-1916@COTIA|JUNDIAI|LORENA|OSASCO|RIO DE JANEIRO|SAO JOSE DOS CAMPOS|SAO PAULO|SAO ROQUE|SOROCABA|TAUBATE@11/12/19@07:27@224.02@4@##########################################################################
********************************ARQUIVO*******************************
LETICIA FERREIRA DOS SANTOS@F@17/08/1996@(10) 20256-5434@HB20@XTY-4936@COTIA|LORENA|OSASCO|SAO JOSE DOS CAMPOS|SAO PAULO|SAO ROQUE|TAUBATE@05/05/19@21:17@145.94@4@#############################################################################################ALEXANDRE O CHEGA NE@F@18/12/1989@(92) 18546-5300@CELTA@PRW-3676@COTIA|JUNDIAI|OSASCO|RIO DE JANEIRO|SAO JOSE DOS CAMPOS|SAO PAULO|SAO ROQUE|SOROCABA|TAUBATE@15/02/19@08:30@052.09@3@##########################################################################GABRIEL O ANJO@F@17/03/1992@(07) 03521-8360@UNO@IAC-6097@COTIA|JUNDIAI|LORENA|OSASCO|RIO DE JANEIRO|SAO JOSE DOS CAMPOS|SAO PAULO|SAO ROQUE|SOROCABA|TAUBATE@04/02/19@04:14@118.11@2@###########################################################################MATHEUS LIMA@F@11/06/1997@(44) 61934-4483@ONIX@EFC-1557@LORENA|RIO DE JANEIRO@01/11/19@02:41@099.14@1@##########################################################################################################################################################PABLO PICASSO@F@03/06/1991@(24) 85447-6721@CIVIC@UDZ-6944@COTIA|LORENA|OSASCO|SAO JOSE DOS CAMPOS|SAO PAULO|SAO ROQUE|SOROCABA@08/03/19@00:22@149.58@2@#########################################################################################################MATEUS ALVES@F@08/07/1993@(57) 10188-1500@GOL@GJR-5540@COTIA|JUNDIAI|LORENA|OSASCO|RIO DE JANEIRO|SAO JOSE DOS CAMPOS|SAO PAULO|SOROCABA|TAUBATE@22/07/19@00:42@165.19@4@#######################################################################################TATIANA MONTEIRO@M@18/04/1996@(48) 53342-2410@CORSA@FWA-2667@COTIA|JUNDIAI|LORENA|OSASCO|SAO JOSE DOS CAMPOS|SAO ROQUE|SOROCABA@07/03/19@07:33@162.44@1@########################################################################################################ALEXANDRE O MAIS OU MENOS@F@10/01/1994@(79) 49535-9590@FIT@OTS-5417@COTIA|JUNDIAI|LORENA|OSASCO|RIO DE JANEIRO|SAO JOSE DOS CAMPOS|SAO PAULO|SAO ROQUE|SOROCABA|TAUBATE@21/10/19@09:31@186.59@3@################################################################ROBERT NORMAL@F@17/07/1999@(95) 35093-3388@TORO@TJN-6638@COTIA|JUNDIAI|LORENA|RIO DE JANEIRO|SAO PAULO|SAO ROQUE|SOROCABA@11/11/19@13:56@063.67@4@##############################################################################################################ALEXANDRE O CHEGA NE@M@15/04/1992@(07) 52732-4426@FIT@PQK-7570@RIO DE JANEIRO|SAO ROQUE@22/01/19@12:12@025.60@3@################################################################################################################################################LETICIA BASTOS@F@06/05/1996@(06) 60947-6030@TORO@SUX-1074@COTIA|LORENA|OSASCO|RIO DE JANEIRO@04/04/19@22:51@098.31@3@###########################################################################################################################################MATHEUS AUGUSTO@F@20/07/1989@(66) 73883-1633@CIVIC@UBV-7321@LORENA|RIO DE JANEIRO|SAO JOSE DOS CAMPOS|SAO PAULO|SAO ROQUE@04/12/19@18:02@051.53@3@##############################################################################################################BRUNA MARQUEZINE@M@13/11/1990@(24) 34041-8231@CIVIC@HNZ-1446@COTIA|OSASCO@04/06/19@13:30@170.82@2@##############################################################################################################################################################LETICIA FERREIRA DA SILVA@M@08/01/1994@(68) 95993-9538@CELTA@KUJ-3086@COTIA|JUNDIAI|LORENA|OSASCO|SAO JOSE DOS CAMPOS|SAO PAULO|SOROCABA|TAUBATE@04/09/19@15:29@035.50@1@#######################################################################################GABRIEL PENSADOR@M@25/02/1994@(51) 26613-5312@FIT@CHW-0007@COTIA|JUNDIAI|LORENA|OSASCO|RIO DE JANEIRO|SAO JOSE DOS CAMPOS|SAO PAULO|SOROCABA|TAUBATE@16/09/19@22:13@140.74@2@###################################################################################JULIA ANDRADE@M@18/06/1989@(61) 06903-2806@FIT@LCL-0114@COTIA|JUNDIAI|RIO DE JANEIRO@02/03/19@14:36@155.07@3@###################################################################################################################################################PABLO PICASSO@M@22/04/1994@(83) 04933-0699@CORSA@YPB-1490@JUNDIAI|LORENA|OSASCO|RIO DE JANEIRO|SAO JOSE DOS CAMPOS|SAO PAULO@26/11/19@08:13@103.55@3@###########################################################################################################GABRIELA ALVEZ@M@24/09/1997@(96) 55623-9483@CORSA@VIP-5133@COTIA|JUNDIAI|LORENA|OSASCO|SAO ROQUE@01/05/19@09:04@028.06@1@#######################################################################################################################################PABLO PICASSO@M@23/10/1995@(79) 18285-3053@UNO@JON-0764@COTIA|JUNDIAI|LORENA|OSASCO|RIO DE JANEIRO|SAO ROQUE@19/12/19@18:18@209.44@1@###########################################################################################################################TATIANA MONTEIRO@M@12/11/1999@(28) 80114-1453@COROLLA@LZT-4685@JUNDIAI|LORENA|SAO JOSE DOS CAMPOS@27/06/19@14:02@126.69@3@######################################################################################################################################ROBERT NORMAL@F@05/11/1989@(09) 61866-1053@CELTA@MYG-1916@COTIA|JUNDIAI|LORENA|OSASCO|RIO DE JANEIRO|SAO JOSE DOS CAMPOS|SAO PAULO|SAO ROQUE|SOROCABA|TAUBATE@11/12/19@07:27@224.02@4@##########################################################################
***************************INDICE PRIMÁRIO****************************
002AOTS2110090007APQK2201120009##############T************
002MEFC0111020003MGJR2207000005##############T************
003APRW1502080001GIAC0402040002LKUJ0409150013F000004008005
003PYPB2611080016RMYG1112070020RTJN1111130008T************
002BHNZ0406130012GCHW1609220014##############T************
001LSUX0404220010############################T************
003MUBV0412180011PUDZ0803000004TFWA0703070006F001009003010
001LXTY0505210000############################F002006******
002GVIP0105090017JLCL0203140015##############T************
001PJON1912180018############################T************
001TLZT2706140019############################T************
********************************LISTAR********************************
1 - LXTY050521
2 - APRW150208, GIAC040204, LKUJ040915
3 - AOTS211009, APQK220112
3 - BHNZ040613, GCHW160922
3 - GVIP010509, JLCL020314
3 - LSUX040422
2 - MUBV041218, PUDZ080300, TFWA070307
3 - MEFC011102, MGJR220700
3 - PJON191218
3 - PYPB261108, RMYG111207, RTJN111113
3 - TLZT270614
***************************INDICE PRIMÁRIO****************************
002AOTS2110090007APQK2201120009##############T************
002MEFC0111020003MGJR2207000005##############T************
003APRW1502080001GIAC0402040002LKUJ0409150013F000004008005
003PYPB2611080016RMYG1112070020RTJN1111130008T************
002BHNZ0406130012GCHW1609220014##############T************
001LSUX0404220010############################T************
003MUBV0412180011PUDZ0803000004TFWA0703070006F001009003010
001LXTY0505210000############################F002006******
002GVIP0105090017JLCL0203140015##############T************
001PJON1912180018############################T************
001TLZT2706140019############################T************
********************************ALTERAR*******************************
Registro(s) nao encontrado!
FALHA AO REALIZAR OPERACAO!
********************************ARQUIVO*******************************
LETICIA FERREIRA DOS SANTOS@F@17/08/1996@(10) 20256-5434@HB20@XTY-4936@COTIA|LORENA|OSASCO|SAO JOSE DOS CAMPOS|SAO PAULO|SAO ROQUE|TAUBATE@05/05/19@21:17@145.94@4@#############################################################################################ALEXANDRE O CHEGA NE@F@18/12/1989@(92) 18546-5300@CELTA@PRW-3676@COTIA|JUNDIAI|OSASCO|RIO DE JANEIRO|SAO JOSE DOS CAMPOS|SAO PAULO|SAO ROQUE|SOROCABA|TAUBATE@15/02/19@08:30@052.09@3@##########################################################################GABRIEL O ANJO@F@17/03/1992@(07) 03521-8360@UNO@IAC-6097@COTIA|JUNDIAI|LORENA|OSASCO|RIO DE JANEIRO|SAO JOSE DOS CAMPOS|SAO PAULO|SAO ROQUE|SOROCABA|TAUBATE@04/02/19@04:14@118.11@2@###########################################################################MATHEUS LIMA@F@11/06/1997@(44) 61934-4483@ONIX@EFC-1557@LORENA|RIO DE JANEIRO@01/11/19@02:41@099.14@1@##########################################################################################################################################################PABLO PICASSO@F@03/06/1991@(24) 85447-6721@CIVIC@UDZ-6944@COTIA|LORENA|OSASCO|SAO JOSE DOS CAMPOS|SAO PAULO|SAO ROQUE|SOROCABA@08/03/19@00:22@149.58@2@#########################################################################################################MATEUS ALVES@F@08/07/1993@(57) 10188-1500@GOL@GJR-5540@COTIA|JUNDIAI|LORENA|OSASCO|RIO DE JANEIRO|SAO JOSE DOS CAMPOS|SAO PAULO|SOROCABA|TAUBATE@22/07/19@00:42@165.19@4@#######################################################################################TATIANA MONTEIRO@M@18/04/1996@(48) 53342-2410@CORSA@FWA-2667@COTIA|JUNDIAI|LORENA|OSASCO|SAO JOSE DOS CAMPOS|SAO ROQUE|SOROCABA@07/03/19@07:33@162.44@1@########################################################################################################ALEXANDRE O MAIS OU MENOS@F@10/01/1994@(79) 49535-9590@FIT@OTS-5417@COTIA|JUNDIAI|LORENA|OSASCO|RIO DE JANEIRO|SAO JOSE DOS CAMPOS|SAO PAULO|SAO ROQUE|SOROCABA|TAUBATE@21/10/19@09:31@186.59@3@################################################################ROBERT NORMAL@F@17/07/1999@(95) 35093-3388@TORO@TJN-6638@COTIA|JUNDIAI|LORENA|RIO DE JANEIRO|SAO PAULO|SAO ROQUE|SOROCABA@11/11/19@13:56@063.67@4@##############################################################################################################ALEXANDRE O CHEGA NE@M@15/04/1992@(07) 52732-4426@FIT@PQK-7570@RIO DE JANEIRO|SAO ROQUE@22/01/19@12:12@025.60@3@################################################################################################################################################LETICIA BASTOS@F@06/05/1996@(06) 60947-6030@TORO@SUX-1074@COTIA|LORENA|OSASCO|RIO DE JANEIRO@04/04/19@22:51@098.31@3@###########################################################################################################################################MATHEUS AUGUSTO@F@20/07/1989@(66) 73883-1633@CIVIC@UBV-7321@LORENA|RIO DE JANEIRO|SAO JOSE DOS CAMPOS|SAO PAULO|SAO ROQUE@04/12/19@18:02@051.53@3@##############################################################################################################BRUNA MARQUEZINE@M@13/11/1990@(24) 34041-8231@CIVIC@HNZ-1446@COTIA|OSASCO@04/06/19@13:30@170.82@2@##############################################################################################################################################################LETICIA FERREIRA DA SILVA@M@08/01/1994@(68) 95993-9538@CELTA@KUJ-3086@COTIA|JUNDIAI|LORENA|OSASCO|SAO JOSE DOS CAMPOS|SAO PAULO|SOROCABA|TAUBATE@04/09/19@15:29@035.50@1@#######################################################################################GABRIEL PENSADOR@M@25/02/1994@(51) 26613-5312@FIT@CHW-0007@COTIA|JUNDIAI|LORENA|OSASCO|RIO DE JANEIRO|SAO JOSE DOS CAMPOS|SAO PAULO|SOROCABA|TAUBATE@16/09/19@22:13@140.74@2@###################################################################################JULIA ANDRADE@M@18/06/1989@(61) 06903-2806@FIT@LCL-0114@COTIA|JUNDIAI|RIO DE JANEIRO@02/03/19@14:36@155.07@3@###################################################################################################################################################PABLO PICASSO@M@22/04/1994@(83) 04933-0699@CORSA@YPB-1490@JUNDIAI|LORENA|OSASCO|RIO DE JANEIRO|SAO JOSE DOS CAMPOS|SAO PAULO@26/11/19@08:13@103.55@3@###########################################################################################################GABRIELA ALVEZ@M@24/09/1997@(96) 55623-9483@CORSA@VIP-5133@COTIA|JUNDIAI|LORENA|OSASCO|SAO ROQUE@01/05/19@09:04@028.06@1@#######################################################################################################################################PABLO PICASSO@M@23/10/1995@(79) 18285-3053@UNO@JON-0764@COTIA|JUNDIAI|LORENA|OSASCO|RIO DE JANEIRO|SAO ROQUE@19/12/19@18:18@209.44@1@###########################################################################################################################TATIANA MONTEIRO@M@12/11/1999@(28) 80114-1453@COROLLA@LZT-4685@JUNDIAI|LORENA|SAO JOSE DOS CAMPOS@27/06/19@14:02@126.69@3@######################################################################################################################################ROBERT NORMAL@F@05/11/1989@(09) 61866-1053@CELTA@MYG-1916@COTIA|JUNDIAI|LORENA|OSASCO|RIO DE JANEIRO|SAO JOSE DOS CAMPOS|SAO PAULO|SAO ROQUE|SOROCABA|TAUBATE@11/12/19@07:27@224.02@4@##########################################################################
********************************BUSCAR********************************
Busca por SAO JOSE DOS CAMPOS$1912110727.
Nos percorridos:
SAO ROQUE$1901221212, TAUBATE$1902150830
RIO DE JANEIRO$1904042251, SAO JOSE DOS CAMPOS$1906271402
SAO PAULO$1911260813

Registro(s) nao encontrado!
********************************ARQUIVO*******************************
LETICIA FERREIRA DOS SANTOS@F@17/08/1996@(10) 20256-5434@HB20@XTY-4936@COTIA|LORENA|OSASCO|SAO JOSE DOS CAMPOS|SAO PAULO|SAO ROQUE|TAUBATE@05/05/19@21:17@145.94@4@#############################################################################################ALEXANDRE O CHEGA NE@F@18/12/1989@(92) 18546-5300@CELTA@PRW-3676@COTIA|JUNDIAI|OSASCO|RIO DE JANEIRO|SAO JOSE DOS CAMPOS|SAO PAULO|SAO ROQUE|SOROCABA|TAUBATE@15/02/19@08:30@052.09@3@##########################################################################GABRIEL O ANJO@F@17/03/1992@(07) 03521-8360@UNO@IAC-6097@COTIA|JUNDIAI|LORENA|OSASCO|RIO DE JANEIRO|SAO JOSE DOS CAMPOS|SAO PAULO|SAO ROQUE|SOROCABA|TAUBATE@04/02/19@04:14@118.11@2@###########################################################################MATHEUS LIMA@F@11/06/1997@(44) 61934-4483@ONIX@EFC-1557@LORENA|RIO DE JANEIRO@01/11/19@02:41@099.14@1@##########################################################################################################################################################PABLO PICASSO@F@03/06/1991@(24) 85447-6721@CIVIC@UDZ-6944@COTIA|LORENA|OSASCO|SAO JOSE DOS CAMPOS|SAO PAULO|SAO ROQUE|SOROCABA@08/03/19@00:22@149.58@2@#########################################################################################################MATEUS ALVES@F@08/07/1993@(57) 10188-1500@GOL@GJR-5540@COTIA|JUNDIAI|LORENA|OSASCO|RIO DE JANEIRO|SAO JOSE DOS CAMPOS|SAO PAULO|SOROCABA|TAUBATE@22/07/19@00:42@165.19@4@#######################################################################################TATIANA MONTEIRO@M@18/04/1996@(48) 53342-2410@CORSA@FWA-2667@COTIA|JUNDIAI|LORENA|OSASCO|SAO JOSE DOS CAMPOS|SAO ROQUE|SOROCABA@07/03/19@07:33@162.44@1@########################################################################################################ALEXANDRE O MAIS OU MENOS@F@10/01/1994@(79) 49535-9590@FIT@OTS-5417@COTIA|JUNDIAI|LORENA|OSASCO|RIO DE JANEIRO|SAO JOSE DOS CAMPOS|SAO PAULO|SAO ROQUE|SOROCABA|TAUBATE@21/10/19@09:31@186.59@3@################################################################ROBERT NORMAL@F@17/07/1999@(95) 35093-3388@TORO@TJN-6638@COTIA|JUNDIAI|LORENA|RIO DE JANEIRO|SAO PAULO|SAO ROQUE|SOROCABA@11/11/19@13:56@063.67@4@##############################################################################################################ALEXANDRE O CHEGA NE@M@15/04/1992@(07) 52732-4426@FIT@PQK-7570@RIO DE JANEIRO|SAO ROQUE@22/01/19@12:12@025.60@3@################################################################################################################################################LETICIA BASTOS@F@06/05/1996@(06) 60947-6030@TORO@SUX-1074@COTIA|LORENA|OSASCO|RIO DE JANEIRO@04/04/19@22:51@098.31@3@###########################################################################################################################################MATHEUS AUGUSTO@F@20/07/1989@(66) 73883-1633@CIVIC@UBV-7321@LORENA|RIO DE JANEIRO|SAO JOSE DOS CAMPOS|SAO PAULO|SAO ROQUE@04/12/19@18:02@051.53@3@##############################################################################################################BRUNA MARQUEZINE@M@13/11/1990@(24) 34041-8231@CIVIC@HNZ-1446@COTIA|OSASCO@04/06/19@13:30@170.82@2@##############################################################################################################################################################LETICIA FERREIRA DA SILVA@M@08/01/1994@(68) 95993-9538@CELTA@KUJ-3086@COTIA|JUNDIAI|LORENA|OSASCO|SAO JOSE DOS CAMPOS|SAO PAULO|SOROCABA|TAUBATE@04/09/19@15:29@035.50@1@#######################################################################################GABRIEL PENSADOR@M@25/02/1994@(51) 26613-5312@FIT@CHW-0007@COTIA|JUNDIAI|LORENA|OSASCO|RIO DE JANEIRO|SAO JOSE DOS CAMPOS|SAO PAULO|SOROCABA|TAUBATE@16/09/19@22:13@140.74@2@###################################################################################JULIA ANDRADE@M@18/06/1989@(61) 06903-2806@FIT@LCL-0114@COTIA|JUNDIAI|RIO DE JANEIRO@02/03/19@14:36@155.07@3@###################################################################################################################################################PABLO PICASSO@M@22/04/1994@(83) 04933-0699@CORSA@YPB-1490@JUNDIAI|LORENA|OSASCO|RIO DE JANEIRO|SAO JOSE DOS CAMPOS|SAO PAULO@26/11/19@08:13@103.55@3@###########################################################################################################GABRIELA ALVEZ@M@24/09/1997@(96) 55623-9483@CORSA@VIP-5133@COTIA|JUNDIAI|LORENA|OSASCO|SAO ROQUE@01/05/19@09:04@028.06@1@#######################################################################################################################################PABLO PICASSO@M@23/10/1995@(79) 18285-3053@UNO@JON-0764@COTIA|JUNDIAI|LORENA|OSASCO|RIO DE JANEIRO|SAO ROQUE@19/12/19@18:18@209.44@1@###########################################################################################################################TATIANA MONTEIRO@M@12/11/1999@(28) 80114-1453@COROLLA@LZT-4685@JUNDIAI|LORENA|SAO JOSE DOS CAMPOS@27/06/19@14:02@126.69@3@######################################################################################################################################ROBERT NORMAL@F@05/11/1989@(09) 61866-1053@CELTA@MYG-1916@COTIA|JUNDIAI|LORENA|OSASCO|RIO DE JANEIRO|SAO JOSE DOS CAMPOS|SAO PAULO|SAO ROQUE|SOROCABA|TAUBATE@11/12/19@07:27@224.02@4@##########################################################################
********************************ALTERAR*******************************
OPERACAO REALIZADA COM SUCESSO!
********************************ALTERAR*******************************
Registro(s) nao encontrado!
FALHA AO REALIZAR OPERACAO!
***************************INDICE PRIMÁRIO****************************
002AOTS2110090007APQK2201120009##############T************
002MEFC0111020003MGJR2207000005##############T************
003APRW1502080001GIAC0402040002LKUJ0409150013F000004008005
003PYPB2611080016RMYG1112070020RTJN1111130008T************
003BHNZ0406130012FMGL2603030021GCHW1609220014T************
001LSUX0404220010############################T************
003MUBV0412180011PUDZ0803000004TFWA0703070006F001009003010
001LXTY0505210000############################F002006******
002GVIP0105090017JLCL0203140015##############T************
001PJON1912180018############################T************
001TLZT2706140019############################T************
***************************INDICE SECUNDÁRIO**************************
001BHNZ040613OSASCO$1906041330###########################################################################T*********
001LXTY050521TAUBATE$1905052117##########################################################################T*********
001JLCL020314RIO DE JANEIRO$1903021436###################################################################F000013***
002RTJN111113SOROCABA$1911111356######################GIAC040204TAUBATE$1902040414#######################T*********
001LKUJ040915TAUBATE$1909041529##########################################################################T*********
002MGJR220700TAUBATE$1907220042#######################GCHW160922TAUBATE$1909162213#######################F001004010
001LSUX040422RIO DE JANEIRO$1904042251###################################################################F002014***
001GVIP010509SAO ROQUE$1905010904########################################################################T*********
001MEFC011102RIO DE JANEIRO$1911010241###################################################################T*********
002MUBV041218SAO ROQUE$1912041802#####################PUDZ080300SOROCABA$1903080022######################F007011003
002AOTS211009TAUBATE$1910210931#######################RMYG111207TAUBATE$1912110727#######################T*********
002PJON191218SAO ROQUE$1912191818#####################TFWA070307SOROCABA$1903070733######################T*********
001PYPB261108SAO PAULO$1911260813########################################################################T*********
001FMGL260303RIO DE JANEIRO$1903260358###################################################################T*********
001TLZT270614SAO JOSE DOS CAMPOS$1906271402##############################################################F008012***
001APRW150208TAUBATE$1902150830##########################################################################F009005***
001APQK220112SAO ROQUE$1901221212########################################################################F006015***
********************************LISTAR********************************
1 - LXTY050521
2 - APRW150208, GIAC040204, LKUJ040915
3 - AOTS211009, APQK220112
3 - BHNZ040613, FMGL260303, GCHW160922
3 - GVIP010509, JLCL020314
3 - LSUX040422
2 - MUBV041218, PUDZ080300, TFWA070307
3 - MEFC011102, MGJR220700
3 - PJON191218
3 - PYPB261108, RMYG111207, RTJN111113
3 - TLZT270614
***************************INDICE SECUNDÁRIO**************************
001BHNZ040613OSASCO$1906041330###########################################################################T*********
001LXTY050521TAUBATE$1905052117##########################################################################T*********
001JLCL020314RIO DE JANEIRO$1903021436###################################################################F000013***
002RTJN111113SOROCABA$1911111356######################GIAC040204TAUBATE$1902040414#######################T*********
001LKUJ040915TAUBATE$1909041529##########################################################################T*********
002MGJR220700TAUBATE$1907220042#######################GCHW160922TAUBATE$1909162213#######################F001004010
001LSUX040422RIO DE JANEIRO$1904042251###################################################################F002014***
001GVIP010509SAO ROQUE$1905010904########################################################################T*********
001MEFC011102RIO DE JANEIRO$1911010241###################################################################T*********
002MUBV041218SAO ROQUE$1912041802#####################PUDZ080300SOROCABA$1903080022######################F007011003
002AOTS211009TAUBATE$1910210931#######################RMYG111207TAUBATE$1912110727#######################T*********
002PJON191218SAO ROQUE$1912191818#####################TFWA070307SOROCABA$1903070733######################T*********
001PYPB261108SAO PAULO$1911260813########################################################################T*********
001FMGL260303RIO DE JANEIRO$1903260358###################################################################T*********
001TLZT270614SAO JOSE DOS CAMPOS$1906271402##############################################################F008012***
001APRW150208TAUBATE$1902150830##########################################################################F009005***
001APQK220112SAO ROQUE$1901221212########################################################################F006015***
********************************ARQUIVO*******************************
LETICIA FERREIRA DOS SANTOS@F@17/08/1996@(10) 20256-5434@HB20@XTY-4936@COTIA|LORENA|OSASCO|SAO JOSE DOS CAMPOS|SAO PAULO|SAO ROQUE|TAUBATE@05/05/19@21:17@145.94@4@#############################################################################################ALEXANDRE O CHEGA NE@F@18/12/1989@(92) 18546-5300@CELTA@PRW-3676@COTIA|JUNDIAI|OSASCO|RIO DE JANEIRO|SAO JOSE DOS CAMPOS|SAO PAULO|SAO ROQUE|SOROCABA|TAUBATE@15/02/19@08:30@052.09@3@##########################################################################GABRIEL O ANJO@F@17/03/1992@(07) 03521-8360@UNO@IAC-6097@COTIA|JUNDIAI|LORENA|OSASCO|RIO DE JANEIRO|SAO JOSE DOS CAMPOS|SAO PAULO|SAO ROQUE|SOROCABA|TAUBATE@04/02/19@04:14@118.11@2@###########################################################################MATHEUS LIMA@F@11/06/1997@(44) 61934-4483@ONIX@EFC-1557@LORENA|RIO DE JANEIRO@01/11/19@02:41@099.14@1@##########################################################################################################################################################PABLO PICASSO@F@03/06/1991@(24) 85447-6721@CIVIC@UDZ-6944@COTIA|LORENA|OSASCO|SAO JOSE DOS CAMPOS|SAO PAULO|SAO ROQUE|SOROCABA@08/03/19@00:22@149.58@2@#########################################################################################################MATEUS ALVES@F@08/07/1993@(57) 10188-1500@GOL@GJR-5540@COTIA|JUNDIAI|LORENA|OSASCO|RIO DE JANEIRO|SAO JOSE DOS CAMPOS|SAO PAULO|SOROCABA|TAUBATE@22/07/19@00:42@165.19@4@#######################################################################################TATIANA MONTEIRO@M@18/04/1996@(48) 53342-2410@CORSA@FWA-2667@COTIA|JUNDIAI|LORENA|OSASCO|SAO JOSE DOS CAMPOS|SAO ROQUE|SOROCABA@07/03/19@07:33@162.44@1@########################################################################################################ALEXANDRE O MAIS OU MENOS@F@10/01/1994@(79) 49535-9590@FIT@OTS-5417@COTIA|JUNDIAI|LORENA|OSASCO|RIO DE JANEIRO|SAO JOSE DOS CAMPOS|SAO PAULO|SAO ROQUE|SOROCABA|TAUBATE@21/10/19@09:31@186.59@3@################################################################ROBERT NORMAL@F@17/07/1999@(95) 35093-3388@TORO@TJN-6638@COTIA|JUNDIAI|LORENA|RIO DE JANEIRO|SAO PAULO|SAO ROQUE|SOROCABA@11/11/19@13:56@063.67@4@##############################################################################################################ALEXANDRE O CHEGA NE@M@15/04/1992@(07) 52732-4426@FIT@PQK-7570@RIO DE JANEIRO|SAO ROQUE@22/01/19@12:12@025.60@3@################################################################################################################################################LETICIA BASTOS@F@06/05/1996@(06) 60947-6030@TORO@SUX-1074@COTIA|LORENA|OSASCO|RIO DE JANEIRO@04/04/19@22:51@098.31@3@###########################################################################################################################################MATHEUS AUGUSTO@F@20/07/1989@(66) 73883-1633@CIVIC@UBV-7321@LORENA|RIO DE JANEIRO|SAO JOSE DOS CAMPOS|SAO PAULO|SAO ROQUE@04/12/19@18:02@051.53@3@##############################################################################################################BRUNA MARQUEZINE@M@13/11/1990@(24) 34041-8231@CIVIC@HNZ-1446@COTIA|OSASCO@04/06/19@13:30@170.82@2@##############################################################################################################################################################LETICIA FERREIRA DA SILVA@M@08/01/1994@(68) 95993-9538@CELTA@KUJ-3086@COTIA|JUNDIAI|LORENA|OSASCO|SAO JOSE DOS CAMPOS|SAO PAULO|SOROCABA|TAUBATE@04/09/19@15:29@035.50@1@#######################################################################################GABRIEL PENSADOR@M@25/02/1994@(51) 26613-5312@FIT@CHW-0007@COTIA|JUNDIAI|LORENA|OSASCO|RIO DE JANEIRO|SAO JOSE DOS CAMPOS|SAO PAULO|SOROCABA|TAUBATE@16/09/19@22:13@140.74@2@###################################################################################JULIA ANDRADE@M@18/06/1989@(61) 06903-2806@FIT@LCL-0114@COTIA|JUNDIAI|RIO DE JANEIRO@02/03/19@14:36@155.07@3@###################################################################################################################################################PABLO PICASSO@M@22/04/1994@(83) 04933-0699@CORSA@YPB-1490@JUNDIAI|LORENA|OSASCO|RIO DE JANEIRO|SAO JOSE DOS CAMPOS|SAO PAULO@26/11/19@08:13@103.55@3@###########################################################################################################GABRIELA ALVEZ@M@24/09/1997@(96) 55623-9483@CORSA@VIP-5133@COTIA|JUNDIAI|LORENA|OSASCO|SAO ROQUE@01/05/19@09:04@028.06@2@#######################################################################################################################################PABLO PICASSO@M@23/10/1995@(79) 18285-3053@UNO@JON-0764@COTIA|JUNDIAI|LORENA|OSASCO|RIO DE JANEIRO|SAO ROQUE@19/12/19@18:18@209.44@1@###########################################################################################################################TATIANA MONTEIRO@M@12/11/1999@(28) 80114-1453@COROLLA@LZT-4685@JUNDIAI|LORENA|SAO JOSE DOS CAMPOS@27/06/19@14:02@126.69@3@######################################################################################################################################ROBERT NORMAL@F@05/11/1989@(09) 61866-1053@CELTA@MYG-1916@COTIA|JUNDIAI|LORENA|OSASCO|RIO DE JANEIRO|SAO JOSE DOS CAMPOS|SAO PAULO|SAO ROQUE|SOROCABA|TAUBATE@11/12/19@07:27@224.02@4@##########################################################################FELIPE COUTINHO@M@19/11/1998@(08) 61089-3499@TORO@MGL-2204@COTIA|RIO DE JANEIRO@26/03/19@03:58@116.07@4@########################################################################################################################################################
********************************ALTERAR*******************************
OPERACAO REALIZADA COM SUCESSO!
********************************LISTAR********************************
1 - LXTY050521
2 - APRW150208, GIAC040204, LKUJ040915
3 - AOTS211009, APQK220112
3 - BHNZ040613, FMGL260303, GCHW160922
3 - GVIP010509, JLCL020314
3 - LSUX040422
2 - MUBV041218, PUDZ080300, TFWA070307
3 - MEFC011102, MGJR220700
3 - PJON191218
3 - PYPB261108, RMYG111207, RTJN111113
3 - TLZT270614
********************************LISTAR********************************
OSASCO------------------------ 04/06/19 - 13:30-
RIO DE JANEIRO---------------- 02/03/19 - 14:36-
RIO DE JANEIRO---------------- 26/03/19 - 03:58-
RIO DE JANEIRO---------------- 04/04/19 - 22:51-
RIO DE JANEIRO---------------- 01/11/19 - 02:41-
SAO JOSE DOS CAMPOS----------- 27/06/19 - 14:02-
SAO PAULO--------------------- 26/11/19 - 08:13-
SAO ROQUE--------------------- 22/01/19 - 12:12-
SAO ROQUE--------------------- 01/05/19 - 09:04-
SAO ROQUE--------------------- 04/12/19 - 18:02-
SAO ROQUE--------------------- 19/12/19 - 18:18-
SOROCABA---------------------- 07/03/19 - 07:33-
SOROCABA---------------------- 08/03/19 - 00:22-
SOROCABA---------------------- 11/11/19 - 13:56-
TAUBATE----------------------- 04/02/19 - 04:14-
TAUBATE----------------------- 15/02/19 - 08:30-
TAUBATE----------------------- 05/05/19 - 21:17-
TAUBATE----------------------- 22/07/19 - 00:42-
TAUBATE----------------------- 04/09/19 - 15:29-
TAUBATE----------------------- 16/09/19 - 22:13-
TAUBATE----------------------- 21/10/19 - 09:31-
TAUBATE----------------------- 11/12/19 - 07:27-
********************************ARQUIVO*******************************
LETICIA FERREIRA DOS SANTOS@F@17/08/1996@(10) 20256-5434@HB20@XTY-4936@COTIA|LORENA|OSASCO|SAO JOSE DOS CAMPOS|SAO PAULO|SAO ROQUE|TAUBATE@05/05/19@21:17@145.94@4@#############################################################################################ALEXANDRE O CHEGA NE@F@18/12/1989@(92) 18546-5300@CELTA@PRW-3676@COTIA|JUNDIAI|OSASCO|RIO DE JANEIRO|SAO JOSE DOS CAMPOS|SAO PAULO|SAO ROQUE|SOROCABA|TAUBATE@15/02/19@08:30@052.09@3@##########################################################################GABRIEL O ANJO@F@17/03/1992@(07) 03521-8360@UNO@IAC-6097@COTIA|JUNDIAI|LORENA|OSASCO|RIO DE JANEIRO|SAO JOSE DOS CAMPOS|SAO PAULO|SAO ROQUE|SOROCABA|TAUBATE@04/02/19@04:14@118.11@2@###########################################################################MATHEUS LIMA@F@11/06/1997@(44) 61934-4483@ONIX@EFC-1557@LORENA|RIO DE JANEIRO@01/11/19@02:41@099.14@1@##########################################################################################################################################################PABLO PICASSO@F@03/06/1991@(24) 85447-6721@CIVIC@UDZ-6944@COTIA|LORENA|OSASCO|SAO JOSE DOS CAMPOS|SAO PAULO|SAO ROQUE|SOROCABA@08/03/19@00:22@149.58@2@#########################################################################################################MATEUS ALVES@F@08/07/1993@(57) 10188-1500@GOL@GJR-5540@COTIA|JUNDIAI|LORENA|OSASCO|RIO DE JANEIRO|SAO JOSE DOS CAMPOS|SAO PAULO|SOROCABA|TAUBATE@22/07/19@00:42@165.19@4@#######################################################################################TATIANA MONTEIRO@M@18/04/1996@(48) 53342-2410@CORSA@FWA-2667@COTIA|JUNDIAI|LORENA|OSASCO|SAO JOSE DOS CAMPOS|SAO ROQUE|SOROCABA@07/03/19@07:33@162.44@1@########################################################################################################ALEXANDRE O MAIS OU MENOS@F@10/01/1994@(79) 49535-9590@FIT@OTS-5417@COTIA|JUNDIAI|LORENA|OSASCO|RIO DE JANEIRO|SAO JOSE DOS CAMPOS|SAO PAULO|SAO ROQUE|SOROCABA|TAUBATE@21/10/19@09:31@186.59@3@################################################################ROBERT NORMAL@F@17/07/1999@(95) 35093-3388@TORO@TJN-6638@COTIA|JUNDIAI|LORENA|RIO DE JANEIRO|SAO PAULO|SAO ROQUE|SOROCABA@11/11/19@13:56@063.67@4@##############################################################################################################ALEXANDRE O CHEGA NE@M@15/04/1992@(07) 52732-4426@FIT@PQK-7570@RIO DE JANEIRO|SAO ROQUE@22/01/19@12:12@025.60@3@################################################################################################################################################LETICIA BASTOS@F@06/05/1996@(06) 60947-6030@TORO@SUX-1074@COTIA|LORENA|OSASCO|RIO DE JANEIRO@04/04/19@22:51@098.31@3@###########################################################################################################################################MATHEUS AUGUSTO@F@20/07/1989@(66) 73883-1633@CIVIC@UBV-7321@LORENA|RIO DE JANEIRO|SAO JOSE DOS CAMPOS|SAO PAULO|SAO ROQUE@04/12/19@18:02@051.53@3@##############################################################################################################BRUNA MARQUEZINE@M@13/11/1990@(24) 34041-8231@CIVIC@HNZ-1446@COTIA|OSASCO@04/06/19@13:30@170.82@2@##############################################################################################################################################################LETICIA FERREIRA DA SILVA@M@08/01/1994@(68) 95993-9538@CELTA@KUJ-3086@COTIA|JUNDIAI|LORENA|OSASCO|SAO JOSE DOS CAMPOS|SAO PAULO|SOROCABA|TAUBATE@04/09/19@15:29@035.50@1@#######################################################################################GABRIEL PENSADOR@M@25/02/1994@(51) 26613-5312@FIT@CHW-0007@COTIA|JUNDIAI|LORENA|OSASCO|RIO DE JANEIRO|SAO JOSE DOS CAMPOS|SAO PAULO|SOROCABA|TAUBATE@16/09/19@22:13@140.74@2@###################################################################################JULIA ANDRADE@M@18/06/1989@(61) 06903-2806@FIT@LCL-0114@COTIA|JUNDIAI|RIO DE JANEIRO@02/03/19@14:36@155.07@3@###################################################################################################################################################PABLO PICASSO@M@22/04/1994@(83) 04933-0699@CORSA@YPB-1490@JUNDIAI|LORENA|OSASCO|RIO DE JANEIRO|SAO JOSE DOS CAMPOS|SAO PAULO@26/11/19@08:13@103.55@3@###########################################################################################################GABRIELA ALVEZ@M@24/09/1997@(96) 55623-9483@CORSA@VIP-5133@COTIA|JUNDIAI|LORENA|OSASCO|SAO ROQUE@01/05/19@09:04@028.06@2@#######################################################################################################################################PABLO PICASSO@M@23/10/1995@(79) 18285-3053@UNO@JON-0764@COTIA|JUNDIAI|LORENA|OSASCO|RIO DE JANEIRO|SAO ROQUE@19/12/19@18:18@209.44@1@###########################################################################################################################TATIANA MONTEIRO@M@12/11/1999@(28) 80114-1453@COROLLA@LZT-4685@JUNDIAI|LORENA|SAO JOSE DOS CAMPOS@27/06/19@14:02@126.69@3@######################################################################################################################################ROBERT NORMAL@F@05/11/1989@(09) 61866-1053@CELTA@MYG-1916@COTIA|JUNDIAI|LORENA|OSASCO|RIO DE JANEIRO|SAO JOSE DOS CAMPOS|SAO PAULO|SAO ROQUE|SOROCABA|TAUBATE@11/12/19@07:27@224.02@4@##########################################################################FELIPE COUTINHO@M@19/11/1998@(08) 61089-3499@TORO@MGL-2204@COTIA|RIO DE JANEIRO@26/03/19@03:58@116.07@4@########################################################################################################################################################
***************************INDICE PRIMÁRIO****************************
002AOTS2110090007APQK2201120009##############T************
002MEFC0111020003MGJR2207000005##############T************
003APRW1502080001GIAC0402040002LKUJ0409150013F000004008005
003PYPB2611080016RMYG1112070020RTJN1111130008T************
003BHNZ0406130012FMGL2603030021GCHW1609220014T************
001LSUX0404220010############################T************
003MUBV0412180011PUDZ0803000004TFWA0703070006F001009003010
001LXTY0505210000############################F002006******
002GVIP0105090017JLCL0203140015##############T************
001PJON1912180018############################T************
001TLZT2706140019############################T************
***************************INDICE SECUNDÁRIO**************************
001BHNZ040613OSASCO$1906041330###########################################################################T*********
001LXTY050521TAUBATE$1905052117##########################################################################T*********
001JLCL020314RIO DE JANEIRO$1903021436###################################################################F000013***
002RTJN111113SOROCABA$1911111356######################GIAC040204TAUBATE$1902040414#######################T*********
001LKUJ040915TAUBATE$1909041529##########################################################################T*********
002MGJR220700TAUBATE$1907220042#######################GCHW160922TAUBATE$1909162213#######################F001004010
001LSUX040422RIO DE JANEIRO$1904042251###################################################################F002014***
001GVIP010509SAO ROQUE$1905010904########################################################################T*********
001MEFC011102RIO DE JANEIRO$1911010241###################################################################T*********
002MUBV041218SAO ROQUE$1912041802#####################PUDZ080300SOROCABA$1903080022######################F007011003
002AOTS211009TAUBATE$1910210931#######################RMYG111207TAUBATE$1912110727#######################T*********
002PJON191218SAO ROQUE$1912191818#####################TFWA070307SOROCABA$1903070733######################T*********
001PYPB261108SAO PAULO$1911260813########################################################################T*********
001FMGL260303RIO DE JANEIRO$1903260358###################################################################T*********
001TLZT270614SAO JOSE DOS CAMPOS$1906271402##############################################################F008012***
001APRW150208TAUBATE$1902150830##########################################################################F009005***
001APQK220112SAO ROQUE$1901221212########################################################################F006015***
