********************************ARQUIVO*******************************
LETICIA FERREIRA DOS SANTOS@F@17/08/1996@(10) 20256-5434@HB20@XTY-4936@COTIA|LORENA|OSASCO|SAO JOSE DOS CAMPOS|SAO PAULO|SAO ROQUE|TAUBATE@05/05/19@21:17@145.94@4@#############################################################################################ALEXANDRE O CHEGA NE@F@18/12/1989@(92) 18546-5300@CELTA@PRW-3676@COTIA|JUNDIAI|OSASCO|RIO DE JANEIRO|SAO JOSE DOS CAMPOS|SAO PAULO|SAO ROQUE|SOROCABA|TAUBATE@15/02/19@08:30@052.09@3@##########################################################################GABRIEL O ANJO@F@17/03/1992@(07) 03521-8360@UNO@IAC-6097@COTIA|JUNDIAI|LORENA|OSASCO|RIO DE JANEIRO|SAO JOSE DOS CAMPOS|SAO PAULO|SAO ROQUE|SOROCABA|TAUBATE@04/02/19@04:14@118.11@2@###########################################################################MATHEUS LIMA@F@11/06/1997@(44) 61934-4483@ONIX@EFC-1557@LORENA|RIO DE JANEIRO@01/11/19@02:41@099.14@1@##########################################################################################################################################################PABLO PICASSO@F@03/06/1991@(24) 85447-6721@CIVIC@UDZ-6944@COTIA|LORENA|OSASCO|SAO JOSE DOS CAMPOS|SAO PAULO|SAO ROQUE|SOROCABA@08/03/19@00:22@149.58@2@#########################################################################################################MATEUS ALVES@F@08/07/1993@(57) 10188-1500@GOL@GJR-5540@COTIA|JUNDIAI|LORENA|OSASCO|RIO DE JANEIRO|SAO JOSE DOS CAMPOS|SAO PAULO|SOROCABA|TAUBATE@22/07/19@00:42@165.19@4@#######################################################################################TATIANA MONTEIRO@M@18/04/1996@(48) 53342-2410@CORSA@FWA-2667@COTIA|JUNDIAI|LORENA|OSASCO|SAO JOSE DOS CAMPOS|SAO ROQUE|SOROCABA@07/03/19@07:33@162.44@1@########################################################################################################ALEXANDRE O MAIS OU MENOS@F@10/01/1994@(79) 49535-9590@FIT@OTS-5417@COTIA|JUNDIAI|LORENA|OSASCO|RIO DE JANEIRO|SAO JOSE DOS CAMPOS|SAO PAULO|SAO ROQUE|SOROCABA|TAUBATE@21/10/19@09:31@186.59@3@################################################################ROBERT NORMAL@F@17/07/1999@(95) 35093-3388@TORO@TJN-6638@COTIA|JUNDIAI|LORENA|RIO DE JANEIRO|SAO PAULO|SAO ROQUE|SOROCABA@11/11/19@13:56@063.67@4@##############################################################################################################ALEXANDRE O CHEGA NE@M@15/04/1992@(07) 52732-4426@FIT@PQK-7570@RIO DE JANEIRO|SAO ROQUE@22/01/19@12:12@025.60@3@################################################################################################################################################LETICIA BASTOS@F@06/05/1996@(06) 60947-6030@TORO@SUX-1074@COTIA|LORENA|OSASCO|RIO DE JANEIRO@04/04/19@22:51@098.31@3@###########################################################################################################################################MATHEUS AUGUSTO@F@20/07/1989@(66) 73883-1633@CIVIC@UBV-7321@LORENA|RIO DE JANEIRO|SAO JOSE DOS CAMPOS|SAO PAULO|SAO ROQUE@04/12/19@18:02@051.53@3@##############################################################################################################BRUNA MARQUEZINE@M@13/11/1990@(24) 34041-8231@CIVIC@HNZ-1446@COTIA|OSASCO@04/06/19@13:30@170.82@2@##############################################################################################################################################################LETICIA FERREIRA DA SILVA@M@08/01/1994@(68) 95993-9538@CELTA@KUJ-3086@COTIA|JUNDIAI|LORENA|OSASCO|SAO JOSE DOS CAMPOS|SAO PAULO|SOROCABA|TAUBATE@04/09/19@15:29@035.50@1@#######################################################################################GABRIEL PENSADOR@M@25/02/1994@(51) 26613-5312@FIT@CHW-0007@COTIA|JUNDIAI|LORENA|OSASCO|RIO DE JANEIRO|SAO JOSE DOS CAMPOS|SAO PAULO|SOROCABA|TAUBATE@16/09/19@22:13@140.74@2@###################################################################################JULIA ANDRADE@M@18/06/1989@(61) 06903-2806@FIT@LCL-0114@COTIA|JUNDIAI|RIO DE JANEIRO@02/03/19@14:36@155.07@3@###################################################################################################################################################PABLO PICASSO@M@22/04/1994@(83) 04933-0699@CORSA@YPB-1490@JUNDIAI|LORENA|OSASCO|RIO DE JANEIRO|SAO JOSE DOS CAMPOS|SAO PAULO@26/11/19@08:13@103.55@3@###########################################################################################################GABRIELA ALVEZ@M@24/09/1997@(96) 55623-9483@CORSA@VIP-5133@COTIA|JUNDIAI|LORENA|OSASCO|SAO ROQUE@01/05/19@09:04@028.06@1@#######################################################################################################################################PABLO PICASSO@M@23/10/1995@(79) 18285-3053@UNO@JON-0764@COTIA|JUNDIAI|LORENA|OSASCO|RIO DE JANEIRO|SAO ROQUE@19/12/19@18:18@209.44@1@###########################################################################################################################TATIANA MONTEIRO@M@12/11/1999@(28) 80114-1453@COROLLA@LZT-4685@JUNDIAI|LORENA|SAO JOSE DOS CAMPOS@27/06/19@14:02@126.69@3@######################################################################################################################################
********************************LISTAR********************************
OSASCO------------------------ 04/06/19 - 13:30-
RIO DE JANEIRO---------------- 02/03/19 - 14:36-
RIO DE JANEIRO---------------- 04/04/19 - 22:51-
RIO DE JANEIRO---------------- 01/11/19 - 02:41-
SAO JOSE DOS CAMPOS----------- 27/06/19 - 14:02-
SAO PAULO--------------------- 26/11/19 - 08:13-
SAO ROQUE--------------------- 22/01/19 - 12:12-
SAO ROQUE--------------------- 01/05/19 - 09:04-
SAO ROQUE--------------------- 04/12/19 - 18:02-
SAO ROQUE--------------------- 19/12/19 - 18:18-
SOROCABA---------------------- 07/03/19 - 07:33-
SOROCABA---------------------- 08/03/19 - 00:22-
SOROCABA---------------------- 11/11/19 - 13:56-
TAUBATE----------------------- 04/02/19 - 04:14-
TAUBATE----------------------- 15/02/19 - 08:30-
TAUBATE----------------------- 05/05/19 - 21:17-
TAUBATE----------------------- 22/07/19 - 00:42-
TAUBATE----------------------- 04/09/19 - 15:29-
TAUBATE----------------------- 16/09/19 - 22:13-
TAUBATE----------------------- 21/10/19 - 09:31-
********************************LISTAR********************************
OSASCO------------------------ 04/06/19 - 13:30-
RIO DE JANEIRO---------------- 02/03/19 - 14:36-
RIO DE JANEIRO---------------- 04/04/19 - 22:51-
RIO DE JANEIRO---------------- 01/11/19 - 02:41-
SAO JOSE DOS CAMPOS----------- 27/06/19 - 14:02-
SAO PAULO--------------------- 26/11/19 - 08:13-
SAO ROQUE--------------------- 22/01/19 - 12:12-
SAO ROQUE--------------------- 01/05/19 - 09:04-
SAO ROQUE--------------------- 04/12/19 - 18:02-
SAO ROQUE--------------------- 19/12/19 - 18:18-
SOROCABA---------------------- 07/03/19 - 07:33-
SOROCABA---------------------- 08/03/19 - 00:22-
SOROCABA---------------------- 11/11/19 - 13:56-
TAUBATE----------------------- 04/02/19 - 04:14-
TAUBATE----------------------- 15/02/19 - 08:30-
TAUBATE----------------------- 05/05/19 - 21:17-
TAUBATE----------------------- 22/07/19 - 00:42-
TAUBATE----------------------- 04/09/19 - 15:29-
TAUBATE----------------------- 16/09/19 - 22:13-
TAUBATE----------------------- 21/10/19 - 09:31-
********************************BUSCAR********************************
Busca por SAO ROQUE$1912272247.
Nos percorridos:
SOROCABA$1903070733
RIO DE JANEIRO$1911010241, SAO ROQUE$1905010904
SAO ROQUE$1912041802, SAO ROQUE$1912191818, SAO ROQUE$1912272247

MXCB271222
MATHEUS ROCHA
M
17/06/1995
(04) 56276-3500
TORO
XCB-7411
27/12/19
22:47
058.79
4
COTIA, JUNDIAI, OSASCO, SAO PAULO, SAO ROQUE
********************************ALTERAR*******************************
OPERACAO REALIZADA COM SUCESSO!
***************************INDICE PRIMÁRIO****************************
002AOTS2110090007APQK2201120009##############T************
002MEFC0111020003MGJR2207000005##############T************
003APRW1502080001GIAC0402040002LKUJ0409150013F000004008005
002PYPB2611080016RTJN1111130008##############T************
002BHNZ0406130012GCHW1609220014##############T************
001LSUX0404220010############################T************
003MUBV0412180011PUDZ0803000004TFWA0703070006F001009003010
001LXTY0505210000############################F002006******
002GVIP0105090017JLCL0203140015##############T************
002MXCB2712220020PJON1912180018##############T************
001TLZT2706140019############################T************
********************************LISTAR********************************
1 - LXTY050521
2 - APRW150208, GIAC040204, LKUJ040915
3 - AOTS211009, APQK220112
3 - BHNZ040613, GCHW160922
3 - GVIP010509, JLCL020314
3 - LSUX040422
2 - MUBV041218, PUDZ080300, TFWA070307
3 - MEFC011102, MGJR220700
3 - MXCB271222, PJON191218
3 - PYPB261108, RTJN111113
3 - TLZT270614
********************************ALTERAR*******************************
OPERACAO REALIZADA COM SUCESSO!
********************************BUSCAR********************************
Busca por OSASCO$1912272247.
Nos percorridos:
SOROCABA$1903070733
RIO DE JANEIRO$1911010241, SAO ROQUE$1905010904
OSASCO$1906041330, RIO DE JANEIRO$1903021436, RIO DE JANEIRO$1904042251

Registro(s) nao encontrado!
********************************BUSCAR********************************
Busca por GIAC040204. Nos percorridos:
LXTY050521
APRW150208, GIAC040204, LKUJ040915

GIAC040204
GABRIEL O ANJO
F
17/03/1992
(07) 03521-8360
UNO
IAC-6097
04/02/19
04:14
118.11
2
COTIA, JUNDIAI, LORENA, OSASCO, RIO DE JANEIRO, SAO JOSE DOS CAMPOS, SAO PAULO, SAO ROQUE, SOROCABA, TAUBATE
***************************INDICE SECUNDÁRIO**************************
003BHNZ040613OSASCO$1906041330########################JLCL020314RIO DE JANEIRO$1903021436################LSUX040422RIO DE JANEIRO$1904042251###################################################################T***************
002APRW150208TAUBATE$1902150830#######################LXTY050521TAUBATE$1905052117#############################################################################################################################T***************
002MEFC011102RIO DE JANEIRO$1911010241################GVIP010509SAO ROQUE$1905010904###########################################################################################################################F000004006******
002PUDZ080300SOROCABA$1903080022######################RTJN111113SOROCABA$1911111356############################################################################################################################T***************
003TLZT270614SAO JOSE DOS CAMPOS$1906271402###########PYPB261108SAO PAULO$1911260813#####################APQK220112SAO ROQUE$1901221212########################################################################T***************
003LKUJ040915TAUBATE$1909041529#######################GCHW160922TAUBATE$1909162213#######################AOTS211009TAUBATE$1910210931##########################################################################T***************
003MUBV041218SAO ROQUE$1912041802#####################PJON191218SAO ROQUE$1912191818#####################MXCB271222SAO ROQUE$1912272247########################################################################T***************
002GIAC040204TAUBATE$1902040414#######################MGJR220700TAUBATE$1907220042#############################################################################################################################F003001005******
001TFWA070307SOROCABA$1903070733###############################################################################################################################################################################F002007*********
********************************ALTERAR*******************************
OPERACAO REALIZADA COM SUCESSO!
********************************ALTERAR*******************************
OPERACAO REALIZADA COM SUCESSO!
********************************LISTAR********************************
1 - LXTY050521
2 - APRW150208, GIAC040204, LKUJ040915
3 - AOTS211009, APQK220112
3 - ATXQ221107, BHNZ040613, GCHW160922
3 - GVIP010509, JLCL020314
3 - LSUX040422
2 - MUBV041218, PUDZ080300, TFWA070307
3 - MEFC011102, MGJR220700
3 - MXCB271222, PJON191218
3 - PYPB261108, RTJN111113
3 - TLZT270614
********************************LISTAR********************************
1 - LXTY050521
2 - APRW150208, GIAC040204, LKUJ040915
3 - AOTS211009, APQK220112
3 - ATXQ221107, BHNZ040613, GCHW160922
3 - GVIP010509, JLCL020314
3 - LSUX040422
2 - MUBV041218, PUDZ080300, TFWA070307
3 - MEFC011102, MGJR220700
3 - MXCB271222, PJON191218
3 - PYPB261108, RTJN111113
3 - TLZT270614
********************************ALTERAR*******************************
OPERACAO REALIZADA COM SUCESSO!
********************************ALTERAR*******************************
OPERACAO REALIZADA COM SUCESSO!
********************************LISTAR********************************
1 - LXTY050521
2 - APRW150208, GIAC040204, LKUJ040915
3 - AOTS211009, APQK220112
3 - ATXQ221107, BHNZ040613, GCHW160922
3 - GVIP010509, JLCL020314
3 - LSUX040422
2 - MUBV041218, PUDZ080300, TFWA070307
3 - MEFC011102, MGJR220700
3 - MXCB271222, PJON191218
3 - PYPB261108, RTJN111113
3 - TLZT270614
***************************INDICE PRIMÁRIO****************************
002AOTS2110090007APQK2201120009##############T************
002MEFC0111020003MGJR2207000005##############T************
003APRW1502080001GIAC0402040002LKUJ0409150013F000004008005
002PYPB2611080016RTJN1111130008##############T************
003ATXQ2211070021BHNZ0406130012GCHW1609220014T************
001LSUX0404220010############################T************
003MUBV0412180011PUDZ0803000004TFWA0703070006F001009003010
001LXTY0505210000############################F002006******
002GVIP0105090017JLCL0203140015##############T************
002MXCB2712220020PJON1912180018##############T************
001TLZT2706140019############################T************
***************************INDICE PRIMÁRIO****************************
002AOTS2110090007APQK2201120009##############T************
002MEFC0111020003MGJR2207000005##############T************
003APRW1502080001GIAC0402040002LKUJ0409150013F000004008005
002PYPB2611080016RTJN1111130008##############T************
003ATXQ2211070021BHNZ0406130012GCHW1609220014T************
001LSUX0404220010############################T************
003MUBV0412180011PUDZ0803000004TFWA0703070006F001009003010
001LXTY0505210000############################F002006******
002GVIP0105090017JLCL0203140015##############T************
002MXCB2712220020PJON1912180018##############T************
001TLZT2706140019############################T************
********************************BUSCAR********************************
Busca por SOROCABA$1911220722.
Nos percorridos:
SOROCABA$1903070733
TAUBATE$1902040414, TAUBATE$1907220042
SOROCABA$1903080022, SOROCABA$1911111356

Registro(s) nao encontrado!
***************************INDICE SECUNDÁRIO**************************
003BHNZ040613OSASCO$1906041330########################JLCL020314RIO DE JANEIRO$1903021436################LSUX040422RIO DE JANEIRO$1904042251###################################################################T***************
002APRW150208TAUBATE$1902150830#######################LXTY050521TAUBATE$1905052117#############################################################################################################################T***************
002MEFC011102RIO DE JANEIRO$1911010241################GVIP010509SAO ROQUE$1905010904###########################################################################################################################F000004006******
002PUDZ080300SOROCABA$1903080022######################RTJN111113SOROCABA$1911111356############################################################################################################################T***************
003TLZT270614SAO JOSE DOS CAMPOS$1906271402###########PYPB261108SAO PAULO$1911260813#####################APQK220112SAO ROQUE$1901221212########################################################################T***************
004LKUJ040915TAUBATE$1909041529#######################GCHW160922TAUBATE$1909162213#######################AOTS211009TAUBATE$1910210931#######################ATXQ221107TAUBATE$1911220722#######################T***************
003MUBV041218SAO ROQUE$1912041802#####################PJON191218SAO ROQUE$1912191818#####################MXCB271222SAO ROQUE$1912272247########################################################################T***************
002GIAC040204TAUBATE$1902040414#######################MGJR220700TAUBATE$1907220042#############################################################################################################################F003001005******
001TFWA070307SOROCABA$1903070733###############################################################################################################################################################################F002007*********
***************************INDICE PRIMÁRIO****************************
002AOTS2110090007APQK2201120009##############T************
002MEFC0111020003MGJR2207000005##############T************
003APRW1502080001GIAC0402040002LKUJ0409150013F000004008005
002PYPB2611080016RTJN1111130008##############T************
003ATXQ2211070021BHNZ0406130012GCHW1609220014T************
001LSUX0404220010############################T************
003MUBV0412180011PUDZ0803000004TFWA0703070006F001009003010
001LXTY0505210000############################F002006******
002GVIP0105090017JLCL0203140015##############T************
002MXCB2712220020PJON1912180018##############T************
001TLZT2706140019############################T************
********************************ARQUIVO*******************************
LETICIA FERREIRA DOS SANTOS@F@17/08/1996@(10) 20256-5434@HB20@XTY-4936@COTIA|LORENA|OSASCO|SAO JOSE DOS CAMPOS|SAO PAULO|SAO ROQUE|TAUBATE@05/05/19@21:17@145.94@4@#############################################################################################ALEXANDRE O CHEGA NE@F@18/12/1989@(92) 18546-5300@CELTA@PRW-3676@COTIA|JUNDIAI|OSASCO|RIO DE JANEIRO|SAO JOSE DOS CAMPOS|SAO PAULO|SAO ROQUE|SOROCABA|TAUBATE@15/02/19@08:30@052.09@3@##########################################################################GABRIEL O ANJO@F@17/03/1992@(07) 03521-8360@UNO@IAC-6097@COTIA|JUNDIAI|LORENA|OSASCO|RIO DE JANEIRO|SAO JOSE DOS CAMPOS|SAO PAULO|SAO ROQUE|SOROCABA|TAUBATE@04/02/19@04:14@118.11@3@###########################################################################MATHEUS LIMA@F@11/06/1997@(44) 61934-4483@ONIX@EFC-1557@LORENA|RIO DE JANEIRO@01/11/19@02:41@099.14@1@##########################################################################################################################################################PABLO PICASSO@F@03/06/1991@(24) 85447-6721@CIVIC@UDZ-6944@COTIA|LORENA|OSASCO|SAO JOSE DOS CAMPOS|SAO PAULO|SAO ROQUE|SOROCABA@08/03/19@00:22@149.58@2@#########################################################################################################MATEUS ALVES@F@08/07/1993@(57) 10188-1500@GOL@GJR-5540@COTIA|JUNDIAI|LORENA|OSASCO|RIO DE JANEIRO|SAO JOSE DOS CAMPOS|SAO PAULO|SOROCABA|TAUBATE@22/07/19@00:42@165.19@4@#######################################################################################TATIANA MONTEIRO@M@18/04/1996@(48) 53342-2410@CORSA@FWA-2667@COTIA|JUNDIAI|LORENA|OSASCO|SAO JOSE DOS CAMPOS|SAO ROQUE|SOROCABA@07/03/19@07:33@162.44@1@########################################################################################################ALEXANDRE O MAIS OU MENOS@F@10/01/1994@(79) 49535-9590@FIT@OTS-5417@COTIA|JUNDIAI|LORENA|OSASCO|RIO DE JANEIRO|SAO JOSE DOS CAMPOS|SAO PAULO|SAO ROQUE|SOROCABA|TAUBATE@21/10/19@09:31@186.59@3@################################################################ROBERT NORMAL@F@17/07/1999@(95) 35093-3388@TORO@TJN-6638@COTIA|JUNDIAI|LORENA|RIO DE JANEIRO|SAO PAULO|SAO ROQUE|SOROCABA@11/11/19@13:56@063.67@2@##############################################################################################################ALEXANDRE O CHEGA NE@M@15/04/1992@(07) 52732-4426@FIT@PQK-7570@RIO DE JANEIRO|SAO ROQUE@22/01/19@12:12@025.60@2@################################################################################################################################################LETICIA BASTOS@F@06/05/1996@(06) 60947-6030@TORO@SUX-1074@COTIA|LORENA|OSASCO|RIO DE JANEIRO@04/04/19@22:51@098.31@3@###########################################################################################################################################MATHEUS AUGUSTO@F@20/07/1989@(66) 73883-1633@CIVIC@UBV-7321@LORENA|RIO DE JANEIRO|SAO JOSE DOS CAMPOS|SAO PAULO|SAO ROQUE@04/12/19@18:02@051.53@3@##############################################################################################################BRUNA MARQUEZINE@M@13/11/1990@(24) 34041-8231@CIVIC@HNZ-1446@COTIA|OSASCO@04/06/19@13:30@170.82@2@##############################################################################################################################################################LETICIA FERREIRA DA SILVA@M@08/01/1994@(68) 95993-9538@CELTA@KUJ-3086@COTIA|JUNDIAI|LORENA|OSASCO|SAO JOSE DOS CAMPOS|SAO PAULO|SOROCABA|TAUBATE@04/09/19@15:29@035.50@1@#######################################################################################GABRIEL PENSADOR@M@25/02/1994@(51) 26613-5312@FIT@CHW-0007@COTIA|JUNDIAI|LORENA|OSASCO|RIO DE JANEIRO|SAO JOSE DOS CAMPOS|SAO PAULO|SOROCABA|TAUBATE@16/09/19@22:13@140.74@2@###################################################################################JULIA ANDRADE@M@18/06/1989@(61) 06903-2806@FIT@LCL-0114@COTIA|JUNDIAI|RIO DE JANEIRO@02/03/19@14:36@155.07@3@###################################################################################################################################################PABLO PICASSO@M@22/04/1994@(83) 04933-0699@CORSA@YPB-1490@JUNDIAI|LORENA|OSASCO|RIO DE JANEIRO|SAO JOSE DOS CAMPOS|SAO PAULO@26/11/19@08:13@103.55@2@###########################################################################################################GABRIELA ALVEZ@M@24/09/1997@(96) 55623-9483@CORSA@VIP-5133@COTIA|JUNDIAI|LORENA|OSASCO|SAO ROQUE@01/05/19@09:04@028.06@1@#######################################################################################################################################PABLO PICASSO@M@23/10/1995@(79) 18285-3053@UNO@JON-0764@COTIA|JUNDIAI|LORENA|OSASCO|RIO DE JANEIRO|SAO ROQUE@19/12/19@18:18@209.44@1@###########################################################################################################################TATIANA MONTEIRO@M@12/11/1999@(28) 80114-1453@COROLLA@LZT-4685@JUNDIAI|LORENA|SAO JOSE DOS CAMPOS@27/06/19@14:02@126.69@3@######################################################################################################################################MATHEUS ROCHA@M@17/06/1995@(04) 56276-3500@TORO@XCB-7411@COTIA|JUNDIAI|OSASCO|SAO PAULO|SAO ROQUE@27/12/19@22:47@058.79@3@######################################################################################################################################ALEXANDRE O MEDIO@M@02/12/1990@(05) 60480-6048@CIVIC@TXQ-1601@COTIA|OSASCO|SAO JOSE DOS CAMPOS|TAUBATE@22/11/19@07:22@110.91@2@#################################################################################################################################
********************************BUSCAR********************************
Busca por RIO DE JANEIRO$1912272247.
Nos percorridos:
SOROCABA$1903070733
RIO DE JANEIRO$1911010241, SAO ROQUE$1905010904
SAO JOSE DOS CAMPOS$1906271402, SAO PAULO$1911260813, SAO ROQUE$1901221212

Registro(s) nao encontrado!
********************************LISTAR********************************
OSASCO------------------------ 04/06/19 - 13:30-
RIO DE JANEIRO---------------- 02/03/19 - 14:36-
RIO DE JANEIRO---------------- 04/04/19 - 22:51-
RIO DE JANEIRO---------------- 01/11/19 - 02:41-
SAO JOSE DOS CAMPOS----------- 27/06/19 - 14:02-
SAO PAULO--------------------- 26/11/19 - 08:13-
SAO ROQUE--------------------- 22/01/19 - 12:12-
SAO ROQUE--------------------- 01/05/19 - 09:04-
SAO ROQUE--------------------- 04/12/19 - 18:02-
SAO ROQUE--------------------- 19/12/19 - 18:18-
SAO ROQUE--------------------- 27/12/19 - 22:47-
SOROCABA---------------------- 07/03/19 - 07:33-
SOROCABA---------------------- 08/03/19 - 00:22-
SOROCABA---------------------- 22/10/19 - 16:14-
SOROCABA---------------------- 11/11/19 - 13:56-
TAUBATE----------------------- 04/02/19 - 04:14-
TAUBATE----------------------- 15/02/19 - 08:30-
TAUBATE----------------------- 05/05/19 - 21:17-
TAUBATE----------------------- 22/07/19 - 00:42-
TAUBATE----------------------- 04/09/19 - 15:29-
TAUBATE----------------------- 16/09/19 - 22:13-
TAUBATE----------------------- 21/10/19 - 09:31-
TAUBATE----------------------- 22/11/19 - 07:22-
********************************BUSCAR********************************
Busca por OOOO080317. Nos percorridos:
LXTY050521
MUBV041218, PUDZ080300, TFWA070307
MXCB271222, PJON191218

Registro(s) nao encontrado!
********************************BUSCAR********************************
Busca por SAO PAULO$1911220722.
Nos percorridos:
SOROCABA$1903070733
RIO DE JANEIRO$1911010241, SAO ROQUE$1905010904
SAO JOSE DOS CAMPOS$1906271402, SAO PAULO$1911260813, SAO ROQUE$1901221212

Registro(s) nao encontrado!
********************************BUSCAR********************************
Busca por SAO ROQUE$1912272247.
Nos percorridos:
SOROCABA$1903070733
RIO DE JANEIRO$1911010241, SAO ROQUE$1905010904
SAO ROQUE$1912041802, SAO ROQUE$1912191818, SAO ROQUE$1912272247

MXCB271222
MATHEUS ROCHA
M
17/06/1995
(04) 56276-3500
TORO
XCB-7411
27/12/19
22:47
058.79
3
COTIA, JUNDIAI, OSASCO, SAO PAULO, SAO ROQUE
***************************INDICE PRIMÁRIO****************************
002AOTS2110090007APQK2201120009##############T************
002MEFC0111020003MGJR2207000005##############T************
003APRW1502080001GIAC0402040002LKUJ0409150013F000004008005
002PYPB2611080016RTJN1111130008##############T************
003ATXQ2211070021BHNZ0406130012GCHW1609220014T************
002LSUX0404220010LTEC2210160022##############T************
003MUBV0412180011PUDZ0803000004TFWA0703070006F001009003010
001LXTY0505210000############################F002006******
002GVIP0105090017JLCL0203140015##############T************
002MXCB2712220020PJON1912180018##############T************
001TLZT2706140019############################T************
********************************BUSCAR********************************
Busca por LLLL211217. Nos percorridos:
LXTY050521
APRW150208, GIAC040204, LKUJ040915
LSUX040422, LTEC221016

Registro(s) nao encontrado!
********************************BUSCAR********************************
Busca por AOTS211009. Nos percorridos:
LXTY050521
APRW150208, GIAC040204, LKUJ040915
AOTS211009, APQK220112

AOTS211009
ALEXANDRE O MAIS OU MENOS
F
10/01/1994
(79) 49535-9590
FIT
OTS-5417
21/10/19
09:31
186.59
3
COTIA, JUNDIAI, LORENA, OSASCO, RIO DE JANEIRO, SAO JOSE DOS CAMPOS, SAO PAULO, SAO ROQUE, SOROCABA, TAUBATE
***************************INDICE SECUNDÁRIO**************************
003BHNZ040613OSASCO$1906041330########################JLCL020314RIO DE JANEIRO$1903021436################LSUX040422RIO DE JANEIRO$1904042251###################################################################T***************
002APRW150208TAUBATE$1902150830#######################LXTY050521TAUBATE$1905052117#############################################################################################################################T***************
002MEFC011102RIO DE JANEIRO$1911010241################GVIP010509SAO ROQUE$1905010904###########################################################################################################################F000004006******
003PUDZ080300SOROCABA$1903080022######################LTEC221016SOROCABA$1910221614######################RTJN111113SOROCABA$1911111356#########################################################################T***************
003TLZT270614SAO JOSE DOS CAMPOS$1906271402###########PYPB261108SAO PAULO$1911260813#####################APQK220112SAO ROQUE$1901221212########################################################################T***************
004LKUJ040915TAUBATE$1909041529#######################GCHW160922TAUBATE$1909162213#######################AOTS211009TAUBATE$1910210931#######################ATXQ221107TAUBATE$1911220722#######################T***************
003MUBV041218SAO ROQUE$1912041802#####################PJON191218SAO ROQUE$1912191818#####################MXCB271222SAO ROQUE$1912272247########################################################################T***************
002GIAC040204TAUBATE$1902040414#######################MGJR220700TAUBATE$1907220042#############################################################################################################################F003001005******
001TFWA070307SOROCABA$1903070733###############################################################################################################################################################################F002007*********
***************************INDICE SECUNDÁRIO**************************
003BHNZ040613OSASCO$1906041330########################JLCL020314RIO DE JANEIRO$1903021436################LSUX040422RIO DE JANEIRO$1904042251###################################################################T***************
002APRW150208TAUBATE$1902150830#######################LXTY050521TAUBATE$1905052117#############################################################################################################################T***************
002MEFC011102RIO DE JANEIRO$1911010241################GVIP010509SAO ROQUE$1905010904###########################################################################################################################F000004006******
003PUDZ080300SOROCABA$1903080022######################LTEC221016SOROCABA$1910221614######################RTJN111113SOROCABA$1911111356#########################################################################T***************
003TLZT270614SAO JOSE DOS CAMPOS$1906271402###########PYPB261108SAO PAULO$1911260813#####################APQK220112SAO ROQUE$1901221212########################################################################T***************
004LKUJ040915TAUBATE$1909041529#######################GCHW160922TAUBATE$1909162213#######################AOTS211009TAUBATE$1910210931#######################ATXQ221107TAUBATE$1911220722#######################T***************
003MUBV041218SAO ROQUE$1912041802#####################PJON191218SAO ROQUE$1912191818#####################MXCB271222SAO ROQUE$1912272247########################################################################T***************
002GIAC040204TAUBATE$1902040414#######################MGJR220700TAUBATE$1907220042#############################################################################################################################F003001005******
001TFWA070307SOROCABA$1903070733###############################################################################################################################################################################F002007*********
********************************LISTAR********************************
OSASCO------------------------ 04/06/19 - 13:30-
RIO DE JANEIRO---------------- 02/03/19 - 14:36-
RIO DE JANEIRO---------------- 04/04/19 - 22:51-
RIO DE JANEIRO---------------- 01/11/19 - 02:41-
SAO JOSE DOS CAMPOS----------- 27/06/19 - 14:02-
SAO PAULO--------------------- 26/11/19 - 08:13-
SAO ROQUE--------------------- 22/01/19 - 12:12-
SAO ROQUE--------------------- 01/05/19 - 09:04-
SAO ROQUE--------------------- 04/12/19 - 18:02-
SAO ROQUE--------------------- 19/12/19 - 18:18-
SAO ROQUE--------------------- 27/12/19 - 22:47-
SOROCABA---------------------- 07/03/19 - 07:33-
SOROCABA---------------------- 08/03/19 - 00:22-
SOROCABA---------------------- 22/10/19 - 16:14-
SOROCABA---------------------- 11/11/19 - 13:56-
TAUBATE----------------------- 04/02/19 - 04:14-
TAUBATE----------------------- 15/02/19 - 08:30-
TAUBATE----------------------- 05/05/19 - 21:17-
TAUBATE----------------------- 22/07/19 - 00:42-
TAUBATE----------------------- 04/09/19 - 15:29-
TAUBATE----------------------- 16/09/19 - 22:13-
TAUBATE----------------------- 21/10/19 - 09:31-
TAUBATE----------------------- 22/11/19 - 07:22-
********************************BUSCAR********************************
Busca por 7777230917. Nos percorridos:
LXTY050521
APRW150208, GIAC040204, LKUJ040915
AOTS211009, APQK220112

Registro(s) nao encontrado!
********************************LISTAR********************************
OSASCO------------------------ 04/06/19 - 13:30-
RIO DE JANEIRO---------------- 02/03/19 - 14:36-
RIO DE JANEIRO---------------- 04/04/19 - 22:51-
RIO DE JANEIRO---------------- 01/11/19 - 02:41-
SAO JOSE DOS CAMPOS----------- 27/06/19 - 14:02-
SAO PAULO--------------------- 26/11/19 - 08:13-
SAO ROQUE--------------------- 22/01/19 - 12:12-
SAO ROQUE--------------------- 01/05/19 - 09:04-
SAO ROQUE--------------------- 04/12/19 - 18:02-
SAO ROQUE--------------------- 19/12/19 - 18:18-
SAO ROQUE--------------------- 27/12/19 - 22:47-
SOROCABA---------------------- 07/03/19 - 07:33-
SOROCABA---------------------- 08/03/19 - 00:22-
SOROCABA---------------------- 22/10/19 - 16:14-
SOROCABA---------------------- 11/11/19 - 13:56-
TAUBATE----------------------- 04/02/19 - 04:14-
TAUBATE----------------------- 15/02/19 - 08:30-
TAUBATE----------------------- 05/05/19 - 21:17-
TAUBATE----------------------- 22/07/19 - 00:42-
TAUBATE----------------------- 04/09/19 - 15:29-
TAUBATE----------------------- 16/09/19 - 22:13-
TAUBATE----------------------- 21/10/19 - 09:31-
TAUBATE----------------------- 22/11/19 - 07:22-
********************************ALTERAR*******************************
Registro(s) nao encontrado!
FALHA AO REALIZAR OPERACAO!
********************************BUSCAR********************************
Busca por SAO ROQUE$1912272247.
Nos percorridos:
SOROCABA$1903070733
RIO DE JANEIRO$1911010241, SAO ROQUE$1905010904
SAO ROQUE$1912041802, SAO ROQUE$1912191818, SAO ROQUE$1912272247

MXCB271222
MATHEUS ROCHA
M
17/06/1995
(04) 56276-3500
TORO
XCB-7411
27/12/19
22:47
058.79
3
COTIA, JUNDIAI, OSASCO, SAO PAULO, SAO ROQUE
********************************LISTAR********************************
OSASCO------------------------ 04/06/19 - 13:30-
RIO DE JANEIRO---------------- 02/03/19 - 14:36-
RIO DE JANEIRO---------------- 04/04/19 - 22:51-
RIO DE JANEIRO---------------- 01/11/19 - 02:41-
SAO JOSE DOS CAMPOS----------- 27/06/19 - 14:02-
SAO PAULO--------------------- 26/11/19 - 08:13-
SAO ROQUE--------------------- 22/01/19 - 12:12-
SAO ROQUE--------------------- 01/05/19 - 09:04-
SAO ROQUE--------------------- 04/12/19 - 18:02-
SAO ROQUE--------------------- 19/12/19 - 18:18-
SAO ROQUE--------------------- 27/12/19 - 22:47-
SOROCABA---------------------- 07/03/19 - 07:33-
SOROCABA---------------------- 08/03/19 - 00:22-
SOROCABA---------------------- 22/10/19 - 16:14-
SOROCABA---------------------- 11/11/19 - 13:56-
TAUBATE----------------------- 04/02/19 - 04:14-
TAUBATE----------------------- 15/02/19 - 08:30-
TAUBATE----------------------- 05/05/19 - 21:17-
TAUBATE----------------------- 22/07/19 - 00:42-
TAUBATE----------------------- 04/09/19 - 15:29-
TAUBATE----------------------- 16/09/19 - 22:13-
TAUBATE----------------------- 21/10/19 - 09:31-
TAUBATE----------------------- 22/11/19 - 07:22-
********************************LISTAR********************************
1 - LXTY050521
2 - APRW150208, GIAC040204, LKUJ040915
3 - AOTS211009, APQK220112
3 - ATXQ221107, BHNZ040613, GCHW160922
3 - GVIP010509, JLCL020314
3 - LSUX040422, LTEC221016
2 - MUBV041218, PUDZ080300, TFWA070307
3 - MEFC011102, MGJR220700
3 - MXCB271222, PJON191218
3 - PYPB261108, RTJN111113
3 - TLZT270614
********************************ARQUIVO*******************************
LETICIA FERREIRA DOS SANTOS@F@17/08/1996@(10) 20256-5434@HB20@XTY-4936@COTIA|LORENA|OSASCO|SAO JOSE DOS CAMPOS|SAO PAULO|SAO ROQUE|TAUBATE@05/05/19@21:17@145.94@4@#############################################################################################ALEXANDRE O CHEGA NE@F@18/12/1989@(92) 18546-5300@CELTA@PRW-3676@COTIA|JUNDIAI|OSASCO|RIO DE JANEIRO|SAO JOSE DOS CAMPOS|SAO PAULO|SAO ROQUE|SOROCABA|TAUBATE@15/02/19@08:30@052.09@3@##########################################################################GABRIEL O ANJO@F@17/03/1992@(07) 03521-8360@UNO@IAC-6097@COTIA|JUNDIAI|LORENA|OSASCO|RIO DE JANEIRO|SAO JOSE DOS CAMPOS|SAO PAULO|SAO ROQUE|SOROCABA|TAUBATE@04/02/19@04:14@118.11@3@###########################################################################MATHEUS LIMA@F@11/06/1997@(44) 61934-4483@ONIX@EFC-1557@LORENA|RIO DE JANEIRO@01/11/19@02:41@099.14@1@##########################################################################################################################################################PABLO PICASSO@F@03/06/1991@(24) 85447-6721@CIVIC@UDZ-6944@COTIA|LORENA|OSASCO|SAO JOSE DOS CAMPOS|SAO PAULO|SAO ROQUE|SOROCABA@08/03/19@00:22@149.58@2@#########################################################################################################MATEUS ALVES@F@08/07/1993@(57) 10188-1500@GOL@GJR-5540@COTIA|JUNDIAI|LORENA|OSASCO|RIO DE JANEIRO|SAO JOSE DOS CAMPOS|SAO PAULO|SOROCABA|TAUBATE@22/07/19@00:42@165.19@4@#######################################################################################TATIANA MONTEIRO@M@18/04/1996@(48) 53342-2410@CORSA@FWA-2667@COTIA|JUNDIAI|LORENA|OSASCO|SAO JOSE DOS CAMPOS|SAO ROQUE|SOROCABA@07/03/19@07:33@162.44@1@########################################################################################################ALEXANDRE O MAIS OU MENOS@F@10/01/1994@(79) 49535-9590@FIT@OTS-5417@COTIA|JUNDIAI|LORENA|OSASCO|RIO DE JANEIRO|SAO JOSE DOS CAMPOS|SAO PAULO|SAO ROQUE|SOROCABA|TAUBATE@21/10/19@09:31@186.59@3@################################################################ROBERT NORMAL@F@17/07/1999@(95) 35093-3388@TORO@TJN-6638@COTIA|JUNDIAI|LORENA|RIO DE JANEIRO|SAO PAULO|SAO ROQUE|SOROCABA@11/11/19@13:56@063.67@2@##############################################################################################################ALEXANDRE O CHEGA NE@M@15/04/1992@(07) 52732-4426@FIT@PQK-7570@RIO DE JANEIRO|SAO ROQUE@22/01/19@12:12@025.60@2@################################################################################################################################################LETICIA BASTOS@F@06/05/1996@(06) 60947-6030@TORO@SUX-1074@COTIA|LORENA|OSASCO|RIO DE JANEIRO@04/04/19@22:51@098.31@3@###########################################################################################################################################MATHEUS AUGUSTO@F@20/07/1989@(66) 73883-1633@CIVIC@UBV-7321@LORENA|RIO DE JANEIRO|SAO JOSE DOS CAMPOS|SAO PAULO|SAO ROQUE@04/12/19@18:02@051.53@3@##############################################################################################################BRUNA MARQUEZINE@M@13/11/1990@(24) 34041-8231@CIVIC@HNZ-1446@COTIA|OSASCO@04/06/19@13:30@170.82@2@##############################################################################################################################################################LETICIA FERREIRA DA SILVA@M@08/01/1994@(68) 95993-9538@CELTA@KUJ-3086@COTIA|JUNDIAI|LORENA|OSASCO|SAO JOSE DOS CAMPOS|SAO PAULO|SOROCABA|TAUBATE@04/09/19@15:29@035.50@1@#######################################################################################GABRIEL PENSADOR@M@25/02/1994@(51) 26613-5312@FIT@CHW-0007@COTIA|JUNDIAI|LORENA|OSASCO|RIO DE JANEIRO|SAO JOSE DOS CAMPOS|SAO PAULO|SOROCABA|TAUBATE@16/09/19@22:13@140.74@2@###################################################################################JULIA ANDRADE@M@18/06/1989@(61) 06903-2806@FIT@LCL-0114@COTIA|JUNDIAI|RIO DE JANEIRO@02/03/19@14:36@155.07@3@###################################################################################################################################################PABLO PICASSO@M@22/04/1994@(83) 04933-0699@CORSA@YPB-1490@JUNDIAI|LORENA|OSASCO|RIO DE JANEIRO|SAO JOSE DOS CAMPOS|SAO PAULO@26/11/19@08:13@103.55@2@###########################################################################################################GABRIELA ALVEZ@M@24/09/1997@(96) 55623-9483@CORSA@VIP-5133@COTIA|JUNDIAI|LORENA|OSASCO|SAO ROQUE@01/05/19@09:04@028.06@1@#######################################################################################################################################PABLO PICASSO@M@23/10/1995@(79) 18285-3053@UNO@JON-0764@COTIA|JUNDIAI|LORENA|OSASCO|RIO DE JANEIRO|SAO ROQUE@19/12/19@18:18@209.44@1@###########################################################################################################################TATIANA MONTEIRO@M@12/11/1999@(28) 80114-1453@COROLLA@LZT-4685@JUNDIAI|LORENA|SAO JOSE DOS CAMPOS@27/06/19@14:02@126.69@3@######################################################################################################################################MATHEUS ROCHA@M@17/06/1995@(04) 56276-3500@TORO@XCB-7411@COTIA|JUNDIAI|OSASCO|SAO PAULO|SAO ROQUE@27/12/19@22:47@058.79@3@######################################################################################################################################ALEXANDRE O MEDIO@M@02/12/1990@(05) 60480-6048@CIVIC@TXQ-1601@COTIA|OSASCO|SAO JOSE DOS CAMPOS|TAUBATE@22/11/19@07:22@110.91@2@#################################################################################################################################LETICIA FERREIRA DA SILVA@M@06/05/1993@(04) 61551-5486@FOX@TEC-5899@JUNDIAI|LORENA|OSASCO|RIO DE JANEIRO|SAO JOSE DOS CAMPOS|SAO ROQUE|SOROCABA@22/10/19@16:14@161.25@1@########################################################################################
***************************INDICE PRIMÁRIO****************************
002AOTS2110090007APQK2201120009##############T************
002MEFC0111020003MGJR2207000005##############T************
003APRW1502080001GIAC0402040002LKUJ0409150013F000004008005
002PYPB2611080016RTJN1111130008##############T************
003ATXQ2211070021BHNZ0406130012GCHW1609220014T************
002LSUX0404220010LTEC2210160022##############T************
003MUBV0412180011PUDZ0803000004TFWA0703070006F001009003010
001LXTY0505210000############################F002006******
002GVIP0105090017JLCL0203140015##############T************
002MXCB2712220020PJON1912180018##############T************
001TLZT2706140019############################T************
***************************INDICE SECUNDÁRIO**************************
003BHNZ040613OSASCO$1906041330########################JLCL020314RIO DE JANEIRO$1903021436################LSUX040422RIO DE JANEIRO$1904042251###################################################################T***************
002APRW150208TAUBATE$1902150830#######################LXTY050521TAUBATE$1905052117#############################################################################################################################T***************
002MEFC011102RIO DE JANEIRO$1911010241################GVIP010509SAO ROQUE$1905010904###########################################################################################################################F000004006******
003PUDZ080300SOROCABA$1903080022######################LTEC221016SOROCABA$1910221614######################RTJN111113SOROCABA$1911111356#########################################################################T***************
003TLZT270614SAO JOSE DOS CAMPOS$1906271402###########PYPB261108SAO PAULO$1911260813#####################APQK220112SAO ROQUE$1901221212########################################################################T***************
004LKUJ040915TAUBATE$1909041529#######################GCHW160922TAUBATE$1909162213#######################AOTS211009TAUBATE$1910210931#######################ATXQ221107TAUBATE$1911220722#######################T***************
003MUBV041218SAO ROQUE$1912041802#####################PJON191218SAO ROQUE$1912191818#####################MXCB271222SAO ROQUE$1912272247########################################################################T***************
002GIAC040204TAUBATE$1902040414#######################MGJR220700TAUBATE$1907220042#############################################################################################################################F003001005******
001TFWA070307SOROCABA$1903070733###############################################################################################################################################################################F002007*********
