***************************INDICE SECUNDÁRIO**************************
003BHNZ040613OSASCO$1906041330########################JLCL020314RIO DE JANEIRO$1903021436################LSUX040422RIO DE JANEIRO$1904042251###################################################################T***************
002APRW150208TAUBATE$1902150830#######################LXTY050521TAUBATE$1905052117#############################################################################################################################T***************
002MEFC011102RIO DE JANEIRO$1911010241################GVIP010509SAO ROQUE$1905010904###########################################################################################################################F000004006******
002PUDZ080300SOROCABA$1903080022######################RTJN111113SOROCABA$1911111356############################################################################################################################T***************
003TLZT270614SAO JOSE DOS CAMPOS$1906271402###########PYPB261108SAO PAULO$1911260813#####################APQK220112SAO ROQUE$1901221212########################################################################T***************
003LKUJ040915TAUBATE$1909041529#######################GCHW160922TAUBATE$1909162213#######################AOTS211009TAUBATE$1910210931##########################################################################T***************
002MUBV041218SAO ROQUE$1912041802#####################PJON191218SAO ROQUE$1912191818###########################################################################################################################T***************
002GIAC040204TAUBATE$1902040414#######################MGJR220700TAUBATE$1907220042#############################################################################################################################F003001005******
001TFWA070307SOROCABA$1903070733###############################################################################################################################################################################F002007*********
********************************LISTAR********************************
OSASCO------------------------ 04/06/19 - 13:30-
RIO DE JANEIRO---------------- 02/03/19 - 14:36-
RIO DE JANEIRO---------------- 04/04/19 - 22:51-
RIO DE JANEIRO---------------- 01/11/19 - 02:41-
SAO JOSE DOS CAMPOS----------- 27/06/19 - 14:02-
SAO PAULO--------------------- 26/11/19 - 08:13-
SAO ROQUE--------------------- 22/01/19 - 12:12-
SAO ROQUE--------------------- 01/05/19 - 09:04-
SAO ROQUE--------------------- 04/12/19 - 18:02-
SAO ROQUE--------------------- 19/12/19 - 18:18-
SOROCABA---------------------- 07/03/19 - 07:33-
SOROCABA---------------------- 08/03/19 - 00:22-
SOROCABA---------------------- 11/11/19 - 13:56-
TAUBATE----------------------- 04/02/19 - 04:14-
TAUBATE----------------------- 15/02/19 - 08:30-
TAUBATE----------------------- 05/05/19 - 21:17-
TAUBATE----------------------- 22/07/19 - 00:42-
TAUBATE----------------------- 04/09/19 - 15:29-
TAUBATE----------------------- 16/09/19 - 22:13-
TAUBATE----------------------- 21/10/19 - 09:31-
********************************ALTERAR*******************************
OPERACAO REALIZADA COM SUCESSO!
********************************ALTERAR*******************************
OPERACAO REALIZADA COM SUCESSO!
********************************BUSCAR********************************
Busca por OSASCO$1901241654.
Nos percorridos:
SOROCABA$1903070733
RIO DE JANEIRO$1911010241, SAO ROQUE$1905010904
OSASCO$1906041330, RIO DE JANEIRO$1903021436, RIO DE JANEIRO$1904042251

Registro(s) nao encontrado!
********************************BUSCAR********************************
Busca por RIO DE JANEIRO$1901241654.
Nos percorridos:
SOROCABA$1903070733
RIO DE JANEIRO$1911010241, SAO ROQUE$1905010904
OSASCO$1906041330, RIO DE JANEIRO$1903021436, RIO DE JANEIRO$1904042251

Registro(s) nao encontrado!
********************************BUSCAR********************************
Busca por APQK220112. Nos percorridos:
LXTY050521
APRW150208, GIAC040204, LKUJ040915
AOTS211009, APQK220112

APQK220112
ALEXANDRE O CHEGA NE
M
15/04/1992
(07) 52732-4426
FIT
PQK-7570
22/01/19
12:12
025.60
3
RIO DE JANEIRO, SAO ROQUE
***************************INDICE PRIMÁRIO****************************
002AOTS2110090007APQK2201120009##############T************
002MEFC0111020003MGJR2207000005##############T************
003APRW1502080001GIAC0402040002LKUJ0409150013F000004008005
002PYPB2611080016RTJN1111130008##############T************
003AQTR2401160020BHNZ0406130012GCHW1609220014T************
001LSUX0404220010############################T************
003MUBV0412180011PUDZ0803000004TFWA0703070006F001009003010
001LXTY0505210000############################F002006******
002GVIP0105090017JLCL0203140015##############T************
001PJON1912180018############################T************
001TLZT2706140019############################T************
********************************BUSCAR********************************
Busca por TAUBATE$1905070228.
Nos percorridos:
SOROCABA$1903070733
TAUBATE$1902040414, TAUBATE$1907220042
TAUBATE$1902150830, TAUBATE$1905052117, TAUBATE$1905070228

GHDV070502
GABRIEL PENSADOR
F
21/12/1997
(18) 49998-3785
CORSA
HDV-1845
07/05/19
02:28
013.83
1
COTIA, JUNDIAI, LORENA, OSASCO, RIO DE JANEIRO, SAO JOSE DOS CAMPOS, SAO ROQUE, SOROCABA, TAUBATE
***************************INDICE SECUNDÁRIO**************************
003BHNZ040613OSASCO$1906041330########################JLCL020314RIO DE JANEIRO$1903021436################LSUX040422RIO DE JANEIRO$1904042251###################################################################T***************
003APRW150208TAUBATE$1902150830#######################LXTY050521TAUBATE$1905052117#######################GHDV070502TAUBATE$1905070228##########################################################################T***************
002MEFC011102RIO DE JANEIRO$1911010241################GVIP010509SAO ROQUE$1905010904###########################################################################################################################F000004006******
002PUDZ080300SOROCABA$1903080022######################RTJN111113SOROCABA$1911111356############################################################################################################################T***************
003TLZT270614SAO JOSE DOS CAMPOS$1906271402###########PYPB261108SAO PAULO$1911260813#####################APQK220112SAO ROQUE$1901221212########################################################################T***************
003LKUJ040915TAUBATE$1909041529#######################GCHW160922TAUBATE$1909162213#######################AOTS211009TAUBATE$1910210931##########################################################################T***************
003MUBV041218SAO ROQUE$1912041802#####################PJON191218SAO ROQUE$1912191818#####################AQTR240116SOROCABA$1901241654#########################################################################T***************
002GIAC040204TAUBATE$1902040414#######################MGJR220700TAUBATE$1907220042#############################################################################################################################F003001005******
001TFWA070307SOROCABA$1903070733###############################################################################################################################################################################F002007*********
********************************ALTERAR*******************************
OPERACAO REALIZADA COM SUCESSO!
********************************BUSCAR********************************
Busca por SAO PAULO$1901241654.
Nos percorridos:
SOROCABA$1903070733
RIO DE JANEIRO$1911010241, SAO ROQUE$1905010904
SAO JOSE DOS CAMPOS$1906271402, SAO PAULO$1911260813, SAO ROQUE$1901221212

Registro(s) nao encontrado!
********************************BUSCAR********************************
Busca por SAO ROQUE$1901241654.
Nos percorridos:
SOROCABA$1903070733
RIO DE JANEIRO$1911010241, SAO ROQUE$1905010904
SAO JOSE DOS CAMPOS$1906271402, SAO PAULO$1911260813, SAO ROQUE$1901221212

Registro(s) nao encontrado!
***************************INDICE PRIMÁRIO****************************
002AOTS2110090007APQK2201120009##############T************
002MEFC0111020003MGJR2207000005##############T************
002APRW1502080001GCHW1609220014##############F000004011***
002PYPB2611080016RTJN1111130008##############T************
002AQTR2401160020BHNZ0406130012##############T************
001LSUX0404220010############################T************
003MUBV0412180011PUDZ0803000004TFWA0703070006F001009003010
002GIAC0402040002LXTY0505210000##############F002012006***
002GVIP0105090017JLCL0203140015##############T************
001PJON1912180018############################T************
001TLZT2706140019############################T************
001GHDV0705020021############################T************
001LKUJ0409150013############################F008005******
********************************ARQUIVO*******************************
LETICIA FERREIRA DOS SANTOS@F@17/08/1996@(10) 20256-5434@HB20@XTY-4936@COTIA|LORENA|OSASCO|SAO JOSE DOS CAMPOS|SAO PAULO|SAO ROQUE|TAUBATE@05/05/19@21:17@145.94@4@#############################################################################################ALEXANDRE O CHEGA NE@F@18/12/1989@(92) 18546-5300@CELTA@PRW-3676@COTIA|JUNDIAI|OSASCO|RIO DE JANEIRO|SAO JOSE DOS CAMPOS|SAO PAULO|SAO ROQUE|SOROCABA|TAUBATE@15/02/19@08:30@052.09@3@##########################################################################GABRIEL O ANJO@F@17/03/1992@(07) 03521-8360@UNO@IAC-6097@COTIA|JUNDIAI|LORENA|OSASCO|RIO DE JANEIRO|SAO JOSE DOS CAMPOS|SAO PAULO|SAO ROQUE|SOROCABA|TAUBATE@04/02/19@04:14@118.11@2@###########################################################################MATHEUS LIMA@F@11/06/1997@(44) 61934-4483@ONIX@EFC-1557@LORENA|RIO DE JANEIRO@01/11/19@02:41@099.14@4@##########################################################################################################################################################PABLO PICASSO@F@03/06/1991@(24) 85447-6721@CIVIC@UDZ-6944@COTIA|LORENA|OSASCO|SAO JOSE DOS CAMPOS|SAO PAULO|SAO ROQUE|SOROCABA@08/03/19@00:22@149.58@2@#########################################################################################################MATEUS ALVES@F@08/07/1993@(57) 10188-1500@GOL@GJR-5540@COTIA|JUNDIAI|LORENA|OSASCO|RIO DE JANEIRO|SAO JOSE DOS CAMPOS|SAO PAULO|SOROCABA|TAUBATE@22/07/19@00:42@165.19@4@#######################################################################################TATIANA MONTEIRO@M@18/04/1996@(48) 53342-2410@CORSA@FWA-2667@COTIA|JUNDIAI|LORENA|OSASCO|SAO JOSE DOS CAMPOS|SAO ROQUE|SOROCABA@07/03/19@07:33@162.44@1@########################################################################################################ALEXANDRE O MAIS OU MENOS@F@10/01/1994@(79) 49535-9590@FIT@OTS-5417@COTIA|JUNDIAI|LORENA|OSASCO|RIO DE JANEIRO|SAO JOSE DOS CAMPOS|SAO PAULO|SAO ROQUE|SOROCABA|TAUBATE@21/10/19@09:31@186.59@3@################################################################ROBERT NORMAL@F@17/07/1999@(95) 35093-3388@TORO@TJN-6638@COTIA|JUNDIAI|LORENA|RIO DE JANEIRO|SAO PAULO|SAO ROQUE|SOROCABA@11/11/19@13:56@063.67@4@##############################################################################################################ALEXANDRE O CHEGA NE@M@15/04/1992@(07) 52732-4426@FIT@PQK-7570@RIO DE JANEIRO|SAO ROQUE@22/01/19@12:12@025.60@3@################################################################################################################################################LETICIA BASTOS@F@06/05/1996@(06) 60947-6030@TORO@SUX-1074@COTIA|LORENA|OSASCO|RIO DE JANEIRO@04/04/19@22:51@098.31@3@###########################################################################################################################################MATHEUS AUGUSTO@F@20/07/1989@(66) 73883-1633@CIVIC@UBV-7321@LORENA|RIO DE JANEIRO|SAO JOSE DOS CAMPOS|SAO PAULO|SAO ROQUE@04/12/19@18:02@051.53@3@##############################################################################################################BRUNA MARQUEZINE@M@13/11/1990@(24) 34041-8231@CIVIC@HNZ-1446@COTIA|OSASCO@04/06/19@13:30@170.82@2@##############################################################################################################################################################LETICIA FERREIRA DA SILVA@M@08/01/1994@(68) 95993-9538@CELTA@KUJ-3086@COTIA|JUNDIAI|LORENA|OSASCO|SAO JOSE DOS CAMPOS|SAO PAULO|SOROCABA|TAUBATE@04/09/19@15:29@035.50@1@#######################################################################################GABRIEL PENSADOR@M@25/02/1994@(51) 26613-5312@FIT@CHW-0007@COTIA|JUNDIAI|LORENA|OSASCO|RIO DE JANEIRO|SAO JOSE DOS CAMPOS|SAO PAULO|SOROCABA|TAUBATE@16/09/19@22:13@140.74@2@###################################################################################JULIA ANDRADE@M@18/06/1989@(61) 06903-2806@FIT@LCL-0114@COTIA|JUNDIAI|RIO DE JANEIRO@02/03/19@14:36@155.07@3@###################################################################################################################################################PABLO PICASSO@M@22/04/1994@(83) 04933-0699@CORSA@YPB-1490@JUNDIAI|LORENA|OSASCO|RIO DE JANEIRO|SAO JOSE DOS CAMPOS|SAO PAULO@26/11/19@08:13@103.55@3@###########################################################################################################GABRIELA ALVEZ@M@24/09/1997@(96) 55623-9483@CORSA@VIP-5133@COTIA|JUNDIAI|LORENA|OSASCO|SAO ROQUE@01/05/19@09:04@028.06@1@#######################################################################################################################################PABLO PICASSO@M@23/10/1995@(79) 18285-3053@UNO@JON-0764@COTIA|JUNDIAI|LORENA|OSASCO|RIO DE JANEIRO|SAO ROQUE@19/12/19@18:18@209.44@1@###########################################################################################################################TATIANA MONTEIRO@M@12/11/1999@(28) 80114-1453@COROLLA@LZT-4685@JUNDIAI|LORENA|SAO JOSE DOS CAMPOS@27/06/19@14:02@126.69@3@######################################################################################################################################ANA JULIA@F@19/04/1992@(56) 63224-3281@FIT@QTR-0630@JUNDIAI|LORENA|RIO DE JANEIRO|SAO JOSE DOS CAMPOS|SAO PAULO|SOROCABA@24/01/19@16:54@034.68@3@###############################################################################################################GABRIEL PENSADOR@F@21/12/1997@(18) 49998-3785@CORSA@HDV-1845@COTIA|JUNDIAI|LORENA|OSASCO|RIO DE JANEIRO|SAO JOSE DOS CAMPOS|SAO ROQUE|SOROCABA|TAUBATE@07/05/19@02:28@013.83@1@#################################################################################
********************************BUSCAR********************************
Busca por MUBV041218. Nos percorridos:
GIAC040204, LXTY050521
MUBV041218, PUDZ080300, TFWA070307

MUBV041218
MATHEUS AUGUSTO
F
20/07/1989
(66) 73883-1633
CIVIC
UBV-7321
04/12/19
18:02
051.53
3
LORENA, RIO DE JANEIRO, SAO JOSE DOS CAMPOS, SAO PAULO, SAO ROQUE
********************************ARQUIVO*******************************
LETICIA FERREIRA DOS SANTOS@F@17/08/1996@(10) 20256-5434@HB20@XTY-4936@COTIA|LORENA|OSASCO|SAO JOSE DOS CAMPOS|SAO PAULO|SAO ROQUE|TAUBATE@05/05/19@21:17@145.94@4@#############################################################################################ALEXANDRE O CHEGA NE@F@18/12/1989@(92) 18546-5300@CELTA@PRW-3676@COTIA|JUNDIAI|OSASCO|RIO DE JANEIRO|SAO JOSE DOS CAMPOS|SAO PAULO|SAO ROQUE|SOROCABA|TAUBATE@15/02/19@08:30@052.09@3@##########################################################################GABRIEL O ANJO@F@17/03/1992@(07) 03521-8360@UNO@IAC-6097@COTIA|JUNDIAI|LORENA|OSASCO|RIO DE JANEIRO|SAO JOSE DOS CAMPOS|SAO PAULO|SAO ROQUE|SOROCABA|TAUBATE@04/02/19@04:14@118.11@2@###########################################################################MATHEUS LIMA@F@11/06/1997@(44) 61934-4483@ONIX@EFC-1557@LORENA|RIO DE JANEIRO@01/11/19@02:41@099.14@4@##########################################################################################################################################################PABLO PICASSO@F@03/06/1991@(24) 85447-6721@CIVIC@UDZ-6944@COTIA|LORENA|OSASCO|SAO JOSE DOS CAMPOS|SAO PAULO|SAO ROQUE|SOROCABA@08/03/19@00:22@149.58@2@#########################################################################################################MATEUS ALVES@F@08/07/1993@(57) 10188-1500@GOL@GJR-5540@COTIA|JUNDIAI|LORENA|OSASCO|RIO DE JANEIRO|SAO JOSE DOS CAMPOS|SAO PAULO|SOROCABA|TAUBATE@22/07/19@00:42@165.19@4@#######################################################################################TATIANA MONTEIRO@M@18/04/1996@(48) 53342-2410@CORSA@FWA-2667@COTIA|JUNDIAI|LORENA|OSASCO|SAO JOSE DOS CAMPOS|SAO ROQUE|SOROCABA@07/03/19@07:33@162.44@1@########################################################################################################ALEXANDRE O MAIS OU MENOS@F@10/01/1994@(79) 49535-9590@FIT@OTS-5417@COTIA|JUNDIAI|LORENA|OSASCO|RIO DE JANEIRO|SAO JOSE DOS CAMPOS|SAO PAULO|SAO ROQUE|SOROCABA|TAUBATE@21/10/19@09:31@186.59@3@################################################################ROBERT NORMAL@F@17/07/1999@(95) 35093-3388@TORO@TJN-6638@COTIA|JUNDIAI|LORENA|RIO DE JANEIRO|SAO PAULO|SAO ROQUE|SOROCABA@11/11/19@13:56@063.67@4@##############################################################################################################ALEXANDRE O CHEGA NE@M@15/04/1992@(07) 52732-4426@FIT@PQK-7570@RIO DE JANEIRO|SAO ROQUE@22/01/19@12:12@025.60@3@################################################################################################################################################LETICIA BASTOS@F@06/05/1996@(06) 60947-6030@TORO@SUX-1074@COTIA|LORENA|OSASCO|RIO DE JANEIRO@04/04/19@22:51@098.31@3@###########################################################################################################################################MATHEUS AUGUSTO@F@20/07/1989@(66) 73883-1633@CIVIC@UBV-7321@LORENA|RIO DE JANEIRO|SAO JOSE DOS CAMPOS|SAO PAULO|SAO ROQUE@04/12/19@18:02@051.53@3@##############################################################################################################BRUNA MARQUEZINE@M@13/11/1990@(24) 34041-8231@CIVIC@HNZ-1446@COTIA|OSASCO@04/06/19@13:30@170.82@2@##############################################################################################################################################################LETICIA FERREIRA DA SILVA@M@08/01/1994@(68) 95993-9538@CELTA@KUJ-3086@COTIA|JUNDIAI|LORENA|OSASCO|SAO JOSE DOS CAMPOS|SAO PAULO|SOROCABA|TAUBATE@04/09/19@15:29@035.50@1@#######################################################################################GABRIEL PENSADOR@M@25/02/1994@(51) 26613-5312@FIT@CHW-0007@COTIA|JUNDIAI|LORENA|OSASCO|RIO DE JANEIRO|SAO JOSE DOS CAMPOS|SAO PAULO|SOROCABA|TAUBATE@16/09/19@22:13@140.74@2@###################################################################################JULIA ANDRADE@M@18/06/1989@(61) 06903-2806@FIT@LCL-0114@COTIA|JUNDIAI|RIO DE JANEIRO@02/03/19@14:36@155.07@3@###################################################################################################################################################PABLO PICASSO@M@22/04/1994@(83) 04933-0699@CORSA@YPB-1490@JUNDIAI|LORENA|OSASCO|RIO DE JANEIRO|SAO JOSE DOS CAMPOS|SAO PAULO@26/11/19@08:13@103.55@3@###########################################################################################################GABRIELA ALVEZ@M@24/09/1997@(96) 55623-9483@CORSA@VIP-5133@COTIA|JUNDIAI|LORENA|OSASCO|SAO ROQUE@01/05/19@09:04@028.06@1@#######################################################################################################################################PABLO PICASSO@M@23/10/1995@(79) 18285-3053@UNO@JON-0764@COTIA|JUNDIAI|LORENA|OSASCO|RIO DE JANEIRO|SAO ROQUE@19/12/19@18:18@209.44@1@###########################################################################################################################TATIANA MONTEIRO@M@12/11/1999@(28) 80114-1453@COROLLA@LZT-4685@JUNDIAI|LORENA|SAO JOSE DOS CAMPOS@27/06/19@14:02@126.69@3@######################################################################################################################################ANA JULIA@F@19/04/1992@(56) 63224-3281@FIT@QTR-0630@JUNDIAI|LORENA|RIO DE JANEIRO|SAO JOSE DOS CAMPOS|SAO PAULO|SOROCABA@24/01/19@16:54@034.68@3@###############################################################################################################GABRIEL PENSADOR@F@21/12/1997@(18) 49998-3785@CORSA@HDV-1845@COTIA|JUNDIAI|LORENA|OSASCO|RIO DE JANEIRO|SAO JOSE DOS CAMPOS|SAO ROQUE|SOROCABA|TAUBATE@07/05/19@02:28@013.83@1@#################################################################################GABRIEL PENSADOR@F@26/08/1993@(30) 40459-4309@GOL@IKB-7695@COTIA|JUNDIAI|LORENA|OSASCO|SOROCABA@25/10/19@01:00@229.81@4@########################################################################################################################################
***************************INDICE SECUNDÁRIO**************************
003BHNZ040613OSASCO$1906041330########################JLCL020314RIO DE JANEIRO$1903021436################LSUX040422RIO DE JANEIRO$1904042251###################################################################T***************
003APRW150208TAUBATE$1902150830#######################LXTY050521TAUBATE$1905052117#######################GHDV070502TAUBATE$1905070228##########################################################################T***************
002MEFC011102RIO DE JANEIRO$1911010241################GVIP010509SAO ROQUE$1905010904###########################################################################################################################F000004006******
003PUDZ080300SOROCABA$1903080022######################GIKB251001SOROCABA$1910250100######################RTJN111113SOROCABA$1911111356#########################################################################T***************
003TLZT270614SAO JOSE DOS CAMPOS$1906271402###########PYPB261108SAO PAULO$1911260813#####################APQK220112SAO ROQUE$1901221212########################################################################T***************
003LKUJ040915TAUBATE$1909041529#######################GCHW160922TAUBATE$1909162213#######################AOTS211009TAUBATE$1910210931##########################################################################T***************
003MUBV041218SAO ROQUE$1912041802#####################PJON191218SAO ROQUE$1912191818#####################AQTR240116SOROCABA$1901241654#########################################################################T***************
002GIAC040204TAUBATE$1902040414#######################MGJR220700TAUBATE$1907220042#############################################################################################################################F003001005******
001TFWA070307SOROCABA$1903070733###############################################################################################################################################################################F002007*********
********************************LISTAR********************************
OSASCO------------------------ 04/06/19 - 13:30-
RIO DE JANEIRO---------------- 02/03/19 - 14:36-
RIO DE JANEIRO---------------- 04/04/19 - 22:51-
RIO DE JANEIRO---------------- 01/11/19 - 02:41-
SAO JOSE DOS CAMPOS----------- 27/06/19 - 14:02-
SAO PAULO--------------------- 26/11/19 - 08:13-
SAO ROQUE--------------------- 22/01/19 - 12:12-
SAO ROQUE--------------------- 01/05/19 - 09:04-
SAO ROQUE--------------------- 04/12/19 - 18:02-
SAO ROQUE--------------------- 19/12/19 - 18:18-
SOROCABA---------------------- 24/01/19 - 16:54-
SOROCABA---------------------- 07/03/19 - 07:33-
SOROCABA---------------------- 08/03/19 - 00:22-
SOROCABA---------------------- 25/10/19 - 01:00-
SOROCABA---------------------- 11/11/19 - 13:56-
TAUBATE----------------------- 04/02/19 - 04:14-
TAUBATE----------------------- 15/02/19 - 08:30-
TAUBATE----------------------- 05/05/19 - 21:17-
TAUBATE----------------------- 07/05/19 - 02:28-
TAUBATE----------------------- 22/07/19 - 00:42-
TAUBATE----------------------- 04/09/19 - 15:29-
TAUBATE----------------------- 16/09/19 - 22:13-
TAUBATE----------------------- 21/10/19 - 09:31-
********************************BUSCAR********************************
Busca por LSUX040422. Nos percorridos:
GIAC040204, LXTY050521
LKUJ040915
LSUX040422

LSUX040422
LETICIA BASTOS
F
06/05/1996
(06) 60947-6030
TORO
SUX-1074
04/04/19
22:51
098.31
3
COTIA, LORENA, OSASCO, RIO DE JANEIRO
********************************BUSCAR********************************
Busca por SAO JOSE DOS CAMPOS$1910250100.
Nos percorridos:
SOROCABA$1903070733
RIO DE JANEIRO$1911010241, SAO ROQUE$1905010904
SAO JOSE DOS CAMPOS$1906271402, SAO PAULO$1911260813, SAO ROQUE$1901221212

Registro(s) nao encontrado!
***************************INDICE PRIMÁRIO****************************
002AOTS2110090007APQK2201120009##############T************
002MEFC0111020003MGJR2207000005##############T************
002APRW1502080001GCHW1609220014##############F000004011***
002PYPB2611080016RTJN1111130008##############T************
002AQTR2401160020BHNZ0406130012##############T************
001LSUX0404220010############################T************
003MUBV0412180011PUDZ0803000004TFWA0703070006F001009003010
002GIAC0402040002LXTY0505210000##############F002012006***
003GIKB2510010022GVIP0105090017JLCL0203140015T************
001PJON1912180018############################T************
001TLZT2706140019############################T************
001GHDV0705020021############################T************
001LKUJ0409150013############################F008005******
********************************LISTAR********************************
OSASCO------------------------ 04/06/19 - 13:30-
RIO DE JANEIRO---------------- 02/03/19 - 14:36-
RIO DE JANEIRO---------------- 04/04/19 - 22:51-
RIO DE JANEIRO---------------- 01/11/19 - 02:41-
SAO JOSE DOS CAMPOS----------- 27/06/19 - 14:02-
SAO PAULO--------------------- 26/11/19 - 08:13-
SAO ROQUE--------------------- 22/01/19 - 12:12-
SAO ROQUE--------------------- 01/05/19 - 09:04-
SAO ROQUE--------------------- 04/12/19 - 18:02-
SAO ROQUE--------------------- 19/12/19 - 18:18-
SOROCABA---------------------- 24/01/19 - 16:54-
SOROCABA---------------------- 07/03/19 - 07:33-
SOROCABA---------------------- 08/03/19 - 00:22-
SOROCABA---------------------- 25/10/19 - 01:00-
SOROCABA---------------------- 11/11/19 - 13:56-
TAUBATE----------------------- 04/02/19 - 04:14-
TAUBATE----------------------- 15/02/19 - 08:30-
TAUBATE----------------------- 05/05/19 - 21:17-
TAUBATE----------------------- 07/05/19 - 02:28-
TAUBATE----------------------- 22/07/19 - 00:42-
TAUBATE----------------------- 04/09/19 - 15:29-
TAUBATE----------------------- 16/09/19 - 22:13-
TAUBATE----------------------- 21/10/19 - 09:31-
********************************ALTERAR*******************************
OPERACAO REALIZADA COM SUCESSO!
********************************ARQUIVO*******************************
LETICIA FERREIRA DOS SANTOS@F@17/08/1996@(10) 20256-5434@HB20@XTY-4936@COTIA|LORENA|OSASCO|SAO JOSE DOS CAMPOS|SAO PAULO|SAO ROQUE|TAUBATE@05/05/19@21:17@145.94@4@#############################################################################################ALEXANDRE O CHEGA NE@F@18/12/1989@(92) 18546-5300@CELTA@PRW-3676@COTIA|JUNDIAI|OSASCO|RIO DE JANEIRO|SAO JOSE DOS CAMPOS|SAO PAULO|SAO ROQUE|SOROCABA|TAUBATE@15/02/19@08:30@052.09@3@##########################################################################GABRIEL O ANJO@F@17/03/1992@(07) 03521-8360@UNO@IAC-6097@COTIA|JUNDIAI|LORENA|OSASCO|RIO DE JANEIRO|SAO JOSE DOS CAMPOS|SAO PAULO|SAO ROQUE|SOROCABA|TAUBATE@04/02/19@04:14@118.11@2@###########################################################################MATHEUS LIMA@F@11/06/1997@(44) 61934-4483@ONIX@EFC-1557@LORENA|RIO DE JANEIRO@01/11/19@02:41@099.14@3@##########################################################################################################################################################PABLO PICASSO@F@03/06/1991@(24) 85447-6721@CIVIC@UDZ-6944@COTIA|LORENA|OSASCO|SAO JOSE DOS CAMPOS|SAO PAULO|SAO ROQUE|SOROCABA@08/03/19@00:22@149.58@2@#########################################################################################################MATEUS ALVES@F@08/07/1993@(57) 10188-1500@GOL@GJR-5540@COTIA|JUNDIAI|LORENA|OSASCO|RIO DE JANEIRO|SAO JOSE DOS CAMPOS|SAO PAULO|SOROCABA|TAUBATE@22/07/19@00:42@165.19@4@#######################################################################################TATIANA MONTEIRO@M@18/04/1996@(48) 53342-2410@CORSA@FWA-2667@COTIA|JUNDIAI|LORENA|OSASCO|SAO JOSE DOS CAMPOS|SAO ROQUE|SOROCABA@07/03/19@07:33@162.44@1@########################################################################################################ALEXANDRE O MAIS OU MENOS@F@10/01/1994@(79) 49535-9590@FIT@OTS-5417@COTIA|JUNDIAI|LORENA|OSASCO|RIO DE JANEIRO|SAO JOSE DOS CAMPOS|SAO PAULO|SAO ROQUE|SOROCABA|TAUBATE@21/10/19@09:31@186.59@3@################################################################ROBERT NORMAL@F@17/07/1999@(95) 35093-3388@TORO@TJN-6638@COTIA|JUNDIAI|LORENA|RIO DE JANEIRO|SAO PAULO|SAO ROQUE|SOROCABA@11/11/19@13:56@063.67@4@##############################################################################################################ALEXANDRE O CHEGA NE@M@15/04/1992@(07) 52732-4426@FIT@PQK-7570@RIO DE JANEIRO|SAO ROQUE@22/01/19@12:12@025.60@3@################################################################################################################################################LETICIA BASTOS@F@06/05/1996@(06) 60947-6030@TORO@SUX-1074@COTIA|LORENA|OSASCO|RIO DE JANEIRO@04/04/19@22:51@098.31@3@###########################################################################################################################################MATHEUS AUGUSTO@F@20/07/1989@(66) 73883-1633@CIVIC@UBV-7321@LORENA|RIO DE JANEIRO|SAO JOSE DOS CAMPOS|SAO PAULO|SAO ROQUE@04/12/19@18:02@051.53@3@##############################################################################################################BRUNA MARQUEZINE@M@13/11/1990@(24) 34041-8231@CIVIC@HNZ-1446@COTIA|OSASCO@04/06/19@13:30@170.82@2@##############################################################################################################################################################LETICIA FERREIRA DA SILVA@M@08/01/1994@(68) 95993-9538@CELTA@KUJ-3086@COTIA|JUNDIAI|LORENA|OSASCO|SAO JOSE DOS CAMPOS|SAO PAULO|SOROCABA|TAUBATE@04/09/19@15:29@035.50@1@#######################################################################################GABRIEL PENSADOR@M@25/02/1994@(51) 26613-5312@FIT@CHW-0007@COTIA|JUNDIAI|LORENA|OSASCO|RIO DE JANEIRO|SAO JOSE DOS CAMPOS|SAO PAULO|SOROCABA|TAUBATE@16/09/19@22:13@140.74@2@###################################################################################JULIA ANDRADE@M@18/06/1989@(61) 06903-2806@FIT@LCL-0114@COTIA|JUNDIAI|RIO DE JANEIRO@02/03/19@14:36@155.07@3@###################################################################################################################################################PABLO PICASSO@M@22/04/1994@(83) 04933-0699@CORSA@YPB-1490@JUNDIAI|LORENA|OSASCO|RIO DE JANEIRO|SAO JOSE DOS CAMPOS|SAO PAULO@26/11/19@08:13@103.55@3@###########################################################################################################GABRIELA ALVEZ@M@24/09/1997@(96) 55623-9483@CORSA@VIP-5133@COTIA|JUNDIAI|LORENA|OSASCO|SAO ROQUE@01/05/19@09:04@028.06@1@#######################################################################################################################################PABLO PICASSO@M@23/10/1995@(79) 18285-3053@UNO@JON-0764@COTIA|JUNDIAI|LORENA|OSASCO|RIO DE JANEIRO|SAO ROQUE@19/12/19@18:18@209.44@1@###########################################################################################################################TATIANA MONTEIRO@M@12/11/1999@(28) 80114-1453@COROLLA@LZT-4685@JUNDIAI|LORENA|SAO JOSE DOS CAMPOS@27/06/19@14:02@126.69@3@######################################################################################################################################ANA JULIA@F@19/04/1992@(56) 63224-3281@FIT@QTR-0630@JUNDIAI|LORENA|RIO DE JANEIRO|SAO JOSE DOS CAMPOS|SAO PAULO|SOROCABA@24/01/19@16:54@034.68@3@###############################################################################################################GABRIEL PENSADOR@F@21/12/1997@(18) 49998-3785@CORSA@HDV-1845@COTIA|JUNDIAI|LORENA|OSASCO|RIO DE JANEIRO|SAO JOSE DOS CAMPOS|SAO ROQUE|SOROCABA|TAUBATE@07/05/19@02:28@013.83@1@#################################################################################GABRIEL PENSADOR@F@26/08/1993@(30) 40459-4309@GOL@IKB-7695@COTIA|JUNDIAI|LORENA|OSASCO|SOROCABA@25/10/19@01:00@229.81@4@########################################################################################################################################
********************************BUSCAR********************************
Busca por TAUBATE$1905070228.
Nos percorridos:
SOROCABA$1903070733
TAUBATE$1902040414, TAUBATE$1907220042
TAUBATE$1902150830, TAUBATE$1905052117, TAUBATE$1905070228

GHDV070502
GABRIEL PENSADOR
F
21/12/1997
(18) 49998-3785
CORSA
HDV-1845
07/05/19
02:28
013.83
1
COTIA, JUNDIAI, LORENA, OSASCO, RIO DE JANEIRO, SAO JOSE DOS CAMPOS, SAO ROQUE, SOROCABA, TAUBATE
********************************LISTAR********************************
OSASCO------------------------ 04/06/19 - 13:30-
RIO DE JANEIRO---------------- 02/03/19 - 14:36-
RIO DE JANEIRO---------------- 04/04/19 - 22:51-
RIO DE JANEIRO---------------- 01/11/19 - 02:41-
SAO JOSE DOS CAMPOS----------- 27/06/19 - 14:02-
SAO PAULO--------------------- 26/11/19 - 08:13-
SAO ROQUE--------------------- 22/01/19 - 12:12-
SAO ROQUE--------------------- 01/05/19 - 09:04-
SAO ROQUE--------------------- 03/12/19 - 20:24-
SAO ROQUE--------------------- 04/12/19 - 18:02-
SAO ROQUE--------------------- 19/12/19 - 18:18-
SOROCABA---------------------- 24/01/19 - 16:54-
SOROCABA---------------------- 07/03/19 - 07:33-
SOROCABA---------------------- 08/03/19 - 00:22-
SOROCABA---------------------- 25/10/19 - 01:00-
SOROCABA---------------------- 11/11/19 - 13:56-
TAUBATE----------------------- 04/02/19 - 04:14-
TAUBATE----------------------- 15/02/19 - 08:30-
TAUBATE----------------------- 05/05/19 - 21:17-
TAUBATE----------------------- 07/05/19 - 02:28-
TAUBATE----------------------- 22/07/19 - 00:42-
TAUBATE----------------------- 04/09/19 - 15:29-
TAUBATE----------------------- 16/09/19 - 22:13-
TAUBATE----------------------- 21/10/19 - 09:31-
********************************ARQUIVO*******************************
LETICIA FERREIRA DOS SANTOS@F@17/08/1996@(10) 20256-5434@HB20@XTY-4936@COTIA|LORENA|OSASCO|SAO JOSE DOS CAMPOS|SAO PAULO|SAO ROQUE|TAUBATE@05/05/19@21:17@145.94@4@#############################################################################################ALEXANDRE O CHEGA NE@F@18/12/1989@(92) 18546-5300@CELTA@PRW-3676@COTIA|JUNDIAI|OSASCO|RIO DE JANEIRO|SAO JOSE DOS CAMPOS|SAO PAULO|SAO ROQUE|SOROCABA|TAUBATE@15/02/19@08:30@052.09@3@##########################################################################GABRIEL O ANJO@F@17/03/1992@(07) 03521-8360@UNO@IAC-6097@COTIA|JUNDIAI|LORENA|OSASCO|RIO DE JANEIRO|SAO JOSE DOS CAMPOS|SAO PAULO|SAO ROQUE|SOROCABA|TAUBATE@04/02/19@04:14@118.11@2@###########################################################################MATHEUS LIMA@F@11/06/1997@(44) 61934-4483@ONIX@EFC-1557@LORENA|RIO DE JANEIRO@01/11/19@02:41@099.14@3@##########################################################################################################################################################PABLO PICASSO@F@03/06/1991@(24) 85447-6721@CIVIC@UDZ-6944@COTIA|LORENA|OSASCO|SAO JOSE DOS CAMPOS|SAO PAULO|SAO ROQUE|SOROCABA@08/03/19@00:22@149.58@2@#########################################################################################################MATEUS ALVES@F@08/07/1993@(57) 10188-1500@GOL@GJR-5540@COTIA|JUNDIAI|LORENA|OSASCO|RIO DE JANEIRO|SAO JOSE DOS CAMPOS|SAO PAULO|SOROCABA|TAUBATE@22/07/19@00:42@165.19@4@#######################################################################################TATIANA MONTEIRO@M@18/04/1996@(48) 53342-2410@CORSA@FWA-2667@COTIA|JUNDIAI|LORENA|OSASCO|SAO JOSE DOS CAMPOS|SAO ROQUE|SOROCABA@07/03/19@07:33@162.44@1@########################################################################################################ALEXANDRE O MAIS OU MENOS@F@10/01/1994@(79) 49535-9590@FIT@OTS-5417@COTIA|JUNDIAI|LORENA|OSASCO|RIO DE JANEIRO|SAO JOSE DOS CAMPOS|SAO PAULO|SAO ROQUE|SOROCABA|TAUBATE@21/10/19@09:31@186.59@3@################################################################ROBERT NORMAL@F@17/07/1999@(95) 35093-3388@TORO@TJN-6638@COTIA|JUNDIAI|LORENA|RIO DE JANEIRO|SAO PAULO|SAO ROQUE|SOROCABA@11/11/19@13:56@063.67@4@##############################################################################################################ALEXANDRE O CHEGA NE@M@15/04/1992@(07) 52732-4426@FIT@PQK-7570@RIO DE JANEIRO|SAO ROQUE@22/01/19@12:12@025.60@3@################################################################################################################################################LETICIA BASTOS@F@06/05/1996@(06) 60947-6030@TORO@SUX-1074@COTIA|LORENA|OSASCO|RIO DE JANEIRO@04/04/19@22:51@098.31@3@###########################################################################################################################################MATHEUS AUGUSTO@F@20/07/1989@(66) 73883-1633@CIVIC@UBV-7321@LORENA|RIO DE JANEIRO|SAO JOSE DOS CAMPOS|SAO PAULO|SAO ROQUE@04/12/19@18:02@051.53@3@##############################################################################################################BRUNA MARQUEZINE@M@13/11/1990@(24) 34041-8231@CIVIC@HNZ-1446@COTIA|OSASCO@04/06/19@13:30@170.82@2@##############################################################################################################################################################LETICIA FERREIRA DA SILVA@M@08/01/1994@(68) 95993-9538@CELTA@KUJ-3086@COTIA|JUNDIAI|LORENA|OSASCO|SAO JOSE DOS CAMPOS|SAO PAULO|SOROCABA|TAUBATE@04/09/19@15:29@035.50@1@#######################################################################################GABRIEL PENSADOR@M@25/02/1994@(51) 26613-5312@FIT@CHW-0007@COTIA|JUNDIAI|LORENA|OSASCO|RIO DE JANEIRO|SAO JOSE DOS CAMPOS|SAO PAULO|SOROCABA|TAUBATE@16/09/19@22:13@140.74@2@###################################################################################JULIA ANDRADE@M@18/06/1989@(61) 06903-2806@FIT@LCL-0114@COTIA|JUNDIAI|RIO DE JANEIRO@02/03/19@14:36@155.07@3@###################################################################################################################################################PABLO PICASSO@M@22/04/1994@(83) 04933-0699@CORSA@YPB-1490@JUNDIAI|LORENA|OSASCO|RIO DE JANEIRO|SAO JOSE DOS CAMPOS|SAO PAULO@26/11/19@08:13@103.55@3@###########################################################################################################GABRIELA ALVEZ@M@24/09/1997@(96) 55623-9483@CORSA@VIP-5133@COTIA|JUNDIAI|LORENA|OSASCO|SAO ROQUE@01/05/19@09:04@028.06@1@#######################################################################################################################################PABLO PICASSO@M@23/10/1995@(79) 18285-3053@UNO@JON-0764@COTIA|JUNDIAI|LORENA|OSASCO|RIO DE JANEIRO|SAO ROQUE@19/12/19@18:18@209.44@1@###########################################################################################################################TATIANA MONTEIRO@M@12/11/1999@(28) 80114-1453@COROLLA@LZT-4685@JUNDIAI|LORENA|SAO JOSE DOS CAMPOS@27/06/19@14:02@126.69@3@######################################################################################################################################ANA JULIA@F@19/04/1992@(56) 63224-3281@FIT@QTR-0630@JUNDIAI|LORENA|RIO DE JANEIRO|SAO JOSE DOS CAMPOS|SAO PAULO|SOROCABA@24/01/19@16:54@034.68@3@###############################################################################################################GABRIEL PENSADOR@F@21/12/1997@(18) 49998-3785@CORSA@HDV-1845@COTIA|JUNDIAI|LORENA|OSASCO|RIO DE JANEIRO|SAO JOSE DOS CAMPOS|SAO ROQUE|SOROCABA|TAUBATE@07/05/19@02:28@013.83@1@#################################################################################GABRIEL PENSADOR@F@26/08/1993@(30) 40459-4309@GOL@IKB-7695@COTIA|JUNDIAI|LORENA|OSASCO|SOROCABA@25/10/19@01:00@229.81@4@########################################################################################################################################JULIANA PAES@M@10/04/1997@(25) 48235-6937@CELTA@NID-5450@COTIA|OSASCO|RIO DE JANEIRO|SAO JOSE DOS CAMPOS|SAO ROQUE@03/12/19@20:24@032.90@4@#####################################################################################################################
***************************INDICE PRIMÁRIO****************************
002AOTS2110090007APQK2201120009##############T************
002MEFC0111020003MGJR2207000005##############T************
002APRW1502080001GCHW1609220014##############F000004011***
002PYPB2611080016RTJN1111130008##############T************
002AQTR2401160020BHNZ0406130012##############T************
001LSUX0404220010############################T************
003MUBV0412180011PUDZ0803000004TFWA0703070006F001009003010
002GIAC0402040002LXTY0505210000##############F002012006***
002GIKB2510010022GVIP0105090017##############T************
001PJON1912180018############################T************
001TLZT2706140019############################T************
001GHDV0705020021############################T************
002JLCL0203140015LKUJ0409150013##############F008013005***
001JNID0312200023############################T************
********************************ARQUIVO*******************************
LETICIA FERREIRA DOS SANTOS@F@17/08/1996@(10) 20256-5434@HB20@XTY-4936@COTIA|LORENA|OSASCO|SAO JOSE DOS CAMPOS|SAO PAULO|SAO ROQUE|TAUBATE@05/05/19@21:17@145.94@4@#############################################################################################ALEXANDRE O CHEGA NE@F@18/12/1989@(92) 18546-5300@CELTA@PRW-3676@COTIA|JUNDIAI|OSASCO|RIO DE JANEIRO|SAO JOSE DOS CAMPOS|SAO PAULO|SAO ROQUE|SOROCABA|TAUBATE@15/02/19@08:30@052.09@3@##########################################################################GABRIEL O ANJO@F@17/03/1992@(07) 03521-8360@UNO@IAC-6097@COTIA|JUNDIAI|LORENA|OSASCO|RIO DE JANEIRO|SAO JOSE DOS CAMPOS|SAO PAULO|SAO ROQUE|SOROCABA|TAUBATE@04/02/19@04:14@118.11@2@###########################################################################MATHEUS LIMA@F@11/06/1997@(44) 61934-4483@ONIX@EFC-1557@LORENA|RIO DE JANEIRO@01/11/19@02:41@099.14@3@##########################################################################################################################################################PABLO PICASSO@F@03/06/1991@(24) 85447-6721@CIVIC@UDZ-6944@COTIA|LORENA|OSASCO|SAO JOSE DOS CAMPOS|SAO PAULO|SAO ROQUE|SOROCABA@08/03/19@00:22@149.58@2@#########################################################################################################MATEUS ALVES@F@08/07/1993@(57) 10188-1500@GOL@GJR-5540@COTIA|JUNDIAI|LORENA|OSASCO|RIO DE JANEIRO|SAO JOSE DOS CAMPOS|SAO PAULO|SOROCABA|TAUBATE@22/07/19@00:42@165.19@4@#######################################################################################TATIANA MONTEIRO@M@18/04/1996@(48) 53342-2410@CORSA@FWA-2667@COTIA|JUNDIAI|LORENA|OSASCO|SAO JOSE DOS CAMPOS|SAO ROQUE|SOROCABA@07/03/19@07:33@162.44@1@########################################################################################################ALEXANDRE O MAIS OU MENOS@F@10/01/1994@(79) 49535-9590@FIT@OTS-5417@COTIA|JUNDIAI|LORENA|OSASCO|RIO DE JANEIRO|SAO JOSE DOS CAMPOS|SAO PAULO|SAO ROQUE|SOROCABA|TAUBATE@21/10/19@09:31@186.59@3@################################################################ROBERT NORMAL@F@17/07/1999@(95) 35093-3388@TORO@TJN-6638@COTIA|JUNDIAI|LORENA|RIO DE JANEIRO|SAO PAULO|SAO ROQUE|SOROCABA@11/11/19@13:56@063.67@4@##############################################################################################################ALEXANDRE O CHEGA NE@M@15/04/1992@(07) 52732-4426@FIT@PQK-7570@RIO DE JANEIRO|SAO ROQUE@22/01/19@12:12@025.60@3@################################################################################################################################################LETICIA BASTOS@F@06/05/1996@(06) 60947-6030@TORO@SUX-1074@COTIA|LORENA|OSASCO|RIO DE JANEIRO@04/04/19@22:51@098.31@3@###########################################################################################################################################MATHEUS AUGUSTO@F@20/07/1989@(66) 73883-1633@CIVIC@UBV-7321@LORENA|RIO DE JANEIRO|SAO JOSE DOS CAMPOS|SAO PAULO|SAO ROQUE@04/12/19@18:02@051.53@3@##############################################################################################################BRUNA MARQUEZINE@M@13/11/1990@(24) 34041-8231@CIVIC@HNZ-1446@COTIA|OSASCO@04/06/19@13:30@170.82@2@##############################################################################################################################################################LETICIA FERREIRA DA SILVA@M@08/01/1994@(68) 95993-9538@CELTA@KUJ-3086@COTIA|JUNDIAI|LORENA|OSASCO|SAO JOSE DOS CAMPOS|SAO PAULO|SOROCABA|TAUBATE@04/09/19@15:29@035.50@1@#######################################################################################GABRIEL PENSADOR@M@25/02/1994@(51) 26613-5312@FIT@CHW-0007@COTIA|JUNDIAI|LORENA|OSASCO|RIO DE JANEIRO|SAO JOSE DOS CAMPOS|SAO PAULO|SOROCABA|TAUBATE@16/09/19@22:13@140.74@2@###################################################################################JULIA ANDRADE@M@18/06/1989@(61) 06903-2806@FIT@LCL-0114@COTIA|JUNDIAI|RIO DE JANEIRO@02/03/19@14:36@155.07@3@###################################################################################################################################################PABLO PICASSO@M@22/04/1994@(83) 04933-0699@CORSA@YPB-1490@JUNDIAI|LORENA|OSASCO|RIO DE JANEIRO|SAO JOSE DOS CAMPOS|SAO PAULO@26/11/19@08:13@103.55@3@###########################################################################################################GABRIELA ALVEZ@M@24/09/1997@(96) 55623-9483@CORSA@VIP-5133@COTIA|JUNDIAI|LORENA|OSASCO|SAO ROQUE@01/05/19@09:04@028.06@1@#######################################################################################################################################PABLO PICASSO@M@23/10/1995@(79) 18285-3053@UNO@JON-0764@COTIA|JUNDIAI|LORENA|OSASCO|RIO DE JANEIRO|SAO ROQUE@19/12/19@18:18@209.44@1@###########################################################################################################################TATIANA MONTEIRO@M@12/11/1999@(28) 80114-1453@COROLLA@LZT-4685@JUNDIAI|LORENA|SAO JOSE DOS CAMPOS@27/06/19@14:02@126.69@3@######################################################################################################################################ANA JULIA@F@19/04/1992@(56) 63224-3281@FIT@QTR-0630@JUNDIAI|LORENA|RIO DE JANEIRO|SAO JOSE DOS CAMPOS|SAO PAULO|SOROCABA@24/01/19@16:54@034.68@3@###############################################################################################################GABRIEL PENSADOR@F@21/12/1997@(18) 49998-3785@CORSA@HDV-1845@COTIA|JUNDIAI|LORENA|OSASCO|RIO DE JANEIRO|SAO JOSE DOS CAMPOS|SAO ROQUE|SOROCABA|TAUBATE@07/05/19@02:28@013.83@1@#################################################################################GABRIEL PENSADOR@F@26/08/1993@(30) 40459-4309@GOL@IKB-7695@COTIA|JUNDIAI|LORENA|OSASCO|SOROCABA@25/10/19@01:00@229.81@4@########################################################################################################################################JULIANA PAES@M@10/04/1997@(25) 48235-6937@CELTA@NID-5450@COTIA|OSASCO|RIO DE JANEIRO|SAO JOSE DOS CAMPOS|SAO ROQUE@03/12/19@20:24@032.90@4@#####################################################################################################################
********************************LISTAR********************************
1 - GIAC040204, LXTY050521
2 - APRW150208, GCHW160922
3 - AOTS211009, APQK220112
3 - AQTR240116, BHNZ040613
3 - GHDV070502
2 - JLCL020314, LKUJ040915
3 - GIKB251001, GVIP010509
3 - JNID031220
3 - LSUX040422
2 - MUBV041218, PUDZ080300, TFWA070307
3 - MEFC011102, MGJR220700
3 - PJON191218
3 - PYPB261108, RTJN111113
3 - TLZT270614
********************************ALTERAR*******************************
OPERACAO REALIZADA COM SUCESSO!
********************************LISTAR********************************
OSASCO------------------------ 04/06/19 - 13:30-
RIO DE JANEIRO---------------- 02/03/19 - 14:36-
RIO DE JANEIRO---------------- 04/04/19 - 22:51-
RIO DE JANEIRO---------------- 01/11/19 - 02:41-
SAO JOSE DOS CAMPOS----------- 27/06/19 - 14:02-
SAO PAULO--------------------- 26/11/19 - 08:13-
SAO ROQUE--------------------- 22/01/19 - 12:12-
SAO ROQUE--------------------- 01/05/19 - 09:04-
SAO ROQUE--------------------- 03/12/19 - 20:24-
SAO ROQUE--------------------- 04/12/19 - 18:02-
SAO ROQUE--------------------- 19/12/19 - 18:18-
SOROCABA---------------------- 24/01/19 - 16:54-
SOROCABA---------------------- 07/03/19 - 07:33-
SOROCABA---------------------- 08/03/19 - 00:22-
SOROCABA---------------------- 25/10/19 - 01:00-
SOROCABA---------------------- 11/11/19 - 13:56-
TAUBATE----------------------- 04/02/19 - 04:14-
TAUBATE----------------------- 15/02/19 - 08:30-
TAUBATE----------------------- 05/05/19 - 21:17-
TAUBATE----------------------- 07/05/19 - 02:28-
TAUBATE----------------------- 22/07/19 - 00:42-
TAUBATE----------------------- 04/09/19 - 15:29-
TAUBATE----------------------- 16/09/19 - 22:13-
TAUBATE----------------------- 21/10/19 - 09:31-
********************************ARQUIVO*******************************
LETICIA FERREIRA DOS SANTOS@F@17/08/1996@(10) 20256-5434@HB20@XTY-4936@COTIA|LORENA|OSASCO|SAO JOSE DOS CAMPOS|SAO PAULO|SAO ROQUE|TAUBATE@05/05/19@21:17@145.94@4@#############################################################################################ALEXANDRE O CHEGA NE@F@18/12/1989@(92) 18546-5300@CELTA@PRW-3676@COTIA|JUNDIAI|OSASCO|RIO DE JANEIRO|SAO JOSE DOS CAMPOS|SAO PAULO|SAO ROQUE|SOROCABA|TAUBATE@15/02/19@08:30@052.09@3@##########################################################################GABRIEL O ANJO@F@17/03/1992@(07) 03521-8360@UNO@IAC-6097@COTIA|JUNDIAI|LORENA|OSASCO|RIO DE JANEIRO|SAO JOSE DOS CAMPOS|SAO PAULO|SAO ROQUE|SOROCABA|TAUBATE@04/02/19@04:14@118.11@2@###########################################################################MATHEUS LIMA@F@11/06/1997@(44) 61934-4483@ONIX@EFC-1557@LORENA|RIO DE JANEIRO@01/11/19@02:41@099.14@3@##########################################################################################################################################################PABLO PICASSO@F@03/06/1991@(24) 85447-6721@CIVIC@UDZ-6944@COTIA|LORENA|OSASCO|SAO JOSE DOS CAMPOS|SAO PAULO|SAO ROQUE|SOROCABA@08/03/19@00:22@149.58@2@#########################################################################################################MATEUS ALVES@F@08/07/1993@(57) 10188-1500@GOL@GJR-5540@COTIA|JUNDIAI|LORENA|OSASCO|RIO DE JANEIRO|SAO JOSE DOS CAMPOS|SAO PAULO|SOROCABA|TAUBATE@22/07/19@00:42@165.19@4@#######################################################################################TATIANA MONTEIRO@M@18/04/1996@(48) 53342-2410@CORSA@FWA-2667@COTIA|JUNDIAI|LORENA|OSASCO|SAO JOSE DOS CAMPOS|SAO ROQUE|SOROCABA@07/03/19@07:33@162.44@1@########################################################################################################ALEXANDRE O MAIS OU MENOS@F@10/01/1994@(79) 49535-9590@FIT@OTS-5417@COTIA|JUNDIAI|LORENA|OSASCO|RIO DE JANEIRO|SAO JOSE DOS CAMPOS|SAO PAULO|SAO ROQUE|SOROCABA|TAUBATE@21/10/19@09:31@186.59@3@################################################################ROBERT NORMAL@F@17/07/1999@(95) 35093-3388@TORO@TJN-6638@COTIA|JUNDIAI|LORENA|RIO DE JANEIRO|SAO PAULO|SAO ROQUE|SOROCABA@11/11/19@13:56@063.67@4@##############################################################################################################ALEXANDRE O CHEGA NE@M@15/04/1992@(07) 52732-4426@FIT@PQK-7570@RIO DE JANEIRO|SAO ROQUE@22/01/19@12:12@025.60@3@################################################################################################################################################LETICIA BASTOS@F@06/05/1996@(06) 60947-6030@TORO@SUX-1074@COTIA|LORENA|OSASCO|RIO DE JANEIRO@04/04/19@22:51@098.31@3@###########################################################################################################################################MATHEUS AUGUSTO@F@20/07/1989@(66) 73883-1633@CIVIC@UBV-7321@LORENA|RIO DE JANEIRO|SAO JOSE DOS CAMPOS|SAO PAULO|SAO ROQUE@04/12/19@18:02@051.53@3@##############################################################################################################BRUNA MARQUEZINE@M@13/11/1990@(24) 34041-8231@CIVIC@HNZ-1446@COTIA|OSASCO@04/06/19@13:30@170.82@2@##############################################################################################################################################################LETICIA FERREIRA DA SILVA@M@08/01/1994@(68) 95993-9538@CELTA@KUJ-3086@COTIA|JUNDIAI|LORENA|OSASCO|SAO JOSE DOS CAMPOS|SAO PAULO|SOROCABA|TAUBATE@04/09/19@15:29@035.50@1@#######################################################################################GABRIEL PENSADOR@M@25/02/1994@(51) 26613-5312@FIT@CHW-0007@COTIA|JUNDIAI|LORENA|OSASCO|RIO DE JANEIRO|SAO JOSE DOS CAMPOS|SAO PAULO|SOROCABA|TAUBATE@16/09/19@22:13@140.74@2@###################################################################################JULIA ANDRADE@M@18/06/1989@(61) 06903-2806@FIT@LCL-0114@COTIA|JUNDIAI|RIO DE JANEIRO@02/03/19@14:36@155.07@3@###################################################################################################################################################PABLO PICASSO@M@22/04/1994@(83) 04933-0699@CORSA@YPB-1490@JUNDIAI|LORENA|OSASCO|RIO DE JANEIRO|SAO JOSE DOS CAMPOS|SAO PAULO@26/11/19@08:13@103.55@3@###########################################################################################################GABRIELA ALVEZ@M@24/09/1997@(96) 55623-9483@CORSA@VIP-5133@COTIA|JUNDIAI|LORENA|OSASCO|SAO ROQUE@01/05/19@09:04@028.06@1@#######################################################################################################################################PABLO PICASSO@M@23/10/1995@(79) 18285-3053@UNO@JON-0764@COTIA|JUNDIAI|LORENA|OSASCO|RIO DE JANEIRO|SAO ROQUE@19/12/19@18:18@209.44@1@###########################################################################################################################TATIANA MONTEIRO@M@12/11/1999@(28) 80114-1453@COROLLA@LZT-4685@JUNDIAI|LORENA|SAO JOSE DOS CAMPOS@27/06/19@14:02@126.69@3@######################################################################################################################################ANA JULIA@F@19/04/1992@(56) 63224-3281@FIT@QTR-0630@JUNDIAI|LORENA|RIO DE JANEIRO|SAO JOSE DOS CAMPOS|SAO PAULO|SOROCABA@24/01/19@16:54@034.68@3@###############################################################################################################GABRIEL PENSADOR@F@21/12/1997@(18) 49998-3785@CORSA@HDV-1845@COTIA|JUNDIAI|LORENA|OSASCO|RIO DE JANEIRO|SAO JOSE DOS CAMPOS|SAO ROQUE|SOROCABA|TAUBATE@07/05/19@02:28@013.83@1@#################################################################################GABRIEL PENSADOR@F@26/08/1993@(30) 40459-4309@GOL@IKB-7695@COTIA|JUNDIAI|LORENA|OSASCO|SOROCABA@25/10/19@01:00@229.81@4@########################################################################################################################################JULIANA PAES@M@10/04/1997@(25) 48235-6937@CELTA@NID-5450@COTIA|OSASCO|RIO DE JANEIRO|SAO JOSE DOS CAMPOS|SAO ROQUE@03/12/19@20:24@032.90@4@#####################################################################################################################
***************************INDICE PRIMÁRIO****************************
002AOTS2110090007APQK2201120009##############T************
002MEFC0111020003MGJR2207000005##############T************
002APRW1502080001GCHW1609220014##############F000004011***
002PYPB2611080016RTJN1111130008##############T************
002AQTR2401160020BHNZ0406130012##############T************
001LSUX0404220010############################T************
003MUBV0412180011PUDZ0803000004TFWA0703070006F001009003010
002GIAC0402040002LXTY0505210000##############F002012006***
002GIKB2510010022GVIP0105090017##############T************
001PJON1912180018############################T************
001TLZT2706140019############################T************
001GHDV0705020021############################T************
002JLCL0203140015LKUJ0409150013##############F008013005***
001JNID0312200023############################T************
***************************INDICE PRIMÁRIO****************************
002AOTS2110090007APQK2201120009##############T************
002MEFC0111020003MGJR2207000005##############T************
002APRW1502080001GCHW1609220014##############F000004011***
002PYPB2611080016RTJN1111130008##############T************
002AQTR2401160020BHNZ0406130012##############T************
001LSUX0404220010############################T************
003MUBV0412180011PUDZ0803000004TFWA0703070006F001009003010
002GIAC0402040002LXTY0505210000##############F002012006***
002GIKB2510010022GVIP0105090017##############T************
001PJON1912180018############################T************
001TLZT2706140019############################T************
001GHDV0705020021############################T************
002JLCL0203140015LKUJ0409150013##############F008013005***
001JNID0312200023############################T************
***************************INDICE SECUNDÁRIO**************************
003BHNZ040613OSASCO$1906041330########################JLCL020314RIO DE JANEIRO$1903021436################LSUX040422RIO DE JANEIRO$1904042251###################################################################T***************
003APRW150208TAUBATE$1902150830#######################LXTY050521TAUBATE$1905052117#######################GHDV070502TAUBATE$1905070228##########################################################################T***************
002MEFC011102RIO DE JANEIRO$1911010241################GVIP010509SAO ROQUE$1905010904###########################################################################################################################F000004006******
003PUDZ080300SOROCABA$1903080022######################GIKB251001SOROCABA$1910250100######################RTJN111113SOROCABA$1911111356#########################################################################T***************
003TLZT270614SAO JOSE DOS CAMPOS$1906271402###########PYPB261108SAO PAULO$1911260813#####################APQK220112SAO ROQUE$1901221212########################################################################T***************
003LKUJ040915TAUBATE$1909041529#######################GCHW160922TAUBATE$1909162213#######################AOTS211009TAUBATE$1910210931##########################################################################T***************
004JNID031220SAO ROQUE$1912032024#####################MUBV041218SAO ROQUE$1912041802#####################PJON191218SAO ROQUE$1912191818#####################AQTR240116SOROCABA$1901241654######################T***************
002GIAC040204TAUBATE$1902040414#######################MGJR220700TAUBATE$1907220042#############################################################################################################################F003001005******
001TFWA070307SOROCABA$1903070733###############################################################################################################################################################################F002007*********
***************************INDICE SECUNDÁRIO**************************
003BHNZ040613OSASCO$1906041330########################JLCL020314RIO DE JANEIRO$1903021436################LSUX040422RIO DE JANEIRO$1904042251###################################################################T***************
003APRW150208TAUBATE$1902150830#######################LXTY050521TAUBATE$1905052117#######################GHDV070502TAUBATE$1905070228##########################################################################T***************
002MEFC011102RIO DE JANEIRO$1911010241################GVIP010509SAO ROQUE$1905010904###########################################################################################################################F000004006******
003PUDZ080300SOROCABA$1903080022######################GIKB251001SOROCABA$1910250100######################RTJN111113SOROCABA$1911111356#########################################################################T***************
003TLZT270614SAO JOSE DOS CAMPOS$1906271402###########PYPB261108SAO PAULO$1911260813#####################APQK220112SAO ROQUE$1901221212########################################################################T***************
003LKUJ040915TAUBATE$1909041529#######################GCHW160922TAUBATE$1909162213#######################AOTS211009TAUBATE$1910210931##########################################################################T***************
004JNID031220SAO ROQUE$1912032024#####################MUBV041218SAO ROQUE$1912041802#####################PJON191218SAO ROQUE$1912191818#####################AQTR240116SOROCABA$1901241654######################T***************
002GIAC040204TAUBATE$1902040414#######################MGJR220700TAUBATE$1907220042#############################################################################################################################F003001005******
001TFWA070307SOROCABA$1903070733###############################################################################################################################################################################F002007*********
