********************************LISTAR********************************
1 - APRW150208, GIAC040204, LXTY050521, PUDZ080300
2 - AOTS211009, APQK220112
2 - BHNZ040613, GCHW160922
2 - GVIP010509, JLCL020314, LKUJ040915, LSUX040422
2 - MEFC011102, MGJR220700, MUBV041218, PJON191218
2 - PYPB261108, RTJN111113, TFWA070307, TLZT270614
********************************LISTAR********************************
OSASCO------------------------ 04/06/19 - 13:30-
RIO DE JANEIRO---------------- 02/03/19 - 14:36-
RIO DE JANEIRO---------------- 04/04/19 - 22:51-
RIO DE JANEIRO---------------- 01/11/19 - 02:41-
SAO JOSE DOS CAMPOS----------- 27/06/19 - 14:02-
SAO PAULO--------------------- 26/11/19 - 08:13-
SAO ROQUE--------------------- 22/01/19 - 12:12-
SAO ROQUE--------------------- 01/05/19 - 09:04-
SAO ROQUE--------------------- 04/12/19 - 18:02-
SAO ROQUE--------------------- 19/12/19 - 18:18-
SOROCABA---------------------- 07/03/19 - 07:33-
SOROCABA---------------------- 08/03/19 - 00:22-
SOROCABA---------------------- 11/11/19 - 13:56-
TAUBATE----------------------- 04/02/19 - 04:14-
TAUBATE----------------------- 15/02/19 - 08:30-
TAUBATE----------------------- 05/05/19 - 21:17-
TAUBATE----------------------- 22/07/19 - 00:42-
TAUBATE----------------------- 04/09/19 - 15:29-
TAUBATE----------------------- 16/09/19 - 22:13-
TAUBATE----------------------- 21/10/19 - 09:31-
********************************ARQUIVO*******************************
LETICIA FERREIRA DOS SANTOS@F@17/08/1996@(10) 20256-5434@HB20@XTY-4936@COTIA|LORENA|OSASCO|SAO JOSE DOS CAMPOS|SAO PAULO|SAO ROQUE|TAUBATE@05/05/19@21:17@145.94@4@#############################################################################################ALEXANDRE O CHEGA NE@F@18/12/1989@(92) 18546-5300@CELTA@PRW-3676@COTIA|JUNDIAI|OSASCO|RIO DE JANEIRO|SAO JOSE DOS CAMPOS|SAO PAULO|SAO ROQUE|SOROCABA|TAUBATE@15/02/19@08:30@052.09@3@##########################################################################GABRIEL O ANJO@F@17/03/1992@(07) 03521-8360@UNO@IAC-6097@COTIA|JUNDIAI|LORENA|OSASCO|RIO DE JANEIRO|SAO JOSE DOS CAMPOS|SAO PAULO|SAO ROQUE|SOROCABA|TAUBATE@04/02/19@04:14@118.11@2@###########################################################################MATHEUS LIMA@F@11/06/1997@(44) 61934-4483@ONIX@EFC-1557@LORENA|RIO DE JANEIRO@01/11/19@02:41@099.14@1@##########################################################################################################################################################PABLO PICASSO@F@03/06/1991@(24) 85447-6721@CIVIC@UDZ-6944@COTIA|LORENA|OSASCO|SAO JOSE DOS CAMPOS|SAO PAULO|SAO ROQUE|SOROCABA@08/03/19@00:22@149.58@2@#########################################################################################################MATEUS ALVES@F@08/07/1993@(57) 10188-1500@GOL@GJR-5540@COTIA|JUNDIAI|LORENA|OSASCO|RIO DE JANEIRO|SAO JOSE DOS CAMPOS|SAO PAULO|SOROCABA|TAUBATE@22/07/19@00:42@165.19@4@#######################################################################################TATIANA MONTEIRO@M@18/04/1996@(48) 53342-2410@CORSA@FWA-2667@COTIA|JUNDIAI|LORENA|OSASCO|SAO JOSE DOS CAMPOS|SAO ROQUE|SOROCABA@07/03/19@07:33@162.44@1@########################################################################################################ALEXANDRE O MAIS OU MENOS@F@10/01/1994@(79) 49535-9590@FIT@OTS-5417@COTIA|JUNDIAI|LORENA|OSASCO|RIO DE JANEIRO|SAO JOSE DOS CAMPOS|SAO PAULO|SAO ROQUE|SOROCABA|TAUBATE@21/10/19@09:31@186.59@3@################################################################ROBERT NORMAL@F@17/07/1999@(95) 35093-3388@TORO@TJN-6638@COTIA|JUNDIAI|LORENA|RIO DE JANEIRO|SAO PAULO|SAO ROQUE|SOROCABA@11/11/19@13:56@063.67@4@##############################################################################################################ALEXANDRE O CHEGA NE@M@15/04/1992@(07) 52732-4426@FIT@PQK-7570@RIO DE JANEIRO|SAO ROQUE@22/01/19@12:12@025.60@3@################################################################################################################################################LETICIA BASTOS@F@06/05/1996@(06) 60947-6030@TORO@SUX-1074@COTIA|LORENA|OSASCO|RIO DE JANEIRO@04/04/19@22:51@098.31@3@###########################################################################################################################################MATHEUS AUGUSTO@F@20/07/1989@(66) 73883-1633@CIVIC@UBV-7321@LORENA|RIO DE JANEIRO|SAO JOSE DOS CAMPOS|SAO PAULO|SAO ROQUE@04/12/19@18:02@051.53@3@##############################################################################################################BRUNA MARQUEZINE@M@13/11/1990@(24) 34041-8231@CIVIC@HNZ-1446@COTIA|OSASCO@04/06/19@13:30@170.82@2@##############################################################################################################################################################LETICIA FERREIRA DA SILVA@M@08/01/1994@(68) 95993-9538@CELTA@KUJ-3086@COTIA|JUNDIAI|LORENA|OSASCO|SAO JOSE DOS CAMPOS|SAO PAULO|SOROCABA|TAUBATE@04/09/19@15:29@035.50@1@#######################################################################################GABRIEL PENSADOR@M@25/02/1994@(51) 26613-5312@FIT@CHW-0007@COTIA|JUNDIAI|LORENA|OSASCO|RIO DE JANEIRO|SAO JOSE DOS CAMPOS|SAO PAULO|SOROCABA|TAUBATE@16/09/19@22:13@140.74@2@###################################################################################JULIA ANDRADE@M@18/06/1989@(61) 06903-2806@FIT@LCL-0114@COTIA|JUNDIAI|RIO DE JANEIRO@02/03/19@14:36@155.07@3@###################################################################################################################################################PABLO PICASSO@M@22/04/1994@(83) 04933-0699@CORSA@YPB-1490@JUNDIAI|LORENA|OSASCO|RIO DE JANEIRO|SAO JOSE DOS CAMPOS|SAO PAULO@26/11/19@08:13@103.55@3@###########################################################################################################GABRIELA ALVEZ@M@24/09/1997@(96) 55623-9483@CORSA@VIP-5133@COTIA|JUNDIAI|LORENA|OSASCO|SAO ROQUE@01/05/19@09:04@028.06@1@#######################################################################################################################################PABLO PICASSO@M@23/10/1995@(79) 18285-3053@UNO@JON-0764@COTIA|JUNDIAI|LORENA|OSASCO|RIO DE JANEIRO|SAO ROQUE@19/12/19@18:18@209.44@1@###########################################################################################################################TATIANA MONTEIRO@M@12/11/1999@(28) 80114-1453@COROLLA@LZT-4685@JUNDIAI|LORENA|SAO JOSE DOS CAMPOS@27/06/19@14:02@126.69@3@######################################################################################################################################
***************************INDICE PRIMÁRIO****************************
002AOTS2110090007APQK2201120009############################T***************
004MEFC0111020003MGJR2207000005MUBV0412180011PJON1912180018T***************
004APRW1502080001GIAC0402040002LXTY0505210000PUDZ0803000004F000004005001003
004PYPB2611080016RTJN1111130008TFWA0703070006TLZT2706140019T***************
002BHNZ0406130012GCHW1609220014############################T***************
004GVIP0105090017JLCL0203140015LKUJ0409150013LSUX0404220010T***************
***************************INDICE SECUNDÁRIO**************************
002BHNZ040613OSASCO$1906041330########################JLCL020314RIO DE JANEIRO$1903021436###################################################################T************
002LXTY050521TAUBATE$1905052117#######################MGJR220700TAUBATE$1907220042##########################################################################T************
002LSUX040422RIO DE JANEIRO$1904042251################APQK220112SAO ROQUE$1901221212########################################################################F000008004***
002RTJN111113SOROCABA$1911111356######################GIAC040204TAUBATE$1902040414##########################################################################T************
002GVIP010509SAO ROQUE$1905010904#####################MUBV041218SAO ROQUE$1912041802########################################################################T************
002GCHW160922TAUBATE$1909162213#######################AOTS211009TAUBATE$1910210931##########################################################################T************
001LKUJ040915TAUBATE$1909041529#############################################################################################################################F001005******
002PJON191218SAO ROQUE$1912191818#####################APRW150208TAUBATE$1902150830##########################################################################F002010006***
003MEFC011102RIO DE JANEIRO$1911010241################TLZT270614SAO JOSE DOS CAMPOS$1906271402###########PYPB261108SAO PAULO$1911260813#####################T************
001TFWA070307SOROCABA$1903070733############################################################################################################################T************
001PUDZ080300SOROCABA$1903080022############################################################################################################################F009003******
********************************BUSCAR********************************
Busca por AOTS211009. Nos percorridos:
APRW150208, GIAC040204, LXTY050521, PUDZ080300
AOTS211009, APQK220112

AOTS211009
ALEXANDRE O MAIS OU MENOS
F
10/01/1994
(79) 49535-9590
FIT
OTS-5417
21/10/19
09:31
186.59
3
COTIA, JUNDIAI, LORENA, OSASCO, RIO DE JANEIRO, SAO JOSE DOS CAMPOS, SAO PAULO, SAO ROQUE, SOROCABA, TAUBATE
********************************BUSCAR********************************
Busca por SOROCABA$1909221754.
Nos percorridos:
SAO ROQUE$1912191818, TAUBATE$1902150830
SOROCABA$1903080022
SOROCABA$1909221754, SOROCABA$1911111356, TAUBATE$1902040414

PAZP220917
PABLO ESCOBAR
F
24/11/1994
(54) 81721-4769
GOL
AZP-2518
22/09/19
17:54
048.97
2
JUNDIAI, RIO DE JANEIRO, SAO JOSE DOS CAMPOS, SOROCABA
********************************BUSCAR********************************
Busca por PAZP220917. Nos percorridos:
LXTY050521
MUBV041218, PUDZ080300
PAZP220917, PJON191218

PAZP220917
PABLO ESCOBAR
F
24/11/1994
(54) 81721-4769
GOL
AZP-2518
22/09/19
17:54
048.97
2
JUNDIAI, RIO DE JANEIRO, SAO JOSE DOS CAMPOS, SOROCABA
********************************ALTERAR*******************************
OPERACAO REALIZADA COM SUCESSO!
********************************BUSCAR********************************
Busca por PAZP220917. Nos percorridos:
LXTY050521
MUBV041218, PUDZ080300
PAZP220917, PJON191218

PAZP220917
PABLO ESCOBAR
F
24/11/1994
(54) 81721-4769
GOL
AZP-2518
22/09/19
17:54
048.97
7
JUNDIAI, RIO DE JANEIRO, SAO JOSE DOS CAMPOS, SOROCABA
********************************BUSCAR********************************
Busca por SOROCABA$1909221754.
Nos percorridos:
SAO ROQUE$1912191818, TAUBATE$1902150830
SOROCABA$1903080022
SOROCABA$1909221754, SOROCABA$1911111356, TAUBATE$1902040414

PAZP220917
PABLO ESCOBAR
F
24/11/1994
(54) 81721-4769
GOL
AZP-2518
22/09/19
17:54
048.97
7
JUNDIAI, RIO DE JANEIRO, SAO JOSE DOS CAMPOS, SOROCABA
***************************INDICE PRIMÁRIO****************************
002AOTS2110090007APQK2201120009############################T***************
002MEFC0111020003MGJR2207000005############################T***************
002APRW1502080001GIAC0402040002############################F000004005******
004PYPB2611080016RTJN1111130008TFWA0703070006TLZT2706140019T***************
002BHNZ0406130012GCHW1609220014############################T***************
004GVIP0105090017JLCL0203140015LKUJ0409150013LSUX0404220010T***************
002PAZP2209170020PJON1912180018############################T***************
002MUBV0412180011PUDZ0803000004############################F001006003******
001LXTY0505210000##########################################F002007*********
***************************INDICE SECUNDÁRIO**************************
002BHNZ040613OSASCO$1906041330########################JLCL020314RIO DE JANEIRO$1903021436###################################################################T************
002LXTY050521TAUBATE$1905052117#######################MGJR220700TAUBATE$1907220042##########################################################################T************
002LSUX040422RIO DE JANEIRO$1904042251################APQK220112SAO ROQUE$1901221212########################################################################F000008004***
003PAZP220917SOROCABA$1909221754######################RTJN111113SOROCABA$1911111356######################GIAC040204TAUBATE$1902040414#######################T************
002GVIP010509SAO ROQUE$1905010904#####################MUBV041218SAO ROQUE$1912041802########################################################################T************
002GCHW160922TAUBATE$1909162213#######################AOTS211009TAUBATE$1910210931##########################################################################T************
001LKUJ040915TAUBATE$1909041529#############################################################################################################################F001005******
002PJON191218SAO ROQUE$1912191818#####################APRW150208TAUBATE$1902150830##########################################################################F002010006***
003MEFC011102RIO DE JANEIRO$1911010241################TLZT270614SAO JOSE DOS CAMPOS$1906271402###########PYPB261108SAO PAULO$1911260813#####################T************
001TFWA070307SOROCABA$1903070733############################################################################################################################T************
001PUDZ080300SOROCABA$1903080022############################################################################################################################F009003******
********************************ARQUIVO*******************************
LETICIA FERREIRA DOS SANTOS@F@17/08/1996@(10) 20256-5434@HB20@XTY-4936@COTIA|LORENA|OSASCO|SAO JOSE DOS CAMPOS|SAO PAULO|SAO ROQUE|TAUBATE@05/05/19@21:17@145.94@4@#############################################################################################ALEXANDRE O CHEGA NE@F@18/12/1989@(92) 18546-5300@CELTA@PRW-3676@COTIA|JUNDIAI|OSASCO|RIO DE JANEIRO|SAO JOSE DOS CAMPOS|SAO PAULO|SAO ROQUE|SOROCABA|TAUBATE@15/02/19@08:30@052.09@3@##########################################################################GABRIEL O ANJO@F@17/03/1992@(07) 03521-8360@UNO@IAC-6097@COTIA|JUNDIAI|LORENA|OSASCO|RIO DE JANEIRO|SAO JOSE DOS CAMPOS|SAO PAULO|SAO ROQUE|SOROCABA|TAUBATE@04/02/19@04:14@118.11@2@###########################################################################MATHEUS LIMA@F@11/06/1997@(44) 61934-4483@ONIX@EFC-1557@LORENA|RIO DE JANEIRO@01/11/19@02:41@099.14@1@##########################################################################################################################################################PABLO PICASSO@F@03/06/1991@(24) 85447-6721@CIVIC@UDZ-6944@COTIA|LORENA|OSASCO|SAO JOSE DOS CAMPOS|SAO PAULO|SAO ROQUE|SOROCABA@08/03/19@00:22@149.58@2@#########################################################################################################MATEUS ALVES@F@08/07/1993@(57) 10188-1500@GOL@GJR-5540@COTIA|JUNDIAI|LORENA|OSASCO|RIO DE JANEIRO|SAO JOSE DOS CAMPOS|SAO PAULO|SOROCABA|TAUBATE@22/07/19@00:42@165.19@4@#######################################################################################TATIANA MONTEIRO@M@18/04/1996@(48) 53342-2410@CORSA@FWA-2667@COTIA|JUNDIAI|LORENA|OSASCO|SAO JOSE DOS CAMPOS|SAO ROQUE|SOROCABA@07/03/19@07:33@162.44@1@########################################################################################################ALEXANDRE O MAIS OU MENOS@F@10/01/1994@(79) 49535-9590@FIT@OTS-5417@COTIA|JUNDIAI|LORENA|OSASCO|RIO DE JANEIRO|SAO JOSE DOS CAMPOS|SAO PAULO|SAO ROQUE|SOROCABA|TAUBATE@21/10/19@09:31@186.59@3@################################################################ROBERT NORMAL@F@17/07/1999@(95) 35093-3388@TORO@TJN-6638@COTIA|JUNDIAI|LORENA|RIO DE JANEIRO|SAO PAULO|SAO ROQUE|SOROCABA@11/11/19@13:56@063.67@4@##############################################################################################################ALEXANDRE O CHEGA NE@M@15/04/1992@(07) 52732-4426@FIT@PQK-7570@RIO DE JANEIRO|SAO ROQUE@22/01/19@12:12@025.60@3@################################################################################################################################################LETICIA BASTOS@F@06/05/1996@(06) 60947-6030@TORO@SUX-1074@COTIA|LORENA|OSASCO|RIO DE JANEIRO@04/04/19@22:51@098.31@3@###########################################################################################################################################MATHEUS AUGUSTO@F@20/07/1989@(66) 73883-1633@CIVIC@UBV-7321@LORENA|RIO DE JANEIRO|SAO JOSE DOS CAMPOS|SAO PAULO|SAO ROQUE@04/12/19@18:02@051.53@3@##############################################################################################################BRUNA MARQUEZINE@M@13/11/1990@(24) 34041-8231@CIVIC@HNZ-1446@COTIA|OSASCO@04/06/19@13:30@170.82@2@##############################################################################################################################################################LETICIA FERREIRA DA SILVA@M@08/01/1994@(68) 95993-9538@CELTA@KUJ-3086@COTIA|JUNDIAI|LORENA|OSASCO|SAO JOSE DOS CAMPOS|SAO PAULO|SOROCABA|TAUBATE@04/09/19@15:29@035.50@1@#######################################################################################GABRIEL PENSADOR@M@25/02/1994@(51) 26613-5312@FIT@CHW-0007@COTIA|JUNDIAI|LORENA|OSASCO|RIO DE JANEIRO|SAO JOSE DOS CAMPOS|SAO PAULO|SOROCABA|TAUBATE@16/09/19@22:13@140.74@2@###################################################################################JULIA ANDRADE@M@18/06/1989@(61) 06903-2806@FIT@LCL-0114@COTIA|JUNDIAI|RIO DE JANEIRO@02/03/19@14:36@155.07@3@###################################################################################################################################################PABLO PICASSO@M@22/04/1994@(83) 04933-0699@CORSA@YPB-1490@JUNDIAI|LORENA|OSASCO|RIO DE JANEIRO|SAO JOSE DOS CAMPOS|SAO PAULO@26/11/19@08:13@103.55@3@###########################################################################################################GABRIELA ALVEZ@M@24/09/1997@(96) 55623-9483@CORSA@VIP-5133@COTIA|JUNDIAI|LORENA|OSASCO|SAO ROQUE@01/05/19@09:04@028.06@1@#######################################################################################################################################PABLO PICASSO@M@23/10/1995@(79) 18285-3053@UNO@JON-0764@COTIA|JUNDIAI|LORENA|OSASCO|RIO DE JANEIRO|SAO ROQUE@19/12/19@18:18@209.44@1@###########################################################################################################################TATIANA MONTEIRO@M@12/11/1999@(28) 80114-1453@COROLLA@LZT-4685@JUNDIAI|LORENA|SAO JOSE DOS CAMPOS@27/06/19@14:02@126.69@3@######################################################################################################################################PABLO ESCOBAR@F@24/11/1994@(54) 81721-4769@GOL@AZP-2518@JUNDIAI|RIO DE JANEIRO|SAO JOSE DOS CAMPOS|SOROCABA@22/09/19@17:54@048.97@7@############################################################################################################################
***************************INDICE PRIMÁRIO****************************
002AOTS2110090007APQK2201120009############################T***************
002MEFC0111020003MGJR2207000005############################T***************
002APRW1502080001GIAC0402040002############################F000004005******
004PYPB2611080016RTJN1111130008TFWA0703070006TLZT2706140019T***************
002BHNZ0406130012GCHW1609220014############################T***************
004GVIP0105090017JLCL0203140015LKUJ0409150013LSUX0404220010T***************
002PAZP2209170020PJON1912180018############################T***************
002MUBV0412180011PUDZ0803000004############################F001006003******
001LXTY0505210000##########################################F002007*********
********************************ARQUIVO*******************************
LETICIA FERREIRA DOS SANTOS@F@17/08/1996@(10) 20256-5434@HB20@XTY-4936@COTIA|LORENA|OSASCO|SAO JOSE DOS CAMPOS|SAO PAULO|SAO ROQUE|TAUBATE@05/05/19@21:17@145.94@4@#############################################################################################ALEXANDRE O CHEGA NE@F@18/12/1989@(92) 18546-5300@CELTA@PRW-3676@COTIA|JUNDIAI|OSASCO|RIO DE JANEIRO|SAO JOSE DOS CAMPOS|SAO PAULO|SAO ROQUE|SOROCABA|TAUBATE@15/02/19@08:30@052.09@3@##########################################################################GABRIEL O ANJO@F@17/03/1992@(07) 03521-8360@UNO@IAC-6097@COTIA|JUNDIAI|LORENA|OSASCO|RIO DE JANEIRO|SAO JOSE DOS CAMPOS|SAO PAULO|SAO ROQUE|SOROCABA|TAUBATE@04/02/19@04:14@118.11@2@###########################################################################MATHEUS LIMA@F@11/06/1997@(44) 61934-4483@ONIX@EFC-1557@LORENA|RIO DE JANEIRO@01/11/19@02:41@099.14@1@##########################################################################################################################################################PABLO PICASSO@F@03/06/1991@(24) 85447-6721@CIVIC@UDZ-6944@COTIA|LORENA|OSASCO|SAO JOSE DOS CAMPOS|SAO PAULO|SAO ROQUE|SOROCABA@08/03/19@00:22@149.58@2@#########################################################################################################MATEUS ALVES@F@08/07/1993@(57) 10188-1500@GOL@GJR-5540@COTIA|JUNDIAI|LORENA|OSASCO|RIO DE JANEIRO|SAO JOSE DOS CAMPOS|SAO PAULO|SOROCABA|TAUBATE@22/07/19@00:42@165.19@4@#######################################################################################TATIANA MONTEIRO@M@18/04/1996@(48) 53342-2410@CORSA@FWA-2667@COTIA|JUNDIAI|LORENA|OSASCO|SAO JOSE DOS CAMPOS|SAO ROQUE|SOROCABA@07/03/19@07:33@162.44@1@########################################################################################################ALEXANDRE O MAIS OU MENOS@F@10/01/1994@(79) 49535-9590@FIT@OTS-5417@COTIA|JUNDIAI|LORENA|OSASCO|RIO DE JANEIRO|SAO JOSE DOS CAMPOS|SAO PAULO|SAO ROQUE|SOROCABA|TAUBATE@21/10/19@09:31@186.59@3@################################################################ROBERT NORMAL@F@17/07/1999@(95) 35093-3388@TORO@TJN-6638@COTIA|JUNDIAI|LORENA|RIO DE JANEIRO|SAO PAULO|SAO ROQUE|SOROCABA@11/11/19@13:56@063.67@4@##############################################################################################################ALEXANDRE O CHEGA NE@M@15/04/1992@(07) 52732-4426@FIT@PQK-7570@RIO DE JANEIRO|SAO ROQUE@22/01/19@12:12@025.60@3@################################################################################################################################################LETICIA BASTOS@F@06/05/1996@(06) 60947-6030@TORO@SUX-1074@COTIA|LORENA|OSASCO|RIO DE JANEIRO@04/04/19@22:51@098.31@3@###########################################################################################################################################MATHEUS AUGUSTO@F@20/07/1989@(66) 73883-1633@CIVIC@UBV-7321@LORENA|RIO DE JANEIRO|SAO JOSE DOS CAMPOS|SAO PAULO|SAO ROQUE@04/12/19@18:02@051.53@3@##############################################################################################################BRUNA MARQUEZINE@M@13/11/1990@(24) 34041-8231@CIVIC@HNZ-1446@COTIA|OSASCO@04/06/19@13:30@170.82@2@##############################################################################################################################################################LETICIA FERREIRA DA SILVA@M@08/01/1994@(68) 95993-9538@CELTA@KUJ-3086@COTIA|JUNDIAI|LORENA|OSASCO|SAO JOSE DOS CAMPOS|SAO PAULO|SOROCABA|TAUBATE@04/09/19@15:29@035.50@1@#######################################################################################GABRIEL PENSADOR@M@25/02/1994@(51) 26613-5312@FIT@CHW-0007@COTIA|JUNDIAI|LORENA|OSASCO|RIO DE JANEIRO|SAO JOSE DOS CAMPOS|SAO PAULO|SOROCABA|TAUBATE@16/09/19@22:13@140.74@2@###################################################################################JULIA ANDRADE@M@18/06/1989@(61) 06903-2806@FIT@LCL-0114@COTIA|JUNDIAI|RIO DE JANEIRO@02/03/19@14:36@155.07@3@###################################################################################################################################################PABLO PICASSO@M@22/04/1994@(83) 04933-0699@CORSA@YPB-1490@JUNDIAI|LORENA|OSASCO|RIO DE JANEIRO|SAO JOSE DOS CAMPOS|SAO PAULO@26/11/19@08:13@103.55@3@###########################################################################################################GABRIELA ALVEZ@M@24/09/1997@(96) 55623-9483@CORSA@VIP-5133@COTIA|JUNDIAI|LORENA|OSASCO|SAO ROQUE@01/05/19@09:04@028.06@1@#######################################################################################################################################PABLO PICASSO@M@23/10/1995@(79) 18285-3053@UNO@JON-0764@COTIA|JUNDIAI|LORENA|OSASCO|RIO DE JANEIRO|SAO ROQUE@19/12/19@18:18@209.44@1@###########################################################################################################################TATIANA MONTEIRO@M@12/11/1999@(28) 80114-1453@COROLLA@LZT-4685@JUNDIAI|LORENA|SAO JOSE DOS CAMPOS@27/06/19@14:02@126.69@3@######################################################################################################################################PABLO ESCOBAR@F@24/11/1994@(54) 81721-4769@GOL@AZP-2518@JUNDIAI|RIO DE JANEIRO|SAO JOSE DOS CAMPOS|SOROCABA@22/09/19@17:54@048.97@7@############################################################################################################################
********************************BUSCAR********************************
Busca por OSASCO$1909221754.
Nos percorridos:
SAO ROQUE$1912191818, TAUBATE$1902150830
RIO DE JANEIRO$1904042251, SAO ROQUE$1901221212
OSASCO$1906041330, RIO DE JANEIRO$1903021436

Registro(s) nao encontrado!
***************************INDICE PRIMÁRIO****************************
002AOTS2110090007APQK2201120009############################T***************
002MEFC0111020003MGJR2207000005############################T***************
002APRW1502080001GIAC0402040002############################F000004005******
004PYPB2611080016RTJN1111130008TFWA0703070006TLZT2706140019T***************
002BHNZ0406130012GCHW1609220014############################T***************
004GVIP0105090017JLCL0203140015LKUJ0409150013LSUX0404220010T***************
002PAZP2209170020PJON1912180018############################T***************
002MUBV0412180011PUDZ0803000004############################F001006003******
001LXTY0505210000##########################################F002007*********
********************************LISTAR********************************
OSASCO------------------------ 04/06/19 - 13:30-
RIO DE JANEIRO---------------- 02/03/19 - 14:36-
RIO DE JANEIRO---------------- 04/04/19 - 22:51-
RIO DE JANEIRO---------------- 01/11/19 - 02:41-
SAO JOSE DOS CAMPOS----------- 27/06/19 - 14:02-
SAO PAULO--------------------- 26/11/19 - 08:13-
SAO ROQUE--------------------- 22/01/19 - 12:12-
SAO ROQUE--------------------- 01/05/19 - 09:04-
SAO ROQUE--------------------- 04/12/19 - 18:02-
SAO ROQUE--------------------- 19/12/19 - 18:18-
SOROCABA---------------------- 07/03/19 - 07:33-
SOROCABA---------------------- 08/03/19 - 00:22-
SOROCABA---------------------- 22/09/19 - 17:54-
SOROCABA---------------------- 11/11/19 - 13:56-
TAUBATE----------------------- 04/02/19 - 04:14-
TAUBATE----------------------- 15/02/19 - 08:30-
TAUBATE----------------------- 05/05/19 - 21:17-
TAUBATE----------------------- 22/07/19 - 00:42-
TAUBATE----------------------- 04/09/19 - 15:29-
TAUBATE----------------------- 16/09/19 - 22:13-
TAUBATE----------------------- 21/10/19 - 09:31-
********************************ALTERAR*******************************
Registro(s) nao encontrado!
FALHA AO REALIZAR OPERACAO!
********************************BUSCAR********************************
Busca por TFWA070307. Nos percorridos:
LXTY050521
MUBV041218, PUDZ080300
PYPB261108, RTJN111113, TFWA070307, TLZT270614

TFWA070307
TATIANA MONTEIRO
M
18/04/1996
(48) 53342-2410
CORSA
FWA-2667
07/03/19
07:33
162.44
1
COTIA, JUNDIAI, LORENA, OSASCO, SAO JOSE DOS CAMPOS, SAO ROQUE, SOROCABA
********************************ARQUIVO*******************************
LETICIA FERREIRA DOS SANTOS@F@17/08/1996@(10) 20256-5434@HB20@XTY-4936@COTIA|LORENA|OSASCO|SAO JOSE DOS CAMPOS|SAO PAULO|SAO ROQUE|TAUBATE@05/05/19@21:17@145.94@4@#############################################################################################ALEXANDRE O CHEGA NE@F@18/12/1989@(92) 18546-5300@CELTA@PRW-3676@COTIA|JUNDIAI|OSASCO|RIO DE JANEIRO|SAO JOSE DOS CAMPOS|SAO PAULO|SAO ROQUE|SOROCABA|TAUBATE@15/02/19@08:30@052.09@3@##########################################################################GABRIEL O ANJO@F@17/03/1992@(07) 03521-8360@UNO@IAC-6097@COTIA|JUNDIAI|LORENA|OSASCO|RIO DE JANEIRO|SAO JOSE DOS CAMPOS|SAO PAULO|SAO ROQUE|SOROCABA|TAUBATE@04/02/19@04:14@118.11@2@###########################################################################MATHEUS LIMA@F@11/06/1997@(44) 61934-4483@ONIX@EFC-1557@LORENA|RIO DE JANEIRO@01/11/19@02:41@099.14@1@##########################################################################################################################################################PABLO PICASSO@F@03/06/1991@(24) 85447-6721@CIVIC@UDZ-6944@COTIA|LORENA|OSASCO|SAO JOSE DOS CAMPOS|SAO PAULO|SAO ROQUE|SOROCABA@08/03/19@00:22@149.58@2@#########################################################################################################MATEUS ALVES@F@08/07/1993@(57) 10188-1500@GOL@GJR-5540@COTIA|JUNDIAI|LORENA|OSASCO|RIO DE JANEIRO|SAO JOSE DOS CAMPOS|SAO PAULO|SOROCABA|TAUBATE@22/07/19@00:42@165.19@4@#######################################################################################TATIANA MONTEIRO@M@18/04/1996@(48) 53342-2410@CORSA@FWA-2667@COTIA|JUNDIAI|LORENA|OSASCO|SAO JOSE DOS CAMPOS|SAO ROQUE|SOROCABA@07/03/19@07:33@162.44@1@########################################################################################################ALEXANDRE O MAIS OU MENOS@F@10/01/1994@(79) 49535-9590@FIT@OTS-5417@COTIA|JUNDIAI|LORENA|OSASCO|RIO DE JANEIRO|SAO JOSE DOS CAMPOS|SAO PAULO|SAO ROQUE|SOROCABA|TAUBATE@21/10/19@09:31@186.59@3@################################################################ROBERT NORMAL@F@17/07/1999@(95) 35093-3388@TORO@TJN-6638@COTIA|JUNDIAI|LORENA|RIO DE JANEIRO|SAO PAULO|SAO ROQUE|SOROCABA@11/11/19@13:56@063.67@4@##############################################################################################################ALEXANDRE O CHEGA NE@M@15/04/1992@(07) 52732-4426@FIT@PQK-7570@RIO DE JANEIRO|SAO ROQUE@22/01/19@12:12@025.60@3@################################################################################################################################################LETICIA BASTOS@F@06/05/1996@(06) 60947-6030@TORO@SUX-1074@COTIA|LORENA|OSASCO|RIO DE JANEIRO@04/04/19@22:51@098.31@3@###########################################################################################################################################MATHEUS AUGUSTO@F@20/07/1989@(66) 73883-1633@CIVIC@UBV-7321@LORENA|RIO DE JANEIRO|SAO JOSE DOS CAMPOS|SAO PAULO|SAO ROQUE@04/12/19@18:02@051.53@3@##############################################################################################################BRUNA MARQUEZINE@M@13/11/1990@(24) 34041-8231@CIVIC@HNZ-1446@COTIA|OSASCO@04/06/19@13:30@170.82@2@##############################################################################################################################################################LETICIA FERREIRA DA SILVA@M@08/01/1994@(68) 95993-9538@CELTA@KUJ-3086@COTIA|JUNDIAI|LORENA|OSASCO|SAO JOSE DOS CAMPOS|SAO PAULO|SOROCABA|TAUBATE@04/09/19@15:29@035.50@1@#######################################################################################GABRIEL PENSADOR@M@25/02/1994@(51) 26613-5312@FIT@CHW-0007@COTIA|JUNDIAI|LORENA|OSASCO|RIO DE JANEIRO|SAO JOSE DOS CAMPOS|SAO PAULO|SOROCABA|TAUBATE@16/09/19@22:13@140.74@2@###################################################################################JULIA ANDRADE@M@18/06/1989@(61) 06903-2806@FIT@LCL-0114@COTIA|JUNDIAI|RIO DE JANEIRO@02/03/19@14:36@155.07@3@###################################################################################################################################################PABLO PICASSO@M@22/04/1994@(83) 04933-0699@CORSA@YPB-1490@JUNDIAI|LORENA|OSASCO|RIO DE JANEIRO|SAO JOSE DOS CAMPOS|SAO PAULO@26/11/19@08:13@103.55@3@###########################################################################################################GABRIELA ALVEZ@M@24/09/1997@(96) 55623-9483@CORSA@VIP-5133@COTIA|JUNDIAI|LORENA|OSASCO|SAO ROQUE@01/05/19@09:04@028.06@1@#######################################################################################################################################PABLO PICASSO@M@23/10/1995@(79) 18285-3053@UNO@JON-0764@COTIA|JUNDIAI|LORENA|OSASCO|RIO DE JANEIRO|SAO ROQUE@19/12/19@18:18@209.44@1@###########################################################################################################################TATIANA MONTEIRO@M@12/11/1999@(28) 80114-1453@COROLLA@LZT-4685@JUNDIAI|LORENA|SAO JOSE DOS CAMPOS@27/06/19@14:02@126.69@3@######################################################################################################################################PABLO ESCOBAR@F@24/11/1994@(54) 81721-4769@GOL@AZP-2518@JUNDIAI|RIO DE JANEIRO|SAO JOSE DOS CAMPOS|SOROCABA@22/09/19@17:54@048.97@7@############################################################################################################################MATHEUS AUGUSTO@M@20/06/1991@(54) 08325-8009@HB20@TSF-5671@COTIA|JUNDIAI|LORENA|OSASCO|RIO DE JANEIRO|SAO PAULO|SAO ROQUE|SOROCABA|TAUBATE@03/06/19@03:07@109.13@4@#############################################################################################ALEXANDRE O MIXURUCA@M@17/11/1992@(00) 01889-6518@FOX@CTZ-9574@JUNDIAI|OSASCO|RIO DE JANEIRO|SAO ROQUE|TAUBATE@23/01/19@08:27@086.92@4@#########################################################################################################################
***************************INDICE PRIMÁRIO****************************
003ACTZ2301080022AOTS2110090007APQK2201120009##############T***************
003MEFC0111020003MGJR2207000005MTSF0306030021##############T***************
003APRW1502080001GIAC0402040002JLCL0203140015##############F000004005009***
004PYPB2611080016RTJN1111130008TFWA0703070006TLZT2706140019T***************
002BHNZ0406130012GCHW1609220014############################T***************
002GVIP0105090017JJOZ0410170023############################T***************
002PAZP2209170020PJON1912180018############################T***************
002MUBV0412180011PUDZ0803000004############################F001006003******
001LXTY0505210000##########################################F002007*********
002LKUJ0409150013LSUX0404220010############################T***************
********************************LISTAR********************************
OSASCO------------------------ 04/06/19 - 13:30-
RIO DE JANEIRO---------------- 02/03/19 - 14:36-
RIO DE JANEIRO---------------- 04/04/19 - 22:51-
RIO DE JANEIRO---------------- 01/11/19 - 02:41-
SAO JOSE DOS CAMPOS----------- 27/06/19 - 14:02-
SAO PAULO--------------------- 26/11/19 - 08:13-
SAO ROQUE--------------------- 22/01/19 - 12:12-
SAO ROQUE--------------------- 01/05/19 - 09:04-
SAO ROQUE--------------------- 04/12/19 - 18:02-
SAO ROQUE--------------------- 19/12/19 - 18:18-
SOROCABA---------------------- 07/03/19 - 07:33-
SOROCABA---------------------- 08/03/19 - 00:22-
SOROCABA---------------------- 22/09/19 - 17:54-
SOROCABA---------------------- 04/10/19 - 17:07-
SOROCABA---------------------- 11/11/19 - 13:56-
TAUBATE----------------------- 23/01/19 - 08:27-
TAUBATE----------------------- 04/02/19 - 04:14-
TAUBATE----------------------- 15/02/19 - 08:30-
TAUBATE----------------------- 05/05/19 - 21:17-
TAUBATE----------------------- 03/06/19 - 03:07-
TAUBATE----------------------- 22/07/19 - 00:42-
TAUBATE----------------------- 04/09/19 - 15:29-
TAUBATE----------------------- 16/09/19 - 22:13-
TAUBATE----------------------- 21/10/19 - 09:31-
***************************INDICE SECUNDÁRIO**************************
002BHNZ040613OSASCO$1906041330########################JLCL020314RIO DE JANEIRO$1903021436###################################################################T************
003LXTY050521TAUBATE$1905052117#######################MTSF030603TAUBATE$1906030307#######################MGJR220700TAUBATE$1907220042#######################T************
002LSUX040422RIO DE JANEIRO$1904042251################APQK220112SAO ROQUE$1901221212########################################################################F000008004***
003PAZP220917SOROCABA$1909221754######################JJOZ041017SOROCABA$1910041707######################RTJN111113SOROCABA$1911111356######################T************
002GVIP010509SAO ROQUE$1905010904#####################MUBV041218SAO ROQUE$1912041802########################################################################T************
002GCHW160922TAUBATE$1909162213#######################AOTS211009TAUBATE$1910210931##########################################################################T************
001LKUJ040915TAUBATE$1909041529#############################################################################################################################F001005******
002PJON191218SAO ROQUE$1912191818#####################APRW150208TAUBATE$1902150830##########################################################################F002010006***
003MEFC011102RIO DE JANEIRO$1911010241################TLZT270614SAO JOSE DOS CAMPOS$1906271402###########PYPB261108SAO PAULO$1911260813#####################T************
001TFWA070307SOROCABA$1903070733############################################################################################################################T************
002PUDZ080300SOROCABA$1903080022######################ACTZ230108TAUBATE$1901230827##########################################################################F009003011***
001GIAC040204TAUBATE$1902040414#############################################################################################################################T************
********************************ALTERAR*******************************
OPERACAO REALIZADA COM SUCESSO!
********************************ALTERAR*******************************
OPERACAO REALIZADA COM SUCESSO!
********************************ALTERAR*******************************
OPERACAO REALIZADA COM SUCESSO!
********************************LISTAR********************************
1 - LXTY050521
2 - APRW150208, GIAC040204, JLCL020314
3 - ACTZ230108, AOTS211009, APQK220112
3 - BHNZ040613, GCHW160922
3 - GVIP010509, JJOZ041017
3 - LKUJ040915, LSUX040422
2 - MUBV041218, PUDZ080300
3 - MEFC011102, MGJR220700, MTSF030603
3 - PAZP220917, PJON191218
3 - PYPB261108, RTJN111113, TFWA070307, TLZT270614
********************************BUSCAR********************************
Busca por VOLTA REDONDA$1901230827.
Nos percorridos:
SAO ROQUE$1912191818, TAUBATE$1902150830
TAUBATE$1909041529
TAUBATE$1909162213, TAUBATE$1910210931

Registro(s) nao encontrado!
***************************INDICE PRIMÁRIO****************************
003ACTZ2301080022AOTS2110090007APQK2201120009##############T***************
003MEFC0111020003MGJR2207000005MTSF0306030021##############T***************
003APRW1502080001GIAC0402040002JLCL0203140015##############F000004005009***
004PYPB2611080016RTJN1111130008TFWA0703070006TLZT2706140019T***************
002BHNZ0406130012GCHW1609220014############################T***************
002GVIP0105090017JJOZ0410170023############################T***************
002PAZP2209170020PJON1912180018############################T***************
002MUBV0412180011PUDZ0803000004############################F001006003******
001LXTY0505210000##########################################F002007*********
002LKUJ0409150013LSUX0404220010############################T***************
***************************INDICE SECUNDÁRIO**************************
002BHNZ040613OSASCO$1906041330########################JLCL020314RIO DE JANEIRO$1903021436###################################################################T************
003LXTY050521TAUBATE$1905052117#######################MTSF030603TAUBATE$1906030307#######################MGJR220700TAUBATE$1907220042#######################T************
002LSUX040422RIO DE JANEIRO$1904042251################APQK220112SAO ROQUE$1901221212########################################################################F000008004***
003PAZP220917SOROCABA$1909221754######################JJOZ041017SOROCABA$1910041707######################RTJN111113SOROCABA$1911111356######################T************
002GVIP010509SAO ROQUE$1905010904#####################MUBV041218SAO ROQUE$1912041802########################################################################T************
002GCHW160922TAUBATE$1909162213#######################AOTS211009TAUBATE$1910210931##########################################################################T************
001LKUJ040915TAUBATE$1909041529#############################################################################################################################F001005******
002PJON191218SAO ROQUE$1912191818#####################APRW150208TAUBATE$1902150830##########################################################################F002010006***
003MEFC011102RIO DE JANEIRO$1911010241################TLZT270614SAO JOSE DOS CAMPOS$1906271402###########PYPB261108SAO PAULO$1911260813#####################T************
001TFWA070307SOROCABA$1903070733############################################################################################################################T************
002PUDZ080300SOROCABA$1903080022######################ACTZ230108TAUBATE$1901230827##########################################################################F009003011***
001GIAC040204TAUBATE$1902040414#############################################################################################################################T************
********************************LISTAR********************************
OSASCO------------------------ 04/06/19 - 13:30-
RIO DE JANEIRO---------------- 02/03/19 - 14:36-
RIO DE JANEIRO---------------- 04/04/19 - 22:51-
RIO DE JANEIRO---------------- 01/11/19 - 02:41-
SAO JOSE DOS CAMPOS----------- 27/06/19 - 14:02-
SAO PAULO--------------------- 26/11/19 - 08:13-
SAO ROQUE--------------------- 22/01/19 - 12:12-
SAO ROQUE--------------------- 01/05/19 - 09:04-
SAO ROQUE--------------------- 04/12/19 - 18:02-
SAO ROQUE--------------------- 19/12/19 - 18:18-
SOROCABA---------------------- 07/03/19 - 07:33-
SOROCABA---------------------- 08/03/19 - 00:22-
SOROCABA---------------------- 22/09/19 - 17:54-
SOROCABA---------------------- 04/10/19 - 17:07-
SOROCABA---------------------- 11/11/19 - 13:56-
TAUBATE----------------------- 23/01/19 - 08:27-
TAUBATE----------------------- 04/02/19 - 04:14-
TAUBATE----------------------- 15/02/19 - 08:30-
TAUBATE----------------------- 05/05/19 - 21:17-
TAUBATE----------------------- 03/06/19 - 03:07-
TAUBATE----------------------- 22/07/19 - 00:42-
TAUBATE----------------------- 04/09/19 - 15:29-
TAUBATE----------------------- 16/09/19 - 22:13-
TAUBATE----------------------- 21/10/19 - 09:31-
********************************LISTAR********************************
1 - LXTY050521
2 - APRW150208, GIAC040204, JLCL020314
3 - ACTZ230108, AOTS211009, APQK220112
3 - AQNQ120800, BHNZ040613, EIIR171006, GCHW160922
3 - GVIP010509, JJOZ041017
3 - LKUJ040915, LMXT270603, LSUX040422
2 - MUBV041218, PUDZ080300
3 - MEFC011102, MGJR220700, MTSF030603
3 - PAZP220917, PJON191218
3 - PYPB261108, RTJN111113, TFWA070307, TLZT270614
********************************ARQUIVO*******************************
LETICIA FERREIRA DOS SANTOS@F@17/08/1996@(10) 20256-5434@HB20@XTY-4936@COTIA|LORENA|OSASCO|SAO JOSE DOS CAMPOS|SAO PAULO|SAO ROQUE|TAUBATE@05/05/19@21:17@145.94@4@#############################################################################################ALEXANDRE O CHEGA NE@F@18/12/1989@(92) 18546-5300@CELTA@PRW-3676@COTIA|JUNDIAI|OSASCO|RIO DE JANEIRO|SAO JOSE DOS CAMPOS|SAO PAULO|SAO ROQUE|SOROCABA|TAUBATE@15/02/19@08:30@052.09@3@##########################################################################GABRIEL O ANJO@F@17/03/1992@(07) 03521-8360@UNO@IAC-6097@COTIA|JUNDIAI|LORENA|OSASCO|RIO DE JANEIRO|SAO JOSE DOS CAMPOS|SAO PAULO|SAO ROQUE|SOROCABA|TAUBATE@04/02/19@04:14@118.11@2@###########################################################################MATHEUS LIMA@F@11/06/1997@(44) 61934-4483@ONIX@EFC-1557@LORENA|RIO DE JANEIRO@01/11/19@02:41@099.14@1@##########################################################################################################################################################PABLO PICASSO@F@03/06/1991@(24) 85447-6721@CIVIC@UDZ-6944@COTIA|LORENA|OSASCO|SAO JOSE DOS CAMPOS|SAO PAULO|SAO ROQUE|SOROCABA@08/03/19@00:22@149.58@2@#########################################################################################################MATEUS ALVES@F@08/07/1993@(57) 10188-1500@GOL@GJR-5540@COTIA|JUNDIAI|LORENA|OSASCO|RIO DE JANEIRO|SAO JOSE DOS CAMPOS|SAO PAULO|SOROCABA|TAUBATE@22/07/19@00:42@165.19@4@#######################################################################################TATIANA MONTEIRO@M@18/04/1996@(48) 53342-2410@CORSA@FWA-2667@COTIA|JUNDIAI|LORENA|OSASCO|SAO JOSE DOS CAMPOS|SAO ROQUE|SOROCABA@07/03/19@07:33@162.44@1@########################################################################################################ALEXANDRE O MAIS OU MENOS@F@10/01/1994@(79) 49535-9590@FIT@OTS-5417@COTIA|JUNDIAI|LORENA|OSASCO|RIO DE JANEIRO|SAO JOSE DOS CAMPOS|SAO PAULO|SAO ROQUE|SOROCABA|TAUBATE@21/10/19@09:31@186.59@3@################################################################ROBERT NORMAL@F@17/07/1999@(95) 35093-3388@TORO@TJN-6638@COTIA|JUNDIAI|LORENA|RIO DE JANEIRO|SAO PAULO|SAO ROQUE|SOROCABA@11/11/19@13:56@063.67@4@##############################################################################################################ALEXANDRE O CHEGA NE@M@15/04/1992@(07) 52732-4426@FIT@PQK-7570@RIO DE JANEIRO|SAO ROQUE@22/01/19@12:12@025.60@1@################################################################################################################################################LETICIA BASTOS@F@06/05/1996@(06) 60947-6030@TORO@SUX-1074@COTIA|LORENA|OSASCO|RIO DE JANEIRO@04/04/19@22:51@098.31@3@###########################################################################################################################################MATHEUS AUGUSTO@F@20/07/1989@(66) 73883-1633@CIVIC@UBV-7321@LORENA|RIO DE JANEIRO|SAO JOSE DOS CAMPOS|SAO PAULO|SAO ROQUE@04/12/19@18:02@051.53@3@##############################################################################################################BRUNA MARQUEZINE@M@13/11/1990@(24) 34041-8231@CIVIC@HNZ-1446@COTIA|OSASCO@04/06/19@13:30@170.82@2@##############################################################################################################################################################LETICIA FERREIRA DA SILVA@M@08/01/1994@(68) 95993-9538@CELTA@KUJ-3086@COTIA|JUNDIAI|LORENA|OSASCO|SAO JOSE DOS CAMPOS|SAO PAULO|SOROCABA|TAUBATE@04/09/19@15:29@035.50@1@#######################################################################################GABRIEL PENSADOR@M@25/02/1994@(51) 26613-5312@FIT@CHW-0007@COTIA|JUNDIAI|LORENA|OSASCO|RIO DE JANEIRO|SAO JOSE DOS CAMPOS|SAO PAULO|SOROCABA|TAUBATE@16/09/19@22:13@140.74@2@###################################################################################JULIA ANDRADE@M@18/06/1989@(61) 06903-2806@FIT@LCL-0114@COTIA|JUNDIAI|RIO DE JANEIRO@02/03/19@14:36@155.07@3@###################################################################################################################################################PABLO PICASSO@M@22/04/1994@(83) 04933-0699@CORSA@YPB-1490@JUNDIAI|LORENA|OSASCO|RIO DE JANEIRO|SAO JOSE DOS CAMPOS|SAO PAULO@26/11/19@08:13@103.55@3@###########################################################################################################GABRIELA ALVEZ@M@24/09/1997@(96) 55623-9483@CORSA@VIP-5133@COTIA|JUNDIAI|LORENA|OSASCO|SAO ROQUE@01/05/19@09:04@028.06@4@#######################################################################################################################################PABLO PICASSO@M@23/10/1995@(79) 18285-3053@UNO@JON-0764@COTIA|JUNDIAI|LORENA|OSASCO|RIO DE JANEIRO|SAO ROQUE@19/12/19@18:18@209.44@1@###########################################################################################################################TATIANA MONTEIRO@M@12/11/1999@(28) 80114-1453@COROLLA@LZT-4685@JUNDIAI|LORENA|SAO JOSE DOS CAMPOS@27/06/19@14:02@126.69@3@######################################################################################################################################PABLO ESCOBAR@F@24/11/1994@(54) 81721-4769@GOL@AZP-2518@JUNDIAI|RIO DE JANEIRO|SAO JOSE DOS CAMPOS|SOROCABA@22/09/19@17:54@048.97@1@############################################################################################################################MATHEUS AUGUSTO@M@20/06/1991@(54) 08325-8009@HB20@TSF-5671@COTIA|JUNDIAI|LORENA|OSASCO|RIO DE JANEIRO|SAO PAULO|SAO ROQUE|SOROCABA|TAUBATE@03/06/19@03:07@109.13@4@#############################################################################################ALEXANDRE O MIXURUCA@M@17/11/1992@(00) 01889-6518@FOX@CTZ-9574@JUNDIAI|OSASCO|RIO DE JANEIRO|SAO ROQUE|TAUBATE@23/01/19@08:27@086.92@4@#########################################################################################################################JULIANA MENDES@M@18/01/1995@(83) 84516-2866@COROLLA@JOZ-9948@COTIA|JUNDIAI|OSASCO|RIO DE JANEIRO|SAO PAULO|SAO ROQUE|SOROCABA@04/10/19@17:07@015.05@1@##########################################################################################################LETICIA BASTOS@F@05/11/1998@(40) 73213-7841@TORO@MXT-3442@COTIA|OSASCO|RIO DE JANEIRO|SAO PAULO@27/06/19@03:46@035.31@4@########################################################################################################################################ALEXANDRE O CHEGA NE@M@26/02/1989@(55) 44731-0564@CIVIC@QNQ-1426@COTIA|JUNDIAI|OSASCO@12/08/19@00:48@204.56@4@##################################################################################################################################################EVELYN DOS SANTOS@M@04/10/1991@(10) 79098-1068@FOX@IIR-3496@JUNDIAI|OSASCO@17/10/19@06:54@081.19@3@#############################################################################################################################################################LETICIA FERNANDES@F@10/06/1994@(86) 89385-5785@UNO@PXX-0934@COTIA|JUNDIAI|LORENA|OSASCO|SAO JOSE DOS CAMPOS|SAO PAULO|SAO ROQUE|SOROCABA@07/02/19@17:05@186.38@3@###############################################################################################
********************************ALTERAR*******************************
Registro(s) nao encontrado!
FALHA AO REALIZAR OPERACAO!
********************************LISTAR********************************
OSASCO------------------------ 04/06/19 - 13:30-
OSASCO------------------------ 12/08/19 - 00:48-
OSASCO------------------------ 17/10/19 - 06:54-
RIO DE JANEIRO---------------- 02/03/19 - 14:36-
RIO DE JANEIRO---------------- 04/04/19 - 22:51-
RIO DE JANEIRO---------------- 01/11/19 - 02:41-
SAO JOSE DOS CAMPOS----------- 27/06/19 - 14:02-
SAO PAULO--------------------- 27/06/19 - 03:46-
SAO PAULO--------------------- 26/11/19 - 08:13-
SAO ROQUE--------------------- 22/01/19 - 12:12-
SAO ROQUE--------------------- 01/05/19 - 09:04-
SAO ROQUE--------------------- 04/12/19 - 18:02-
SAO ROQUE--------------------- 19/12/19 - 18:18-
SOROCABA---------------------- 07/02/19 - 17:05-
SOROCABA---------------------- 07/03/19 - 07:33-
SOROCABA---------------------- 08/03/19 - 00:22-
SOROCABA---------------------- 22/09/19 - 17:54-
SOROCABA---------------------- 04/10/19 - 17:07-
SOROCABA---------------------- 11/11/19 - 13:56-
TAUBATE----------------------- 23/01/19 - 08:27-
TAUBATE----------------------- 04/02/19 - 04:14-
TAUBATE----------------------- 15/02/19 - 08:30-
TAUBATE----------------------- 05/05/19 - 21:17-
TAUBATE----------------------- 03/06/19 - 03:07-
TAUBATE----------------------- 22/07/19 - 00:42-
TAUBATE----------------------- 04/09/19 - 15:29-
TAUBATE----------------------- 16/09/19 - 22:13-
TAUBATE----------------------- 21/10/19 - 09:31-
********************************BUSCAR********************************
Busca por MUBV041218. Nos percorridos:
LXTY050521
MUBV041218, PUDZ080300

MUBV041218
MATHEUS AUGUSTO
F
20/07/1989
(66) 73883-1633
CIVIC
UBV-7321
04/12/19
18:02
051.53
3
LORENA, RIO DE JANEIRO, SAO JOSE DOS CAMPOS, SAO PAULO, SAO ROQUE
***************************INDICE SECUNDÁRIO**************************
002BHNZ040613OSASCO$1906041330########################AQNQ120800OSASCO$1908120048###########################################################################T************
003LXTY050521TAUBATE$1905052117#######################MTSF030603TAUBATE$1906030307#######################MGJR220700TAUBATE$1907220042#######################T************
002EIIR171006OSASCO$1910170654########################LSUX040422RIO DE JANEIRO$1904042251###################################################################F000013008***
003PAZP220917SOROCABA$1909221754######################JJOZ041017SOROCABA$1910041707######################RTJN111113SOROCABA$1911111356######################T************
002GVIP010509SAO ROQUE$1905010904#####################MUBV041218SAO ROQUE$1912041802########################################################################T************
002GCHW160922TAUBATE$1909162213#######################AOTS211009TAUBATE$1910210931##########################################################################T************
001LKUJ040915TAUBATE$1909041529#############################################################################################################################F001005******
003LMXT270603SAO PAULO$1906270346#####################PJON191218SAO ROQUE$1912191818#####################APRW150208TAUBATE$1902150830#######################F002014010006
002MEFC011102RIO DE JANEIRO$1911010241################TLZT270614SAO JOSE DOS CAMPOS$1906271402##############################################################T************
002LPXX070217SOROCABA$1902071705######################TFWA070307SOROCABA$1903070733#########################################################################T************
002PUDZ080300SOROCABA$1903080022######################ACTZ230108TAUBATE$1901230827##########################################################################F009003011***
001GIAC040204TAUBATE$1902040414#############################################################################################################################T************
001PYPB261108SAO PAULO$1911260813###########################################################################################################################T************
001JLCL020314RIO DE JANEIRO$1903021436######################################################################################################################T************
001APQK220112SAO ROQUE$1901221212###########################################################################################################################F012004******
********************************LISTAR********************************
1 - LXTY050521
2 - APRW150208, GIAC040204, JLCL020314
3 - ACTZ230108, AOTS211009, APQK220112
3 - AQNQ120800, BHNZ040613, EIIR171006, GCHW160922
3 - GVIP010509, JJOZ041017
3 - LKUJ040915, LMXT270603, LPXX070217, LSUX040422
2 - MUBV041218, PUDZ080300
3 - MEFC011102, MGJR220700, MTSF030603
3 - PAZP220917, PJON191218
3 - PYPB261108, RTJN111113, TFWA070307, TLZT270614
********************************ALTERAR*******************************
OPERACAO REALIZADA COM SUCESSO!
********************************BUSCAR********************************
Busca por SOROCABA$1902071705.
Nos percorridos:
SAO PAULO$1906270346, SAO ROQUE$1912191818, TAUBATE$1902150830
SOROCABA$1903080022, TAUBATE$1901230827
SOROCABA$1902071705, SOROCABA$1903070733

LPXX070217
LETICIA FERNANDES
F
10/06/1994
(86) 89385-5785
UNO
PXX-0934
07/02/19
17:05
186.38
3
COTIA, JUNDIAI, LORENA, OSASCO, SAO JOSE DOS CAMPOS, SAO PAULO, SAO ROQUE, SOROCABA
********************************LISTAR********************************
1 - LXTY050521
2 - APRW150208, GIAC040204, JLCL020314
3 - ACTZ230108, AOTS211009, APQK220112
3 - AQNQ120800, BHNZ040613, EIIR171006, GCHW160922
3 - GVIP010509, JJOZ041017
3 - LKUJ040915, LMXT270603, LPXX070217, LSUX040422
2 - MUBV041218, PUDZ080300
3 - MEFC011102, MGJR220700, MTSF030603
3 - PAZP220917, PJON191218
3 - PYPB261108, RTJN111113, TFWA070307, TLZT270614
********************************LISTAR********************************
OSASCO------------------------ 04/06/19 - 13:30-
OSASCO------------------------ 12/08/19 - 00:48-
OSASCO------------------------ 17/10/19 - 06:54-
RIO DE JANEIRO---------------- 02/03/19 - 14:36-
RIO DE JANEIRO---------------- 04/04/19 - 22:51-
RIO DE JANEIRO---------------- 01/11/19 - 02:41-
SAO JOSE DOS CAMPOS----------- 27/06/19 - 14:02-
SAO PAULO--------------------- 27/06/19 - 03:46-
SAO PAULO--------------------- 26/11/19 - 08:13-
SAO ROQUE--------------------- 22/01/19 - 12:12-
SAO ROQUE--------------------- 01/05/19 - 09:04-
SAO ROQUE--------------------- 04/12/19 - 18:02-
SAO ROQUE--------------------- 19/12/19 - 18:18-
SOROCABA---------------------- 07/02/19 - 17:05-
SOROCABA---------------------- 07/03/19 - 07:33-
SOROCABA---------------------- 08/03/19 - 00:22-
SOROCABA---------------------- 22/09/19 - 17:54-
SOROCABA---------------------- 04/10/19 - 17:07-
SOROCABA---------------------- 11/11/19 - 13:56-
TAUBATE----------------------- 23/01/19 - 08:27-
TAUBATE----------------------- 04/02/19 - 04:14-
TAUBATE----------------------- 15/02/19 - 08:30-
TAUBATE----------------------- 05/05/19 - 21:17-
TAUBATE----------------------- 03/06/19 - 03:07-
TAUBATE----------------------- 22/07/19 - 00:42-
TAUBATE----------------------- 04/09/19 - 15:29-
TAUBATE----------------------- 16/09/19 - 22:13-
TAUBATE----------------------- 21/10/19 - 09:31-
********************************ARQUIVO*******************************
LETICIA FERREIRA DOS SANTOS@F@17/08/1996@(10) 20256-5434@HB20@XTY-4936@COTIA|LORENA|OSASCO|SAO JOSE DOS CAMPOS|SAO PAULO|SAO ROQUE|TAUBATE@05/05/19@21:17@145.94@4@#############################################################################################ALEXANDRE O CHEGA NE@F@18/12/1989@(92) 18546-5300@CELTA@PRW-3676@COTIA|JUNDIAI|OSASCO|RIO DE JANEIRO|SAO JOSE DOS CAMPOS|SAO PAULO|SAO ROQUE|SOROCABA|TAUBATE@15/02/19@08:30@052.09@3@##########################################################################GABRIEL O ANJO@F@17/03/1992@(07) 03521-8360@UNO@IAC-6097@COTIA|JUNDIAI|LORENA|OSASCO|RIO DE JANEIRO|SAO JOSE DOS CAMPOS|SAO PAULO|SAO ROQUE|SOROCABA|TAUBATE@04/02/19@04:14@118.11@2@###########################################################################MATHEUS LIMA@F@11/06/1997@(44) 61934-4483@ONIX@EFC-1557@LORENA|RIO DE JANEIRO@01/11/19@02:41@099.14@1@##########################################################################################################################################################PABLO PICASSO@F@03/06/1991@(24) 85447-6721@CIVIC@UDZ-6944@COTIA|LORENA|OSASCO|SAO JOSE DOS CAMPOS|SAO PAULO|SAO ROQUE|SOROCABA@08/03/19@00:22@149.58@2@#########################################################################################################MATEUS ALVES@F@08/07/1993@(57) 10188-1500@GOL@GJR-5540@COTIA|JUNDIAI|LORENA|OSASCO|RIO DE JANEIRO|SAO JOSE DOS CAMPOS|SAO PAULO|SOROCABA|TAUBATE@22/07/19@00:42@165.19@4@#######################################################################################TATIANA MONTEIRO@M@18/04/1996@(48) 53342-2410@CORSA@FWA-2667@COTIA|JUNDIAI|LORENA|OSASCO|SAO JOSE DOS CAMPOS|SAO ROQUE|SOROCABA@07/03/19@07:33@162.44@1@########################################################################################################ALEXANDRE O MAIS OU MENOS@F@10/01/1994@(79) 49535-9590@FIT@OTS-5417@COTIA|JUNDIAI|LORENA|OSASCO|RIO DE JANEIRO|SAO JOSE DOS CAMPOS|SAO PAULO|SAO ROQUE|SOROCABA|TAUBATE@21/10/19@09:31@186.59@3@################################################################ROBERT NORMAL@F@17/07/1999@(95) 35093-3388@TORO@TJN-6638@COTIA|JUNDIAI|LORENA|RIO DE JANEIRO|SAO PAULO|SAO ROQUE|SOROCABA@11/11/19@13:56@063.67@4@##############################################################################################################ALEXANDRE O CHEGA NE@M@15/04/1992@(07) 52732-4426@FIT@PQK-7570@RIO DE JANEIRO|SAO ROQUE@22/01/19@12:12@025.60@1@################################################################################################################################################LETICIA BASTOS@F@06/05/1996@(06) 60947-6030@TORO@SUX-1074@COTIA|LORENA|OSASCO|RIO DE JANEIRO@04/04/19@22:51@098.31@3@###########################################################################################################################################MATHEUS AUGUSTO@F@20/07/1989@(66) 73883-1633@CIVIC@UBV-7321@LORENA|RIO DE JANEIRO|SAO JOSE DOS CAMPOS|SAO PAULO|SAO ROQUE@04/12/19@18:02@051.53@3@##############################################################################################################BRUNA MARQUEZINE@M@13/11/1990@(24) 34041-8231@CIVIC@HNZ-1446@COTIA|OSASCO@04/06/19@13:30@170.82@2@##############################################################################################################################################################LETICIA FERREIRA DA SILVA@M@08/01/1994@(68) 95993-9538@CELTA@KUJ-3086@COTIA|JUNDIAI|LORENA|OSASCO|SAO JOSE DOS CAMPOS|SAO PAULO|SOROCABA|TAUBATE@04/09/19@15:29@035.50@1@#######################################################################################GABRIEL PENSADOR@M@25/02/1994@(51) 26613-5312@FIT@CHW-0007@COTIA|JUNDIAI|LORENA|OSASCO|RIO DE JANEIRO|SAO JOSE DOS CAMPOS|SAO PAULO|SOROCABA|TAUBATE@16/09/19@22:13@140.74@2@###################################################################################JULIA ANDRADE@M@18/06/1989@(61) 06903-2806@FIT@LCL-0114@COTIA|JUNDIAI|RIO DE JANEIRO@02/03/19@14:36@155.07@3@###################################################################################################################################################PABLO PICASSO@M@22/04/1994@(83) 04933-0699@CORSA@YPB-1490@JUNDIAI|LORENA|OSASCO|RIO DE JANEIRO|SAO JOSE DOS CAMPOS|SAO PAULO@26/11/19@08:13@103.55@3@###########################################################################################################GABRIELA ALVEZ@M@24/09/1997@(96) 55623-9483@CORSA@VIP-5133@COTIA|JUNDIAI|LORENA|OSASCO|SAO ROQUE@01/05/19@09:04@028.06@1@#######################################################################################################################################PABLO PICASSO@M@23/10/1995@(79) 18285-3053@UNO@JON-0764@COTIA|JUNDIAI|LORENA|OSASCO|RIO DE JANEIRO|SAO ROQUE@19/12/19@18:18@209.44@1@###########################################################################################################################TATIANA MONTEIRO@M@12/11/1999@(28) 80114-1453@COROLLA@LZT-4685@JUNDIAI|LORENA|SAO JOSE DOS CAMPOS@27/06/19@14:02@126.69@3@######################################################################################################################################PABLO ESCOBAR@F@24/11/1994@(54) 81721-4769@GOL@AZP-2518@JUNDIAI|RIO DE JANEIRO|SAO JOSE DOS CAMPOS|SOROCABA@22/09/19@17:54@048.97@1@############################################################################################################################MATHEUS AUGUSTO@M@20/06/1991@(54) 08325-8009@HB20@TSF-5671@COTIA|JUNDIAI|LORENA|OSASCO|RIO DE JANEIRO|SAO PAULO|SAO ROQUE|SOROCABA|TAUBATE@03/06/19@03:07@109.13@4@#############################################################################################ALEXANDRE O MIXURUCA@M@17/11/1992@(00) 01889-6518@FOX@CTZ-9574@JUNDIAI|OSASCO|RIO DE JANEIRO|SAO ROQUE|TAUBATE@23/01/19@08:27@086.92@4@#########################################################################################################################JULIANA MENDES@M@18/01/1995@(83) 84516-2866@COROLLA@JOZ-9948@COTIA|JUNDIAI|OSASCO|RIO DE JANEIRO|SAO PAULO|SAO ROQUE|SOROCABA@04/10/19@17:07@015.05@1@##########################################################################################################LETICIA BASTOS@F@05/11/1998@(40) 73213-7841@TORO@MXT-3442@COTIA|OSASCO|RIO DE JANEIRO|SAO PAULO@27/06/19@03:46@035.31@4@########################################################################################################################################ALEXANDRE O CHEGA NE@M@26/02/1989@(55) 44731-0564@CIVIC@QNQ-1426@COTIA|JUNDIAI|OSASCO@12/08/19@00:48@204.56@4@##################################################################################################################################################EVELYN DOS SANTOS@M@04/10/1991@(10) 79098-1068@FOX@IIR-3496@JUNDIAI|OSASCO@17/10/19@06:54@081.19@3@#############################################################################################################################################################LETICIA FERNANDES@F@10/06/1994@(86) 89385-5785@UNO@PXX-0934@COTIA|JUNDIAI|LORENA|OSASCO|SAO JOSE DOS CAMPOS|SAO PAULO|SAO ROQUE|SOROCABA@07/02/19@17:05@186.38@3@###############################################################################################
***************************INDICE PRIMÁRIO****************************
003ACTZ2301080022AOTS2110090007APQK2201120009##############T***************
003MEFC0111020003MGJR2207000005MTSF0306030021##############T***************
003APRW1502080001GIAC0402040002JLCL0203140015##############F000004005009***
004PYPB2611080016RTJN1111130008TFWA0703070006TLZT2706140019T***************
004AQNQ1208000025BHNZ0406130012EIIR1710060026GCHW1609220014T***************
002GVIP0105090017JJOZ0410170023############################T***************
002PAZP2209170020PJON1912180018############################T***************
002MUBV0412180011PUDZ0803000004############################F001006003******
001LXTY0505210000##########################################F002007*********
004LKUJ0409150013LMXT2706030024LPXX0702170027LSUX0404220010T***************
***************************INDICE SECUNDÁRIO**************************
002BHNZ040613OSASCO$1906041330########################AQNQ120800OSASCO$1908120048###########################################################################T************
003LXTY050521TAUBATE$1905052117#######################MTSF030603TAUBATE$1906030307#######################MGJR220700TAUBATE$1907220042#######################T************
002EIIR171006OSASCO$1910170654########################LSUX040422RIO DE JANEIRO$1904042251###################################################################F000013008***
003PAZP220917SOROCABA$1909221754######################JJOZ041017SOROCABA$1910041707######################RTJN111113SOROCABA$1911111356######################T************
002GVIP010509SAO ROQUE$1905010904#####################MUBV041218SAO ROQUE$1912041802########################################################################T************
002GCHW160922TAUBATE$1909162213#######################AOTS211009TAUBATE$1910210931##########################################################################T************
001LKUJ040915TAUBATE$1909041529#############################################################################################################################F001005******
003LMXT270603SAO PAULO$1906270346#####################PJON191218SAO ROQUE$1912191818#####################APRW150208TAUBATE$1902150830#######################F002014010006
002MEFC011102RIO DE JANEIRO$1911010241################TLZT270614SAO JOSE DOS CAMPOS$1906271402##############################################################T************
002LPXX070217SOROCABA$1902071705######################TFWA070307SOROCABA$1903070733#########################################################################T************
002PUDZ080300SOROCABA$1903080022######################ACTZ230108TAUBATE$1901230827##########################################################################F009003011***
001GIAC040204TAUBATE$1902040414#############################################################################################################################T************
001PYPB261108SAO PAULO$1911260813###########################################################################################################################T************
001JLCL020314RIO DE JANEIRO$1903021436######################################################################################################################T************
001APQK220112SAO ROQUE$1901221212###########################################################################################################################F012004******
