********************************BUSCAR********************************
Busca por SOROCABA$1901251100.
Nos percorridos:

Registro(s) nao encontrado!
********************************ARQUIVO*******************************
Arquivo vazio!
***************************INDICE PRIMÁRIO****************************
Arquivo vazio!
***************************INDICE SECUNDÁRIO**************************
Arquivo vazio!
********************************BUSCAR********************************
Busca por ZZZZ081016. Nos percorridos:
GYZC080410

Registro(s) nao encontrado!
********************************BUSCAR********************************
Busca por GYZC080410. Nos percorridos:
GYZC080410

GYZC080410
GABRIELA ALVEZ
F
06/02/1995
(05) 37554-2486
CELTA
YZC-7852
08/04/19
10:28
157.78
1
COTIA, JUNDIAI, LORENA, SAO PAULO, SAO ROQUE
***************************INDICE SECUNDÁRIO**************************
001GYZC080410SAO ROQUE$1904081028########################################################################T*********
***************************INDICE PRIMÁRIO****************************
001GYZC0804100000##############T*********
***************************INDICE PRIMÁRIO****************************
001GYZC0804100000##############T*********
***************************INDICE PRIMÁRIO****************************
002GYGO1411070001GYZC0804100000T*********
********************************ARQUIVO*******************************
GABRIELA ALVEZ@F@06/02/1995@(05) 37554-2486@CELTA@YZC-7852@COTIA|JUNDIAI|LORENA|SAO PAULO|SAO ROQUE@08/04/19@10:28@157.78@1@####################################################################################################################################GABRIELA ALVEZ@M@10/10/1998@(83) 95135-2141@UNO@YGO-8567@RIO DE JANEIRO|SAO PAULO@14/11/19@07:31@066.09@2@######################################################################################################################################################ALEXANDRE O MAIS OU MENOS@F@01/03/1999@(75) 66548-5234@FOX@STE-3125@JUNDIAI|LORENA|OSASCO|RIO DE JANEIRO|SAO JOSE DOS CAMPOS|SAO PAULO|SAO ROQUE|TAUBATE@23/11/19@03:11@018.83@3@###############################################################################
********************************ARQUIVO*******************************
GABRIELA ALVEZ@F@06/02/1995@(05) 37554-2486@CELTA@YZC-7852@COTIA|JUNDIAI|LORENA|SAO PAULO|SAO ROQUE@08/04/19@10:28@157.78@1@####################################################################################################################################GABRIELA ALVEZ@M@10/10/1998@(83) 95135-2141@UNO@YGO-8567@RIO DE JANEIRO|SAO PAULO@14/11/19@07:31@066.09@2@######################################################################################################################################################ALEXANDRE O MAIS OU MENOS@F@01/03/1999@(75) 66548-5234@FOX@STE-3125@JUNDIAI|LORENA|OSASCO|RIO DE JANEIRO|SAO JOSE DOS CAMPOS|SAO PAULO|SAO ROQUE|TAUBATE@23/11/19@03:11@018.83@3@###############################################################################
***************************INDICE PRIMÁRIO****************************
001ASTE2311030002##############T*********
001GYZC0804100000##############T*********
001GYGO1411070001##############F000001***
***************************INDICE SECUNDÁRIO**************************
002GYGO141107SAO PAULO$1911140731#####################EVLY220318SAO ROQUE$1903221825#####################T*********
001ASTE231103TAUBATE$1911230311##########################################################################T*********
001GYZC080410SAO ROQUE$1904081028########################################################################F000001***
********************************BUSCAR********************************
Busca por SOROCABA$1901251100.
Nos percorridos:
SAO ROQUE$1904081028
SOROCABA$1901251100, TAUBATE$1911230311

AOHX250111
ANA JULIA
M
24/03/1995
(55) 92589-0226
FOX
OHX-2315
25/01/19
11:00
080.89
4
JUNDIAI, LORENA, OSASCO, RIO DE JANEIRO, SAO JOSE DOS CAMPOS, SAO PAULO, SOROCABA
********************************LISTAR********************************
OSASCO------------------------ 16/01/19 - 20:48-
SAO PAULO--------------------- 14/11/19 - 07:31-
SAO ROQUE--------------------- 22/03/19 - 18:25-
SAO ROQUE--------------------- 08/04/19 - 10:28-
SOROCABA---------------------- 25/01/19 - 11:00-
TAUBATE----------------------- 23/11/19 - 03:11-
********************************BUSCAR********************************
Busca por COTIA$1903221825.
Nos percorridos:
SAO PAULO$1911140731, SAO ROQUE$1904081028
OSASCO$1901162048

Registro(s) nao encontrado!
********************************BUSCAR********************************
Busca por TAUBATE$1906171130.
Nos percorridos:
SAO ROQUE$1904081028
TAUBATE$1906171130

RTLM170611
ROBERT DOWNEY JUNIOR F :(
F
09/07/1998
(92) 56279-8293
HB20
TLM-7750
17/06/19
11:30
144.40
2
COTIA, JUNDIAI, LORENA, OSASCO, RIO DE JANEIRO, SAO JOSE DOS CAMPOS, SAO PAULO, SAO ROQUE, SOROCABA, TAUBATE
***************************INDICE PRIMÁRIO****************************
001AOHX2501110004##############T*********
002GYZC0804100000MIXO1910000008T*********
001ASTE2311030002##############F000003***
002EVLY2203180003GGCD0709040009T*********
002PGTI1308190007RTLM1706110006T*********
001MRDD1601200005##############F001004***
001GYGO1411070001##############F002005***
********************************BUSCAR********************************
Busca por BBBB020818. Nos percorridos:
GYGO141107
ASTE231103, EYPY010321
EVLY220318

Registro(s) nao encontrado!
********************************LISTAR********************************
OSASCO------------------------ 16/01/19 - 20:48-
SAO PAULO--------------------- 14/11/19 - 07:31-
SAO ROQUE--------------------- 22/03/19 - 18:25-
SAO ROQUE--------------------- 08/04/19 - 10:28-
SOROCABA---------------------- 25/01/19 - 11:00-
SOROCABA---------------------- 23/10/19 - 04:38-
TAUBATE----------------------- 01/03/19 - 21:07-
TAUBATE----------------------- 17/06/19 - 11:30-
TAUBATE----------------------- 13/08/19 - 19:03-
TAUBATE----------------------- 07/09/19 - 04:01-
TAUBATE----------------------- 19/10/19 - 00:42-
TAUBATE----------------------- 23/11/19 - 03:11-
***************************INDICE PRIMÁRIO****************************
001AOHX2501110004##############T*********
001GYZC0804100000##############T*********
002ASTE2311030002EYPY0103210010F000003007
001EVLY2203180003##############T*********
002PGTI1308190007RTLM1706110006T*********
002JPDY2310040011MRDD1601200005F001008004
001GYGO1411070001##############F002005***
001GGCD0709040009##############T*********
001MIXO1910000008##############T*********
********************************ARQUIVO*******************************
GABRIELA ALVEZ@F@06/02/1995@(05) 37554-2486@CELTA@YZC-7852@COTIA|JUNDIAI|LORENA|SAO PAULO|SAO ROQUE@08/04/19@10:28@157.78@1@####################################################################################################################################GABRIELA ALVEZ@M@10/10/1998@(83) 95135-2141@UNO@YGO-8567@RIO DE JANEIRO|SAO PAULO@14/11/19@07:31@066.09@2@######################################################################################################################################################ALEXANDRE O MAIS OU MENOS@F@01/03/1999@(75) 66548-5234@FOX@STE-3125@JUNDIAI|LORENA|OSASCO|RIO DE JANEIRO|SAO JOSE DOS CAMPOS|SAO PAULO|SAO ROQUE|TAUBATE@23/11/19@03:11@018.83@3@###############################################################################EDUARDO MOTTA@M@16/05/1998@(44) 89461-2961@GOL@VLY-5372@COTIA|LORENA|SAO ROQUE@22/03/19@18:25@147.72@3@#########################################################################################################################################################ANA JULIA@M@24/03/1995@(55) 92589-0226@FOX@OHX-2315@JUNDIAI|LORENA|OSASCO|RIO DE JANEIRO|SAO JOSE DOS CAMPOS|SAO PAULO|SOROCABA@25/01/19@11:00@080.89@4@########################################################################################################MATHEUS ROCHA@M@24/09/1997@(11) 30589-6024@HB20@RDD-2970@COTIA|JUNDIAI|OSASCO@16/01/19@20:48@080.35@3@##########################################################################################################################################################ROBERT DOWNEY JUNIOR F :(@F@09/07/1998@(92) 56279-8293@HB20@TLM-7750@COTIA|JUNDIAI|LORENA|OSASCO|RIO DE JANEIRO|SAO JOSE DOS CAMPOS|SAO PAULO|SAO ROQUE|SOROCABA|TAUBATE@17/06/19@11:30@144.40@2@###############################################################PABLO PICASSO@F@22/01/1993@(52) 29240-3179@UNO@GTI-3577@JUNDIAI|TAUBATE@13/08/19@19:03@094.54@1@################################################################################################################################################################MATHEUS ROCHA@M@17/05/1998@(11) 74465-1150@CELTA@IXO-7187@OSASCO|RIO DE JANEIRO|TAUBATE@19/10/19@00:42@021.28@2@################################################################################################################################################GABRIEL THE ANGEL@F@17/06/1997@(14) 32844-1585@FIT@GCD-2307@COTIA|JUNDIAI|OSASCO|RIO DE JANEIRO|SAO JOSE DOS CAMPOS|SAO PAULO|SAO ROQUE|SOROCABA|TAUBATE@07/09/19@04:01@093.12@3@###############################################################################EDUARDO MOTTA@M@02/01/1997@(74) 11084-8675@CELTA@YPY-0624@JUNDIAI|LORENA|RIO DE JANEIRO|SAO JOSE DOS CAMPOS|SAO PAULO|SAO ROQUE|TAUBATE@01/03/19@21:07@120.80@3@################################################################################################JULIA ANDRADE@F@15/10/1993@(90) 05269-8976@TORO@PDY-9073@COTIA|JUNDIAI|LORENA|RIO DE JANEIRO|SAO PAULO|SAO ROQUE|SOROCABA@23/10/19@04:38@126.56@3@##############################################################################################################ALEXANDRE O CHEGA NE@F@21/01/1995@(48) 83346-3199@CELTA@QSU-6552@COTIA|LORENA@17/10/19@08:07@060.86@4@##########################################################################################################################################################GABRIEL O ANJO@M@18/01/1990@(20) 77361-2850@CIVIC@YZG-4697@SAO JOSE DOS CAMPOS|SAO PAULO|SAO ROQUE@15/02/19@15:41@088.55@2@#####################################################################################################################################
********************************LISTAR********************************
1 - GYGO141107
2 - ASTE231103, EYPY010321
3 - AOHX250111, AQSU171008
3 - EVLY220318
3 - GGCD070904
2 - JPDY231004, MRDD160120
3 - GYZC080410, GYZG150215
3 - MIXO191000
3 - PGTI130819, RTLM170611
********************************LISTAR********************************
1 - GYGO141107
2 - ASTE231103, EYPY010321
3 - AOHX250111, AQSU171008
3 - EVLY220318
3 - GGCD070904
2 - JPDY231004, MRDD160120
3 - GYZC080410, GYZG150215
3 - MIXO191000
3 - PGTI130819, RTLM170611
***************************INDICE PRIMÁRIO****************************
002AOHX2501110004AQSU1710080012T*********
002GYZC0804100000GYZG1502150013T*********
002ASTE2311030002EYPY0103210010F000003007
001EVLY2203180003##############T*********
002PGTI1308190007RTLM1706110006T*********
002JPDY2310040011MRDD1601200005F001008004
001GYGO1411070001##############F002005***
001GGCD0709040009##############T*********
001MIXO1910000008##############T*********
***************************INDICE SECUNDÁRIO**************************
002AQSU171008LORENA$1910170807########################MRDD160120OSASCO$1901162048########################T*********
001AOHX250111SOROCABA$1901251100#########################################################################T*********
001GYGO141107SAO PAULO$1911140731########################################################################F000003***
002GYZG150215SAO ROQUE$1902151541#####################EVLY220318SAO ROQUE$1903221825#####################T*********
002PGTI130819TAUBATE$1908131903#######################GGCD070904TAUBATE$1909070401#######################T*********
001JPDY231004SOROCABA$1910230438#########################################################################F001008***
002GYZC080410SAO ROQUE$1904081028#####################RTLM170611TAUBATE$1906171130#######################F002005009
001ASTE231103TAUBATE$1911230311##########################################################################T*********
001EYPY010321TAUBATE$1903012107##########################################################################T*********
001MIXO191000TAUBATE$1910190042##########################################################################F004007***
********************************ARQUIVO*******************************
GABRIELA ALVEZ@F@06/02/1995@(05) 37554-2486@CELTA@YZC-7852@COTIA|JUNDIAI|LORENA|SAO PAULO|SAO ROQUE@08/04/19@10:28@157.78@1@####################################################################################################################################GABRIELA ALVEZ@M@10/10/1998@(83) 95135-2141@UNO@YGO-8567@RIO DE JANEIRO|SAO PAULO@14/11/19@07:31@066.09@2@######################################################################################################################################################ALEXANDRE O MAIS OU MENOS@F@01/03/1999@(75) 66548-5234@FOX@STE-3125@JUNDIAI|LORENA|OSASCO|RIO DE JANEIRO|SAO JOSE DOS CAMPOS|SAO PAULO|SAO ROQUE|TAUBATE@23/11/19@03:11@018.83@3@###############################################################################EDUARDO MOTTA@M@16/05/1998@(44) 89461-2961@GOL@VLY-5372@COTIA|LORENA|SAO ROQUE@22/03/19@18:25@147.72@3@#########################################################################################################################################################ANA JULIA@M@24/03/1995@(55) 92589-0226@FOX@OHX-2315@JUNDIAI|LORENA|OSASCO|RIO DE JANEIRO|SAO JOSE DOS CAMPOS|SAO PAULO|SOROCABA@25/01/19@11:00@080.89@4@########################################################################################################MATHEUS ROCHA@M@24/09/1997@(11) 30589-6024@HB20@RDD-2970@COTIA|JUNDIAI|OSASCO@16/01/19@20:48@080.35@3@##########################################################################################################################################################ROBERT DOWNEY JUNIOR F :(@F@09/07/1998@(92) 56279-8293@HB20@TLM-7750@COTIA|JUNDIAI|LORENA|OSASCO|RIO DE JANEIRO|SAO JOSE DOS CAMPOS|SAO PAULO|SAO ROQUE|SOROCABA|TAUBATE@17/06/19@11:30@144.40@2@###############################################################PABLO PICASSO@F@22/01/1993@(52) 29240-3179@UNO@GTI-3577@JUNDIAI|TAUBATE@13/08/19@19:03@094.54@1@################################################################################################################################################################MATHEUS ROCHA@M@17/05/1998@(11) 74465-1150@CELTA@IXO-7187@OSASCO|RIO DE JANEIRO|TAUBATE@19/10/19@00:42@021.28@2@################################################################################################################################################GABRIEL THE ANGEL@F@17/06/1997@(14) 32844-1585@FIT@GCD-2307@COTIA|JUNDIAI|OSASCO|RIO DE JANEIRO|SAO JOSE DOS CAMPOS|SAO PAULO|SAO ROQUE|SOROCABA|TAUBATE@07/09/19@04:01@093.12@3@###############################################################################EDUARDO MOTTA@M@02/01/1997@(74) 11084-8675@CELTA@YPY-0624@JUNDIAI|LORENA|RIO DE JANEIRO|SAO JOSE DOS CAMPOS|SAO PAULO|SAO ROQUE|TAUBATE@01/03/19@21:07@120.80@3@################################################################################################JULIA ANDRADE@F@15/10/1993@(90) 05269-8976@TORO@PDY-9073@COTIA|JUNDIAI|LORENA|RIO DE JANEIRO|SAO PAULO|SAO ROQUE|SOROCABA@23/10/19@04:38@126.56@3@##############################################################################################################ALEXANDRE O CHEGA NE@F@21/01/1995@(48) 83346-3199@CELTA@QSU-6552@COTIA|LORENA@17/10/19@08:07@060.86@4@##########################################################################################################################################################GABRIEL O ANJO@M@18/01/1990@(20) 77361-2850@CIVIC@YZG-4697@SAO JOSE DOS CAMPOS|SAO PAULO|SAO ROQUE@15/02/19@15:41@088.55@2@#####################################################################################################################################
********************************BUSCAR********************************
Busca por VOLTA REDONDA$1904081028.
Nos percorridos:
SAO ROQUE$1904081028, TAUBATE$1906171130
TAUBATE$1910190042
TAUBATE$1911230311

Registro(s) nao encontrado!
********************************BUSCAR********************************
Busca por GYZC080410. Nos percorridos:
EYPY010321, GYGO141107
JPDY231004, MRDD160120
GYZC080410, GYZG150215

GYZC080410
GABRIELA ALVEZ
F
06/02/1995
(05) 37554-2486
CELTA
YZC-7852
08/04/19
10:28
157.78
1
COTIA, JUNDIAI, LORENA, SAO PAULO, SAO ROQUE
********************************BUSCAR********************************
Busca por SSSS231017. Nos percorridos:
EYPY010321, GYGO141107
JPDY231004, MRDD160120
PGTI130819, RTLM170611

Registro(s) nao encontrado!
********************************BUSCAR********************************
Busca por SOROCABA$1901251100.
Nos percorridos:
SAO ROQUE$1904081028, TAUBATE$1906171130
SOROCABA$1910230438
SAO ROQUE$1912010439, SOROCABA$1901251100

AOHX250111
ANA JULIA
M
24/03/1995
(55) 92589-0226
FOX
OHX-2315
25/01/19
11:00
080.89
4
JUNDIAI, LORENA, OSASCO, RIO DE JANEIRO, SAO JOSE DOS CAMPOS, SAO PAULO, SOROCABA
********************************LISTAR********************************
1 - EYPY010321, GYGO141107
2 - ASTE231103
3 - AOHX250111, AQSU171008
3 - ENJQ270802, EVLY220318
2 - GGCD070904
3 - FQAU011204
3 - GKHB221209
2 - JPDY231004, MRDD160120
3 - GYZC080410, GYZG150215
3 - MIXO191000
3 - PGTI130819, RTLM170611
********************************LISTAR********************************
LORENA------------------------ 17/10/19 - 08:07-
OSASCO------------------------ 16/01/19 - 20:48-
SAO PAULO--------------------- 14/11/19 - 07:31-
SAO ROQUE--------------------- 15/02/19 - 15:41-
SAO ROQUE--------------------- 22/03/19 - 18:25-
SAO ROQUE--------------------- 08/04/19 - 10:28-
SAO ROQUE--------------------- 01/12/19 - 04:39-
SOROCABA---------------------- 25/01/19 - 11:00-
SOROCABA---------------------- 23/10/19 - 04:38-
TAUBATE----------------------- 01/03/19 - 21:07-
TAUBATE----------------------- 17/06/19 - 11:30-
TAUBATE----------------------- 13/08/19 - 19:03-
TAUBATE----------------------- 27/08/19 - 02:10-
TAUBATE----------------------- 07/09/19 - 04:01-
TAUBATE----------------------- 19/10/19 - 00:42-
TAUBATE----------------------- 23/11/19 - 03:11-
TAUBATE----------------------- 22/12/19 - 09:11-
********************************ARQUIVO*******************************
GABRIELA ALVEZ@F@06/02/1995@(05) 37554-2486@CELTA@YZC-7852@COTIA|JUNDIAI|LORENA|SAO PAULO|SAO ROQUE@08/04/19@10:28@157.78@1@####################################################################################################################################GABRIELA ALVEZ@M@10/10/1998@(83) 95135-2141@UNO@YGO-8567@RIO DE JANEIRO|SAO PAULO@14/11/19@07:31@066.09@2@######################################################################################################################################################ALEXANDRE O MAIS OU MENOS@F@01/03/1999@(75) 66548-5234@FOX@STE-3125@JUNDIAI|LORENA|OSASCO|RIO DE JANEIRO|SAO JOSE DOS CAMPOS|SAO PAULO|SAO ROQUE|TAUBATE@23/11/19@03:11@018.83@3@###############################################################################EDUARDO MOTTA@M@16/05/1998@(44) 89461-2961@GOL@VLY-5372@COTIA|LORENA|SAO ROQUE@22/03/19@18:25@147.72@3@#########################################################################################################################################################ANA JULIA@M@24/03/1995@(55) 92589-0226@FOX@OHX-2315@JUNDIAI|LORENA|OSASCO|RIO DE JANEIRO|SAO JOSE DOS CAMPOS|SAO PAULO|SOROCABA@25/01/19@11:00@080.89@4@########################################################################################################MATHEUS ROCHA@M@24/09/1997@(11) 30589-6024@HB20@RDD-2970@COTIA|JUNDIAI|OSASCO@16/01/19@20:48@080.35@3@##########################################################################################################################################################ROBERT DOWNEY JUNIOR F :(@F@09/07/1998@(92) 56279-8293@HB20@TLM-7750@COTIA|JUNDIAI|LORENA|OSASCO|RIO DE JANEIRO|SAO JOSE DOS CAMPOS|SAO PAULO|SAO ROQUE|SOROCABA|TAUBATE@17/06/19@11:30@144.40@2@###############################################################PABLO PICASSO@F@22/01/1993@(52) 29240-3179@UNO@GTI-3577@JUNDIAI|TAUBATE@13/08/19@19:03@094.54@1@################################################################################################################################################################MATHEUS ROCHA@M@17/05/1998@(11) 74465-1150@CELTA@IXO-7187@OSASCO|RIO DE JANEIRO|TAUBATE@19/10/19@00:42@021.28@2@################################################################################################################################################GABRIEL THE ANGEL@F@17/06/1997@(14) 32844-1585@FIT@GCD-2307@COTIA|JUNDIAI|OSASCO|RIO DE JANEIRO|SAO JOSE DOS CAMPOS|SAO PAULO|SAO ROQUE|SOROCABA|TAUBATE@07/09/19@04:01@093.12@3@###############################################################################EDUARDO MOTTA@M@02/01/1997@(74) 11084-8675@CELTA@YPY-0624@JUNDIAI|LORENA|RIO DE JANEIRO|SAO JOSE DOS CAMPOS|SAO PAULO|SAO ROQUE|TAUBATE@01/03/19@21:07@120.80@3@################################################################################################JULIA ANDRADE@F@15/10/1993@(90) 05269-8976@TORO@PDY-9073@COTIA|JUNDIAI|LORENA|RIO DE JANEIRO|SAO PAULO|SAO ROQUE|SOROCABA@23/10/19@04:38@126.56@3@##############################################################################################################ALEXANDRE O CHEGA NE@F@21/01/1995@(48) 83346-3199@CELTA@QSU-6552@COTIA|LORENA@17/10/19@08:07@060.86@4@##########################################################################################################################################################GABRIEL O ANJO@M@18/01/1990@(20) 77361-2850@CIVIC@YZG-4697@SAO JOSE DOS CAMPOS|SAO PAULO|SAO ROQUE@15/02/19@15:41@088.55@2@#####################################################################################################################################FATIMA BERNARDES@F@09/11/1989@(25) 12010-6295@ONIX@QAU-3544@LORENA|OSASCO|RIO DE JANEIRO|SAO JOSE DOS CAMPOS|SAO ROQUE@01/12/19@04:39@059.16@2@#################################################################################################################EDUARDO COSTA@M@22/12/1998@(32) 66135-7646@CIVIC@NJQ-0144@JUNDIAI|LORENA|OSASCO|RIO DE JANEIRO|SAO PAULO|SAO ROQUE|SOROCABA|TAUBATE@27/08/19@02:10@125.38@1@####################################################################################################GABRIEL NAO SOU FAKE@M@13/09/1993@(20) 75244-4208@UNO@KHB-2016@COTIA|JUNDIAI|LORENA|OSASCO|RIO DE JANEIRO|SAO JOSE DOS CAMPOS|SAO PAULO|SAO ROQUE|SOROCABA|TAUBATE@22/12/19@09:11@168.50@4@#####################################################################
***************************INDICE PRIMÁRIO****************************
002AOHX2501110004AQSU1710080012T*********
002GYZC0804100000GYZG1502150013T*********
001ASTE2311030002##############F000003***
002ENJQ2708020015EVLY2203180003T*********
002PGTI1308190007RTLM1706110006T*********
002JPDY2310040011MRDD1601200005F001008004
002EYPY0103210010GYGO1411070001F002010005
001FQAU0112040014##############T*********
001MIXO1910000008##############T*********
001GKHB2212090016##############T*********
001GGCD0709040009##############F007009***
***************************INDICE SECUNDÁRIO**************************
002AQSU171008LORENA$1910170807########################MRDD160120OSASCO$1901162048########################T*********
002FQAU011204SAO ROQUE$1912010439#####################AOHX250111SOROCABA$1901251100######################T*********
001GYGO141107SAO PAULO$1911140731########################################################################F000003***
002GYZG150215SAO ROQUE$1902151541#####################EVLY220318SAO ROQUE$1903221825#####################T*********
001PGTI130819TAUBATE$1908131903##########################################################################T*********
001JPDY231004SOROCABA$1910230438#########################################################################F001008***
002GYZC080410SAO ROQUE$1904081028#####################RTLM170611TAUBATE$1906171130#######################F002005009
002ASTE231103TAUBATE$1911230311#######################GKHB221209TAUBATE$1912220911#######################T*********
001EYPY010321TAUBATE$1903012107##########################################################################T*********
002ENJQ270802TAUBATE$1908270210#######################MIXO191000TAUBATE$1910190042#######################F004010007
001GGCD070904TAUBATE$1909070401##########################################################################T*********
