***************************INDICE PRIMÁRIO****************************
002AOTS2110090007APQK2201120009############################T***************
004MEFC0111020003MGJR2207000005MUBV0412180011PJON1912180018T***************
004APRW1502080001GIAC0402040002LXTY0505210000PUDZ0803000004F000004005001003
004PYPB2611080016RTJN1111130008TFWA0703070006TLZT2706140019T***************
002BHNZ0406130012GCHW1609220014############################T***************
004GVIP0105090017JLCL0203140015LKUJ0409150013LSUX0404220010T***************
********************************BUSCAR********************************
Busca por PJON191218. Nos percorridos:
APRW150208, GIAC040204, LXTY050521, PUDZ080300
MEFC011102, MGJR220700, MUBV041218, PJON191218

PJON191218
PABLO PICASSO
M
23/10/1995
(79) 18285-3053
UNO
JON-0764
19/12/19
18:18
209.44
1
COTIA, JUNDIAI, LORENA, OSASCO, RIO DE JANEIRO, SAO ROQUE
***************************INDICE SECUNDÁRIO**************************
003BHNZ040613OSASCO$1906041330########################JLCL020314RIO DE JANEIRO$1903021436################LSUX040422RIO DE JANEIRO$1904042251###################################################################T***************
002APRW150208TAUBATE$1902150830#######################LXTY050521TAUBATE$1905052117#############################################################################################################################T***************
002MEFC011102RIO DE JANEIRO$1911010241################GVIP010509SAO ROQUE$1905010904###########################################################################################################################F000004006******
002PUDZ080300SOROCABA$1903080022######################RTJN111113SOROCABA$1911111356############################################################################################################################T***************
003TLZT270614SAO JOSE DOS CAMPOS$1906271402###########PYPB261108SAO PAULO$1911260813#####################APQK220112SAO ROQUE$1901221212########################################################################T***************
003LKUJ040915TAUBATE$1909041529#######################GCHW160922TAUBATE$1909162213#######################AOTS211009TAUBATE$1910210931##########################################################################T***************
002MUBV041218SAO ROQUE$1912041802#####################PJON191218SAO ROQUE$1912191818###########################################################################################################################T***************
002GIAC040204TAUBATE$1902040414#######################MGJR220700TAUBATE$1907220042#############################################################################################################################F003001005******
001TFWA070307SOROCABA$1903070733###############################################################################################################################################################################F002007*********
***************************INDICE PRIMÁRIO****************************
002AOTS2110090007APQK2201120009############################T***************
004MEFC0111020003MGJR2207000005MUBV0412180011PJON1912180018T***************
004APRW1502080001GIAC0402040002LXTY0505210000PUDZ0803000004F000004005001003
004PYPB2611080016RTJN1111130008TFWA0703070006TLZT2706140019T***************
002BHNZ0406130012GCHW1609220014############################T***************
004GVIP0105090017JLCL0203140015LKUJ0409150013LSUX0404220010T***************
********************************ALTERAR*******************************
OPERACAO REALIZADA COM SUCESSO!
********************************ALTERAR*******************************
OPERACAO REALIZADA COM SUCESSO!
***************************INDICE PRIMÁRIO****************************
002AOTS2110090007APQK2201120009############################T***************
004MEFC0111020003MGJR2207000005MUBV0412180011PJON1912180018T***************
004APRW1502080001GIAC0402040002LXTY0505210000PUDZ0803000004F000004005001003
004PYPB2611080016RTJN1111130008TFWA0703070006TLZT2706140019T***************
002BHNZ0406130012GCHW1609220014############################T***************
004GVIP0105090017JLCL0203140015LKUJ0409150013LSUX0404220010T***************
********************************ALTERAR*******************************
OPERACAO REALIZADA COM SUCESSO!
********************************LISTAR********************************
OSASCO------------------------ 04/06/19 - 13:30-
RIO DE JANEIRO---------------- 02/03/19 - 14:36-
RIO DE JANEIRO---------------- 04/04/19 - 22:51-
RIO DE JANEIRO---------------- 01/11/19 - 02:41-
SAO JOSE DOS CAMPOS----------- 27/06/19 - 14:02-
SAO PAULO--------------------- 26/11/19 - 08:13-
SAO ROQUE--------------------- 22/01/19 - 12:12-
SAO ROQUE--------------------- 01/05/19 - 09:04-
SAO ROQUE--------------------- 04/12/19 - 18:02-
SAO ROQUE--------------------- 19/12/19 - 18:18-
SOROCABA---------------------- 07/03/19 - 07:33-
SOROCABA---------------------- 08/03/19 - 00:22-
SOROCABA---------------------- 11/11/19 - 13:56-
TAUBATE----------------------- 04/02/19 - 04:14-
TAUBATE----------------------- 15/02/19 - 08:30-
TAUBATE----------------------- 05/05/19 - 21:17-
TAUBATE----------------------- 22/07/19 - 00:42-
TAUBATE----------------------- 04/09/19 - 15:29-
TAUBATE----------------------- 16/09/19 - 22:13-
TAUBATE----------------------- 21/10/19 - 09:31-
********************************ALTERAR*******************************
OPERACAO REALIZADA COM SUCESSO!
********************************ARQUIVO*******************************
LETICIA FERREIRA DOS SANTOS@F@17/08/1996@(10) 20256-5434@HB20@XTY-4936@COTIA|LORENA|OSASCO|SAO JOSE DOS CAMPOS|SAO PAULO|SAO ROQUE|TAUBATE@05/05/19@21:17@145.94@4@#############################################################################################ALEXANDRE O CHEGA NE@F@18/12/1989@(92) 18546-5300@CELTA@PRW-3676@COTIA|JUNDIAI|OSASCO|RIO DE JANEIRO|SAO JOSE DOS CAMPOS|SAO PAULO|SAO ROQUE|SOROCABA|TAUBATE@15/02/19@08:30@052.09@1@##########################################################################GABRIEL O ANJO@F@17/03/1992@(07) 03521-8360@UNO@IAC-6097@COTIA|JUNDIAI|LORENA|OSASCO|RIO DE JANEIRO|SAO JOSE DOS CAMPOS|SAO PAULO|SAO ROQUE|SOROCABA|TAUBATE@04/02/19@04:14@118.11@2@###########################################################################MATHEUS LIMA@F@11/06/1997@(44) 61934-4483@ONIX@EFC-1557@LORENA|RIO DE JANEIRO@01/11/19@02:41@099.14@1@##########################################################################################################################################################PABLO PICASSO@F@03/06/1991@(24) 85447-6721@CIVIC@UDZ-6944@COTIA|LORENA|OSASCO|SAO JOSE DOS CAMPOS|SAO PAULO|SAO ROQUE|SOROCABA@08/03/19@00:22@149.58@2@#########################################################################################################MATEUS ALVES@F@08/07/1993@(57) 10188-1500@GOL@GJR-5540@COTIA|JUNDIAI|LORENA|OSASCO|RIO DE JANEIRO|SAO JOSE DOS CAMPOS|SAO PAULO|SOROCABA|TAUBATE@22/07/19@00:42@165.19@3@#######################################################################################TATIANA MONTEIRO@M@18/04/1996@(48) 53342-2410@CORSA@FWA-2667@COTIA|JUNDIAI|LORENA|OSASCO|SAO JOSE DOS CAMPOS|SAO ROQUE|SOROCABA@07/03/19@07:33@162.44@1@########################################################################################################ALEXANDRE O MAIS OU MENOS@F@10/01/1994@(79) 49535-9590@FIT@OTS-5417@COTIA|JUNDIAI|LORENA|OSASCO|RIO DE JANEIRO|SAO JOSE DOS CAMPOS|SAO PAULO|SAO ROQUE|SOROCABA|TAUBATE@21/10/19@09:31@186.59@3@################################################################ROBERT NORMAL@F@17/07/1999@(95) 35093-3388@TORO@TJN-6638@COTIA|JUNDIAI|LORENA|RIO DE JANEIRO|SAO PAULO|SAO ROQUE|SOROCABA@11/11/19@13:56@063.67@4@##############################################################################################################ALEXANDRE O CHEGA NE@M@15/04/1992@(07) 52732-4426@FIT@PQK-7570@RIO DE JANEIRO|SAO ROQUE@22/01/19@12:12@025.60@3@################################################################################################################################################LETICIA BASTOS@F@06/05/1996@(06) 60947-6030@TORO@SUX-1074@COTIA|LORENA|OSASCO|RIO DE JANEIRO@04/04/19@22:51@098.31@3@###########################################################################################################################################MATHEUS AUGUSTO@F@20/07/1989@(66) 73883-1633@CIVIC@UBV-7321@LORENA|RIO DE JANEIRO|SAO JOSE DOS CAMPOS|SAO PAULO|SAO ROQUE@04/12/19@18:02@051.53@3@##############################################################################################################BRUNA MARQUEZINE@M@13/11/1990@(24) 34041-8231@CIVIC@HNZ-1446@COTIA|OSASCO@04/06/19@13:30@170.82@2@##############################################################################################################################################################LETICIA FERREIRA DA SILVA@M@08/01/1994@(68) 95993-9538@CELTA@KUJ-3086@COTIA|JUNDIAI|LORENA|OSASCO|SAO JOSE DOS CAMPOS|SAO PAULO|SOROCABA|TAUBATE@04/09/19@15:29@035.50@1@#######################################################################################GABRIEL PENSADOR@M@25/02/1994@(51) 26613-5312@FIT@CHW-0007@COTIA|JUNDIAI|LORENA|OSASCO|RIO DE JANEIRO|SAO JOSE DOS CAMPOS|SAO PAULO|SOROCABA|TAUBATE@16/09/19@22:13@140.74@2@###################################################################################JULIA ANDRADE@M@18/06/1989@(61) 06903-2806@FIT@LCL-0114@COTIA|JUNDIAI|RIO DE JANEIRO@02/03/19@14:36@155.07@3@###################################################################################################################################################PABLO PICASSO@M@22/04/1994@(83) 04933-0699@CORSA@YPB-1490@JUNDIAI|LORENA|OSASCO|RIO DE JANEIRO|SAO JOSE DOS CAMPOS|SAO PAULO@26/11/19@08:13@103.55@3@###########################################################################################################GABRIELA ALVEZ@M@24/09/1997@(96) 55623-9483@CORSA@VIP-5133@COTIA|JUNDIAI|LORENA|OSASCO|SAO ROQUE@01/05/19@09:04@028.06@1@#######################################################################################################################################PABLO PICASSO@M@23/10/1995@(79) 18285-3053@UNO@JON-0764@COTIA|JUNDIAI|LORENA|OSASCO|RIO DE JANEIRO|SAO ROQUE@19/12/19@18:18@209.44@2@###########################################################################################################################TATIANA MONTEIRO@M@12/11/1999@(28) 80114-1453@COROLLA@LZT-4685@JUNDIAI|LORENA|SAO JOSE DOS CAMPOS@27/06/19@14:02@126.69@3@######################################################################################################################################GABRIEL NAO SOU FAKE@M@14/10/1994@(64) 78859-9400@CELTA@TJH-2920@LORENA|OSASCO|SAO JOSE DOS CAMPOS|SAO PAULO@07/05/19@04:48@069.31@4@###########################################################################################################################
********************************LISTAR********************************
OSASCO------------------------ 04/06/19 - 13:30-
RIO DE JANEIRO---------------- 02/03/19 - 14:36-
RIO DE JANEIRO---------------- 04/04/19 - 22:51-
RIO DE JANEIRO---------------- 01/11/19 - 02:41-
SAO JOSE DOS CAMPOS----------- 27/06/19 - 14:02-
SAO PAULO--------------------- 07/05/19 - 04:48-
SAO PAULO--------------------- 26/11/19 - 08:13-
SAO ROQUE--------------------- 22/01/19 - 12:12-
SAO ROQUE--------------------- 01/05/19 - 09:04-
SAO ROQUE--------------------- 04/12/19 - 18:02-
SAO ROQUE--------------------- 19/12/19 - 18:18-
SOROCABA---------------------- 07/03/19 - 07:33-
SOROCABA---------------------- 08/03/19 - 00:22-
SOROCABA---------------------- 11/11/19 - 13:56-
TAUBATE----------------------- 04/02/19 - 04:14-
TAUBATE----------------------- 15/02/19 - 08:30-
TAUBATE----------------------- 05/05/19 - 21:17-
TAUBATE----------------------- 22/07/19 - 00:42-
TAUBATE----------------------- 04/09/19 - 15:29-
TAUBATE----------------------- 16/09/19 - 22:13-
TAUBATE----------------------- 21/10/19 - 09:31-
********************************BUSCAR********************************
Busca por APRW150208. Nos percorridos:
JLCL020314
APRW150208, GIAC040204

APRW150208
ALEXANDRE O CHEGA NE
F
18/12/1989
(92) 18546-5300
CELTA
PRW-3676
15/02/19
08:30
052.09
1
COTIA, JUNDIAI, OSASCO, RIO DE JANEIRO, SAO JOSE DOS CAMPOS, SAO PAULO, SAO ROQUE, SOROCABA, TAUBATE
***************************INDICE PRIMÁRIO****************************
002AOTS2110090007APQK2201120009############################T***************
002MEFC0111020003MGJR2207000005############################T***************
002APRW1502080001GIAC0402040002############################F000004005******
004PYPB2611080016RTJN1111130008TFWA0703070006TLZT2706140019T***************
002BHNZ0406130012GCHW1609220014############################T***************
002GTJH0705040020GVIP0105090017############################T***************
002LKUJ0409150013LSUX0404220010############################T***************
003LXTY0505210000MTFW0908130021PUDZ0803000004##############F006001009003***
001JLCL0203140015##########################################F002007*********
002MUBV0412180011PJON1912180018############################T***************
********************************BUSCAR********************************
Busca por TAUBATE$1907271935.
Nos percorridos:
SOROCABA$1903070733
TAUBATE$1902040414, TAUBATE$1907220042
TAUBATE$1907271935, TAUBATE$1909041529, TAUBATE$1909162213, TAUBATE$1910210931

JAIJ270719
JULIA ANDRADE
M
21/02/1996
(37) 65638-7807
ONIX
AIJ-8906
27/07/19
19:35
149.21
2
OSASCO, RIO DE JANEIRO, SAO JOSE DOS CAMPOS, SAO PAULO, SAO ROQUE, TAUBATE
********************************LISTAR********************************
OSASCO------------------------ 04/06/19 - 13:30-
RIO DE JANEIRO---------------- 02/03/19 - 14:36-
RIO DE JANEIRO---------------- 04/04/19 - 22:51-
RIO DE JANEIRO---------------- 01/11/19 - 02:41-
SAO JOSE DOS CAMPOS----------- 27/06/19 - 14:02-
SAO PAULO--------------------- 07/05/19 - 04:48-
SAO PAULO--------------------- 09/08/19 - 13:57-
SAO PAULO--------------------- 26/11/19 - 08:13-
SAO ROQUE--------------------- 22/01/19 - 12:12-
SAO ROQUE--------------------- 01/05/19 - 09:04-
SAO ROQUE--------------------- 04/12/19 - 18:02-
SAO ROQUE--------------------- 19/12/19 - 18:18-
SOROCABA---------------------- 07/03/19 - 07:33-
SOROCABA---------------------- 08/03/19 - 00:22-
SOROCABA---------------------- 11/11/19 - 13:56-
TAUBATE----------------------- 04/02/19 - 04:14-
TAUBATE----------------------- 15/02/19 - 08:30-
TAUBATE----------------------- 05/05/19 - 21:17-
TAUBATE----------------------- 22/07/19 - 00:42-
TAUBATE----------------------- 27/07/19 - 19:35-
TAUBATE----------------------- 04/09/19 - 15:29-
TAUBATE----------------------- 16/09/19 - 22:13-
TAUBATE----------------------- 21/10/19 - 09:31-
***************************INDICE SECUNDÁRIO**************************
003BHNZ040613OSASCO$1906041330########################JLCL020314RIO DE JANEIRO$1903021436################LSUX040422RIO DE JANEIRO$1904042251###################################################################T***************
002APRW150208TAUBATE$1902150830#######################LXTY050521TAUBATE$1905052117#############################################################################################################################T***************
003MEFC011102RIO DE JANEIRO$1911010241################MTFW090813SAO PAULO$1908091357#####################GVIP010509SAO ROQUE$1905010904########################################################################F000004009006***
002PUDZ080300SOROCABA$1903080022######################RTJN111113SOROCABA$1911111356############################################################################################################################T***************
002TLZT270614SAO JOSE DOS CAMPOS$1906271402###########GTJH070504SAO PAULO$1905070448###########################################################################################################################T***************
004JAIJ270719TAUBATE$1907271935#######################LKUJ040915TAUBATE$1909041529#######################GCHW160922TAUBATE$1909162213#######################AOTS211009TAUBATE$1910210931#######################T***************
002MUBV041218SAO ROQUE$1912041802#####################PJON191218SAO ROQUE$1912191818###########################################################################################################################T***************
002GIAC040204TAUBATE$1902040414#######################MGJR220700TAUBATE$1907220042#############################################################################################################################F003001005******
001TFWA070307SOROCABA$1903070733###############################################################################################################################################################################F002007*********
002PYPB261108SAO PAULO$1911260813#####################APQK220112SAO ROQUE$1901221212###########################################################################################################################T***************
********************************ARQUIVO*******************************
LETICIA FERREIRA DOS SANTOS@F@17/08/1996@(10) 20256-5434@HB20@XTY-4936@COTIA|LORENA|OSASCO|SAO JOSE DOS CAMPOS|SAO PAULO|SAO ROQUE|TAUBATE@05/05/19@21:17@145.94@4@#############################################################################################ALEXANDRE O CHEGA NE@F@18/12/1989@(92) 18546-5300@CELTA@PRW-3676@COTIA|JUNDIAI|OSASCO|RIO DE JANEIRO|SAO JOSE DOS CAMPOS|SAO PAULO|SAO ROQUE|SOROCABA|TAUBATE@15/02/19@08:30@052.09@1@##########################################################################GABRIEL O ANJO@F@17/03/1992@(07) 03521-8360@UNO@IAC-6097@COTIA|JUNDIAI|LORENA|OSASCO|RIO DE JANEIRO|SAO JOSE DOS CAMPOS|SAO PAULO|SAO ROQUE|SOROCABA|TAUBATE@04/02/19@04:14@118.11@2@###########################################################################MATHEUS LIMA@F@11/06/1997@(44) 61934-4483@ONIX@EFC-1557@LORENA|RIO DE JANEIRO@01/11/19@02:41@099.14@1@##########################################################################################################################################################PABLO PICASSO@F@03/06/1991@(24) 85447-6721@CIVIC@UDZ-6944@COTIA|LORENA|OSASCO|SAO JOSE DOS CAMPOS|SAO PAULO|SAO ROQUE|SOROCABA@08/03/19@00:22@149.58@2@#########################################################################################################MATEUS ALVES@F@08/07/1993@(57) 10188-1500@GOL@GJR-5540@COTIA|JUNDIAI|LORENA|OSASCO|RIO DE JANEIRO|SAO JOSE DOS CAMPOS|SAO PAULO|SOROCABA|TAUBATE@22/07/19@00:42@165.19@3@#######################################################################################TATIANA MONTEIRO@M@18/04/1996@(48) 53342-2410@CORSA@FWA-2667@COTIA|JUNDIAI|LORENA|OSASCO|SAO JOSE DOS CAMPOS|SAO ROQUE|SOROCABA@07/03/19@07:33@162.44@1@########################################################################################################ALEXANDRE O MAIS OU MENOS@F@10/01/1994@(79) 49535-9590@FIT@OTS-5417@COTIA|JUNDIAI|LORENA|OSASCO|RIO DE JANEIRO|SAO JOSE DOS CAMPOS|SAO PAULO|SAO ROQUE|SOROCABA|TAUBATE@21/10/19@09:31@186.59@3@################################################################ROBERT NORMAL@F@17/07/1999@(95) 35093-3388@TORO@TJN-6638@COTIA|JUNDIAI|LORENA|RIO DE JANEIRO|SAO PAULO|SAO ROQUE|SOROCABA@11/11/19@13:56@063.67@4@##############################################################################################################ALEXANDRE O CHEGA NE@M@15/04/1992@(07) 52732-4426@FIT@PQK-7570@RIO DE JANEIRO|SAO ROQUE@22/01/19@12:12@025.60@3@################################################################################################################################################LETICIA BASTOS@F@06/05/1996@(06) 60947-6030@TORO@SUX-1074@COTIA|LORENA|OSASCO|RIO DE JANEIRO@04/04/19@22:51@098.31@3@###########################################################################################################################################MATHEUS AUGUSTO@F@20/07/1989@(66) 73883-1633@CIVIC@UBV-7321@LORENA|RIO DE JANEIRO|SAO JOSE DOS CAMPOS|SAO PAULO|SAO ROQUE@04/12/19@18:02@051.53@3@##############################################################################################################BRUNA MARQUEZINE@M@13/11/1990@(24) 34041-8231@CIVIC@HNZ-1446@COTIA|OSASCO@04/06/19@13:30@170.82@2@##############################################################################################################################################################LETICIA FERREIRA DA SILVA@M@08/01/1994@(68) 95993-9538@CELTA@KUJ-3086@COTIA|JUNDIAI|LORENA|OSASCO|SAO JOSE DOS CAMPOS|SAO PAULO|SOROCABA|TAUBATE@04/09/19@15:29@035.50@1@#######################################################################################GABRIEL PENSADOR@M@25/02/1994@(51) 26613-5312@FIT@CHW-0007@COTIA|JUNDIAI|LORENA|OSASCO|RIO DE JANEIRO|SAO JOSE DOS CAMPOS|SAO PAULO|SOROCABA|TAUBATE@16/09/19@22:13@140.74@2@###################################################################################JULIA ANDRADE@M@18/06/1989@(61) 06903-2806@FIT@LCL-0114@COTIA|JUNDIAI|RIO DE JANEIRO@02/03/19@14:36@155.07@3@###################################################################################################################################################PABLO PICASSO@M@22/04/1994@(83) 04933-0699@CORSA@YPB-1490@JUNDIAI|LORENA|OSASCO|RIO DE JANEIRO|SAO JOSE DOS CAMPOS|SAO PAULO@26/11/19@08:13@103.55@3@###########################################################################################################GABRIELA ALVEZ@M@24/09/1997@(96) 55623-9483@CORSA@VIP-5133@COTIA|JUNDIAI|LORENA|OSASCO|SAO ROQUE@01/05/19@09:04@028.06@1@#######################################################################################################################################PABLO PICASSO@M@23/10/1995@(79) 18285-3053@UNO@JON-0764@COTIA|JUNDIAI|LORENA|OSASCO|RIO DE JANEIRO|SAO ROQUE@19/12/19@18:18@209.44@2@###########################################################################################################################TATIANA MONTEIRO@M@12/11/1999@(28) 80114-1453@COROLLA@LZT-4685@JUNDIAI|LORENA|SAO JOSE DOS CAMPOS@27/06/19@14:02@126.69@3@######################################################################################################################################GABRIEL NAO SOU FAKE@M@14/10/1994@(64) 78859-9400@CELTA@TJH-2920@LORENA|OSASCO|SAO JOSE DOS CAMPOS|SAO PAULO@07/05/19@04:48@069.31@4@###########################################################################################################################MATHEUS AUGUSTO@F@13/09/1989@(80) 53695-2897@HB20@TFW-0170@COTIA|JUNDIAI|OSASCO|RIO DE JANEIRO|SAO PAULO@09/08/19@13:57@118.17@3@###############################################################################################################################JULIA ANDRADE@M@21/02/1996@(37) 65638-7807@ONIX@AIJ-8906@OSASCO|RIO DE JANEIRO|SAO JOSE DOS CAMPOS|SAO PAULO|SAO ROQUE|TAUBATE@27/07/19@19:35@149.21@2@#########################################################################################################
********************************LISTAR********************************
OSASCO------------------------ 04/06/19 - 13:30-
RIO DE JANEIRO---------------- 02/03/19 - 14:36-
RIO DE JANEIRO---------------- 04/04/19 - 22:51-
RIO DE JANEIRO---------------- 01/11/19 - 02:41-
SAO JOSE DOS CAMPOS----------- 27/06/19 - 14:02-
SAO PAULO--------------------- 07/05/19 - 04:48-
SAO PAULO--------------------- 09/08/19 - 13:57-
SAO PAULO--------------------- 26/11/19 - 08:13-
SAO ROQUE--------------------- 22/01/19 - 12:12-
SAO ROQUE--------------------- 01/05/19 - 09:04-
SAO ROQUE--------------------- 04/12/19 - 18:02-
SAO ROQUE--------------------- 19/12/19 - 18:18-
SOROCABA---------------------- 07/03/19 - 07:33-
SOROCABA---------------------- 08/03/19 - 00:22-
SOROCABA---------------------- 11/11/19 - 13:56-
TAUBATE----------------------- 04/02/19 - 04:14-
TAUBATE----------------------- 15/02/19 - 08:30-
TAUBATE----------------------- 05/05/19 - 21:17-
TAUBATE----------------------- 22/07/19 - 00:42-
TAUBATE----------------------- 27/07/19 - 19:35-
TAUBATE----------------------- 04/09/19 - 15:29-
TAUBATE----------------------- 16/09/19 - 22:13-
TAUBATE----------------------- 21/10/19 - 09:31-
********************************ALTERAR*******************************
OPERACAO REALIZADA COM SUCESSO!
***************************INDICE SECUNDÁRIO**************************
003BHNZ040613OSASCO$1906041330########################JLCL020314RIO DE JANEIRO$1903021436################LSUX040422RIO DE JANEIRO$1904042251###################################################################T***************
002APRW150208TAUBATE$1902150830#######################LXTY050521TAUBATE$1905052117#############################################################################################################################T***************
003MEFC011102RIO DE JANEIRO$1911010241################MTFW090813SAO PAULO$1908091357#####################GVIP010509SAO ROQUE$1905010904########################################################################F000004009006***
002PUDZ080300SOROCABA$1903080022######################RTJN111113SOROCABA$1911111356############################################################################################################################T***************
002TLZT270614SAO JOSE DOS CAMPOS$1906271402###########GTJH070504SAO PAULO$1905070448###########################################################################################################################T***************
004JAIJ270719TAUBATE$1907271935#######################LKUJ040915TAUBATE$1909041529#######################GCHW160922TAUBATE$1909162213#######################AOTS211009TAUBATE$1910210931#######################T***************
002MUBV041218SAO ROQUE$1912041802#####################PJON191218SAO ROQUE$1912191818###########################################################################################################################T***************
002GIAC040204TAUBATE$1902040414#######################MGJR220700TAUBATE$1907220042#############################################################################################################################F003001005******
001TFWA070307SOROCABA$1903070733###############################################################################################################################################################################F002007*********
002PYPB261108SAO PAULO$1911260813#####################APQK220112SAO ROQUE$1901221212###########################################################################################################################T***************
********************************ARQUIVO*******************************
LETICIA FERREIRA DOS SANTOS@F@17/08/1996@(10) 20256-5434@HB20@XTY-4936@COTIA|LORENA|OSASCO|SAO JOSE DOS CAMPOS|SAO PAULO|SAO ROQUE|TAUBATE@05/05/19@21:17@145.94@4@#############################################################################################ALEXANDRE O CHEGA NE@F@18/12/1989@(92) 18546-5300@CELTA@PRW-3676@COTIA|JUNDIAI|OSASCO|RIO DE JANEIRO|SAO JOSE DOS CAMPOS|SAO PAULO|SAO ROQUE|SOROCABA|TAUBATE@15/02/19@08:30@052.09@1@##########################################################################GABRIEL O ANJO@F@17/03/1992@(07) 03521-8360@UNO@IAC-6097@COTIA|JUNDIAI|LORENA|OSASCO|RIO DE JANEIRO|SAO JOSE DOS CAMPOS|SAO PAULO|SAO ROQUE|SOROCABA|TAUBATE@04/02/19@04:14@118.11@2@###########################################################################MATHEUS LIMA@F@11/06/1997@(44) 61934-4483@ONIX@EFC-1557@LORENA|RIO DE JANEIRO@01/11/19@02:41@099.14@1@##########################################################################################################################################################PABLO PICASSO@F@03/06/1991@(24) 85447-6721@CIVIC@UDZ-6944@COTIA|LORENA|OSASCO|SAO JOSE DOS CAMPOS|SAO PAULO|SAO ROQUE|SOROCABA@08/03/19@00:22@149.58@2@#########################################################################################################MATEUS ALVES@F@08/07/1993@(57) 10188-1500@GOL@GJR-5540@COTIA|JUNDIAI|LORENA|OSASCO|RIO DE JANEIRO|SAO JOSE DOS CAMPOS|SAO PAULO|SOROCABA|TAUBATE@22/07/19@00:42@165.19@3@#######################################################################################TATIANA MONTEIRO@M@18/04/1996@(48) 53342-2410@CORSA@FWA-2667@COTIA|JUNDIAI|LORENA|OSASCO|SAO JOSE DOS CAMPOS|SAO ROQUE|SOROCABA@07/03/19@07:33@162.44@1@########################################################################################################ALEXANDRE O MAIS OU MENOS@F@10/01/1994@(79) 49535-9590@FIT@OTS-5417@COTIA|JUNDIAI|LORENA|OSASCO|RIO DE JANEIRO|SAO JOSE DOS CAMPOS|SAO PAULO|SAO ROQUE|SOROCABA|TAUBATE@21/10/19@09:31@186.59@3@################################################################ROBERT NORMAL@F@17/07/1999@(95) 35093-3388@TORO@TJN-6638@COTIA|JUNDIAI|LORENA|RIO DE JANEIRO|SAO PAULO|SAO ROQUE|SOROCABA@11/11/19@13:56@063.67@4@##############################################################################################################ALEXANDRE O CHEGA NE@M@15/04/1992@(07) 52732-4426@FIT@PQK-7570@RIO DE JANEIRO|SAO ROQUE@22/01/19@12:12@025.60@3@################################################################################################################################################LETICIA BASTOS@F@06/05/1996@(06) 60947-6030@TORO@SUX-1074@COTIA|LORENA|OSASCO|RIO DE JANEIRO@04/04/19@22:51@098.31@3@###########################################################################################################################################MATHEUS AUGUSTO@F@20/07/1989@(66) 73883-1633@CIVIC@UBV-7321@LORENA|RIO DE JANEIRO|SAO JOSE DOS CAMPOS|SAO PAULO|SAO ROQUE@04/12/19@18:02@051.53@3@##############################################################################################################BRUNA MARQUEZINE@M@13/11/1990@(24) 34041-8231@CIVIC@HNZ-1446@COTIA|OSASCO@04/06/19@13:30@170.82@2@##############################################################################################################################################################LETICIA FERREIRA DA SILVA@M@08/01/1994@(68) 95993-9538@CELTA@KUJ-3086@COTIA|JUNDIAI|LORENA|OSASCO|SAO JOSE DOS CAMPOS|SAO PAULO|SOROCABA|TAUBATE@04/09/19@15:29@035.50@1@#######################################################################################GABRIEL PENSADOR@M@25/02/1994@(51) 26613-5312@FIT@CHW-0007@COTIA|JUNDIAI|LORENA|OSASCO|RIO DE JANEIRO|SAO JOSE DOS CAMPOS|SAO PAULO|SOROCABA|TAUBATE@16/09/19@22:13@140.74@2@###################################################################################JULIA ANDRADE@M@18/06/1989@(61) 06903-2806@FIT@LCL-0114@COTIA|JUNDIAI|RIO DE JANEIRO@02/03/19@14:36@155.07@4@###################################################################################################################################################PABLO PICASSO@M@22/04/1994@(83) 04933-0699@CORSA@YPB-1490@JUNDIAI|LORENA|OSASCO|RIO DE JANEIRO|SAO JOSE DOS CAMPOS|SAO PAULO@26/11/19@08:13@103.55@3@###########################################################################################################GABRIELA ALVEZ@M@24/09/1997@(96) 55623-9483@CORSA@VIP-5133@COTIA|JUNDIAI|LORENA|OSASCO|SAO ROQUE@01/05/19@09:04@028.06@1@#######################################################################################################################################PABLO PICASSO@M@23/10/1995@(79) 18285-3053@UNO@JON-0764@COTIA|JUNDIAI|LORENA|OSASCO|RIO DE JANEIRO|SAO ROQUE@19/12/19@18:18@209.44@2@###########################################################################################################################TATIANA MONTEIRO@M@12/11/1999@(28) 80114-1453@COROLLA@LZT-4685@JUNDIAI|LORENA|SAO JOSE DOS CAMPOS@27/06/19@14:02@126.69@3@######################################################################################################################################GABRIEL NAO SOU FAKE@M@14/10/1994@(64) 78859-9400@CELTA@TJH-2920@LORENA|OSASCO|SAO JOSE DOS CAMPOS|SAO PAULO@07/05/19@04:48@069.31@4@###########################################################################################################################MATHEUS AUGUSTO@F@13/09/1989@(80) 53695-2897@HB20@TFW-0170@COTIA|JUNDIAI|OSASCO|RIO DE JANEIRO|SAO PAULO@09/08/19@13:57@118.17@3@###############################################################################################################################JULIA ANDRADE@M@21/02/1996@(37) 65638-7807@ONIX@AIJ-8906@OSASCO|RIO DE JANEIRO|SAO JOSE DOS CAMPOS|SAO PAULO|SAO ROQUE|TAUBATE@27/07/19@19:35@149.21@2@#########################################################################################################
********************************BUSCAR********************************
Busca por TAUBATE$1907271935.
Nos percorridos:
SOROCABA$1903070733
TAUBATE$1902040414, TAUBATE$1907220042
TAUBATE$1907271935, TAUBATE$1909041529, TAUBATE$1909162213, TAUBATE$1910210931

JAIJ270719
JULIA ANDRADE
M
21/02/1996
(37) 65638-7807
ONIX
AIJ-8906
27/07/19
19:35
149.21
2
OSASCO, RIO DE JANEIRO, SAO JOSE DOS CAMPOS, SAO PAULO, SAO ROQUE, TAUBATE
********************************BUSCAR********************************
Busca por SOROCABA$1906091427.
Nos percorridos:
SOROCABA$1903070733
TAUBATE$1902040414, TAUBATE$1907220042
SOROCABA$1903080022, SOROCABA$1906091427, SOROCABA$1911111356

AKJB090614
ALEXANDRE O MEDIO
M
25/08/1992
(90) 98215-0858
COROLLA
KJB-3303
09/06/19
14:27
183.59
3
COTIA, JUNDIAI, LORENA, OSASCO, SAO JOSE DOS CAMPOS, SAO PAULO, SOROCABA
********************************BUSCAR********************************
Busca por SAO PAULO$1905070448.
Nos percorridos:
SOROCABA$1903070733
RIO DE JANEIRO$1911010241, SAO PAULO$1908091357, SAO ROQUE$1905010904
SAO JOSE DOS CAMPOS$1906271402, SAO PAULO$1905070448

GTJH070504
GABRIEL NAO SOU FAKE
M
14/10/1994
(64) 78859-9400
CELTA
TJH-2920
07/05/19
04:48
069.31
4
LORENA, OSASCO, SAO JOSE DOS CAMPOS, SAO PAULO
***************************INDICE PRIMÁRIO****************************
003AKJB0906140023AOTS2110090007APQK2201120009##############T***************
002MEFC0111020003MGJR2207000005############################T***************
002APRW1502080001GIAC0402040002############################F000004005******
004PYPB2611080016RTJN1111130008TFWA0703070006TLZT2706140019T***************
002BHNZ0406130012GCHW1609220014############################T***************
003GTJH0705040020GVIP0105090017JAIJ2707190022##############T***************
002LKUJ0409150013LSUX0404220010############################T***************
003LXTY0505210000MTFW0908130021PUDZ0803000004##############F006001009003***
001JLCL0203140015##########################################F002007*********
002MUBV0412180011PJON1912180018############################T***************
***************************INDICE SECUNDÁRIO**************************
003BHNZ040613OSASCO$1906041330########################JLCL020314RIO DE JANEIRO$1903021436################LSUX040422RIO DE JANEIRO$1904042251###################################################################T***************
002APRW150208TAUBATE$1902150830#######################LXTY050521TAUBATE$1905052117#############################################################################################################################T***************
003MEFC011102RIO DE JANEIRO$1911010241################MTFW090813SAO PAULO$1908091357#####################GVIP010509SAO ROQUE$1905010904########################################################################F000004009006***
003PUDZ080300SOROCABA$1903080022######################AKJB090614SOROCABA$1906091427######################RTJN111113SOROCABA$1911111356#########################################################################T***************
002TLZT270614SAO JOSE DOS CAMPOS$1906271402###########GTJH070504SAO PAULO$1905070448###########################################################################################################################T***************
004JAIJ270719TAUBATE$1907271935#######################LKUJ040915TAUBATE$1909041529#######################GCHW160922TAUBATE$1909162213#######################AOTS211009TAUBATE$1910210931#######################T***************
002MUBV041218SAO ROQUE$1912041802#####################PJON191218SAO ROQUE$1912191818###########################################################################################################################T***************
002GIAC040204TAUBATE$1902040414#######################MGJR220700TAUBATE$1907220042#############################################################################################################################F003001005******
001TFWA070307SOROCABA$1903070733###############################################################################################################################################################################F002007*********
002PYPB261108SAO PAULO$1911260813#####################APQK220112SAO ROQUE$1901221212###########################################################################################################################T***************
***************************INDICE PRIMÁRIO****************************
003AKJB0906140023AOTS2110090007APQK2201120009##############T***************
002MEFC0111020003MGJR2207000005############################T***************
002APRW1502080001GIAC0402040002############################F000004005******
004PYPB2611080016RTJN1111130008TFWA0703070006TLZT2706140019T***************
002BHNZ0406130012GCHW1609220014############################T***************
003GTJH0705040020GVIP0105090017JAIJ2707190022##############T***************
002LKUJ0409150013LSUX0404220010############################T***************
003LXTY0505210000MTFW0908130021PUDZ0803000004##############F006001009003***
001JLCL0203140015##########################################F002007*********
002MUBV0412180011PJON1912180018############################T***************
********************************ALTERAR*******************************
OPERACAO REALIZADA COM SUCESSO!
********************************LISTAR********************************
OSASCO------------------------ 04/06/19 - 13:30-
RIO DE JANEIRO---------------- 02/03/19 - 14:36-
RIO DE JANEIRO---------------- 04/04/19 - 22:51-
RIO DE JANEIRO---------------- 01/11/19 - 02:41-
SAO JOSE DOS CAMPOS----------- 27/06/19 - 14:02-
SAO PAULO--------------------- 07/05/19 - 04:48-
SAO PAULO--------------------- 09/08/19 - 13:57-
SAO PAULO--------------------- 26/11/19 - 08:13-
SAO ROQUE--------------------- 22/01/19 - 12:12-
SAO ROQUE--------------------- 01/05/19 - 09:04-
SAO ROQUE--------------------- 04/12/19 - 18:02-
SAO ROQUE--------------------- 19/12/19 - 18:18-
SOROCABA---------------------- 07/03/19 - 07:33-
SOROCABA---------------------- 08/03/19 - 00:22-
SOROCABA---------------------- 09/06/19 - 14:27-
SOROCABA---------------------- 11/11/19 - 13:56-
TAUBATE----------------------- 04/02/19 - 04:14-
TAUBATE----------------------- 15/02/19 - 08:30-
TAUBATE----------------------- 05/05/19 - 21:17-
TAUBATE----------------------- 22/07/19 - 00:42-
TAUBATE----------------------- 27/07/19 - 19:35-
TAUBATE----------------------- 04/09/19 - 15:29-
TAUBATE----------------------- 16/09/19 - 22:13-
TAUBATE----------------------- 21/10/19 - 09:31-
********************************ARQUIVO*******************************
LETICIA FERREIRA DOS SANTOS@F@17/08/1996@(10) 20256-5434@HB20@XTY-4936@COTIA|LORENA|OSASCO|SAO JOSE DOS CAMPOS|SAO PAULO|SAO ROQUE|TAUBATE@05/05/19@21:17@145.94@4@#############################################################################################ALEXANDRE O CHEGA NE@F@18/12/1989@(92) 18546-5300@CELTA@PRW-3676@COTIA|JUNDIAI|OSASCO|RIO DE JANEIRO|SAO JOSE DOS CAMPOS|SAO PAULO|SAO ROQUE|SOROCABA|TAUBATE@15/02/19@08:30@052.09@1@##########################################################################GABRIEL O ANJO@F@17/03/1992@(07) 03521-8360@UNO@IAC-6097@COTIA|JUNDIAI|LORENA|OSASCO|RIO DE JANEIRO|SAO JOSE DOS CAMPOS|SAO PAULO|SAO ROQUE|SOROCABA|TAUBATE@04/02/19@04:14@118.11@2@###########################################################################MATHEUS LIMA@F@11/06/1997@(44) 61934-4483@ONIX@EFC-1557@LORENA|RIO DE JANEIRO@01/11/19@02:41@099.14@1@##########################################################################################################################################################PABLO PICASSO@F@03/06/1991@(24) 85447-6721@CIVIC@UDZ-6944@COTIA|LORENA|OSASCO|SAO JOSE DOS CAMPOS|SAO PAULO|SAO ROQUE|SOROCABA@08/03/19@00:22@149.58@2@#########################################################################################################MATEUS ALVES@F@08/07/1993@(57) 10188-1500@GOL@GJR-5540@COTIA|JUNDIAI|LORENA|OSASCO|RIO DE JANEIRO|SAO JOSE DOS CAMPOS|SAO PAULO|SOROCABA|TAUBATE@22/07/19@00:42@165.19@3@#######################################################################################TATIANA MONTEIRO@M@18/04/1996@(48) 53342-2410@CORSA@FWA-2667@COTIA|JUNDIAI|LORENA|OSASCO|SAO JOSE DOS CAMPOS|SAO ROQUE|SOROCABA@07/03/19@07:33@162.44@1@########################################################################################################ALEXANDRE O MAIS OU MENOS@F@10/01/1994@(79) 49535-9590@FIT@OTS-5417@COTIA|JUNDIAI|LORENA|OSASCO|RIO DE JANEIRO|SAO JOSE DOS CAMPOS|SAO PAULO|SAO ROQUE|SOROCABA|TAUBATE@21/10/19@09:31@186.59@3@################################################################ROBERT NORMAL@F@17/07/1999@(95) 35093-3388@TORO@TJN-6638@COTIA|JUNDIAI|LORENA|RIO DE JANEIRO|SAO PAULO|SAO ROQUE|SOROCABA@11/11/19@13:56@063.67@4@##############################################################################################################ALEXANDRE O CHEGA NE@M@15/04/1992@(07) 52732-4426@FIT@PQK-7570@RIO DE JANEIRO|SAO ROQUE@22/01/19@12:12@025.60@3@################################################################################################################################################LETICIA BASTOS@F@06/05/1996@(06) 60947-6030@TORO@SUX-1074@COTIA|LORENA|OSASCO|RIO DE JANEIRO@04/04/19@22:51@098.31@3@###########################################################################################################################################MATHEUS AUGUSTO@F@20/07/1989@(66) 73883-1633@CIVIC@UBV-7321@LORENA|RIO DE JANEIRO|SAO JOSE DOS CAMPOS|SAO PAULO|SAO ROQUE@04/12/19@18:02@051.53@3@##############################################################################################################BRUNA MARQUEZINE@M@13/11/1990@(24) 34041-8231@CIVIC@HNZ-1446@COTIA|OSASCO@04/06/19@13:30@170.82@2@##############################################################################################################################################################LETICIA FERREIRA DA SILVA@M@08/01/1994@(68) 95993-9538@CELTA@KUJ-3086@COTIA|JUNDIAI|LORENA|OSASCO|SAO JOSE DOS CAMPOS|SAO PAULO|SOROCABA|TAUBATE@04/09/19@15:29@035.50@1@#######################################################################################GABRIEL PENSADOR@M@25/02/1994@(51) 26613-5312@FIT@CHW-0007@COTIA|JUNDIAI|LORENA|OSASCO|RIO DE JANEIRO|SAO JOSE DOS CAMPOS|SAO PAULO|SOROCABA|TAUBATE@16/09/19@22:13@140.74@2@###################################################################################JULIA ANDRADE@M@18/06/1989@(61) 06903-2806@FIT@LCL-0114@COTIA|JUNDIAI|RIO DE JANEIRO@02/03/19@14:36@155.07@4@###################################################################################################################################################PABLO PICASSO@M@22/04/1994@(83) 04933-0699@CORSA@YPB-1490@JUNDIAI|LORENA|OSASCO|RIO DE JANEIRO|SAO JOSE DOS CAMPOS|SAO PAULO@26/11/19@08:13@103.55@3@###########################################################################################################GABRIELA ALVEZ@M@24/09/1997@(96) 55623-9483@CORSA@VIP-5133@COTIA|JUNDIAI|LORENA|OSASCO|SAO ROQUE@01/05/19@09:04@028.06@1@#######################################################################################################################################PABLO PICASSO@M@23/10/1995@(79) 18285-3053@UNO@JON-0764@COTIA|JUNDIAI|LORENA|OSASCO|RIO DE JANEIRO|SAO ROQUE@19/12/19@18:18@209.44@2@###########################################################################################################################TATIANA MONTEIRO@M@12/11/1999@(28) 80114-1453@COROLLA@LZT-4685@JUNDIAI|LORENA|SAO JOSE DOS CAMPOS@27/06/19@14:02@126.69@3@######################################################################################################################################GABRIEL NAO SOU FAKE@M@14/10/1994@(64) 78859-9400@CELTA@TJH-2920@LORENA|OSASCO|SAO JOSE DOS CAMPOS|SAO PAULO@07/05/19@04:48@069.31@4@###########################################################################################################################MATHEUS AUGUSTO@F@13/09/1989@(80) 53695-2897@HB20@TFW-0170@COTIA|JUNDIAI|OSASCO|RIO DE JANEIRO|SAO PAULO@09/08/19@13:57@118.17@3@###############################################################################################################################JULIA ANDRADE@M@21/02/1996@(37) 65638-7807@ONIX@AIJ-8906@OSASCO|RIO DE JANEIRO|SAO JOSE DOS CAMPOS|SAO PAULO|SAO ROQUE|TAUBATE@27/07/19@19:35@149.21@1@#########################################################################################################ALEXANDRE O MEDIO@M@25/08/1992@(90) 98215-0858@COROLLA@KJB-3303@COTIA|JUNDIAI|LORENA|OSASCO|SAO JOSE DOS CAMPOS|SAO PAULO|SOROCABA@09/06/19@14:27@183.59@3@#####################################################################################################
********************************BUSCAR********************************
Busca por COTIA$1908091357.
Nos percorridos:
SOROCABA$1903070733
RIO DE JANEIRO$1911010241, SAO PAULO$1908091357, SAO ROQUE$1905010904
OSASCO$1906041330, RIO DE JANEIRO$1903021436, RIO DE JANEIRO$1904042251

Registro(s) nao encontrado!
********************************ARQUIVO*******************************
LETICIA FERREIRA DOS SANTOS@F@17/08/1996@(10) 20256-5434@HB20@XTY-4936@COTIA|LORENA|OSASCO|SAO JOSE DOS CAMPOS|SAO PAULO|SAO ROQUE|TAUBATE@05/05/19@21:17@145.94@4@#############################################################################################ALEXANDRE O CHEGA NE@F@18/12/1989@(92) 18546-5300@CELTA@PRW-3676@COTIA|JUNDIAI|OSASCO|RIO DE JANEIRO|SAO JOSE DOS CAMPOS|SAO PAULO|SAO ROQUE|SOROCABA|TAUBATE@15/02/19@08:30@052.09@1@##########################################################################GABRIEL O ANJO@F@17/03/1992@(07) 03521-8360@UNO@IAC-6097@COTIA|JUNDIAI|LORENA|OSASCO|RIO DE JANEIRO|SAO JOSE DOS CAMPOS|SAO PAULO|SAO ROQUE|SOROCABA|TAUBATE@04/02/19@04:14@118.11@2@###########################################################################MATHEUS LIMA@F@11/06/1997@(44) 61934-4483@ONIX@EFC-1557@LORENA|RIO DE JANEIRO@01/11/19@02:41@099.14@1@##########################################################################################################################################################PABLO PICASSO@F@03/06/1991@(24) 85447-6721@CIVIC@UDZ-6944@COTIA|LORENA|OSASCO|SAO JOSE DOS CAMPOS|SAO PAULO|SAO ROQUE|SOROCABA@08/03/19@00:22@149.58@2@#########################################################################################################MATEUS ALVES@F@08/07/1993@(57) 10188-1500@GOL@GJR-5540@COTIA|JUNDIAI|LORENA|OSASCO|RIO DE JANEIRO|SAO JOSE DOS CAMPOS|SAO PAULO|SOROCABA|TAUBATE@22/07/19@00:42@165.19@3@#######################################################################################TATIANA MONTEIRO@M@18/04/1996@(48) 53342-2410@CORSA@FWA-2667@COTIA|JUNDIAI|LORENA|OSASCO|SAO JOSE DOS CAMPOS|SAO ROQUE|SOROCABA@07/03/19@07:33@162.44@1@########################################################################################################ALEXANDRE O MAIS OU MENOS@F@10/01/1994@(79) 49535-9590@FIT@OTS-5417@COTIA|JUNDIAI|LORENA|OSASCO|RIO DE JANEIRO|SAO JOSE DOS CAMPOS|SAO PAULO|SAO ROQUE|SOROCABA|TAUBATE@21/10/19@09:31@186.59@3@################################################################ROBERT NORMAL@F@17/07/1999@(95) 35093-3388@TORO@TJN-6638@COTIA|JUNDIAI|LORENA|RIO DE JANEIRO|SAO PAULO|SAO ROQUE|SOROCABA@11/11/19@13:56@063.67@4@##############################################################################################################ALEXANDRE O CHEGA NE@M@15/04/1992@(07) 52732-4426@FIT@PQK-7570@RIO DE JANEIRO|SAO ROQUE@22/01/19@12:12@025.60@3@################################################################################################################################################LETICIA BASTOS@F@06/05/1996@(06) 60947-6030@TORO@SUX-1074@COTIA|LORENA|OSASCO|RIO DE JANEIRO@04/04/19@22:51@098.31@3@###########################################################################################################################################MATHEUS AUGUSTO@F@20/07/1989@(66) 73883-1633@CIVIC@UBV-7321@LORENA|RIO DE JANEIRO|SAO JOSE DOS CAMPOS|SAO PAULO|SAO ROQUE@04/12/19@18:02@051.53@3@##############################################################################################################BRUNA MARQUEZINE@M@13/11/1990@(24) 34041-8231@CIVIC@HNZ-1446@COTIA|OSASCO@04/06/19@13:30@170.82@2@##############################################################################################################################################################LETICIA FERREIRA DA SILVA@M@08/01/1994@(68) 95993-9538@CELTA@KUJ-3086@COTIA|JUNDIAI|LORENA|OSASCO|SAO JOSE DOS CAMPOS|SAO PAULO|SOROCABA|TAUBATE@04/09/19@15:29@035.50@1@#######################################################################################GABRIEL PENSADOR@M@25/02/1994@(51) 26613-5312@FIT@CHW-0007@COTIA|JUNDIAI|LORENA|OSASCO|RIO DE JANEIRO|SAO JOSE DOS CAMPOS|SAO PAULO|SOROCABA|TAUBATE@16/09/19@22:13@140.74@2@###################################################################################JULIA ANDRADE@M@18/06/1989@(61) 06903-2806@FIT@LCL-0114@COTIA|JUNDIAI|RIO DE JANEIRO@02/03/19@14:36@155.07@4@###################################################################################################################################################PABLO PICASSO@M@22/04/1994@(83) 04933-0699@CORSA@YPB-1490@JUNDIAI|LORENA|OSASCO|RIO DE JANEIRO|SAO JOSE DOS CAMPOS|SAO PAULO@26/11/19@08:13@103.55@3@###########################################################################################################GABRIELA ALVEZ@M@24/09/1997@(96) 55623-9483@CORSA@VIP-5133@COTIA|JUNDIAI|LORENA|OSASCO|SAO ROQUE@01/05/19@09:04@028.06@1@#######################################################################################################################################PABLO PICASSO@M@23/10/1995@(79) 18285-3053@UNO@JON-0764@COTIA|JUNDIAI|LORENA|OSASCO|RIO DE JANEIRO|SAO ROQUE@19/12/19@18:18@209.44@2@###########################################################################################################################TATIANA MONTEIRO@M@12/11/1999@(28) 80114-1453@COROLLA@LZT-4685@JUNDIAI|LORENA|SAO JOSE DOS CAMPOS@27/06/19@14:02@126.69@3@######################################################################################################################################GABRIEL NAO SOU FAKE@M@14/10/1994@(64) 78859-9400@CELTA@TJH-2920@LORENA|OSASCO|SAO JOSE DOS CAMPOS|SAO PAULO@07/05/19@04:48@069.31@4@###########################################################################################################################MATHEUS AUGUSTO@F@13/09/1989@(80) 53695-2897@HB20@TFW-0170@COTIA|JUNDIAI|OSASCO|RIO DE JANEIRO|SAO PAULO@09/08/19@13:57@118.17@3@###############################################################################################################################JULIA ANDRADE@M@21/02/1996@(37) 65638-7807@ONIX@AIJ-8906@OSASCO|RIO DE JANEIRO|SAO JOSE DOS CAMPOS|SAO PAULO|SAO ROQUE|TAUBATE@27/07/19@19:35@149.21@1@#########################################################################################################ALEXANDRE O MEDIO@M@25/08/1992@(90) 98215-0858@COROLLA@KJB-3303@COTIA|JUNDIAI|LORENA|OSASCO|SAO JOSE DOS CAMPOS|SAO PAULO|SOROCABA@09/06/19@14:27@183.59@3@#####################################################################################################
***************************INDICE SECUNDÁRIO**************************
003BHNZ040613OSASCO$1906041330########################JLCL020314RIO DE JANEIRO$1903021436################LSUX040422RIO DE JANEIRO$1904042251###################################################################T***************
002APRW150208TAUBATE$1902150830#######################LXTY050521TAUBATE$1905052117#############################################################################################################################T***************
003MEFC011102RIO DE JANEIRO$1911010241################MTFW090813SAO PAULO$1908091357#####################GVIP010509SAO ROQUE$1905010904########################################################################F000004009006***
003PUDZ080300SOROCABA$1903080022######################AKJB090614SOROCABA$1906091427######################RTJN111113SOROCABA$1911111356#########################################################################T***************
002TLZT270614SAO JOSE DOS CAMPOS$1906271402###########GTJH070504SAO PAULO$1905070448###########################################################################################################################T***************
004JAIJ270719TAUBATE$1907271935#######################LKUJ040915TAUBATE$1909041529#######################GCHW160922TAUBATE$1909162213#######################AOTS211009TAUBATE$1910210931#######################T***************
002MUBV041218SAO ROQUE$1912041802#####################PJON191218SAO ROQUE$1912191818###########################################################################################################################T***************
002GIAC040204TAUBATE$1902040414#######################MGJR220700TAUBATE$1907220042#############################################################################################################################F003001005******
001TFWA070307SOROCABA$1903070733###############################################################################################################################################################################F002007*********
002PYPB261108SAO PAULO$1911260813#####################APQK220112SAO ROQUE$1901221212###########################################################################################################################T***************
***************************INDICE SECUNDÁRIO**************************
003BHNZ040613OSASCO$1906041330########################JLCL020314RIO DE JANEIRO$1903021436################LSUX040422RIO DE JANEIRO$1904042251###################################################################T***************
002APRW150208TAUBATE$1902150830#######################LXTY050521TAUBATE$1905052117#############################################################################################################################T***************
003MEFC011102RIO DE JANEIRO$1911010241################MTFW090813SAO PAULO$1908091357#####################GVIP010509SAO ROQUE$1905010904########################################################################F000004009006***
003PUDZ080300SOROCABA$1903080022######################AKJB090614SOROCABA$1906091427######################RTJN111113SOROCABA$1911111356#########################################################################T***************
002TLZT270614SAO JOSE DOS CAMPOS$1906271402###########GTJH070504SAO PAULO$1905070448###########################################################################################################################T***************
004JAIJ270719TAUBATE$1907271935#######################LKUJ040915TAUBATE$1909041529#######################GCHW160922TAUBATE$1909162213#######################AOTS211009TAUBATE$1910210931#######################T***************
002MUBV041218SAO ROQUE$1912041802#####################PJON191218SAO ROQUE$1912191818###########################################################################################################################T***************
002GIAC040204TAUBATE$1902040414#######################MGJR220700TAUBATE$1907220042#############################################################################################################################F003001005******
001TFWA070307SOROCABA$1903070733###############################################################################################################################################################################F002007*********
002PYPB261108SAO PAULO$1911260813#####################APQK220112SAO ROQUE$1901221212###########################################################################################################################T***************
********************************BUSCAR********************************
Busca por MGJR220700. Nos percorridos:
JLCL020314
LXTY050521, MTFW090813, PUDZ080300
MEFC011102, MGJR220700

MGJR220700
MATEUS ALVES
F
08/07/1993
(57) 10188-1500
GOL
GJR-5540
22/07/19
00:42
165.19
3
COTIA, JUNDIAI, LORENA, OSASCO, RIO DE JANEIRO, SAO JOSE DOS CAMPOS, SAO PAULO, SOROCABA, TAUBATE
********************************ARQUIVO*******************************
LETICIA FERREIRA DOS SANTOS@F@17/08/1996@(10) 20256-5434@HB20@XTY-4936@COTIA|LORENA|OSASCO|SAO JOSE DOS CAMPOS|SAO PAULO|SAO ROQUE|TAUBATE@05/05/19@21:17@145.94@4@#############################################################################################ALEXANDRE O CHEGA NE@F@18/12/1989@(92) 18546-5300@CELTA@PRW-3676@COTIA|JUNDIAI|OSASCO|RIO DE JANEIRO|SAO JOSE DOS CAMPOS|SAO PAULO|SAO ROQUE|SOROCABA|TAUBATE@15/02/19@08:30@052.09@1@##########################################################################GABRIEL O ANJO@F@17/03/1992@(07) 03521-8360@UNO@IAC-6097@COTIA|JUNDIAI|LORENA|OSASCO|RIO DE JANEIRO|SAO JOSE DOS CAMPOS|SAO PAULO|SAO ROQUE|SOROCABA|TAUBATE@04/02/19@04:14@118.11@2@###########################################################################MATHEUS LIMA@F@11/06/1997@(44) 61934-4483@ONIX@EFC-1557@LORENA|RIO DE JANEIRO@01/11/19@02:41@099.14@1@##########################################################################################################################################################PABLO PICASSO@F@03/06/1991@(24) 85447-6721@CIVIC@UDZ-6944@COTIA|LORENA|OSASCO|SAO JOSE DOS CAMPOS|SAO PAULO|SAO ROQUE|SOROCABA@08/03/19@00:22@149.58@2@#########################################################################################################MATEUS ALVES@F@08/07/1993@(57) 10188-1500@GOL@GJR-5540@COTIA|JUNDIAI|LORENA|OSASCO|RIO DE JANEIRO|SAO JOSE DOS CAMPOS|SAO PAULO|SOROCABA|TAUBATE@22/07/19@00:42@165.19@3@#######################################################################################TATIANA MONTEIRO@M@18/04/1996@(48) 53342-2410@CORSA@FWA-2667@COTIA|JUNDIAI|LORENA|OSASCO|SAO JOSE DOS CAMPOS|SAO ROQUE|SOROCABA@07/03/19@07:33@162.44@1@########################################################################################################ALEXANDRE O MAIS OU MENOS@F@10/01/1994@(79) 49535-9590@FIT@OTS-5417@COTIA|JUNDIAI|LORENA|OSASCO|RIO DE JANEIRO|SAO JOSE DOS CAMPOS|SAO PAULO|SAO ROQUE|SOROCABA|TAUBATE@21/10/19@09:31@186.59@3@################################################################ROBERT NORMAL@F@17/07/1999@(95) 35093-3388@TORO@TJN-6638@COTIA|JUNDIAI|LORENA|RIO DE JANEIRO|SAO PAULO|SAO ROQUE|SOROCABA@11/11/19@13:56@063.67@4@##############################################################################################################ALEXANDRE O CHEGA NE@M@15/04/1992@(07) 52732-4426@FIT@PQK-7570@RIO DE JANEIRO|SAO ROQUE@22/01/19@12:12@025.60@3@################################################################################################################################################LETICIA BASTOS@F@06/05/1996@(06) 60947-6030@TORO@SUX-1074@COTIA|LORENA|OSASCO|RIO DE JANEIRO@04/04/19@22:51@098.31@3@###########################################################################################################################################MATHEUS AUGUSTO@F@20/07/1989@(66) 73883-1633@CIVIC@UBV-7321@LORENA|RIO DE JANEIRO|SAO JOSE DOS CAMPOS|SAO PAULO|SAO ROQUE@04/12/19@18:02@051.53@3@##############################################################################################################BRUNA MARQUEZINE@M@13/11/1990@(24) 34041-8231@CIVIC@HNZ-1446@COTIA|OSASCO@04/06/19@13:30@170.82@2@##############################################################################################################################################################LETICIA FERREIRA DA SILVA@M@08/01/1994@(68) 95993-9538@CELTA@KUJ-3086@COTIA|JUNDIAI|LORENA|OSASCO|SAO JOSE DOS CAMPOS|SAO PAULO|SOROCABA|TAUBATE@04/09/19@15:29@035.50@1@#######################################################################################GABRIEL PENSADOR@M@25/02/1994@(51) 26613-5312@FIT@CHW-0007@COTIA|JUNDIAI|LORENA|OSASCO|RIO DE JANEIRO|SAO JOSE DOS CAMPOS|SAO PAULO|SOROCABA|TAUBATE@16/09/19@22:13@140.74@2@###################################################################################JULIA ANDRADE@M@18/06/1989@(61) 06903-2806@FIT@LCL-0114@COTIA|JUNDIAI|RIO DE JANEIRO@02/03/19@14:36@155.07@4@###################################################################################################################################################PABLO PICASSO@M@22/04/1994@(83) 04933-0699@CORSA@YPB-1490@JUNDIAI|LORENA|OSASCO|RIO DE JANEIRO|SAO JOSE DOS CAMPOS|SAO PAULO@26/11/19@08:13@103.55@3@###########################################################################################################GABRIELA ALVEZ@M@24/09/1997@(96) 55623-9483@CORSA@VIP-5133@COTIA|JUNDIAI|LORENA|OSASCO|SAO ROQUE@01/05/19@09:04@028.06@1@#######################################################################################################################################PABLO PICASSO@M@23/10/1995@(79) 18285-3053@UNO@JON-0764@COTIA|JUNDIAI|LORENA|OSASCO|RIO DE JANEIRO|SAO ROQUE@19/12/19@18:18@209.44@2@###########################################################################################################################TATIANA MONTEIRO@M@12/11/1999@(28) 80114-1453@COROLLA@LZT-4685@JUNDIAI|LORENA|SAO JOSE DOS CAMPOS@27/06/19@14:02@126.69@3@######################################################################################################################################GABRIEL NAO SOU FAKE@M@14/10/1994@(64) 78859-9400@CELTA@TJH-2920@LORENA|OSASCO|SAO JOSE DOS CAMPOS|SAO PAULO@07/05/19@04:48@069.31@4@###########################################################################################################################MATHEUS AUGUSTO@F@13/09/1989@(80) 53695-2897@HB20@TFW-0170@COTIA|JUNDIAI|OSASCO|RIO DE JANEIRO|SAO PAULO@09/08/19@13:57@118.17@3@###############################################################################################################################JULIA ANDRADE@M@21/02/1996@(37) 65638-7807@ONIX@AIJ-8906@OSASCO|RIO DE JANEIRO|SAO JOSE DOS CAMPOS|SAO PAULO|SAO ROQUE|TAUBATE@27/07/19@19:35@149.21@1@#########################################################################################################ALEXANDRE O MEDIO@M@25/08/1992@(90) 98215-0858@COROLLA@KJB-3303@COTIA|JUNDIAI|LORENA|OSASCO|SAO JOSE DOS CAMPOS|SAO PAULO|SOROCABA@09/06/19@14:27@183.59@3@#####################################################################################################
********************************BUSCAR********************************
Busca por SAO PAULO$1907271935.
Nos percorridos:
SOROCABA$1903070733
RIO DE JANEIRO$1911010241, SAO PAULO$1908091357, SAO ROQUE$1905010904
SAO JOSE DOS CAMPOS$1906271402, SAO PAULO$1905070448

Registro(s) nao encontrado!
********************************BUSCAR********************************
Busca por SAO PAULO$1905070448.
Nos percorridos:
SOROCABA$1903070733
RIO DE JANEIRO$1911010241, SAO PAULO$1908091357, SAO ROQUE$1905010904
SAO JOSE DOS CAMPOS$1906271402, SAO PAULO$1905070448

GTJH070504
GABRIEL NAO SOU FAKE
M
14/10/1994
(64) 78859-9400
CELTA
TJH-2920
07/05/19
04:48
069.31
4
LORENA, OSASCO, SAO JOSE DOS CAMPOS, SAO PAULO
********************************ARQUIVO*******************************
LETICIA FERREIRA DOS SANTOS@F@17/08/1996@(10) 20256-5434@HB20@XTY-4936@COTIA|LORENA|OSASCO|SAO JOSE DOS CAMPOS|SAO PAULO|SAO ROQUE|TAUBATE@05/05/19@21:17@145.94@4@#############################################################################################ALEXANDRE O CHEGA NE@F@18/12/1989@(92) 18546-5300@CELTA@PRW-3676@COTIA|JUNDIAI|OSASCO|RIO DE JANEIRO|SAO JOSE DOS CAMPOS|SAO PAULO|SAO ROQUE|SOROCABA|TAUBATE@15/02/19@08:30@052.09@1@##########################################################################GABRIEL O ANJO@F@17/03/1992@(07) 03521-8360@UNO@IAC-6097@COTIA|JUNDIAI|LORENA|OSASCO|RIO DE JANEIRO|SAO JOSE DOS CAMPOS|SAO PAULO|SAO ROQUE|SOROCABA|TAUBATE@04/02/19@04:14@118.11@2@###########################################################################MATHEUS LIMA@F@11/06/1997@(44) 61934-4483@ONIX@EFC-1557@LORENA|RIO DE JANEIRO@01/11/19@02:41@099.14@1@##########################################################################################################################################################PABLO PICASSO@F@03/06/1991@(24) 85447-6721@CIVIC@UDZ-6944@COTIA|LORENA|OSASCO|SAO JOSE DOS CAMPOS|SAO PAULO|SAO ROQUE|SOROCABA@08/03/19@00:22@149.58@2@#########################################################################################################MATEUS ALVES@F@08/07/1993@(57) 10188-1500@GOL@GJR-5540@COTIA|JUNDIAI|LORENA|OSASCO|RIO DE JANEIRO|SAO JOSE DOS CAMPOS|SAO PAULO|SOROCABA|TAUBATE@22/07/19@00:42@165.19@3@#######################################################################################TATIANA MONTEIRO@M@18/04/1996@(48) 53342-2410@CORSA@FWA-2667@COTIA|JUNDIAI|LORENA|OSASCO|SAO JOSE DOS CAMPOS|SAO ROQUE|SOROCABA@07/03/19@07:33@162.44@1@########################################################################################################ALEXANDRE O MAIS OU MENOS@F@10/01/1994@(79) 49535-9590@FIT@OTS-5417@COTIA|JUNDIAI|LORENA|OSASCO|RIO DE JANEIRO|SAO JOSE DOS CAMPOS|SAO PAULO|SAO ROQUE|SOROCABA|TAUBATE@21/10/19@09:31@186.59@3@################################################################ROBERT NORMAL@F@17/07/1999@(95) 35093-3388@TORO@TJN-6638@COTIA|JUNDIAI|LORENA|RIO DE JANEIRO|SAO PAULO|SAO ROQUE|SOROCABA@11/11/19@13:56@063.67@4@##############################################################################################################ALEXANDRE O CHEGA NE@M@15/04/1992@(07) 52732-4426@FIT@PQK-7570@RIO DE JANEIRO|SAO ROQUE@22/01/19@12:12@025.60@3@################################################################################################################################################LETICIA BASTOS@F@06/05/1996@(06) 60947-6030@TORO@SUX-1074@COTIA|LORENA|OSASCO|RIO DE JANEIRO@04/04/19@22:51@098.31@3@###########################################################################################################################################MATHEUS AUGUSTO@F@20/07/1989@(66) 73883-1633@CIVIC@UBV-7321@LORENA|RIO DE JANEIRO|SAO JOSE DOS CAMPOS|SAO PAULO|SAO ROQUE@04/12/19@18:02@051.53@3@##############################################################################################################BRUNA MARQUEZINE@M@13/11/1990@(24) 34041-8231@CIVIC@HNZ-1446@COTIA|OSASCO@04/06/19@13:30@170.82@2@##############################################################################################################################################################LETICIA FERREIRA DA SILVA@M@08/01/1994@(68) 95993-9538@CELTA@KUJ-3086@COTIA|JUNDIAI|LORENA|OSASCO|SAO JOSE DOS CAMPOS|SAO PAULO|SOROCABA|TAUBATE@04/09/19@15:29@035.50@1@#######################################################################################GABRIEL PENSADOR@M@25/02/1994@(51) 26613-5312@FIT@CHW-0007@COTIA|JUNDIAI|LORENA|OSASCO|RIO DE JANEIRO|SAO JOSE DOS CAMPOS|SAO PAULO|SOROCABA|TAUBATE@16/09/19@22:13@140.74@2@###################################################################################JULIA ANDRADE@M@18/06/1989@(61) 06903-2806@FIT@LCL-0114@COTIA|JUNDIAI|RIO DE JANEIRO@02/03/19@14:36@155.07@4@###################################################################################################################################################PABLO PICASSO@M@22/04/1994@(83) 04933-0699@CORSA@YPB-1490@JUNDIAI|LORENA|OSASCO|RIO DE JANEIRO|SAO JOSE DOS CAMPOS|SAO PAULO@26/11/19@08:13@103.55@3@###########################################################################################################GABRIELA ALVEZ@M@24/09/1997@(96) 55623-9483@CORSA@VIP-5133@COTIA|JUNDIAI|LORENA|OSASCO|SAO ROQUE@01/05/19@09:04@028.06@1@#######################################################################################################################################PABLO PICASSO@M@23/10/1995@(79) 18285-3053@UNO@JON-0764@COTIA|JUNDIAI|LORENA|OSASCO|RIO DE JANEIRO|SAO ROQUE@19/12/19@18:18@209.44@2@###########################################################################################################################TATIANA MONTEIRO@M@12/11/1999@(28) 80114-1453@COROLLA@LZT-4685@JUNDIAI|LORENA|SAO JOSE DOS CAMPOS@27/06/19@14:02@126.69@3@######################################################################################################################################GABRIEL NAO SOU FAKE@M@14/10/1994@(64) 78859-9400@CELTA@TJH-2920@LORENA|OSASCO|SAO JOSE DOS CAMPOS|SAO PAULO@07/05/19@04:48@069.31@4@###########################################################################################################################MATHEUS AUGUSTO@F@13/09/1989@(80) 53695-2897@HB20@TFW-0170@COTIA|JUNDIAI|OSASCO|RIO DE JANEIRO|SAO PAULO@09/08/19@13:57@118.17@3@###############################################################################################################################JULIA ANDRADE@M@21/02/1996@(37) 65638-7807@ONIX@AIJ-8906@OSASCO|RIO DE JANEIRO|SAO JOSE DOS CAMPOS|SAO PAULO|SAO ROQUE|TAUBATE@27/07/19@19:35@149.21@1@#########################################################################################################ALEXANDRE O MEDIO@M@25/08/1992@(90) 98215-0858@COROLLA@KJB-3303@COTIA|JUNDIAI|LORENA|OSASCO|SAO JOSE DOS CAMPOS|SAO PAULO|SOROCABA@09/06/19@14:27@183.59@3@#####################################################################################################
***************************INDICE PRIMÁRIO****************************
003AKJB0906140023AOTS2110090007APQK2201120009##############T***************
002MEFC0111020003MGJR2207000005############################T***************
002APRW1502080001GIAC0402040002############################F000004005******
004PYPB2611080016RTJN1111130008TFWA0703070006TLZT2706140019T***************
002BHNZ0406130012GCHW1609220014############################T***************
003GTJH0705040020GVIP0105090017JAIJ2707190022##############T***************
002LKUJ0409150013LSUX0404220010############################T***************
003LXTY0505210000MTFW0908130021PUDZ0803000004##############F006001009003***
001JLCL0203140015##########################################F002007*********
002MUBV0412180011PJON1912180018############################T***************
