***************************INDICE PRIMÁRIO****************************
001MWUY1007100000####################################################################################T************************
********************************ALTERAR*******************************
OPERACAO REALIZADA COM SUCESSO!
***************************INDICE SECUNDÁRIO**************************
003MWUY100710OSASCO$1907101024########################ELVF250702SOROCABA$1907250216######################GYUI220921TAUBATE$1909222137##########################################################################T***************
***************************INDICE SECUNDÁRIO**************************
004MWUY100710OSASCO$1907101024########################ELVF250702SOROCABA$1907250216######################EIXA230716TAUBATE$1907231609#######################GYUI220921TAUBATE$1909222137#######################T***************
***************************INDICE SECUNDÁRIO**************************
003MWUY100710OSASCO$1907101024########################SWXE181210SAO ROQUE$1912181052#####################ELVF250702SOROCABA$1907250216#########################################################################T***************
002EIXA230716TAUBATE$1907231609#######################GYUI220921TAUBATE$1909222137#############################################################################################################################T***************
001AMHU080116TAUBATE$1901081609################################################################################################################################################################################F000001*********
***************************INDICE SECUNDÁRIO**************************
003MWUY100710OSASCO$1907101024########################SWXE181210SAO ROQUE$1912181052#####################ELVF250702SOROCABA$1907250216#########################################################################T***************
003JFOI030610TAUBATE$1906031043#######################EIXA230716TAUBATE$1907231609#######################GYUI220921TAUBATE$1909222137##########################################################################T***************
001AMHU080116TAUBATE$1901081609################################################################################################################################################################################F000001*********
***************************INDICE SECUNDÁRIO**************************
003MWUY100710OSASCO$1907101024########################SWXE181210SAO ROQUE$1912181052#####################ELVF250702SOROCABA$1907250216#########################################################################T***************
003JFOI030610TAUBATE$1906031043#######################EIXA230716TAUBATE$1907231609#######################GYUI220921TAUBATE$1909222137##########################################################################T***************
001AMHU080116TAUBATE$1901081609################################################################################################################################################################################F000001*********
***************************INDICE SECUNDÁRIO**************************
002MWUY100710OSASCO$1907101024########################SWXE181210SAO ROQUE$1912181052###########################################################################################################################T***************
003JFOI030610TAUBATE$1906031043#######################EIXA230716TAUBATE$1907231609#######################GYUI220921TAUBATE$1909222137##########################################################################T***************
002ERPT040403SOROCABA$1904040331######################AMHU080116TAUBATE$1901081609#############################################################################################################################F000003001******
002RXWL270604SOROCABA$1906270404######################ELVF250702SOROCABA$1907250216############################################################################################################################T***************
********************************ALTERAR*******************************
OPERACAO REALIZADA COM SUCESSO!
********************************ARQUIVO*******************************
MATHEUS AUGUSTO@F@21/01/1991@(61) 70493-5342@COROLLA@WUY-7552@LORENA|OSASCO@10/07/19@10:24@143.44@4@############################################################################################################################################################GABRIEL THE ANGEL@M@19/04/1991@(02) 20432-9230@FOX@YUI-4259@COTIA|JUNDIAI|LORENA|OSASCO|RIO DE JANEIRO|SAO JOSE DOS CAMPOS|SAO PAULO|SAO ROQUE|SOROCABA|TAUBATE@22/09/19@21:37@102.59@3@########################################################################EDUARDO MOTTA@F@25/01/1998@(81) 62648-7746@ONIX@LVF-7668@LORENA|OSASCO|RIO DE JANEIRO|SAO JOSE DOS CAMPOS|SAO PAULO|SOROCABA@25/07/19@02:16@097.15@3@###########################################################################################################EDUARDO MOTTA@F@03/05/1989@(91) 38662-3269@GOL@IXA-6639@COTIA|JUNDIAI|LORENA|OSASCO|RIO DE JANEIRO|SAO JOSE DOS CAMPOS|SAO PAULO|SAO ROQUE|SOROCABA|TAUBATE@23/07/19@16:09@016.81@4@############################################################################ALEXANDRE O MAIS OU MENOS@F@06/10/1993@(55) 88015-9776@GOL@MHU-9532@COTIA|JUNDIAI|LORENA|OSASCO|RIO DE JANEIRO|SAO JOSE DOS CAMPOS|SAO PAULO|SAO ROQUE|SOROCABA|TAUBATE@08/01/19@16:09@085.67@2@################################################################SABRINA SATO@M@02/12/1997@(41) 28883-1666@GOL@WXE-0761@COTIA|JUNDIAI|LORENA|OSASCO|SAO JOSE DOS CAMPOS|SAO ROQUE@18/12/19@10:52@076.74@3@#######################################################################################################################JULIANA PAES@M@26/02/1990@(49) 24738-3751@FUSCA@FOI-6327@COTIA|JUNDIAI|LORENA|RIO DE JANEIRO|SAO JOSE DOS CAMPOS|SAO PAULO|SAO ROQUE|SOROCABA|TAUBATE@03/06/19@10:43@166.95@3@##################################################################################EDUARDO COSTA@F@27/05/1991@(21) 10371-9847@ONIX@RPT-9435@SAO JOSE DOS CAMPOS|SOROCABA@04/04/19@03:31@087.88@3@##################################################################################################################################################ROBERT DOWNEY JUNIOR F :(@F@20/06/1999@(75) 36288-4408@CORSA@XWL-4157@COTIA|LORENA|RIO DE JANEIRO|SAO JOSE DOS CAMPOS|SAO PAULO|SAO ROQUE|SOROCABA@27/06/19@04:04@174.81@4@#####################################################################################
********************************LISTAR********************************
OSASCO------------------------ 10/07/19 - 10:24-
SAO ROQUE--------------------- 18/12/19 - 10:52-
SOROCABA---------------------- 04/04/19 - 03:31-
SOROCABA---------------------- 27/06/19 - 04:04-
SOROCABA---------------------- 25/07/19 - 02:16-
TAUBATE----------------------- 08/01/19 - 16:09-
TAUBATE----------------------- 03/06/19 - 10:43-
TAUBATE----------------------- 23/07/19 - 16:09-
TAUBATE----------------------- 22/09/19 - 21:37-
***************************INDICE SECUNDÁRIO**************************
002MWUY100710OSASCO$1907101024########################SWXE181210SAO ROQUE$1912181052###########################################################################################################################T***************
003JFOI030610TAUBATE$1906031043#######################EIXA230716TAUBATE$1907231609#######################GYUI220921TAUBATE$1909222137##########################################################################T***************
002ERPT040403SOROCABA$1904040331######################AMHU080116TAUBATE$1901081609#############################################################################################################################F000003001******
002RXWL270604SOROCABA$1906270404######################ELVF250702SOROCABA$1907250216############################################################################################################################T***************
********************************ALTERAR*******************************
OPERACAO REALIZADA COM SUCESSO!
********************************ALTERAR*******************************
Registro(s) nao encontrado!
FALHA AO REALIZAR OPERACAO!
***************************INDICE PRIMÁRIO****************************
005AMHU0801160004AYWM2412000009EIXA2307160003ELVF2507020002ERPT0404030007############################T************************
007GZQP1507080011JFOI0306100006MWUY1007100000MZFF0809140012PONH0910190010RXWL2706040008SWXE1812100005T************************
001GYUI2209210001####################################################################################F000001******************
********************************LISTAR********************************
1 - GYUI220921
2 - AMHU080116, AYWM241200, EIXA230716, ELVF250702, ERPT040403
2 - GZQP150708, JFOI030610, MWUY100710, MZFF080914, PONH091019, RXWL270604, SWXE181210
********************************LISTAR********************************
1 - GYUI220921
2 - AMHU080116, AYWM241200, EIXA230716, ELVF250702, ERPT040403
2 - GZQP150708, JFOI030610, MWUY100710, MZFF080914, PONH091019, RXWL270604, SWXE181210
***************************INDICE PRIMÁRIO****************************
005AMHU0801160004AYWM2412000009EIXA2307160003ELVF2507020002ERPT0404030007############################T************************
007GZQP1507080011JFOI0306100006MWUY1007100000MZFF0809140012PONH0910190010RXWL2706040008SWXE1812100005T************************
001GYUI2209210001####################################################################################F000001******************
***************************INDICE SECUNDÁRIO**************************
003GZQP150708LORENA$1907150850########################MWUY100710OSASCO$1907101024########################SWXE181210SAO ROQUE$1912181052########################################################################T***************
003JFOI030610TAUBATE$1906031043#######################ARHJ220708TAUBATE$1907220829#######################EIXA230716TAUBATE$1907231609##########################################################################T***************
003ERPT040403SOROCABA$1904040331######################AMHU080116TAUBATE$1901081609#######################GYUI220921TAUBATE$1909222137##########################################################################F000003001004***
003RXWL270604SOROCABA$1906270404######################ELVF250702SOROCABA$1907250216######################MZFF080914SOROCABA$1909081432#########################################################################T***************
002PONH091019TAUBATE$1910091928#######################AYWM241200TAUBATE$1912240002#############################################################################################################################T***************
***************************INDICE SECUNDÁRIO**************************
003GZQP150708LORENA$1907150850########################MWUY100710OSASCO$1907101024########################SWXE181210SAO ROQUE$1912181052########################################################################T***************
003JFOI030610TAUBATE$1906031043#######################ARHJ220708TAUBATE$1907220829#######################EIXA230716TAUBATE$1907231609##########################################################################T***************
003ERPT040403SOROCABA$1904040331######################AMHU080116TAUBATE$1901081609#######################GYUI220921TAUBATE$1909222137##########################################################################F000003001004***
003RXWL270604SOROCABA$1906270404######################ELVF250702SOROCABA$1907250216######################MZFF080914SOROCABA$1909081432#########################################################################T***************
003PONH091019TAUBATE$1910091928#######################RGIT181016TAUBATE$1910181653#######################AYWM241200TAUBATE$1912240002##########################################################################T***************
***************************INDICE SECUNDÁRIO**************************
003GZQP150708LORENA$1907150850########################MWUY100710OSASCO$1907101024########################SWXE181210SAO ROQUE$1912181052########################################################################T***************
003JFOI030610TAUBATE$1906031043#######################ARHJ220708TAUBATE$1907220829#######################EIXA230716TAUBATE$1907231609##########################################################################T***************
003ERPT040403SOROCABA$1904040331######################AMHU080116TAUBATE$1901081609#######################GYUI220921TAUBATE$1909222137##########################################################################F000003001004***
003RXWL270604SOROCABA$1906270404######################ELVF250702SOROCABA$1907250216######################MZFF080914SOROCABA$1909081432#########################################################################T***************
003PONH091019TAUBATE$1910091928#######################RGIT181016TAUBATE$1910181653#######################AYWM241200TAUBATE$1912240002##########################################################################T***************
***************************INDICE PRIMÁRIO****************************
006AMHU0801160004ARHJ2207080013AYWM2412000009EIXA2307160003ELVF2507020002ERPT0404030007##############T************************
004GZQP1507080011JFOI0306100006MWUY1007100000MZFF0809140012##########################################T************************
002GYUI2209210001PONH0910190010######################################################################F000001003***************
003RGIT1810160014RXWL2706040008SWXE1812100005########################################################T************************
***************************INDICE PRIMÁRIO****************************
006AMHU0801160004ARHJ2207080013AYWM2412000009EIXA2307160003ELVF2507020002ERPT0404030007##############T************************
004GZQP1507080011JFOI0306100006MWUY1007100000MZFF0809140012##########################################T************************
002GYUI2209210001PONH0910190010######################################################################F000001003***************
003RGIT1810160014RXWL2706040008SWXE1812100005########################################################T************************
********************************LISTAR********************************
LORENA------------------------ 15/07/19 - 08:50-
OSASCO------------------------ 10/07/19 - 10:24-
SAO ROQUE--------------------- 18/12/19 - 10:52-
SOROCABA---------------------- 04/04/19 - 03:31-
SOROCABA---------------------- 27/06/19 - 04:04-
SOROCABA---------------------- 25/07/19 - 02:16-
SOROCABA---------------------- 08/09/19 - 14:32-
TAUBATE----------------------- 08/01/19 - 16:09-
TAUBATE----------------------- 03/06/19 - 10:43-
TAUBATE----------------------- 22/07/19 - 08:29-
TAUBATE----------------------- 23/07/19 - 16:09-
TAUBATE----------------------- 22/09/19 - 21:37-
TAUBATE----------------------- 09/10/19 - 19:28-
TAUBATE----------------------- 18/10/19 - 16:53-
TAUBATE----------------------- 24/12/19 - 00:02-
********************************LISTAR********************************
1 - GYUI220921, PONH091019
2 - AMHU080116, ARHJ220708, AYWM241200, EIXA230716, ELVF250702, ERPT040403
2 - GZQP150708, JFOI030610, MWUY100710, MZFF080914
2 - RGIT181016, RXWL270604, SWXE181210
********************************LISTAR********************************
1 - GYUI220921, PONH091019
2 - AMHU080116, ARHJ220708, AYWM241200, EIXA230716, ELVF250702, ERPT040403
2 - GZQP150708, JFOI030610, MWUY100710, MZFF080914
2 - RGIT181016, RXWL270604, SWXE181210
********************************ALTERAR*******************************
Registro(s) nao encontrado!
FALHA AO REALIZAR OPERACAO!
********************************ARQUIVO*******************************
MATHEUS AUGUSTO@F@21/01/1991@(61) 70493-5342@COROLLA@WUY-7552@LORENA|OSASCO@10/07/19@10:24@143.44@4@############################################################################################################################################################GABRIEL THE ANGEL@M@19/04/1991@(02) 20432-9230@FOX@YUI-4259@COTIA|JUNDIAI|LORENA|OSASCO|RIO DE JANEIRO|SAO JOSE DOS CAMPOS|SAO PAULO|SAO ROQUE|SOROCABA|TAUBATE@22/09/19@21:37@102.59@3@########################################################################EDUARDO MOTTA@F@25/01/1998@(81) 62648-7746@ONIX@LVF-7668@LORENA|OSASCO|RIO DE JANEIRO|SAO JOSE DOS CAMPOS|SAO PAULO|SOROCABA@25/07/19@02:16@097.15@3@###########################################################################################################EDUARDO MOTTA@F@03/05/1989@(91) 38662-3269@GOL@IXA-6639@COTIA|JUNDIAI|LORENA|OSASCO|RIO DE JANEIRO|SAO JOSE DOS CAMPOS|SAO PAULO|SAO ROQUE|SOROCABA|TAUBATE@23/07/19@16:09@016.81@4@############################################################################ALEXANDRE O MAIS OU MENOS@F@06/10/1993@(55) 88015-9776@GOL@MHU-9532@COTIA|JUNDIAI|LORENA|OSASCO|RIO DE JANEIRO|SAO JOSE DOS CAMPOS|SAO PAULO|SAO ROQUE|SOROCABA|TAUBATE@08/01/19@16:09@085.67@2@################################################################SABRINA SATO@M@02/12/1997@(41) 28883-1666@GOL@WXE-0761@COTIA|JUNDIAI|LORENA|OSASCO|SAO JOSE DOS CAMPOS|SAO ROQUE@18/12/19@10:52@076.74@3@#######################################################################################################################JULIANA PAES@M@26/02/1990@(49) 24738-3751@FUSCA@FOI-6327@COTIA|JUNDIAI|LORENA|RIO DE JANEIRO|SAO JOSE DOS CAMPOS|SAO PAULO|SAO ROQUE|SOROCABA|TAUBATE@03/06/19@10:43@166.95@3@##################################################################################EDUARDO COSTA@F@27/05/1991@(21) 10371-9847@ONIX@RPT-9435@SAO JOSE DOS CAMPOS|SOROCABA@04/04/19@03:31@087.88@3@##################################################################################################################################################ROBERT DOWNEY JUNIOR F :(@F@20/06/1999@(75) 36288-4408@CORSA@XWL-4157@COTIA|LORENA|RIO DE JANEIRO|SAO JOSE DOS CAMPOS|SAO PAULO|SAO ROQUE|SOROCABA@27/06/19@04:04@174.81@4@#####################################################################################ALEXANDRE O GIGANTESCO@M@23/01/1989@(25) 52359-6470@COROLLA@YWM-3280@COTIA|JUNDIAI|LORENA|OSASCO|RIO DE JANEIRO|SAO JOSE DOS CAMPOS|SAO ROQUE|SOROCABA|TAUBATE@24/12/19@00:02@122.53@1@#########################################################################PABLO ESCOBAR@F@22/11/1999@(05) 07130-6753@HB20@ONH-5357@COTIA|JUNDIAI|LORENA|OSASCO|RIO DE JANEIRO|SAO JOSE DOS CAMPOS|SAO PAULO|SAO ROQUE|SOROCABA|TAUBATE@09/10/19@19:28@193.82@1@###########################################################################GABRIEL PENSADOR@M@22/08/1990@(45) 47333-7998@HB20@ZQP-1957@JUNDIAI|LORENA@15/07/19@08:50@100.79@2@#############################################################################################################################################################MATEUS ALVES@M@15/12/1990@(09) 83347-9999@CORSA@ZFF-2114@JUNDIAI|SOROCABA@08/09/19@14:32@249.33@2@##############################################################################################################################################################ALEXANDRE O GRANDE@F@05/07/1990@(40) 48187-4525@HB20@RHJ-0908@COTIA|JUNDIAI|LORENA|RIO DE JANEIRO|SAO JOSE DOS CAMPOS|SAO PAULO|TAUBATE@22/07/19@08:29@097.09@2@################################################################################################ROBERT PATTINSON@F@08/10/1989@(88) 73861-5217@CELTA@GIT-5176@JUNDIAI|SAO ROQUE|TAUBATE@18/10/19@16:53@074.51@4@#################################################################################################################################################ANA JULIA@F@18/11/1995@(79) 57159-1203@TORO@PNL-3849@RIO DE JANEIRO|SAO JOSE DOS CAMPOS|SAO PAULO|SOROCABA|TAUBATE@09/08/19@17:24@015.35@2@#####################################################################################################################GABRIEL NAO SOU FAKE@F@01/10/1991@(87) 60035-7010@CORSA@CXI-0354@OSASCO|RIO DE JANEIRO|SAO JOSE DOS CAMPOS|SAO PAULO|SAO ROQUE@16/05/19@11:02@142.97@4@#########################################################################################################SABRINA SATO@F@12/01/1989@(68) 61727-7905@CELTA@RVF-7317@COTIA|JUNDIAI|LORENA|OSASCO|SAO JOSE DOS CAMPOS|SAO PAULO|SAO ROQUE|SOROCABA|TAUBATE@07/07/19@20:50@245.85@3@##########################################################################################
***************************INDICE PRIMÁRIO****************************
004AMHU0801160004APNL0908170015ARHJ2207080013AYWM2412000009##########################################T************************
004GZQP1507080011JFOI0306100006MWUY1007100000MZFF0809140012##########################################T************************
003EIXA2307160003GYUI2209210001PONH0910190010########################################################F000004001003************
004RGIT1810160014RXWL2706040008SRVF0707200017SWXE1812100005##########################################T************************
003ELVF2507020002ERPT0404030007GCXI1605110016########################################################T************************
********************************BUSCAR********************************
Busca por OSASCO$1907101024.
Nos percorridos:
TAUBATE$1901081609
SAO PAULO$1908071552, SOROCABA$1904040331
LORENA$1907150850, OSASCO$1907101024

MWUY100710
MATHEUS AUGUSTO
F
21/01/1991
(61) 70493-5342
COROLLA
WUY-7552
10/07/19
10:24
143.44
4
LORENA, OSASCO
********************************LISTAR********************************
1 - EIXA230716, GYUI220921, PONH091019
2 - AMHU080116, APNL090817, ARHJ220708, AYWM241200
2 - ELVF250702, ERPT040403, ESYC070815, GCXI160511
2 - GZQP150708, JFOI030610, MWUY100710, MZFF080914
2 - RGIT181016, RXWL270604, SRVF070720, SWXE181210
********************************LISTAR********************************
1 - EIXA230716, GYUI220921, PONH091019
2 - AMHU080116, APNL090817, ARHJ220708, AYWM241200
2 - ELVF250702, ERPT040403, ESYC070815, GCXI160511
2 - GZQP150708, JFOI030610, MWUY100710, MZFF080914
2 - RGIT181016, RXWL270604, SRVF070720, SWXE181210
********************************BUSCAR********************************
Busca por PFEK250703. Nos percorridos:
EIXA230716, GYUI220921, PONH091019
GZQP150708, JFOI030610, MWUY100710, MZFF080914, PFEK250703

PFEK250703
PABLO VITTAR
F
03/02/1994
(79) 11758-0192
HB20
FEK-8675
25/07/19
03:55
097.35
2
COTIA, OSASCO
********************************ALTERAR*******************************
OPERACAO REALIZADA COM SUCESSO!
***************************INDICE PRIMÁRIO****************************
005AMHU0801160004APNL0908170015ARHJ2207080013ATRE2409150020AYWM2412000009############################T************************
005GZQP1507080011JFOI0306100006MWUY1007100000MZFF0809140012PFEK2507030019############################T************************
003EIXA2307160003GYUI2209210001PONH0910190010########################################################F000004001003************
004RGIT1810160014RXWL2706040008SRVF0707200017SWXE1812100005##########################################T************************
004ELVF2507020002ERPT0404030007ESYC0708150018GCXI1605110016##########################################T************************
***************************INDICE PRIMÁRIO****************************
005AMHU0801160004APNL0908170015ARHJ2207080013ATRE2409150020AYWM2412000009############################T************************
005GZQP1507080011JFOI0306100006MWUY1007100000MZFF0809140012PFEK2507030019############################T************************
003EIXA2307160003GYUI2209210001PONH0910190010########################################################F000004001003************
004RGIT1810160014RXWL2706040008SRVF0707200017SWXE1812100005##########################################T************************
004ELVF2507020002ERPT0404030007ESYC0708150018GCXI1605110016##########################################T************************
********************************BUSCAR********************************
Busca por TAUBATE$1901271409.
Nos percorridos:
TAUBATE$1901081609
TAUBATE$1907220829, TAUBATE$1909222137
TAUBATE$1901271409, TAUBATE$1906031043, TAUBATE$1907072050

LIUQ270114
LETICIA FERREIRA DA SILVA
F
01/11/1995
(24) 17778-2192
HB20
IUQ-2712
27/01/19
14:09
024.09
4
COTIA, JUNDIAI, LORENA, OSASCO, RIO DE JANEIRO, SAO JOSE DOS CAMPOS, SAO PAULO, SAO ROQUE, SOROCABA, TAUBATE
********************************BUSCAR********************************
Busca por LIUQ270114. Nos percorridos:
EIXA230716, GYUI220921, PONH091019
GZQP150708, JFOI030610, LIUQ270114, MWUY100710, MZFF080914, PFEK250703

LIUQ270114
LETICIA FERREIRA DA SILVA
F
01/11/1995
(24) 17778-2192
HB20
IUQ-2712
27/01/19
14:09
024.09
4
COTIA, JUNDIAI, LORENA, OSASCO, RIO DE JANEIRO, SAO JOSE DOS CAMPOS, SAO PAULO, SAO ROQUE, SOROCABA, TAUBATE
********************************BUSCAR********************************
Busca por EIXA230716. Nos percorridos:
EIXA230716, GYUI220921, PONH091019

EIXA230716
EDUARDO MOTTA
F
03/05/1989
(91) 38662-3269
GOL
IXA-6639
23/07/19
16:09
016.81
4
COTIA, JUNDIAI, LORENA, OSASCO, RIO DE JANEIRO, SAO JOSE DOS CAMPOS, SAO PAULO, SAO ROQUE, SOROCABA, TAUBATE
********************************BUSCAR********************************
Busca por RIO DE JANEIRO$1909241518.
Nos percorridos:
TAUBATE$1901081609
SAO PAULO$1908071552, SOROCABA$1904040331
LORENA$1907150850, OSASCO$1907101024, OSASCO$1907250355

Registro(s) nao encontrado!
***************************INDICE SECUNDÁRIO**************************
003GZQP150708LORENA$1907150850########################MWUY100710OSASCO$1907101024########################PFEK250703OSASCO$1907250355###########################################################################T***************
004LIUQ270114TAUBATE$1901271409#######################JFOI030610TAUBATE$1906031043#######################SRVF070720TAUBATE$1907072050#######################PXHC180708TAUBATE$1907180815#######################T***************
002ESYC070815SAO PAULO$1908071552#####################ERPT040403SOROCABA$1904040331############################################################################################################################F000006003******
003RXWL270604SOROCABA$1906270404######################ELVF250702SOROCABA$1907250216######################MZFF080914SOROCABA$1909081432#########################################################################T***************
003PONH091019TAUBATE$1910091928#######################RGIT181016TAUBATE$1910181653#######################AYWM241200TAUBATE$1912240002##########################################################################T***************
002EIXA230716TAUBATE$1907231609#######################APNL090817TAUBATE$1908091724#############################################################################################################################T***************
003GCXI160511SAO ROQUE$1905161102#####################ATRE240915SAO ROQUE$1909241518#####################SWXE181210SAO ROQUE$1912181052########################################################################T***************
002ARHJ220708TAUBATE$1907220829#######################GYUI220921TAUBATE$1909222137#############################################################################################################################F001005004******
001AMHU080116TAUBATE$1901081609################################################################################################################################################################################F002007*********
***************************INDICE PRIMÁRIO****************************
005AMHU0801160004APNL0908170015ARHJ2207080013ATRE2409150020AYWM2412000009############################T************************
006GZQP1507080011JFOI0306100006LIUQ2701140021MWUY1007100000MZFF0809140012PFEK2507030019##############T************************
003EIXA2307160003GYUI2209210001PONH0910190010########################################################F000004001003************
005PXHC1807080022RGIT1810160014RXWL2706040008SRVF0707200017SWXE1812100005############################T************************
004ELVF2507020002ERPT0404030007ESYC0708150018GCXI1605110016##########################################T************************
********************************LISTAR********************************
1 - EIXA230716, GYUI220921, PONH091019
2 - AMHU080116, APNL090817, ARHJ220708, ATRE240915, AYWM241200
2 - ELVF250702, ERPT040403, ESYC070815, GCXI160511
2 - GZQP150708, JFOI030610, LIUQ270114, MWUY100710, MZFF080914, PFEK250703
2 - PXHC180708, RGIT181016, RXWL270604, SRVF070720, SWXE181210
********************************BUSCAR********************************
Busca por SOROCABA$1906270404.
Nos percorridos:
TAUBATE$1901081609
SAO PAULO$1908071552, SOROCABA$1904040331
SOROCABA$1906270404, SOROCABA$1907250216, SOROCABA$1909081432

RXWL270604
ROBERT DOWNEY JUNIOR F :(
F
20/06/1999
(75) 36288-4408
CORSA
XWL-4157
27/06/19
04:04
174.81
4
COTIA, LORENA, RIO DE JANEIRO, SAO JOSE DOS CAMPOS, SAO PAULO, SAO ROQUE, SOROCABA
********************************LISTAR********************************
1 - EIXA230716, GYUI220921, PONH091019
2 - AMHU080116, APNL090817, ARHJ220708, ATRE240915, AYWM241200
2 - ELVF250702, ERPT040403, ESYC070815, GCXI160511, GXLO160708
2 - GZQP150708, JFOI030610, LIUQ270114, MWUY100710, MZFF080914, PFEK250703
2 - PXHC180708, RGIT181016, RXWL270604, SRVF070720, SWXE181210
********************************LISTAR********************************
LORENA------------------------ 15/07/19 - 08:50-
OSASCO------------------------ 10/07/19 - 10:24-
OSASCO------------------------ 25/07/19 - 03:55-
SAO PAULO--------------------- 16/07/19 - 08:34-
SAO PAULO--------------------- 07/08/19 - 15:52-
SAO ROQUE--------------------- 16/05/19 - 11:02-
SAO ROQUE--------------------- 24/09/19 - 15:18-
SAO ROQUE--------------------- 18/12/19 - 10:52-
SOROCABA---------------------- 04/04/19 - 03:31-
SOROCABA---------------------- 27/06/19 - 04:04-
SOROCABA---------------------- 25/07/19 - 02:16-
SOROCABA---------------------- 08/09/19 - 14:32-
TAUBATE----------------------- 08/01/19 - 16:09-
TAUBATE----------------------- 27/01/19 - 14:09-
TAUBATE----------------------- 03/06/19 - 10:43-
TAUBATE----------------------- 07/07/19 - 20:50-
TAUBATE----------------------- 18/07/19 - 08:15-
TAUBATE----------------------- 22/07/19 - 08:29-
TAUBATE----------------------- 23/07/19 - 16:09-
TAUBATE----------------------- 09/08/19 - 17:24-
TAUBATE----------------------- 22/09/19 - 21:37-
TAUBATE----------------------- 09/10/19 - 19:28-
TAUBATE----------------------- 18/10/19 - 16:53-
TAUBATE----------------------- 24/12/19 - 00:02-
***************************INDICE SECUNDÁRIO**************************
004GZQP150708LORENA$1907150850########################MWUY100710OSASCO$1907101024########################PFEK250703OSASCO$1907250355########################GXLO160708SAO PAULO$1907160834#####################T***************
004LIUQ270114TAUBATE$1901271409#######################JFOI030610TAUBATE$1906031043#######################SRVF070720TAUBATE$1907072050#######################PXHC180708TAUBATE$1907180815#######################T***************
002ESYC070815SAO PAULO$1908071552#####################ERPT040403SOROCABA$1904040331############################################################################################################################F000006003******
003RXWL270604SOROCABA$1906270404######################ELVF250702SOROCABA$1907250216######################MZFF080914SOROCABA$1909081432#########################################################################T***************
003PONH091019TAUBATE$1910091928#######################RGIT181016TAUBATE$1910181653#######################AYWM241200TAUBATE$1912240002##########################################################################T***************
002EIXA230716TAUBATE$1907231609#######################APNL090817TAUBATE$1908091724#############################################################################################################################T***************
003GCXI160511SAO ROQUE$1905161102#####################ATRE240915SAO ROQUE$1909241518#####################SWXE181210SAO ROQUE$1912181052########################################################################T***************
002ARHJ220708TAUBATE$1907220829#######################GYUI220921TAUBATE$1909222137#############################################################################################################################F001005004******
001AMHU080116TAUBATE$1901081609################################################################################################################################################################################F002007*********
***************************INDICE PRIMÁRIO****************************
005AMHU0801160004APNL0908170015ARHJ2207080013ATRE2409150020AYWM2412000009############################T************************
006GZQP1507080011JFOI0306100006LIUQ2701140021MWUY1007100000MZFF0809140012PFEK2507030019##############T************************
003EIXA2307160003GYUI2209210001PONH0910190010########################################################F000004001003************
005PXHC1807080022RGIT1810160014RXWL2706040008SRVF0707200017SWXE1812100005############################T************************
005ELVF2507020002ERPT0404030007ESYC0708150018GCXI1605110016GXLO1607080023############################T************************
***************************INDICE SECUNDÁRIO**************************
004GZQP150708LORENA$1907150850########################MWUY100710OSASCO$1907101024########################PFEK250703OSASCO$1907250355########################GXLO160708SAO PAULO$1907160834#####################T***************
004LIUQ270114TAUBATE$1901271409#######################JFOI030610TAUBATE$1906031043#######################SRVF070720TAUBATE$1907072050#######################PXHC180708TAUBATE$1907180815#######################T***************
002ESYC070815SAO PAULO$1908071552#####################ERPT040403SOROCABA$1904040331############################################################################################################################F000006003******
003RXWL270604SOROCABA$1906270404######################ELVF250702SOROCABA$1907250216######################MZFF080914SOROCABA$1909081432#########################################################################T***************
003PONH091019TAUBATE$1910091928#######################RGIT181016TAUBATE$1910181653#######################AYWM241200TAUBATE$1912240002##########################################################################T***************
002EIXA230716TAUBATE$1907231609#######################APNL090817TAUBATE$1908091724#############################################################################################################################T***************
003GCXI160511SAO ROQUE$1905161102#####################ATRE240915SAO ROQUE$1909241518#####################SWXE181210SAO ROQUE$1912181052########################################################################T***************
002ARHJ220708TAUBATE$1907220829#######################GYUI220921TAUBATE$1909222137#############################################################################################################################F001005004******
001AMHU080116TAUBATE$1901081609################################################################################################################################################################################F002007*********
***************************INDICE PRIMÁRIO****************************
005AMHU0801160004APNL0908170015ARHJ2207080013ATRE2409150020AYWM2412000009############################T************************
006GZQP1507080011JFOI0306100006LIUQ2701140021MWUY1007100000MZFF0809140012PFEK2507030019##############T************************
003EIXA2307160003GYUI2209210001PONH0910190010########################################################F000004001003************
005PXHC1807080022RGIT1810160014RXWL2706040008SRVF0707200017SWXE1812100005############################T************************
005ELVF2507020002ERPT0404030007ESYC0708150018GCXI1605110016GXLO1607080023############################T************************
********************************ALTERAR*******************************
OPERACAO REALIZADA COM SUCESSO!
********************************ARQUIVO*******************************
MATHEUS AUGUSTO@F@21/01/1991@(61) 70493-5342@COROLLA@WUY-7552@LORENA|OSASCO@10/07/19@10:24@143.44@4@############################################################################################################################################################GABRIEL THE ANGEL@M@19/04/1991@(02) 20432-9230@FOX@YUI-4259@COTIA|JUNDIAI|LORENA|OSASCO|RIO DE JANEIRO|SAO JOSE DOS CAMPOS|SAO PAULO|SAO ROQUE|SOROCABA|TAUBATE@22/09/19@21:37@102.59@3@########################################################################EDUARDO MOTTA@F@25/01/1998@(81) 62648-7746@ONIX@LVF-7668@LORENA|OSASCO|RIO DE JANEIRO|SAO JOSE DOS CAMPOS|SAO PAULO|SOROCABA@25/07/19@02:16@097.15@3@###########################################################################################################EDUARDO MOTTA@F@03/05/1989@(91) 38662-3269@GOL@IXA-6639@COTIA|JUNDIAI|LORENA|OSASCO|RIO DE JANEIRO|SAO JOSE DOS CAMPOS|SAO PAULO|SAO ROQUE|SOROCABA|TAUBATE@23/07/19@16:09@016.81@4@############################################################################ALEXANDRE O MAIS OU MENOS@F@06/10/1993@(55) 88015-9776@GOL@MHU-9532@COTIA|JUNDIAI|LORENA|OSASCO|RIO DE JANEIRO|SAO JOSE DOS CAMPOS|SAO PAULO|SAO ROQUE|SOROCABA|TAUBATE@08/01/19@16:09@085.67@2@################################################################SABRINA SATO@M@02/12/1997@(41) 28883-1666@GOL@WXE-0761@COTIA|JUNDIAI|LORENA|OSASCO|SAO JOSE DOS CAMPOS|SAO ROQUE@18/12/19@10:52@076.74@4@#######################################################################################################################JULIANA PAES@M@26/02/1990@(49) 24738-3751@FUSCA@FOI-6327@COTIA|JUNDIAI|LORENA|RIO DE JANEIRO|SAO JOSE DOS CAMPOS|SAO PAULO|SAO ROQUE|SOROCABA|TAUBATE@03/06/19@10:43@166.95@3@##################################################################################EDUARDO COSTA@F@27/05/1991@(21) 10371-9847@ONIX@RPT-9435@SAO JOSE DOS CAMPOS|SOROCABA@04/04/19@03:31@087.88@3@##################################################################################################################################################ROBERT DOWNEY JUNIOR F :(@F@20/06/1999@(75) 36288-4408@CORSA@XWL-4157@COTIA|LORENA|RIO DE JANEIRO|SAO JOSE DOS CAMPOS|SAO PAULO|SAO ROQUE|SOROCABA@27/06/19@04:04@174.81@4@#####################################################################################ALEXANDRE O GIGANTESCO@M@23/01/1989@(25) 52359-6470@COROLLA@YWM-3280@COTIA|JUNDIAI|LORENA|OSASCO|RIO DE JANEIRO|SAO JOSE DOS CAMPOS|SAO ROQUE|SOROCABA|TAUBATE@24/12/19@00:02@122.53@1@#########################################################################PABLO ESCOBAR@F@22/11/1999@(05) 07130-6753@HB20@ONH-5357@COTIA|JUNDIAI|LORENA|OSASCO|RIO DE JANEIRO|SAO JOSE DOS CAMPOS|SAO PAULO|SAO ROQUE|SOROCABA|TAUBATE@09/10/19@19:28@193.82@1@###########################################################################GABRIEL PENSADOR@M@22/08/1990@(45) 47333-7998@HB20@ZQP-1957@JUNDIAI|LORENA@15/07/19@08:50@100.79@2@#############################################################################################################################################################MATEUS ALVES@M@15/12/1990@(09) 83347-9999@CORSA@ZFF-2114@JUNDIAI|SOROCABA@08/09/19@14:32@249.33@2@##############################################################################################################################################################ALEXANDRE O GRANDE@F@05/07/1990@(40) 48187-4525@HB20@RHJ-0908@COTIA|JUNDIAI|LORENA|RIO DE JANEIRO|SAO JOSE DOS CAMPOS|SAO PAULO|TAUBATE@22/07/19@08:29@097.09@2@################################################################################################ROBERT PATTINSON@F@08/10/1989@(88) 73861-5217@CELTA@GIT-5176@JUNDIAI|SAO ROQUE|TAUBATE@18/10/19@16:53@074.51@4@#################################################################################################################################################ANA JULIA@F@18/11/1995@(79) 57159-1203@TORO@PNL-3849@RIO DE JANEIRO|SAO JOSE DOS CAMPOS|SAO PAULO|SOROCABA|TAUBATE@09/08/19@17:24@015.35@2@#####################################################################################################################GABRIEL NAO SOU FAKE@F@01/10/1991@(87) 60035-7010@CORSA@CXI-0354@OSASCO|RIO DE JANEIRO|SAO JOSE DOS CAMPOS|SAO PAULO|SAO ROQUE@16/05/19@11:02@142.97@4@#########################################################################################################SABRINA SATO@F@12/01/1989@(68) 61727-7905@CELTA@RVF-7317@COTIA|JUNDIAI|LORENA|OSASCO|SAO JOSE DOS CAMPOS|SAO PAULO|SAO ROQUE|SOROCABA|TAUBATE@07/07/19@20:50@245.85@3@##########################################################################################EDUARDO COSTA@M@22/12/1989@(21) 58059-2604@FIT@SYC-2438@OSASCO|RIO DE JANEIRO|SAO PAULO@07/08/19@15:52@066.70@4@################################################################################################################################################PABLO VITTAR@F@03/02/1994@(79) 11758-0192@HB20@FEK-8675@COTIA|OSASCO@25/07/19@03:55@097.35@2@###################################################################################################################################################################ALEXANDRE O GIGANTESCO@M@21/10/1990@(92) 97762-1395@CELTA@TRE-6774@COTIA|LORENA|OSASCO|SAO PAULO|SAO ROQUE@24/09/19@15:18@047.05@1@#############################################################################################################################LETICIA FERREIRA DA SILVA@F@01/11/1995@(24) 17778-2192@HB20@IUQ-2712@COTIA|JUNDIAI|LORENA|OSASCO|RIO DE JANEIRO|SAO JOSE DOS CAMPOS|SAO PAULO|SAO ROQUE|SOROCABA|TAUBATE@27/01/19@14:09@024.09@4@###############################################################PABLO ESCOBAR@F@22/09/1990@(02) 11249-8186@FOX@XHC-2074@COTIA|OSASCO|SAO PAULO|SAO ROQUE|TAUBATE@18/07/19@08:15@236.93@1@#######################################################################################################################################GABRIEL PENSADOR@F@18/11/1993@(21) 70151-8558@COROLLA@XLO-0791@COTIA|RIO DE JANEIRO|SAO PAULO@16/07/19@08:34@099.78@4@##########################################################################################################################################MATHEUS LIMA@F@14/02/1996@(56) 42784-7673@HB20@OLZ-4245@COTIA|OSASCO|SAO JOSE DOS CAMPOS|TAUBATE@01/04/19@00:47@053.26@2@#######################################################################################################################################SABRINA SATO@F@17/03/1993@(11) 91373-6595@FIT@GFP-4222@COTIA|JUNDIAI|LORENA|OSASCO|RIO DE JANEIRO|SAO PAULO|SAO ROQUE|SOROCABA|TAUBATE@09/01/19@11:27@210.92@4@#################################################################################################ALEXANDRE O CHEGA NE@M@18/05/1991@(73) 49840-0723@TORO@AGA-0137@JUNDIAI|LORENA|OSASCO|RIO DE JANEIRO|SAO JOSE DOS CAMPOS|SAO PAULO|SAO ROQUE@24/06/19@14:43@149.24@3@###########################################################################################
********************************BUSCAR********************************
Busca por ERPT040403. Nos percorridos:
EIXA230716, GYUI220921, PONH091019
ELVF250702, ERPT040403, ESYC070815, GCXI160511, GXLO160708

ERPT040403
EDUARDO COSTA
F
27/05/1991
(21) 10371-9847
ONIX
RPT-9435
04/04/19
03:31
087.88
3
SAO JOSE DOS CAMPOS, SOROCABA
********************************LISTAR********************************
LORENA------------------------ 15/07/19 - 08:50-
OSASCO------------------------ 10/07/19 - 10:24-
OSASCO------------------------ 25/07/19 - 03:55-
SAO PAULO--------------------- 16/07/19 - 08:34-
SAO PAULO--------------------- 07/08/19 - 15:52-
SAO ROQUE--------------------- 16/05/19 - 11:02-
SAO ROQUE--------------------- 24/06/19 - 14:43-
SAO ROQUE--------------------- 24/09/19 - 15:18-
SAO ROQUE--------------------- 18/12/19 - 10:52-
SOROCABA---------------------- 04/04/19 - 03:31-
SOROCABA---------------------- 27/06/19 - 04:04-
SOROCABA---------------------- 25/07/19 - 02:16-
SOROCABA---------------------- 08/09/19 - 14:32-
TAUBATE----------------------- 08/01/19 - 16:09-
TAUBATE----------------------- 09/01/19 - 11:27-
TAUBATE----------------------- 27/01/19 - 14:09-
TAUBATE----------------------- 01/04/19 - 00:47-
TAUBATE----------------------- 03/06/19 - 10:43-
TAUBATE----------------------- 07/07/19 - 20:50-
TAUBATE----------------------- 18/07/19 - 08:15-
TAUBATE----------------------- 22/07/19 - 08:29-
TAUBATE----------------------- 23/07/19 - 16:09-
TAUBATE----------------------- 09/08/19 - 17:24-
TAUBATE----------------------- 22/09/19 - 21:37-
TAUBATE----------------------- 09/10/19 - 19:28-
TAUBATE----------------------- 18/10/19 - 16:53-
TAUBATE----------------------- 24/12/19 - 00:02-
***************************INDICE SECUNDÁRIO**************************
004GZQP150708LORENA$1907150850########################MWUY100710OSASCO$1907101024########################PFEK250703OSASCO$1907250355########################GXLO160708SAO PAULO$1907160834#####################T***************
003SGFP090111TAUBATE$1901091127#######################LIUQ270114TAUBATE$1901271409#######################MOLZ010400TAUBATE$1904010047##########################################################################T***************
002ESYC070815SAO PAULO$1908071552#####################ERPT040403SOROCABA$1904040331############################################################################################################################F000006003******
003RXWL270604SOROCABA$1906270404######################ELVF250702SOROCABA$1907250216######################MZFF080914SOROCABA$1909081432#########################################################################T***************
003PONH091019TAUBATE$1910091928#######################RGIT181016TAUBATE$1910181653#######################AYWM241200TAUBATE$1912240002##########################################################################T***************
002EIXA230716TAUBATE$1907231609#######################APNL090817TAUBATE$1908091724#############################################################################################################################T***************
004GCXI160511SAO ROQUE$1905161102#####################AAGA240614SAO ROQUE$1906241443#####################ATRE240915SAO ROQUE$1909241518#####################SWXE181210SAO ROQUE$1912181052#####################T***************
003JFOI030610TAUBATE$1906031043#######################ARHJ220708TAUBATE$1907220829#######################GYUI220921TAUBATE$1909222137##########################################################################F001009005004***
001AMHU080116TAUBATE$1901081609################################################################################################################################################################################F002007*********
002SRVF070720TAUBATE$1907072050#######################PXHC180708TAUBATE$1907180815#############################################################################################################################T***************
********************************ARQUIVO*******************************
MATHEUS AUGUSTO@F@21/01/1991@(61) 70493-5342@COROLLA@WUY-7552@LORENA|OSASCO@10/07/19@10:24@143.44@4@############################################################################################################################################################GABRIEL THE ANGEL@M@19/04/1991@(02) 20432-9230@FOX@YUI-4259@COTIA|JUNDIAI|LORENA|OSASCO|RIO DE JANEIRO|SAO JOSE DOS CAMPOS|SAO PAULO|SAO ROQUE|SOROCABA|TAUBATE@22/09/19@21:37@102.59@3@########################################################################EDUARDO MOTTA@F@25/01/1998@(81) 62648-7746@ONIX@LVF-7668@LORENA|OSASCO|RIO DE JANEIRO|SAO JOSE DOS CAMPOS|SAO PAULO|SOROCABA@25/07/19@02:16@097.15@3@###########################################################################################################EDUARDO MOTTA@F@03/05/1989@(91) 38662-3269@GOL@IXA-6639@COTIA|JUNDIAI|LORENA|OSASCO|RIO DE JANEIRO|SAO JOSE DOS CAMPOS|SAO PAULO|SAO ROQUE|SOROCABA|TAUBATE@23/07/19@16:09@016.81@4@############################################################################ALEXANDRE O MAIS OU MENOS@F@06/10/1993@(55) 88015-9776@GOL@MHU-9532@COTIA|JUNDIAI|LORENA|OSASCO|RIO DE JANEIRO|SAO JOSE DOS CAMPOS|SAO PAULO|SAO ROQUE|SOROCABA|TAUBATE@08/01/19@16:09@085.67@2@################################################################SABRINA SATO@M@02/12/1997@(41) 28883-1666@GOL@WXE-0761@COTIA|JUNDIAI|LORENA|OSASCO|SAO JOSE DOS CAMPOS|SAO ROQUE@18/12/19@10:52@076.74@4@#######################################################################################################################JULIANA PAES@M@26/02/1990@(49) 24738-3751@FUSCA@FOI-6327@COTIA|JUNDIAI|LORENA|RIO DE JANEIRO|SAO JOSE DOS CAMPOS|SAO PAULO|SAO ROQUE|SOROCABA|TAUBATE@03/06/19@10:43@166.95@3@##################################################################################EDUARDO COSTA@F@27/05/1991@(21) 10371-9847@ONIX@RPT-9435@SAO JOSE DOS CAMPOS|SOROCABA@04/04/19@03:31@087.88@3@##################################################################################################################################################ROBERT DOWNEY JUNIOR F :(@F@20/06/1999@(75) 36288-4408@CORSA@XWL-4157@COTIA|LORENA|RIO DE JANEIRO|SAO JOSE DOS CAMPOS|SAO PAULO|SAO ROQUE|SOROCABA@27/06/19@04:04@174.81@4@#####################################################################################ALEXANDRE O GIGANTESCO@M@23/01/1989@(25) 52359-6470@COROLLA@YWM-3280@COTIA|JUNDIAI|LORENA|OSASCO|RIO DE JANEIRO|SAO JOSE DOS CAMPOS|SAO ROQUE|SOROCABA|TAUBATE@24/12/19@00:02@122.53@1@#########################################################################PABLO ESCOBAR@F@22/11/1999@(05) 07130-6753@HB20@ONH-5357@COTIA|JUNDIAI|LORENA|OSASCO|RIO DE JANEIRO|SAO JOSE DOS CAMPOS|SAO PAULO|SAO ROQUE|SOROCABA|TAUBATE@09/10/19@19:28@193.82@1@###########################################################################GABRIEL PENSADOR@M@22/08/1990@(45) 47333-7998@HB20@ZQP-1957@JUNDIAI|LORENA@15/07/19@08:50@100.79@2@#############################################################################################################################################################MATEUS ALVES@M@15/12/1990@(09) 83347-9999@CORSA@ZFF-2114@JUNDIAI|SOROCABA@08/09/19@14:32@249.33@2@##############################################################################################################################################################ALEXANDRE O GRANDE@F@05/07/1990@(40) 48187-4525@HB20@RHJ-0908@COTIA|JUNDIAI|LORENA|RIO DE JANEIRO|SAO JOSE DOS CAMPOS|SAO PAULO|TAUBATE@22/07/19@08:29@097.09@2@################################################################################################ROBERT PATTINSON@F@08/10/1989@(88) 73861-5217@CELTA@GIT-5176@JUNDIAI|SAO ROQUE|TAUBATE@18/10/19@16:53@074.51@4@#################################################################################################################################################ANA JULIA@F@18/11/1995@(79) 57159-1203@TORO@PNL-3849@RIO DE JANEIRO|SAO JOSE DOS CAMPOS|SAO PAULO|SOROCABA|TAUBATE@09/08/19@17:24@015.35@2@#####################################################################################################################GABRIEL NAO SOU FAKE@F@01/10/1991@(87) 60035-7010@CORSA@CXI-0354@OSASCO|RIO DE JANEIRO|SAO JOSE DOS CAMPOS|SAO PAULO|SAO ROQUE@16/05/19@11:02@142.97@4@#########################################################################################################SABRINA SATO@F@12/01/1989@(68) 61727-7905@CELTA@RVF-7317@COTIA|JUNDIAI|LORENA|OSASCO|SAO JOSE DOS CAMPOS|SAO PAULO|SAO ROQUE|SOROCABA|TAUBATE@07/07/19@20:50@245.85@3@##########################################################################################EDUARDO COSTA@M@22/12/1989@(21) 58059-2604@FIT@SYC-2438@OSASCO|RIO DE JANEIRO|SAO PAULO@07/08/19@15:52@066.70@4@################################################################################################################################################PABLO VITTAR@F@03/02/1994@(79) 11758-0192@HB20@FEK-8675@COTIA|OSASCO@25/07/19@03:55@097.35@2@###################################################################################################################################################################ALEXANDRE O GIGANTESCO@M@21/10/1990@(92) 97762-1395@CELTA@TRE-6774@COTIA|LORENA|OSASCO|SAO PAULO|SAO ROQUE@24/09/19@15:18@047.05@1@#############################################################################################################################LETICIA FERREIRA DA SILVA@F@01/11/1995@(24) 17778-2192@HB20@IUQ-2712@COTIA|JUNDIAI|LORENA|OSASCO|RIO DE JANEIRO|SAO JOSE DOS CAMPOS|SAO PAULO|SAO ROQUE|SOROCABA|TAUBATE@27/01/19@14:09@024.09@4@###############################################################PABLO ESCOBAR@F@22/09/1990@(02) 11249-8186@FOX@XHC-2074@COTIA|OSASCO|SAO PAULO|SAO ROQUE|TAUBATE@18/07/19@08:15@236.93@1@#######################################################################################################################################GABRIEL PENSADOR@F@18/11/1993@(21) 70151-8558@COROLLA@XLO-0791@COTIA|RIO DE JANEIRO|SAO PAULO@16/07/19@08:34@099.78@4@##########################################################################################################################################MATHEUS LIMA@F@14/02/1996@(56) 42784-7673@HB20@OLZ-4245@COTIA|OSASCO|SAO JOSE DOS CAMPOS|TAUBATE@01/04/19@00:47@053.26@2@#######################################################################################################################################SABRINA SATO@F@17/03/1993@(11) 91373-6595@FIT@GFP-4222@COTIA|JUNDIAI|LORENA|OSASCO|RIO DE JANEIRO|SAO PAULO|SAO ROQUE|SOROCABA|TAUBATE@09/01/19@11:27@210.92@4@#################################################################################################ALEXANDRE O CHEGA NE@M@18/05/1991@(73) 49840-0723@TORO@AGA-0137@JUNDIAI|LORENA|OSASCO|RIO DE JANEIRO|SAO JOSE DOS CAMPOS|SAO PAULO|SAO ROQUE@24/06/19@14:43@149.24@3@###########################################################################################GABRIEL EL ANGEL@M@02/12/1997@(15) 81684-7066@CORSA@URM-8759@COTIA|JUNDIAI|RIO DE JANEIRO|SAO JOSE DOS CAMPOS|SAO PAULO|SAO ROQUE|SOROCABA@25/09/19@11:11@027.55@2@#############################################################################################
********************************LISTAR********************************
LORENA------------------------ 15/07/19 - 08:50-
OSASCO------------------------ 10/07/19 - 10:24-
OSASCO------------------------ 25/07/19 - 03:55-
SAO PAULO--------------------- 16/07/19 - 08:34-
SAO PAULO--------------------- 07/08/19 - 15:52-
SAO ROQUE--------------------- 16/05/19 - 11:02-
SAO ROQUE--------------------- 24/06/19 - 14:43-
SAO ROQUE--------------------- 24/09/19 - 15:18-
SAO ROQUE--------------------- 18/12/19 - 10:52-
SOROCABA---------------------- 04/04/19 - 03:31-
SOROCABA---------------------- 27/06/19 - 04:04-
SOROCABA---------------------- 25/07/19 - 02:16-
SOROCABA---------------------- 08/09/19 - 14:32-
SOROCABA---------------------- 25/09/19 - 11:11-
TAUBATE----------------------- 08/01/19 - 16:09-
TAUBATE----------------------- 09/01/19 - 11:27-
TAUBATE----------------------- 27/01/19 - 14:09-
TAUBATE----------------------- 01/04/19 - 00:47-
TAUBATE----------------------- 03/06/19 - 10:43-
TAUBATE----------------------- 07/07/19 - 20:50-
TAUBATE----------------------- 18/07/19 - 08:15-
TAUBATE----------------------- 22/07/19 - 08:29-
TAUBATE----------------------- 23/07/19 - 16:09-
TAUBATE----------------------- 09/08/19 - 17:24-
TAUBATE----------------------- 22/09/19 - 21:37-
TAUBATE----------------------- 09/10/19 - 19:28-
TAUBATE----------------------- 18/10/19 - 16:53-
TAUBATE----------------------- 24/12/19 - 00:02-
********************************LISTAR********************************
LORENA------------------------ 15/07/19 - 08:50-
OSASCO------------------------ 10/07/19 - 10:24-
OSASCO------------------------ 25/07/19 - 03:55-
SAO PAULO--------------------- 16/07/19 - 08:34-
SAO PAULO--------------------- 07/08/19 - 15:52-
SAO ROQUE--------------------- 16/05/19 - 11:02-
SAO ROQUE--------------------- 24/06/19 - 14:43-
SAO ROQUE--------------------- 24/09/19 - 15:18-
SAO ROQUE--------------------- 18/12/19 - 10:52-
SOROCABA---------------------- 04/04/19 - 03:31-
SOROCABA---------------------- 27/06/19 - 04:04-
SOROCABA---------------------- 25/07/19 - 02:16-
SOROCABA---------------------- 08/09/19 - 14:32-
SOROCABA---------------------- 25/09/19 - 11:11-
TAUBATE----------------------- 08/01/19 - 16:09-
TAUBATE----------------------- 09/01/19 - 11:27-
TAUBATE----------------------- 27/01/19 - 14:09-
TAUBATE----------------------- 01/04/19 - 00:47-
TAUBATE----------------------- 03/06/19 - 10:43-
TAUBATE----------------------- 07/07/19 - 20:50-
TAUBATE----------------------- 18/07/19 - 08:15-
TAUBATE----------------------- 22/07/19 - 08:29-
TAUBATE----------------------- 23/07/19 - 16:09-
TAUBATE----------------------- 09/08/19 - 17:24-
TAUBATE----------------------- 22/09/19 - 21:37-
TAUBATE----------------------- 09/10/19 - 19:28-
TAUBATE----------------------- 18/10/19 - 16:53-
TAUBATE----------------------- 24/12/19 - 00:02-
********************************ARQUIVO*******************************
MATHEUS AUGUSTO@F@21/01/1991@(61) 70493-5342@COROLLA@WUY-7552@LORENA|OSASCO@10/07/19@10:24@143.44@4@############################################################################################################################################################GABRIEL THE ANGEL@M@19/04/1991@(02) 20432-9230@FOX@YUI-4259@COTIA|JUNDIAI|LORENA|OSASCO|RIO DE JANEIRO|SAO JOSE DOS CAMPOS|SAO PAULO|SAO ROQUE|SOROCABA|TAUBATE@22/09/19@21:37@102.59@3@########################################################################EDUARDO MOTTA@F@25/01/1998@(81) 62648-7746@ONIX@LVF-7668@LORENA|OSASCO|RIO DE JANEIRO|SAO JOSE DOS CAMPOS|SAO PAULO|SOROCABA@25/07/19@02:16@097.15@3@###########################################################################################################EDUARDO MOTTA@F@03/05/1989@(91) 38662-3269@GOL@IXA-6639@COTIA|JUNDIAI|LORENA|OSASCO|RIO DE JANEIRO|SAO JOSE DOS CAMPOS|SAO PAULO|SAO ROQUE|SOROCABA|TAUBATE@23/07/19@16:09@016.81@4@############################################################################ALEXANDRE O MAIS OU MENOS@F@06/10/1993@(55) 88015-9776@GOL@MHU-9532@COTIA|JUNDIAI|LORENA|OSASCO|RIO DE JANEIRO|SAO JOSE DOS CAMPOS|SAO PAULO|SAO ROQUE|SOROCABA|TAUBATE@08/01/19@16:09@085.67@2@################################################################SABRINA SATO@M@02/12/1997@(41) 28883-1666@GOL@WXE-0761@COTIA|JUNDIAI|LORENA|OSASCO|SAO JOSE DOS CAMPOS|SAO ROQUE@18/12/19@10:52@076.74@4@#######################################################################################################################JULIANA PAES@M@26/02/1990@(49) 24738-3751@FUSCA@FOI-6327@COTIA|JUNDIAI|LORENA|RIO DE JANEIRO|SAO JOSE DOS CAMPOS|SAO PAULO|SAO ROQUE|SOROCABA|TAUBATE@03/06/19@10:43@166.95@3@##################################################################################EDUARDO COSTA@F@27/05/1991@(21) 10371-9847@ONIX@RPT-9435@SAO JOSE DOS CAMPOS|SOROCABA@04/04/19@03:31@087.88@3@##################################################################################################################################################ROBERT DOWNEY JUNIOR F :(@F@20/06/1999@(75) 36288-4408@CORSA@XWL-4157@COTIA|LORENA|RIO DE JANEIRO|SAO JOSE DOS CAMPOS|SAO PAULO|SAO ROQUE|SOROCABA@27/06/19@04:04@174.81@4@#####################################################################################ALEXANDRE O GIGANTESCO@M@23/01/1989@(25) 52359-6470@COROLLA@YWM-3280@COTIA|JUNDIAI|LORENA|OSASCO|RIO DE JANEIRO|SAO JOSE DOS CAMPOS|SAO ROQUE|SOROCABA|TAUBATE@24/12/19@00:02@122.53@1@#########################################################################PABLO ESCOBAR@F@22/11/1999@(05) 07130-6753@HB20@ONH-5357@COTIA|JUNDIAI|LORENA|OSASCO|RIO DE JANEIRO|SAO JOSE DOS CAMPOS|SAO PAULO|SAO ROQUE|SOROCABA|TAUBATE@09/10/19@19:28@193.82@1@###########################################################################GABRIEL PENSADOR@M@22/08/1990@(45) 47333-7998@HB20@ZQP-1957@JUNDIAI|LORENA@15/07/19@08:50@100.79@2@#############################################################################################################################################################MATEUS ALVES@M@15/12/1990@(09) 83347-9999@CORSA@ZFF-2114@JUNDIAI|SOROCABA@08/09/19@14:32@249.33@2@##############################################################################################################################################################ALEXANDRE O GRANDE@F@05/07/1990@(40) 48187-4525@HB20@RHJ-0908@COTIA|JUNDIAI|LORENA|RIO DE JANEIRO|SAO JOSE DOS CAMPOS|SAO PAULO|TAUBATE@22/07/19@08:29@097.09@2@################################################################################################ROBERT PATTINSON@F@08/10/1989@(88) 73861-5217@CELTA@GIT-5176@JUNDIAI|SAO ROQUE|TAUBATE@18/10/19@16:53@074.51@4@#################################################################################################################################################ANA JULIA@F@18/11/1995@(79) 57159-1203@TORO@PNL-3849@RIO DE JANEIRO|SAO JOSE DOS CAMPOS|SAO PAULO|SOROCABA|TAUBATE@09/08/19@17:24@015.35@2@#####################################################################################################################GABRIEL NAO SOU FAKE@F@01/10/1991@(87) 60035-7010@CORSA@CXI-0354@OSASCO|RIO DE JANEIRO|SAO JOSE DOS CAMPOS|SAO PAULO|SAO ROQUE@16/05/19@11:02@142.97@4@#########################################################################################################SABRINA SATO@F@12/01/1989@(68) 61727-7905@CELTA@RVF-7317@COTIA|JUNDIAI|LORENA|OSASCO|SAO JOSE DOS CAMPOS|SAO PAULO|SAO ROQUE|SOROCABA|TAUBATE@07/07/19@20:50@245.85@3@##########################################################################################EDUARDO COSTA@M@22/12/1989@(21) 58059-2604@FIT@SYC-2438@OSASCO|RIO DE JANEIRO|SAO PAULO@07/08/19@15:52@066.70@4@################################################################################################################################################PABLO VITTAR@F@03/02/1994@(79) 11758-0192@HB20@FEK-8675@COTIA|OSASCO@25/07/19@03:55@097.35@2@###################################################################################################################################################################ALEXANDRE O GIGANTESCO@M@21/10/1990@(92) 97762-1395@CELTA@TRE-6774@COTIA|LORENA|OSASCO|SAO PAULO|SAO ROQUE@24/09/19@15:18@047.05@1@#############################################################################################################################LETICIA FERREIRA DA SILVA@F@01/11/1995@(24) 17778-2192@HB20@IUQ-2712@COTIA|JUNDIAI|LORENA|OSASCO|RIO DE JANEIRO|SAO JOSE DOS CAMPOS|SAO PAULO|SAO ROQUE|SOROCABA|TAUBATE@27/01/19@14:09@024.09@4@###############################################################PABLO ESCOBAR@F@22/09/1990@(02) 11249-8186@FOX@XHC-2074@COTIA|OSASCO|SAO PAULO|SAO ROQUE|TAUBATE@18/07/19@08:15@236.93@1@#######################################################################################################################################GABRIEL PENSADOR@F@18/11/1993@(21) 70151-8558@COROLLA@XLO-0791@COTIA|RIO DE JANEIRO|SAO PAULO@16/07/19@08:34@099.78@4@##########################################################################################################################################MATHEUS LIMA@F@14/02/1996@(56) 42784-7673@HB20@OLZ-4245@COTIA|OSASCO|SAO JOSE DOS CAMPOS|TAUBATE@01/04/19@00:47@053.26@2@#######################################################################################################################################SABRINA SATO@F@17/03/1993@(11) 91373-6595@FIT@GFP-4222@COTIA|JUNDIAI|LORENA|OSASCO|RIO DE JANEIRO|SAO PAULO|SAO ROQUE|SOROCABA|TAUBATE@09/01/19@11:27@210.92@4@#################################################################################################ALEXANDRE O CHEGA NE@M@18/05/1991@(73) 49840-0723@TORO@AGA-0137@JUNDIAI|LORENA|OSASCO|RIO DE JANEIRO|SAO JOSE DOS CAMPOS|SAO PAULO|SAO ROQUE@24/06/19@14:43@149.24@3@###########################################################################################GABRIEL EL ANGEL@M@02/12/1997@(15) 81684-7066@CORSA@URM-8759@COTIA|JUNDIAI|RIO DE JANEIRO|SAO JOSE DOS CAMPOS|SAO PAULO|SAO ROQUE|SOROCABA@25/09/19@11:11@027.55@2@#############################################################################################
********************************BUSCAR********************************
Busca por SAO JOSE DOS CAMPOS$1906270404.
Nos percorridos:
TAUBATE$1901081609
SAO PAULO$1908071552, SOROCABA$1904040331, SOROCABA$1909081432
LORENA$1907150850, OSASCO$1907101024, OSASCO$1907250355, SAO PAULO$1907160834

Registro(s) nao encontrado!
********************************ALTERAR*******************************
OPERACAO REALIZADA COM SUCESSO!
***************************INDICE PRIMÁRIO****************************
006AAGA2406140026AMHU0801160004APNL0908170015ARHJ2207080013ATRE2409150020AYWM2412000009##############T************************
007GZQP1507080011JFOI0306100006LIUQ2701140021MOLZ0104000024MWUY1007100000MZFF0809140012PFEK2507030019T************************
003EIXA2307160003GYUI2209210001PONH0910190010########################################################F000004001003************
006PXHC1807080022RGIT1810160014RXWL2706040008SGFP0901110025SRVF0707200017SWXE1812100005##############T************************
007ELVF2507020002ERPT0404030007ESYC0708150018EZFA1610100028GCXI1605110016GURM2509110027GXLO1607080023T************************
********************************ALTERAR*******************************
OPERACAO REALIZADA COM SUCESSO!
***************************INDICE SECUNDÁRIO**************************
004GZQP150708LORENA$1907150850########################MWUY100710OSASCO$1907101024########################PFEK250703OSASCO$1907250355########################GXLO160708SAO PAULO$1907160834#####################T***************
003SGFP090111TAUBATE$1901091127#######################LIUQ270114TAUBATE$1901271409#######################MOLZ010400TAUBATE$1904010047##########################################################################T***************
003ESYC070815SAO PAULO$1908071552#####################ERPT040403SOROCABA$1904040331######################MZFF080914SOROCABA$1909081432#########################################################################F000006003010***
002RXWL270604SOROCABA$1906270404######################ELVF250702SOROCABA$1907250216############################################################################################################################T***************
003PONH091019TAUBATE$1910091928#######################RGIT181016TAUBATE$1910181653#######################AYWM241200TAUBATE$1912240002##########################################################################T***************
002EIXA230716TAUBATE$1907231609#######################APNL090817TAUBATE$1908091724#############################################################################################################################T***************
004GCXI160511SAO ROQUE$1905161102#####################AAGA240614SAO ROQUE$1906241443#####################ATRE240915SAO ROQUE$1909241518#####################SWXE181210SAO ROQUE$1912181052#####################T***************
003JFOI030610TAUBATE$1906031043#######################ARHJ220708TAUBATE$1907220829#######################GYUI220921TAUBATE$1909222137##########################################################################F001009005004***
001AMHU080116TAUBATE$1901081609################################################################################################################################################################################F002007*********
002SRVF070720TAUBATE$1907072050#######################PXHC180708TAUBATE$1907180815#############################################################################################################################T***************
002GURM250911SOROCABA$1909251111######################EZFA161010SOROCABA$1910161057############################################################################################################################T***************
********************************ALTERAR*******************************
OPERACAO REALIZADA COM SUCESSO!
********************************ALTERAR*******************************
OPERACAO REALIZADA COM SUCESSO!
********************************LISTAR********************************
1 - EIXA230716, GYUI220921, PONH091019
2 - AAGA240614, AMHU080116, APNL090817, ARHJ220708, ATRE240915, AYWM241200
2 - ELVF250702, ERPT040403, ESYC070815, EZFA161010, GCXI160511, GURM250911, GXLO160708
2 - GZQP150708, JFOI030610, LIUQ270114, MOLZ010400, MWUY100710, MZFF080914, PFEK250703
2 - PXHC180708, RGIT181016, RXWL270604, SGFP090111, SRVF070720, SWXE181210
********************************BUSCAR********************************
Busca por LORENA$1906031043.
Nos percorridos:
TAUBATE$1901081609
SAO PAULO$1908071552, SAO ROQUE$1907111456, SOROCABA$1904040331, SOROCABA$1909081432
LORENA$1907150850, OSASCO$1907101024, OSASCO$1907250355, SAO PAULO$1907160834

Registro(s) nao encontrado!
***************************INDICE SECUNDÁRIO**************************
004GZQP150708LORENA$1907150850########################MWUY100710OSASCO$1907101024########################PFEK250703OSASCO$1907250355########################GXLO160708SAO PAULO$1907160834#####################T***************
003SGFP090111TAUBATE$1901091127#######################LIUQ270114TAUBATE$1901271409#######################MOLZ010400TAUBATE$1904010047##########################################################################T***************
004ESYC070815SAO PAULO$1908071552#####################RKQR110714SAO ROQUE$1907111456#####################ERPT040403SOROCABA$1904040331######################MZFF080914SOROCABA$1909081432######################F000006011003010
002RXWL270604SOROCABA$1906270404######################ELVF250702SOROCABA$1907250216############################################################################################################################T***************
003PONH091019TAUBATE$1910091928#######################RGIT181016TAUBATE$1910181653#######################AYWM241200TAUBATE$1912240002##########################################################################T***************
002EIXA230716TAUBATE$1907231609#######################APNL090817TAUBATE$1908091724#############################################################################################################################T***************
002GCXI160511SAO ROQUE$1905161102#####################AAGA240614SAO ROQUE$1906241443###########################################################################################################################T***************
003JFOI030610TAUBATE$1906031043#######################ARHJ220708TAUBATE$1907220829#######################GYUI220921TAUBATE$1909222137##########################################################################F001009005004***
001AMHU080116TAUBATE$1901081609################################################################################################################################################################################F002007*********
002SRVF070720TAUBATE$1907072050#######################PXHC180708TAUBATE$1907180815#############################################################################################################################T***************
002GURM250911SOROCABA$1909251111######################EZFA161010SOROCABA$1910161057############################################################################################################################T***************
002ATRE240915SAO ROQUE$1909241518#####################SWXE181210SAO ROQUE$1912181052###########################################################################################################################T***************
***************************INDICE PRIMÁRIO****************************
006AAGA2406140026AMHU0801160004APNL0908170015ARHJ2207080013ATRE2409150020AYWM2412000009##############T************************
007GZQP1507080011JFOI0306100006LIUQ2701140021MOLZ0104000024MWUY1007100000MZFF0809140012PFEK2507030019T************************
004EIXA2307160003GYUI2209210001PONH0910190010RXWL2706040008##########################################F000004001003005*********
004PXHC1807080022RGIT1810160014RKQR1107140029RVZM2305090030##########################################T************************
007ELVF2507020002ERPT0404030007ESYC0708150018EZFA1610100028GCXI1605110016GURM2509110027GXLO1607080023T************************
003SGFP0901110025SRVF0707200017SWXE1812100005########################################################T************************
********************************ALTERAR*******************************
OPERACAO REALIZADA COM SUCESSO!
********************************ALTERAR*******************************
Registro(s) nao encontrado!
FALHA AO REALIZAR OPERACAO!
********************************ALTERAR*******************************
OPERACAO REALIZADA COM SUCESSO!
********************************BUSCAR********************************
Busca por TAUBATE$1901271409.
Nos percorridos:
SAO ROQUE$1907111456, TAUBATE$1901081609
TAUBATE$1906031043, TAUBATE$1907220829, TAUBATE$1909222137
TAUBATE$1901091127, TAUBATE$1901271409, TAUBATE$1904010047

LIUQ270114
LETICIA FERREIRA DA SILVA
F
01/11/1995
(24) 17778-2192
HB20
IUQ-2712
27/01/19
14:09
024.09
4
COTIA, JUNDIAI, LORENA, OSASCO, RIO DE JANEIRO, SAO JOSE DOS CAMPOS, SAO PAULO, SAO ROQUE, SOROCABA, TAUBATE
********************************LISTAR********************************
1 - EIXA230716, FBNJ060403, GYUI220921, MOLZ010400, PONH091019, RXWL270604
2 - AAGA240614, AMHU080116, APNL090817, ARHJ220708, ATRE240915, AYWM241200
2 - ELVF250702, ERPT040403, ESYC070815, EVZI091119, EZFA161010
2 - GCXI160511, GURM250911, GXLO160708
2 - GZQP150708, JFOI030610, LIUQ270114, MIJR010712
2 - MWUY100710, MZFF080914, PFEK250703
2 - PXHC180708, RGIT181016, RKQR110714, RVZM230509
2 - SGFP090111, SRVF070720, SWXE181210
********************************LISTAR********************************
LORENA------------------------ 15/07/19 - 08:50-
OSASCO------------------------ 10/07/19 - 10:24-
OSASCO------------------------ 25/07/19 - 03:55-
RIO DE JANEIRO---------------- 23/05/19 - 09:02-
SAO PAULO--------------------- 01/07/19 - 12:44-
SAO PAULO--------------------- 16/07/19 - 08:34-
SAO PAULO--------------------- 07/08/19 - 15:52-
SAO ROQUE--------------------- 16/05/19 - 11:02-
SAO ROQUE--------------------- 24/06/19 - 14:43-
SAO ROQUE--------------------- 11/07/19 - 14:56-
SAO ROQUE--------------------- 24/09/19 - 15:18-
SAO ROQUE--------------------- 18/12/19 - 10:52-
SOROCABA---------------------- 04/04/19 - 03:31-
SOROCABA---------------------- 06/04/19 - 03:16-
SOROCABA---------------------- 27/06/19 - 04:04-
SOROCABA---------------------- 25/07/19 - 02:16-
SOROCABA---------------------- 08/09/19 - 14:32-
SOROCABA---------------------- 25/09/19 - 11:11-
SOROCABA---------------------- 16/10/19 - 10:57-
SOROCABA---------------------- 09/11/19 - 19:24-
TAUBATE----------------------- 08/01/19 - 16:09-
TAUBATE----------------------- 09/01/19 - 11:27-
TAUBATE----------------------- 27/01/19 - 14:09-
TAUBATE----------------------- 01/04/19 - 00:47-
TAUBATE----------------------- 03/06/19 - 10:43-
TAUBATE----------------------- 07/07/19 - 20:50-
TAUBATE----------------------- 18/07/19 - 08:15-
TAUBATE----------------------- 22/07/19 - 08:29-
TAUBATE----------------------- 23/07/19 - 16:09-
TAUBATE----------------------- 09/08/19 - 17:24-
TAUBATE----------------------- 22/09/19 - 21:37-
TAUBATE----------------------- 09/10/19 - 19:28-
TAUBATE----------------------- 18/10/19 - 16:53-
TAUBATE----------------------- 24/12/19 - 00:02-
********************************ARQUIVO*******************************
MATHEUS AUGUSTO@F@21/01/1991@(61) 70493-5342@COROLLA@WUY-7552@LORENA|OSASCO@10/07/19@10:24@143.44@4@############################################################################################################################################################GABRIEL THE ANGEL@M@19/04/1991@(02) 20432-9230@FOX@YUI-4259@COTIA|JUNDIAI|LORENA|OSASCO|RIO DE JANEIRO|SAO JOSE DOS CAMPOS|SAO PAULO|SAO ROQUE|SOROCABA|TAUBATE@22/09/19@21:37@102.59@3@########################################################################EDUARDO MOTTA@F@25/01/1998@(81) 62648-7746@ONIX@LVF-7668@LORENA|OSASCO|RIO DE JANEIRO|SAO JOSE DOS CAMPOS|SAO PAULO|SOROCABA@25/07/19@02:16@097.15@3@###########################################################################################################EDUARDO MOTTA@F@03/05/1989@(91) 38662-3269@GOL@IXA-6639@COTIA|JUNDIAI|LORENA|OSASCO|RIO DE JANEIRO|SAO JOSE DOS CAMPOS|SAO PAULO|SAO ROQUE|SOROCABA|TAUBATE@23/07/19@16:09@016.81@4@############################################################################ALEXANDRE O MAIS OU MENOS@F@06/10/1993@(55) 88015-9776@GOL@MHU-9532@COTIA|JUNDIAI|LORENA|OSASCO|RIO DE JANEIRO|SAO JOSE DOS CAMPOS|SAO PAULO|SAO ROQUE|SOROCABA|TAUBATE@08/01/19@16:09@085.67@2@################################################################SABRINA SATO@M@02/12/1997@(41) 28883-1666@GOL@WXE-0761@COTIA|JUNDIAI|LORENA|OSASCO|SAO JOSE DOS CAMPOS|SAO ROQUE@18/12/19@10:52@076.74@4@#######################################################################################################################JULIANA PAES@M@26/02/1990@(49) 24738-3751@FUSCA@FOI-6327@COTIA|JUNDIAI|LORENA|RIO DE JANEIRO|SAO JOSE DOS CAMPOS|SAO PAULO|SAO ROQUE|SOROCABA|TAUBATE@03/06/19@10:43@166.95@3@##################################################################################EDUARDO COSTA@F@27/05/1991@(21) 10371-9847@ONIX@RPT-9435@SAO JOSE DOS CAMPOS|SOROCABA@04/04/19@03:31@087.88@3@##################################################################################################################################################ROBERT DOWNEY JUNIOR F :(@F@20/06/1999@(75) 36288-4408@CORSA@XWL-4157@COTIA|LORENA|RIO DE JANEIRO|SAO JOSE DOS CAMPOS|SAO PAULO|SAO ROQUE|SOROCABA@27/06/19@04:04@174.81@4@#####################################################################################ALEXANDRE O GIGANTESCO@M@23/01/1989@(25) 52359-6470@COROLLA@YWM-3280@COTIA|JUNDIAI|LORENA|OSASCO|RIO DE JANEIRO|SAO JOSE DOS CAMPOS|SAO ROQUE|SOROCABA|TAUBATE@24/12/19@00:02@122.53@1@#########################################################################PABLO ESCOBAR@F@22/11/1999@(05) 07130-6753@HB20@ONH-5357@COTIA|JUNDIAI|LORENA|OSASCO|RIO DE JANEIRO|SAO JOSE DOS CAMPOS|SAO PAULO|SAO ROQUE|SOROCABA|TAUBATE@09/10/19@19:28@193.82@4@###########################################################################GABRIEL PENSADOR@M@22/08/1990@(45) 47333-7998@HB20@ZQP-1957@JUNDIAI|LORENA@15/07/19@08:50@100.79@2@#############################################################################################################################################################MATEUS ALVES@M@15/12/1990@(09) 83347-9999@CORSA@ZFF-2114@JUNDIAI|SOROCABA@08/09/19@14:32@249.33@2@##############################################################################################################################################################ALEXANDRE O GRANDE@F@05/07/1990@(40) 48187-4525@HB20@RHJ-0908@COTIA|JUNDIAI|LORENA|RIO DE JANEIRO|SAO JOSE DOS CAMPOS|SAO PAULO|TAUBATE@22/07/19@08:29@097.09@2@################################################################################################ROBERT PATTINSON@F@08/10/1989@(88) 73861-5217@CELTA@GIT-5176@JUNDIAI|SAO ROQUE|TAUBATE@18/10/19@16:53@074.51@4@#################################################################################################################################################ANA JULIA@F@18/11/1995@(79) 57159-1203@TORO@PNL-3849@RIO DE JANEIRO|SAO JOSE DOS CAMPOS|SAO PAULO|SOROCABA|TAUBATE@09/08/19@17:24@015.35@2@#####################################################################################################################GABRIEL NAO SOU FAKE@F@01/10/1991@(87) 60035-7010@CORSA@CXI-0354@OSASCO|RIO DE JANEIRO|SAO JOSE DOS CAMPOS|SAO PAULO|SAO ROQUE@16/05/19@11:02@142.97@4@#########################################################################################################SABRINA SATO@F@12/01/1989@(68) 61727-7905@CELTA@RVF-7317@COTIA|JUNDIAI|LORENA|OSASCO|SAO JOSE DOS CAMPOS|SAO PAULO|SAO ROQUE|SOROCABA|TAUBATE@07/07/19@20:50@245.85@3@##########################################################################################EDUARDO COSTA@M@22/12/1989@(21) 58059-2604@FIT@SYC-2438@OSASCO|RIO DE JANEIRO|SAO PAULO@07/08/19@15:52@066.70@4@################################################################################################################################################PABLO VITTAR@F@03/02/1994@(79) 11758-0192@HB20@FEK-8675@COTIA|OSASCO@25/07/19@03:55@097.35@2@###################################################################################################################################################################ALEXANDRE O GIGANTESCO@M@21/10/1990@(92) 97762-1395@CELTA@TRE-6774@COTIA|LORENA|OSASCO|SAO PAULO|SAO ROQUE@24/09/19@15:18@047.05@1@#############################################################################################################################LETICIA FERREIRA DA SILVA@F@01/11/1995@(24) 17778-2192@HB20@IUQ-2712@COTIA|JUNDIAI|LORENA|OSASCO|RIO DE JANEIRO|SAO JOSE DOS CAMPOS|SAO PAULO|SAO ROQUE|SOROCABA|TAUBATE@27/01/19@14:09@024.09@4@###############################################################PABLO ESCOBAR@F@22/09/1990@(02) 11249-8186@FOX@XHC-2074@COTIA|OSASCO|SAO PAULO|SAO ROQUE|TAUBATE@18/07/19@08:15@236.93@1@#######################################################################################################################################GABRIEL PENSADOR@F@18/11/1993@(21) 70151-8558@COROLLA@XLO-0791@COTIA|RIO DE JANEIRO|SAO PAULO@16/07/19@08:34@099.78@2@##########################################################################################################################################MATHEUS LIMA@F@14/02/1996@(56) 42784-7673@HB20@OLZ-4245@COTIA|OSASCO|SAO JOSE DOS CAMPOS|TAUBATE@01/04/19@00:47@053.26@2@#######################################################################################################################################SABRINA SATO@F@17/03/1993@(11) 91373-6595@FIT@GFP-4222@COTIA|JUNDIAI|LORENA|OSASCO|RIO DE JANEIRO|SAO PAULO|SAO ROQUE|SOROCABA|TAUBATE@09/01/19@11:27@210.92@1@#################################################################################################ALEXANDRE O CHEGA NE@M@18/05/1991@(73) 49840-0723@TORO@AGA-0137@JUNDIAI|LORENA|OSASCO|RIO DE JANEIRO|SAO JOSE DOS CAMPOS|SAO PAULO|SAO ROQUE@24/06/19@14:43@149.24@3@###########################################################################################GABRIEL EL ANGEL@M@02/12/1997@(15) 81684-7066@CORSA@URM-8759@COTIA|JUNDIAI|RIO DE JANEIRO|SAO JOSE DOS CAMPOS|SAO PAULO|SAO ROQUE|SOROCABA@25/09/19@11:11@027.55@3@#############################################################################################EVELYN DOS SANTOS@M@02/09/1991@(50) 18596-8431@HB20@ZFA-9077@OSASCO|RIO DE JANEIRO|SAO JOSE DOS CAMPOS|SAO PAULO|SOROCABA@16/10/19@10:57@051.89@2@##############################################################################################################ROBERT PATTINSON@M@23/04/1998@(71) 46019-4052@GOL@KQR-5996@COTIA|OSASCO|SAO JOSE DOS CAMPOS|SAO PAULO|SAO ROQUE@11/07/19@14:56@164.31@1@########################################################################################################################ROBERT PATTINSON@F@24/01/1990@(21) 41667-4522@GOL@VZM-5208@COTIA|OSASCO|RIO DE JANEIRO@23/05/19@09:02@233.50@1@#################################################################################################################################################MATHEUS AUGUSTO@F@26/01/1992@(93) 94658-3979@HB20@IJR-7837@COTIA|JUNDIAI|LORENA|OSASCO|RIO DE JANEIRO|SAO JOSE DOS CAMPOS|SAO PAULO@01/07/19@12:44@005.62@3@####################################################################################################FELIPE COUTINHO@M@24/12/1995@(73) 31163-0592@COROLLA@BNJ-2324@COTIA|LORENA|OSASCO|RIO DE JANEIRO|SAO JOSE DOS CAMPOS|SAO PAULO|SAO ROQUE|SOROCABA@06/04/19@03:16@069.85@2@######################################################################################EVELYN DOS SANTOS@F@15/03/1989@(08) 33959-0754@TORO@VZI-5501@SAO PAULO|SOROCABA@09/11/19@19:24@037.22@3@########################################################################################################################################################
***************************INDICE PRIMÁRIO****************************
006AAGA2406140026AMHU0801160004APNL0908170015ARHJ2207080013ATRE2409150020AYWM2412000009##############T************************
004GZQP1507080011JFOI0306100006LIUQ2701140021MIJR0107120031##########################################T************************
006EIXA2307160003FBNJ0604030032GYUI2209210001MOLZ0104000024PONH0910190010RXWL2706040008##############F000004007001006003005***
004PXHC1807080022RGIT1810160014RKQR1107140029RVZM2305090030##########################################T************************
005ELVF2507020002ERPT0404030007ESYC0708150018EVZI0911190033EZFA1610100028############################T************************
003SGFP0901110025SRVF0707200017SWXE1812100005########################################################T************************
003MWUY1007100000MZFF0809140012PFEK2507030019########################################################T************************
003GCXI1605110016GURM2509110027GXLO1607080023########################################################T************************
***************************INDICE SECUNDÁRIO**************************
002GZQP150708LORENA$1907150850########################MWUY100710OSASCO$1907101024##############################################################################################################################T***************
003SGFP090111TAUBATE$1901091127#######################LIUQ270114TAUBATE$1901271409#######################MOLZ010400TAUBATE$1904010047##########################################################################T***************
002PFEK250703OSASCO$1907250355########################ESYC070815SAO PAULO$1908071552###########################################################################################################################F000012006******
003FBNJ060403SOROCABA$1904060316######################RXWL270604SOROCABA$1906270404######################ELVF250702SOROCABA$1907250216#########################################################################T***************
003PONH091019TAUBATE$1910091928#######################RGIT181016TAUBATE$1910181653#######################AYWM241200TAUBATE$1912240002##########################################################################T***************
002EIXA230716TAUBATE$1907231609#######################APNL090817TAUBATE$1908091724#############################################################################################################################T***************
002GCXI160511SAO ROQUE$1905161102#####################AAGA240614SAO ROQUE$1906241443###########################################################################################################################T***************
003JFOI030610TAUBATE$1906031043#######################ARHJ220708TAUBATE$1907220829#######################GYUI220921TAUBATE$1909222137##########################################################################F001009005004***
002RKQR110714SAO ROQUE$1907111456#####################AMHU080116TAUBATE$1901081609#############################################################################################################################F002013007******
002SRVF070720TAUBATE$1907072050#######################PXHC180708TAUBATE$1907180815#############################################################################################################################T***************
003GURM250911SOROCABA$1909251111######################EZFA161010SOROCABA$1910161057######################EVZI091119SOROCABA$1911091924#########################################################################T***************
002ATRE240915SAO ROQUE$1909241518#####################SWXE181210SAO ROQUE$1912181052###########################################################################################################################T***************
003RVZM230509RIO DE JANEIRO$1905230902################MIJR010712SAO PAULO$1907011244#####################GXLO160708SAO PAULO$1907160834########################################################################T***************
002ERPT040403SOROCABA$1904040331######################MZFF080914SOROCABA$1909081432############################################################################################################################F011003010******
