***************************INDICE SECUNDÁRIO**************************
001MPGM270917TAUBATE$1909271705################################################################################################################################################################################T***************
***************************INDICE PRIMÁRIO****************************
001MPGM2709170000####################################################################################T************************
********************************BUSCAR********************************
Busca por OSASCO$1902020733.
Nos percorridos:
TAUBATE$1902020733, TAUBATE$1909271705

Registro(s) nao encontrado!
***************************INDICE PRIMÁRIO****************************
004APZS0202070001LZAI2408090002MPGM2709170000RBJB0705140003##########################################T************************
********************************ARQUIVO*******************************
MATHEUS LIMA@F@18/05/1989@(48) 07385-4747@FUSCA@PGM-4022@COTIA|JUNDIAI|OSASCO|RIO DE JANEIRO|SAO JOSE DOS CAMPOS|SAO ROQUE|SOROCABA|TAUBATE@27/09/19@17:05@233.89@2@############################################################################################ALEXANDRE O GIGANTESCO@F@06/04/1990@(65) 76169-4546@TORO@PZS-3841@LORENA|SAO JOSE DOS CAMPOS|SAO PAULO|TAUBATE@02/02/19@07:33@178.64@1@#########################################################################################################################LETICIA FERREIRA DOS SANTOS@F@17/10/1996@(20) 24271-6849@COROLLA@ZAI-4628@COTIA|LORENA|SAO PAULO|SOROCABA@24/08/19@09:08@198.37@4@##############################################################################################################################ROBERT NORMAL@M@22/10/1991@(13) 07732-6093@CELTA@BJB-5714@LORENA|OSASCO|SAO PAULO@07/05/19@14:51@059.35@3@######################################################################################################################################################
********************************LISTAR********************************
SAO PAULO--------------------- 07/05/19 - 14:51-
SOROCABA---------------------- 24/08/19 - 09:08-
TAUBATE----------------------- 02/02/19 - 07:33-
TAUBATE----------------------- 27/09/19 - 17:05-
********************************BUSCAR********************************
Busca por REPE060210. Nos percorridos:
APZS020207, LZAI240809, MPGM270917, RBJB070514, REPE060210

REPE060210
ROBERT NORMAL
F
21/05/1993
(50) 10798-0699
FIT
EPE-2827
06/02/19
10:56
177.61
2
SAO PAULO, SAO ROQUE
********************************LISTAR********************************
SAO PAULO--------------------- 07/05/19 - 14:51-
SAO ROQUE--------------------- 06/02/19 - 10:56-
SOROCABA---------------------- 24/08/19 - 09:08-
TAUBATE----------------------- 02/02/19 - 07:33-
TAUBATE----------------------- 27/09/19 - 17:05-
********************************ALTERAR*******************************
OPERACAO REALIZADA COM SUCESSO!
********************************LISTAR********************************
SAO PAULO--------------------- 07/05/19 - 14:51-
SAO ROQUE--------------------- 06/02/19 - 10:56-
SOROCABA---------------------- 24/08/19 - 09:08-
TAUBATE----------------------- 02/02/19 - 07:33-
TAUBATE----------------------- 27/09/19 - 17:05-
********************************LISTAR********************************
SAO PAULO--------------------- 07/05/19 - 14:51-
SAO ROQUE--------------------- 06/02/19 - 10:56-
SOROCABA---------------------- 24/08/19 - 09:08-
TAUBATE----------------------- 02/02/19 - 07:33-
TAUBATE----------------------- 27/09/19 - 17:05-
********************************BUSCAR********************************
Busca por MPGM270917. Nos percorridos:
APZS020207, LZAI240809, MPGM270917, RBJB070514, REPE060210

MPGM270917
MATHEUS LIMA
F
18/05/1989
(48) 07385-4747
FUSCA
PGM-4022
27/09/19
17:05
233.89
2
COTIA, JUNDIAI, OSASCO, RIO DE JANEIRO, SAO JOSE DOS CAMPOS, SAO ROQUE, SOROCABA, TAUBATE
********************************ALTERAR*******************************
OPERACAO REALIZADA COM SUCESSO!
********************************ALTERAR*******************************
Registro(s) nao encontrado!
FALHA AO REALIZAR OPERACAO!
********************************BUSCAR********************************
Busca por LZAI240809. Nos percorridos:
APZS020207, LJPL111206, LZAI240809, MPGM270917, RAKX221022, RBJB070514, REPE060210

LZAI240809
LETICIA FERREIRA DOS SANTOS
F
17/10/1996
(20) 24271-6849
COROLLA
ZAI-4628
24/08/19
09:08
198.37
4
COTIA, LORENA, SAO PAULO, SOROCABA
***************************INDICE PRIMÁRIO****************************
007APZS0202070001LJPL1112060006LZAI2408090002MPGM2709170000RAKX2210220005RBJB0705140003REPE0602100004T************************
********************************BUSCAR********************************
Busca por SAO PAULO$1905071451.
Nos percorridos:
SOROCABA$1908240908
SAO PAULO$1905071451, SAO ROQUE$1902061056

RBJB070514
ROBERT NORMAL
M
22/10/1991
(13) 07732-6093
CELTA
BJB-5714
07/05/19
14:51
059.35
3
LORENA, OSASCO, SAO PAULO
********************************ALTERAR*******************************
OPERACAO REALIZADA COM SUCESSO!
***************************INDICE PRIMÁRIO****************************
004APZS0202070001EPCS0102140007LJPL1112060006LZAI2408090002##########################################T************************
005RAKX2210220005RBJB0705140003REPE0602100004RKFF1203210008RZEC1611190009############################T************************
001MPGM2709170000####################################################################################F000001******************
********************************BUSCAR********************************
Busca por SOROCABA$1911161942.
Nos percorridos:
SOROCABA$1908240908, TAUBATE$1909271705
SOROCABA$1911161942, TAUBATE$1902020733

RZEC161119
ROBERT PATTINSON
M
23/09/1998
(29) 49557-5766
COROLLA
ZEC-2936
16/11/19
19:42
211.68
3
COTIA, LORENA, OSASCO, RIO DE JANEIRO, SAO JOSE DOS CAMPOS, SAO ROQUE, SOROCABA
********************************LISTAR********************************
1 - MPGM270917
2 - APZS020207, EPCS010214, LJPL111206, LZAI240809
2 - RAKX221022, RBJB070514, REPE060210, RKFF120321, RZEC161119
********************************ARQUIVO*******************************
MATHEUS LIMA@F@18/05/1989@(48) 07385-4747@FUSCA@PGM-4022@COTIA|JUNDIAI|OSASCO|RIO DE JANEIRO|SAO JOSE DOS CAMPOS|SAO ROQUE|SOROCABA|TAUBATE@27/09/19@17:05@233.89@2@############################################################################################ALEXANDRE O GIGANTESCO@F@06/04/1990@(65) 76169-4546@TORO@PZS-3841@LORENA|SAO JOSE DOS CAMPOS|SAO PAULO|TAUBATE@02/02/19@07:33@178.64@1@#########################################################################################################################LETICIA FERREIRA DOS SANTOS@F@17/10/1996@(20) 24271-6849@COROLLA@ZAI-4628@COTIA|LORENA|SAO PAULO|SOROCABA@24/08/19@09:08@198.37@4@##############################################################################################################################ROBERT NORMAL@M@22/10/1991@(13) 07732-6093@CELTA@BJB-5714@LORENA|OSASCO|SAO PAULO@07/05/19@14:51@059.35@2@######################################################################################################################################################ROBERT NORMAL@F@21/05/1993@(50) 10798-0699@FIT@EPE-2827@SAO PAULO|SAO ROQUE@06/02/19@10:56@177.61@2@############################################################################################################################################################ROBERT NORMAL@F@27/11/1993@(46) 44364-7513@CIVIC@AKX-2371@LORENA|OSASCO|SAO JOSE DOS CAMPOS|SAO ROQUE|SOROCABA|TAUBATE@22/10/19@22:06@003.87@2@#################################################################################################################LETICIA FERNANDES@F@24/04/1991@(16) 52912-9838@FIT@JPL-9365@JUNDIAI|LORENA|RIO DE JANEIRO|SAO JOSE DOS CAMPOS|SAO PAULO|SAO ROQUE|SOROCABA|TAUBATE@11/12/19@06:15@062.88@1@#####################################################################################EDUARDO MOTTA@M@27/10/1989@(83) 25055-0163@FUSCA@PCS-8083@JUNDIAI|LORENA|OSASCO@01/02/19@14:44@087.24@1@########################################################################################################################################################ROBERT NORMAL@M@24/12/1998@(29) 58849-4183@FUSCA@KFF-5122@COTIA|JUNDIAI|LORENA|OSASCO|RIO DE JANEIRO|SAO ROQUE@12/03/19@21:11@199.38@4@#########################################################################################################################ROBERT PATTINSON@M@23/09/1998@(29) 49557-5766@COROLLA@ZEC-2936@COTIA|LORENA|OSASCO|RIO DE JANEIRO|SAO JOSE DOS CAMPOS|SAO ROQUE|SOROCABA@16/11/19@19:42@211.68@3@###############################################################################################
********************************ARQUIVO*******************************
MATHEUS LIMA@F@18/05/1989@(48) 07385-4747@FUSCA@PGM-4022@COTIA|JUNDIAI|OSASCO|RIO DE JANEIRO|SAO JOSE DOS CAMPOS|SAO ROQUE|SOROCABA|TAUBATE@27/09/19@17:05@233.89@2@############################################################################################ALEXANDRE O GIGANTESCO@F@06/04/1990@(65) 76169-4546@TORO@PZS-3841@LORENA|SAO JOSE DOS CAMPOS|SAO PAULO|TAUBATE@02/02/19@07:33@178.64@1@#########################################################################################################################LETICIA FERREIRA DOS SANTOS@F@17/10/1996@(20) 24271-6849@COROLLA@ZAI-4628@COTIA|LORENA|SAO PAULO|SOROCABA@24/08/19@09:08@198.37@4@##############################################################################################################################ROBERT NORMAL@M@22/10/1991@(13) 07732-6093@CELTA@BJB-5714@LORENA|OSASCO|SAO PAULO@07/05/19@14:51@059.35@2@######################################################################################################################################################ROBERT NORMAL@F@21/05/1993@(50) 10798-0699@FIT@EPE-2827@SAO PAULO|SAO ROQUE@06/02/19@10:56@177.61@2@############################################################################################################################################################ROBERT NORMAL@F@27/11/1993@(46) 44364-7513@CIVIC@AKX-2371@LORENA|OSASCO|SAO JOSE DOS CAMPOS|SAO ROQUE|SOROCABA|TAUBATE@22/10/19@22:06@003.87@2@#################################################################################################################LETICIA FERNANDES@F@24/04/1991@(16) 52912-9838@FIT@JPL-9365@JUNDIAI|LORENA|RIO DE JANEIRO|SAO JOSE DOS CAMPOS|SAO PAULO|SAO ROQUE|SOROCABA|TAUBATE@11/12/19@06:15@062.88@1@#####################################################################################EDUARDO MOTTA@M@27/10/1989@(83) 25055-0163@FUSCA@PCS-8083@JUNDIAI|LORENA|OSASCO@01/02/19@14:44@087.24@1@########################################################################################################################################################ROBERT NORMAL@M@24/12/1998@(29) 58849-4183@FUSCA@KFF-5122@COTIA|JUNDIAI|LORENA|OSASCO|RIO DE JANEIRO|SAO ROQUE@12/03/19@21:11@199.38@4@#########################################################################################################################ROBERT PATTINSON@M@23/09/1998@(29) 49557-5766@COROLLA@ZEC-2936@COTIA|LORENA|OSASCO|RIO DE JANEIRO|SAO JOSE DOS CAMPOS|SAO ROQUE|SOROCABA@16/11/19@19:42@211.68@3@###############################################################################################LETICIA OLIVEIRA FERREIRA@F@25/12/1999@(98) 23272-1199@CELTA@ENN-6671@COTIA|JUNDIAI|LORENA|OSASCO|SAO JOSE DOS CAMPOS|SAO ROQUE|SOROCABA|TAUBATE@23/04/19@17:31@044.68@2@#######################################################################################ROBERT NORMAL@M@13/11/1995@(91) 21214-8767@TORO@DKG-9899@COTIA|OSASCO@09/02/19@14:22@220.19@2@##################################################################################################################################################################
********************************ARQUIVO*******************************
MATHEUS LIMA@F@18/05/1989@(48) 07385-4747@FUSCA@PGM-4022@COTIA|JUNDIAI|OSASCO|RIO DE JANEIRO|SAO JOSE DOS CAMPOS|SAO ROQUE|SOROCABA|TAUBATE@27/09/19@17:05@233.89@2@############################################################################################ALEXANDRE O GIGANTESCO@F@06/04/1990@(65) 76169-4546@TORO@PZS-3841@LORENA|SAO JOSE DOS CAMPOS|SAO PAULO|TAUBATE@02/02/19@07:33@178.64@1@#########################################################################################################################LETICIA FERREIRA DOS SANTOS@F@17/10/1996@(20) 24271-6849@COROLLA@ZAI-4628@COTIA|LORENA|SAO PAULO|SOROCABA@24/08/19@09:08@198.37@4@##############################################################################################################################ROBERT NORMAL@M@22/10/1991@(13) 07732-6093@CELTA@BJB-5714@LORENA|OSASCO|SAO PAULO@07/05/19@14:51@059.35@2@######################################################################################################################################################ROBERT NORMAL@F@21/05/1993@(50) 10798-0699@FIT@EPE-2827@SAO PAULO|SAO ROQUE@06/02/19@10:56@177.61@2@############################################################################################################################################################ROBERT NORMAL@F@27/11/1993@(46) 44364-7513@CIVIC@AKX-2371@LORENA|OSASCO|SAO JOSE DOS CAMPOS|SAO ROQUE|SOROCABA|TAUBATE@22/10/19@22:06@003.87@2@#################################################################################################################LETICIA FERNANDES@F@24/04/1991@(16) 52912-9838@FIT@JPL-9365@JUNDIAI|LORENA|RIO DE JANEIRO|SAO JOSE DOS CAMPOS|SAO PAULO|SAO ROQUE|SOROCABA|TAUBATE@11/12/19@06:15@062.88@1@#####################################################################################EDUARDO MOTTA@M@27/10/1989@(83) 25055-0163@FUSCA@PCS-8083@JUNDIAI|LORENA|OSASCO@01/02/19@14:44@087.24@1@########################################################################################################################################################ROBERT NORMAL@M@24/12/1998@(29) 58849-4183@FUSCA@KFF-5122@COTIA|JUNDIAI|LORENA|OSASCO|RIO DE JANEIRO|SAO ROQUE@12/03/19@21:11@199.38@4@#########################################################################################################################ROBERT PATTINSON@M@23/09/1998@(29) 49557-5766@COROLLA@ZEC-2936@COTIA|LORENA|OSASCO|RIO DE JANEIRO|SAO JOSE DOS CAMPOS|SAO ROQUE|SOROCABA@16/11/19@19:42@211.68@3@###############################################################################################LETICIA OLIVEIRA FERREIRA@F@25/12/1999@(98) 23272-1199@CELTA@ENN-6671@COTIA|JUNDIAI|LORENA|OSASCO|SAO JOSE DOS CAMPOS|SAO ROQUE|SOROCABA|TAUBATE@23/04/19@17:31@044.68@2@#######################################################################################ROBERT NORMAL@M@13/11/1995@(91) 21214-8767@TORO@DKG-9899@COTIA|OSASCO@09/02/19@14:22@220.19@2@##################################################################################################################################################################PABLO ESCOBAR@F@16/05/1992@(44) 49563-5429@COROLLA@PAO-6550@COTIA|RIO DE JANEIRO|SOROCABA@23/03/19@09:11@023.47@4@##############################################################################################################################################
***************************INDICE SECUNDÁRIO**************************
003EPCS010214OSASCO$1902011444########################RDKG090214OSASCO$1902091422########################MWUE171200OSASCO$1912170004###########################################################################T***************
003RZEC161119SOROCABA$1911161942######################APZS020207TAUBATE$1902020733#######################LENN230417TAUBATE$1904231731##########################################################################T***************
003RBJB070514SAO PAULO$1905071451#####################LZAI240809SOROCABA$1908240908######################MPGM270917TAUBATE$1909271705##########################################################################F000004001003***
002RAKX221022TAUBATE$1910222206#######################LJPL111206TAUBATE$1912110615#############################################################################################################################T***************
003REPE060210SAO ROQUE$1902061056#####################RKFF120321SAO ROQUE$1903122111#####################PPAO230309SOROCABA$1903230911#########################################################################T***************
********************************ARQUIVO*******************************
MATHEUS LIMA@F@18/05/1989@(48) 07385-4747@FUSCA@PGM-4022@COTIA|JUNDIAI|OSASCO|RIO DE JANEIRO|SAO JOSE DOS CAMPOS|SAO ROQUE|SOROCABA|TAUBATE@27/09/19@17:05@233.89@2@############################################################################################ALEXANDRE O GIGANTESCO@F@06/04/1990@(65) 76169-4546@TORO@PZS-3841@LORENA|SAO JOSE DOS CAMPOS|SAO PAULO|TAUBATE@02/02/19@07:33@178.64@1@#########################################################################################################################LETICIA FERREIRA DOS SANTOS@F@17/10/1996@(20) 24271-6849@COROLLA@ZAI-4628@COTIA|LORENA|SAO PAULO|SOROCABA@24/08/19@09:08@198.37@4@##############################################################################################################################ROBERT NORMAL@M@22/10/1991@(13) 07732-6093@CELTA@BJB-5714@LORENA|OSASCO|SAO PAULO@07/05/19@14:51@059.35@2@######################################################################################################################################################ROBERT NORMAL@F@21/05/1993@(50) 10798-0699@FIT@EPE-2827@SAO PAULO|SAO ROQUE@06/02/19@10:56@177.61@2@############################################################################################################################################################ROBERT NORMAL@F@27/11/1993@(46) 44364-7513@CIVIC@AKX-2371@LORENA|OSASCO|SAO JOSE DOS CAMPOS|SAO ROQUE|SOROCABA|TAUBATE@22/10/19@22:06@003.87@2@#################################################################################################################LETICIA FERNANDES@F@24/04/1991@(16) 52912-9838@FIT@JPL-9365@JUNDIAI|LORENA|RIO DE JANEIRO|SAO JOSE DOS CAMPOS|SAO PAULO|SAO ROQUE|SOROCABA|TAUBATE@11/12/19@06:15@062.88@1@#####################################################################################EDUARDO MOTTA@M@27/10/1989@(83) 25055-0163@FUSCA@PCS-8083@JUNDIAI|LORENA|OSASCO@01/02/19@14:44@087.24@1@########################################################################################################################################################ROBERT NORMAL@M@24/12/1998@(29) 58849-4183@FUSCA@KFF-5122@COTIA|JUNDIAI|LORENA|OSASCO|RIO DE JANEIRO|SAO ROQUE@12/03/19@21:11@199.38@4@#########################################################################################################################ROBERT PATTINSON@M@23/09/1998@(29) 49557-5766@COROLLA@ZEC-2936@COTIA|LORENA|OSASCO|RIO DE JANEIRO|SAO JOSE DOS CAMPOS|SAO ROQUE|SOROCABA@16/11/19@19:42@211.68@3@###############################################################################################LETICIA OLIVEIRA FERREIRA@F@25/12/1999@(98) 23272-1199@CELTA@ENN-6671@COTIA|JUNDIAI|LORENA|OSASCO|SAO JOSE DOS CAMPOS|SAO ROQUE|SOROCABA|TAUBATE@23/04/19@17:31@044.68@2@#######################################################################################ROBERT NORMAL@M@13/11/1995@(91) 21214-8767@TORO@DKG-9899@COTIA|OSASCO@09/02/19@14:22@220.19@2@##################################################################################################################################################################PABLO ESCOBAR@F@16/05/1992@(44) 49563-5429@COROLLA@PAO-6550@COTIA|RIO DE JANEIRO|SOROCABA@23/03/19@09:11@023.47@4@##############################################################################################################################################MATHEUS ROCHA@F@27/08/1993@(84) 92773-0066@UNO@WUE-2738@JUNDIAI|OSASCO@17/12/19@00:04@065.25@3@#################################################################################################################################################################BRUNA MARQUEZINE@M@27/12/1996@(91) 68930-6666@FUSCA@QRM-7096@COTIA|LORENA|OSASCO|RIO DE JANEIRO|SAO JOSE DOS CAMPOS|SAO PAULO|SAO ROQUE|SOROCABA@07/09/19@12:17@196.91@2@#######################################################################################
********************************ALTERAR*******************************
OPERACAO REALIZADA COM SUCESSO!
***************************INDICE PRIMÁRIO****************************
004APZS0202070001BQRM0709120014EPCS0102140007JNZD0101200015##########################################T************************
004MWUE1712000013PPAO2303090012RAKX2210220005RBJB0705140003##########################################T************************
003LENN2304170010MPGM2709170000RDKG0902140011########################################################F000004001003************
003REPE0602100004RKFF1203210008RZEC1611190009########################################################T************************
003LJPL1112060006LTPH1309150016LZAI2408090002########################################################T************************
********************************LISTAR********************************
LORENA------------------------ 01/01/19 - 20:12-
OSASCO------------------------ 01/02/19 - 14:44-
OSASCO------------------------ 09/02/19 - 14:22-
OSASCO------------------------ 17/12/19 - 00:04-
SAO PAULO--------------------- 07/05/19 - 14:51-
SAO ROQUE--------------------- 06/02/19 - 10:56-
SAO ROQUE--------------------- 12/03/19 - 21:11-
SOROCABA---------------------- 23/03/19 - 09:11-
SOROCABA---------------------- 24/08/19 - 09:08-
SOROCABA---------------------- 07/09/19 - 12:17-
SOROCABA---------------------- 16/11/19 - 19:42-
TAUBATE----------------------- 02/02/19 - 07:33-
TAUBATE----------------------- 23/04/19 - 17:31-
TAUBATE----------------------- 13/09/19 - 15:35-
TAUBATE----------------------- 27/09/19 - 17:05-
TAUBATE----------------------- 22/10/19 - 22:06-
TAUBATE----------------------- 11/12/19 - 06:15-
********************************BUSCAR********************************
Busca por RIO DE JANEIRO$1910222206.
Nos percorridos:
SAO PAULO$1905071451, SOROCABA$1908240908, TAUBATE$1902020733, TAUBATE$1909271705
LORENA$1901012012, OSASCO$1902011444, OSASCO$1902091422, OSASCO$1912170004

Registro(s) nao encontrado!
***************************INDICE PRIMÁRIO****************************
004APZS0202070001BQRM0709120014EPCS0102140007JNZD0101200015##########################################T************************
004MWUE1712000013PPAO2303090012RAKX2210220005RBJB0705140003##########################################T************************
003LENN2304170010MPGM2709170000RDKG0902140011########################################################F000004001003************
003REPE0602100004RKFF1203210008RZEC1611190009########################################################T************************
003LJPL1112060006LTPH1309150016LZAI2408090002########################################################T************************
***************************INDICE PRIMÁRIO****************************
004APZS0202070001BQRM0709120014EPCS0102140007JNZD0101200015##########################################T************************
004MWUE1712000013PPAO2303090012RAKX2210220005RBJB0705140003##########################################T************************
003LENN2304170010MPGM2709170000RDKG0902140011########################################################F000004001003************
003REPE0602100004RKFF1203210008RZEC1611190009########################################################T************************
003LJPL1112060006LTPH1309150016LZAI2408090002########################################################T************************
***************************INDICE SECUNDÁRIO**************************
004JNZD010120LORENA$1901012012########################EPCS010214OSASCO$1902011444########################RDKG090214OSASCO$1902091422########################MWUE171200OSASCO$1912170004########################T***************
002BQRM070912SOROCABA$1909071217######################RZEC161119SOROCABA$1911161942############################################################################################################################T***************
004RBJB070514SAO PAULO$1905071451#####################LZAI240809SOROCABA$1908240908######################APZS020207TAUBATE$1902020733#######################MPGM270917TAUBATE$1909271705#######################F000004001005003
002RAKX221022TAUBATE$1910222206#######################LJPL111206TAUBATE$1912110615#############################################################################################################################T***************
003REPE060210SAO ROQUE$1902061056#####################RKFF120321SAO ROQUE$1903122111#####################PPAO230309SOROCABA$1903230911#########################################################################T***************
002LENN230417TAUBATE$1904231731#######################LTPH130915TAUBATE$1909131535#############################################################################################################################T***************
********************************BUSCAR********************************
Busca por LJPL111206. Nos percorridos:
LENN230417, MPGM270917, RDKG090214
LJPL111206, LTPH130915, LZAI240809

LJPL111206
LETICIA FERNANDES
F
24/04/1991
(16) 52912-9838
FIT
JPL-9365
11/12/19
06:15
062.88
1
JUNDIAI, LORENA, RIO DE JANEIRO, SAO JOSE DOS CAMPOS, SAO PAULO, SAO ROQUE, SOROCABA, TAUBATE
********************************BUSCAR********************************
Busca por SAO ROQUE$1910222206.
Nos percorridos:
SAO PAULO$1905071451, SOROCABA$1908240908, TAUBATE$1902020733, TAUBATE$1909271705
SAO ROQUE$1902061056, SAO ROQUE$1903122111, SOROCABA$1903230911

Registro(s) nao encontrado!
***************************INDICE PRIMÁRIO****************************
005APZS0202070001BQRM0709120014EPCS0102140007JMQN2305080017JNZD0101200015############################T************************
004MWUE1712000013PPAO2303090012RAKX2210220005RBJB0705140003##########################################T************************
003LENN2304170010MPGM2709170000RDKG0902140011########################################################F000004001003************
004REPE0602100004RHNR0206090018RKFF1203210008RZEC1611190009##########################################T************************
003LJPL1112060006LTPH1309150016LZAI2408090002########################################################T************************
********************************BUSCAR********************************
Busca por RHNR020609. Nos percorridos:
LENN230417, MPGM270917, RDKG090214
REPE060210, RHNR020609, RKFF120321, RZEC161119

RHNR020609
ROBERT DOWNEY JUNIOR F :(
M
10/04/1994
(65) 06862-4654
CELTA
HNR-7493
02/06/19
09:19
110.85
4
JUNDIAI, SAO PAULO
********************************ALTERAR*******************************
Registro(s) nao encontrado!
FALHA AO REALIZAR OPERACAO!
********************************ARQUIVO*******************************
MATHEUS LIMA@F@18/05/1989@(48) 07385-4747@FUSCA@PGM-4022@COTIA|JUNDIAI|OSASCO|RIO DE JANEIRO|SAO JOSE DOS CAMPOS|SAO ROQUE|SOROCABA|TAUBATE@27/09/19@17:05@233.89@2@############################################################################################ALEXANDRE O GIGANTESCO@F@06/04/1990@(65) 76169-4546@TORO@PZS-3841@LORENA|SAO JOSE DOS CAMPOS|SAO PAULO|TAUBATE@02/02/19@07:33@178.64@1@#########################################################################################################################LETICIA FERREIRA DOS SANTOS@F@17/10/1996@(20) 24271-6849@COROLLA@ZAI-4628@COTIA|LORENA|SAO PAULO|SOROCABA@24/08/19@09:08@198.37@4@##############################################################################################################################ROBERT NORMAL@M@22/10/1991@(13) 07732-6093@CELTA@BJB-5714@LORENA|OSASCO|SAO PAULO@07/05/19@14:51@059.35@2@######################################################################################################################################################ROBERT NORMAL@F@21/05/1993@(50) 10798-0699@FIT@EPE-2827@SAO PAULO|SAO ROQUE@06/02/19@10:56@177.61@2@############################################################################################################################################################ROBERT NORMAL@F@27/11/1993@(46) 44364-7513@CIVIC@AKX-2371@LORENA|OSASCO|SAO JOSE DOS CAMPOS|SAO ROQUE|SOROCABA|TAUBATE@22/10/19@22:06@003.87@2@#################################################################################################################LETICIA FERNANDES@F@24/04/1991@(16) 52912-9838@FIT@JPL-9365@JUNDIAI|LORENA|RIO DE JANEIRO|SAO JOSE DOS CAMPOS|SAO PAULO|SAO ROQUE|SOROCABA|TAUBATE@11/12/19@06:15@062.88@1@#####################################################################################EDUARDO MOTTA@M@27/10/1989@(83) 25055-0163@FUSCA@PCS-8083@JUNDIAI|LORENA|OSASCO@01/02/19@14:44@087.24@1@########################################################################################################################################################ROBERT NORMAL@M@24/12/1998@(29) 58849-4183@FUSCA@KFF-5122@COTIA|JUNDIAI|LORENA|OSASCO|RIO DE JANEIRO|SAO ROQUE@12/03/19@21:11@199.38@4@#########################################################################################################################ROBERT PATTINSON@M@23/09/1998@(29) 49557-5766@COROLLA@ZEC-2936@COTIA|LORENA|OSASCO|RIO DE JANEIRO|SAO JOSE DOS CAMPOS|SAO ROQUE|SOROCABA@16/11/19@19:42@211.68@3@###############################################################################################LETICIA OLIVEIRA FERREIRA@F@25/12/1999@(98) 23272-1199@CELTA@ENN-6671@COTIA|JUNDIAI|LORENA|OSASCO|SAO JOSE DOS CAMPOS|SAO ROQUE|SOROCABA|TAUBATE@23/04/19@17:31@044.68@2@#######################################################################################ROBERT NORMAL@M@13/11/1995@(91) 21214-8767@TORO@DKG-9899@COTIA|OSASCO@09/02/19@14:22@220.19@2@##################################################################################################################################################################PABLO ESCOBAR@F@16/05/1992@(44) 49563-5429@COROLLA@PAO-6550@COTIA|RIO DE JANEIRO|SOROCABA@23/03/19@09:11@023.47@4@##############################################################################################################################################MATHEUS ROCHA@F@27/08/1993@(84) 92773-0066@UNO@WUE-2738@JUNDIAI|OSASCO@17/12/19@00:04@065.25@4@#################################################################################################################################################################BRUNA MARQUEZINE@M@27/12/1996@(91) 68930-6666@FUSCA@QRM-7096@COTIA|LORENA|OSASCO|RIO DE JANEIRO|SAO JOSE DOS CAMPOS|SAO PAULO|SAO ROQUE|SOROCABA@07/09/19@12:17@196.91@2@#######################################################################################JULIANA MENDES@M@20/08/1990@(96) 75084-6307@FOX@NZD-9782@JUNDIAI|LORENA@01/01/19@20:12@133.01@2@################################################################################################################################################################LETICIA FERNANDES@M@12/08/1992@(04) 70338-6134@UNO@TPH-4007@COTIA|JUNDIAI|LORENA|OSASCO|SAO JOSE DOS CAMPOS|SAO PAULO|SAO ROQUE|SOROCABA|TAUBATE@13/09/19@15:35@101.53@4@#######################################################################################JULIANA PAES@F@17/07/1999@(79) 42539-0784@HB20@MQN-3176@COTIA|JUNDIAI|LORENA|OSASCO|RIO DE JANEIRO|SAO JOSE DOS CAMPOS|SAO PAULO|SAO ROQUE|SOROCABA|TAUBATE@23/05/19@08:16@014.31@1@############################################################################ROBERT DOWNEY JUNIOR F :(@M@10/04/1994@(65) 06862-4654@CELTA@HNR-7493@JUNDIAI|SAO PAULO@02/06/19@09:19@110.85@4@################################################################################################################################################
********************************BUSCAR********************************
Busca por BQRM070912. Nos percorridos:
LENN230417, MPGM270917, RDKG090214
APZS020207, BQRM070912, EFNN181109, EPCS010214, JMQN230508, JNZD010120

BQRM070912
BRUNA MARQUEZINE
M
27/12/1996
(91) 68930-6666
FUSCA
QRM-7096
07/09/19
12:17
196.91
2
COTIA, LORENA, OSASCO, RIO DE JANEIRO, SAO JOSE DOS CAMPOS, SAO PAULO, SAO ROQUE, SOROCABA
***************************INDICE SECUNDÁRIO**************************
004JNZD010120LORENA$1901012012########################EPCS010214OSASCO$1902011444########################RDKG090214OSASCO$1902091422########################MWUE171200OSASCO$1912170004########################T***************
002BQRM070912SOROCABA$1909071217######################RZEC161119SOROCABA$1911161942############################################################################################################################T***************
004RBJB070514SAO PAULO$1905071451#####################LZAI240809SOROCABA$1908240908######################APZS020207TAUBATE$1902020733#######################MPGM270917TAUBATE$1909271705#######################F000004001005003
004PUPS041022TAUBATE$1910042250#######################RAKX221022TAUBATE$1910222206#######################EFNN181109TAUBATE$1911180927#######################LJPL111206TAUBATE$1912110615#######################T***************
004RHNR020609SAO PAULO$1906020919#####################REPE060210SAO ROQUE$1902061056#####################RKFF120321SAO ROQUE$1903122111#####################PPAO230309SOROCABA$1903230911######################T***************
003LENN230417TAUBATE$1904231731#######################JMQN230508TAUBATE$1905230816#######################LTPH130915TAUBATE$1909131535##########################################################################T***************
***************************INDICE PRIMÁRIO****************************
006APZS0202070001BQRM0709120014EFNN1811090019EPCS0102140007JMQN2305080017JNZD0101200015##############T************************
005MWUE1712000013PPAO2303090012PUPS0410220020RAKX2210220005RBJB0705140003############################T************************
003LENN2304170010MPGM2709170000RDKG0902140011########################################################F000004001003************
004REPE0602100004RHNR0206090018RKFF1203210008RZEC1611190009##########################################T************************
003LJPL1112060006LTPH1309150016LZAI2408090002########################################################T************************
********************************LISTAR********************************
1 - LENN230417, MPGM270917, RDKG090214
2 - APZS020207, BQRM070912, EFNN181109, EPCS010214, JMQN230508, JNZD010120
2 - LJPL111206, LTPH130915, LZAI240809
2 - MWUE171200, PPAO230309, PUPS041022, RAKX221022, RBJB070514
2 - REPE060210, RHNR020609, RKFF120321, RZEC161119
********************************BUSCAR********************************
Busca por LORENA$1910222206.
Nos percorridos:
SAO PAULO$1905071451, SOROCABA$1908240908, TAUBATE$1902020733, TAUBATE$1909271705
LORENA$1901012012, OSASCO$1902011444, OSASCO$1902091422, OSASCO$1912170004

Registro(s) nao encontrado!
***************************INDICE PRIMÁRIO****************************
006APZS0202070001BQRM0709120014EFNN1811090019EPCS0102140007JMQN2305080017JNZD0101200015##############T************************
007MWUE1712000013PPAO2303090012PUCX1710190023PUPS0410220020PXQZ1710010022RAKX2210220005RBJB0705140003T************************
003LENN2304170010MPGM2709170000RDKG0902140011########################################################F000004001003************
004REPE0602100004RHNR0206090018RKFF1203210008RZEC1611190009##########################################T************************
004LJPL1112060006LTPH1309150016LZAI2408090002MESA2709170021##########################################T************************
********************************BUSCAR********************************
Busca por LENN230417. Nos percorridos:
LENN230417, MPGM270917, RDKG090214

LENN230417
LETICIA OLIVEIRA FERREIRA
F
25/12/1999
(98) 23272-1199
CELTA
ENN-6671
23/04/19
17:31
044.68
2
COTIA, JUNDIAI, LORENA, OSASCO, SAO JOSE DOS CAMPOS, SAO ROQUE, SOROCABA, TAUBATE
********************************BUSCAR********************************
Busca por VOLTA REDONDA$1902061056.
Nos percorridos:
SOROCABA$1908240908
TAUBATE$1902020733, TAUBATE$1909271705
TAUBATE$1910042250, TAUBATE$1910222206, TAUBATE$1911180927, TAUBATE$1912110615

Registro(s) nao encontrado!
********************************BUSCAR********************************
Busca por NNNN171214. Nos percorridos:
LENN230417, MPGM270917, RDKG090214
MWUE171200, PPAO230309, PUCX171019, PUPS041022, PXQZ171001, RAKX221022, RBJB070514

Registro(s) nao encontrado!
***************************INDICE PRIMÁRIO****************************
006APZS0202070001BQRM0709120014EFNN1811090019EPCS0102140007JMQN2305080017JNZD0101200015##############T************************
007MWUE1712000013PPAO2303090012PUCX1710190023PUPS0410220020PXQZ1710010022RAKX2210220005RBJB0705140003T************************
003LENN2304170010MPGM2709170000RDKG0902140011########################################################F000004001003************
004REPE0602100004RHNR0206090018RKFF1203210008RZEC1611190009##########################################T************************
004LJPL1112060006LTPH1309150016LZAI2408090002MESA2709170021##########################################T************************
********************************ALTERAR*******************************
Registro(s) nao encontrado!
FALHA AO REALIZAR OPERACAO!
********************************LISTAR********************************
1 - EGPB150916, LENN230417, MPGM270917, RDKG090214
2 - APZS020207, BQRM070912, BTQJ220120, EFNN181109
2 - EPCS010214, JMQN230508, JNZD010120
2 - LJPL111206, LTPH130915, LZAI240809, MESA270917
2 - MWUE171200, PPAO230309, PUCX171019, PUPS041022, PXQZ171001, RAKX221022, RBJB070514
2 - REPE060210, RHNR020609, RKFF120321, RZEC161119
********************************ARQUIVO*******************************
MATHEUS LIMA@F@18/05/1989@(48) 07385-4747@FUSCA@PGM-4022@COTIA|JUNDIAI|OSASCO|RIO DE JANEIRO|SAO JOSE DOS CAMPOS|SAO ROQUE|SOROCABA|TAUBATE@27/09/19@17:05@233.89@2@############################################################################################ALEXANDRE O GIGANTESCO@F@06/04/1990@(65) 76169-4546@TORO@PZS-3841@LORENA|SAO JOSE DOS CAMPOS|SAO PAULO|TAUBATE@02/02/19@07:33@178.64@1@#########################################################################################################################LETICIA FERREIRA DOS SANTOS@F@17/10/1996@(20) 24271-6849@COROLLA@ZAI-4628@COTIA|LORENA|SAO PAULO|SOROCABA@24/08/19@09:08@198.37@4@##############################################################################################################################ROBERT NORMAL@M@22/10/1991@(13) 07732-6093@CELTA@BJB-5714@LORENA|OSASCO|SAO PAULO@07/05/19@14:51@059.35@2@######################################################################################################################################################ROBERT NORMAL@F@21/05/1993@(50) 10798-0699@FIT@EPE-2827@SAO PAULO|SAO ROQUE@06/02/19@10:56@177.61@2@############################################################################################################################################################ROBERT NORMAL@F@27/11/1993@(46) 44364-7513@CIVIC@AKX-2371@LORENA|OSASCO|SAO JOSE DOS CAMPOS|SAO ROQUE|SOROCABA|TAUBATE@22/10/19@22:06@003.87@2@#################################################################################################################LETICIA FERNANDES@F@24/04/1991@(16) 52912-9838@FIT@JPL-9365@JUNDIAI|LORENA|RIO DE JANEIRO|SAO JOSE DOS CAMPOS|SAO PAULO|SAO ROQUE|SOROCABA|TAUBATE@11/12/19@06:15@062.88@1@#####################################################################################EDUARDO MOTTA@M@27/10/1989@(83) 25055-0163@FUSCA@PCS-8083@JUNDIAI|LORENA|OSASCO@01/02/19@14:44@087.24@1@########################################################################################################################################################ROBERT NORMAL@M@24/12/1998@(29) 58849-4183@FUSCA@KFF-5122@COTIA|JUNDIAI|LORENA|OSASCO|RIO DE JANEIRO|SAO ROQUE@12/03/19@21:11@199.38@4@#########################################################################################################################ROBERT PATTINSON@M@23/09/1998@(29) 49557-5766@COROLLA@ZEC-2936@COTIA|LORENA|OSASCO|RIO DE JANEIRO|SAO JOSE DOS CAMPOS|SAO ROQUE|SOROCABA@16/11/19@19:42@211.68@3@###############################################################################################LETICIA OLIVEIRA FERREIRA@F@25/12/1999@(98) 23272-1199@CELTA@ENN-6671@COTIA|JUNDIAI|LORENA|OSASCO|SAO JOSE DOS CAMPOS|SAO ROQUE|SOROCABA|TAUBATE@23/04/19@17:31@044.68@2@#######################################################################################ROBERT NORMAL@M@13/11/1995@(91) 21214-8767@TORO@DKG-9899@COTIA|OSASCO@09/02/19@14:22@220.19@2@##################################################################################################################################################################PABLO ESCOBAR@F@16/05/1992@(44) 49563-5429@COROLLA@PAO-6550@COTIA|RIO DE JANEIRO|SOROCABA@23/03/19@09:11@023.47@4@##############################################################################################################################################MATHEUS ROCHA@F@27/08/1993@(84) 92773-0066@UNO@WUE-2738@JUNDIAI|OSASCO@17/12/19@00:04@065.25@4@#################################################################################################################################################################BRUNA MARQUEZINE@M@27/12/1996@(91) 68930-6666@FUSCA@QRM-7096@COTIA|LORENA|OSASCO|RIO DE JANEIRO|SAO JOSE DOS CAMPOS|SAO PAULO|SAO ROQUE|SOROCABA@07/09/19@12:17@196.91@2@#######################################################################################JULIANA MENDES@M@20/08/1990@(96) 75084-6307@FOX@NZD-9782@JUNDIAI|LORENA@01/01/19@20:12@133.01@2@################################################################################################################################################################LETICIA FERNANDES@M@12/08/1992@(04) 70338-6134@UNO@TPH-4007@COTIA|JUNDIAI|LORENA|OSASCO|SAO JOSE DOS CAMPOS|SAO PAULO|SAO ROQUE|SOROCABA|TAUBATE@13/09/19@15:35@101.53@4@#######################################################################################JULIANA PAES@F@17/07/1999@(79) 42539-0784@HB20@MQN-3176@COTIA|JUNDIAI|LORENA|OSASCO|RIO DE JANEIRO|SAO JOSE DOS CAMPOS|SAO PAULO|SAO ROQUE|SOROCABA|TAUBATE@23/05/19@08:16@014.31@1@############################################################################ROBERT DOWNEY JUNIOR F :(@M@10/04/1994@(65) 06862-4654@CELTA@HNR-7493@JUNDIAI|SAO PAULO@02/06/19@09:19@110.85@4@################################################################################################################################################EVELYN DOS SANTOS@M@17/06/1989@(53) 04496-2534@TORO@FNN-8319@COTIA|JUNDIAI|OSASCO|RIO DE JANEIRO|SAO JOSE DOS CAMPOS|SAO PAULO|SOROCABA|TAUBATE@18/11/19@09:27@080.41@1@########################################################################################PABLO ESCOBAR@F@27/02/1994@(18) 84707-7218@COROLLA@UPS-6268@COTIA|JUNDIAI|LORENA|OSASCO|RIO DE JANEIRO|SAO JOSE DOS CAMPOS|SAO PAULO|SAO ROQUE|TAUBATE@04/10/19@22:50@166.48@1@#################################################################################MATHEUS AUGUSTO@F@10/07/1991@(38) 28224-6628@ONIX@ESA-2294@COTIA|JUNDIAI@27/09/19@17:53@169.73@2@###############################################################################################################################################################PABLO VITTAR@F@20/02/1991@(42) 12591-7500@CORSA@XQZ-6044@JUNDIAI|LORENA|OSASCO|RIO DE JANEIRO|SAO PAULO|SOROCABA@17/10/19@01:29@208.42@3@#######################################################################################################################PABLO PICASSO@F@08/01/1990@(83) 93200-9633@COROLLA@UCX-4653@OSASCO|SAO JOSE DOS CAMPOS|SAO PAULO|SAO ROQUE@17/10/19@19:41@233.58@1@#############################################################################################################################BRUNA MARQUEZINE@M@25/03/1992@(89) 87354-5816@CORSA@TQJ-5148@COTIA|JUNDIAI|LORENA|OSASCO|RIO DE JANEIRO|SAO JOSE DOS CAMPOS|SAO PAULO|SAO ROQUE|SOROCABA|TAUBATE@22/01/19@20:48@215.71@3@#######################################################################EDUARDO MOTTA@M@26/11/1992@(03) 63499-0113@GOL@GPB-6378@RIO DE JANEIRO|SAO PAULO|SAO ROQUE|SOROCABA|TAUBATE@15/09/19@16:48@035.87@1@############################################################################################################################
********************************BUSCAR********************************
Busca por RIO DE JANEIRO$1901222048.
Nos percorridos:
SOROCABA$1908240908
OSASCO$1902011444, SAO PAULO$1905071451, SAO ROQUE$1903122111
OSASCO$1902091422, OSASCO$1912170004

Registro(s) nao encontrado!
********************************LISTAR********************************
JUNDIAI----------------------- 27/09/19 - 17:53-
LORENA------------------------ 01/01/19 - 20:12-
OSASCO------------------------ 01/02/19 - 14:44-
OSASCO------------------------ 09/02/19 - 14:22-
OSASCO------------------------ 17/12/19 - 00:04-
SAO PAULO--------------------- 07/05/19 - 14:51-
SAO PAULO--------------------- 02/06/19 - 09:19-
SAO ROQUE--------------------- 06/02/19 - 10:56-
SAO ROQUE--------------------- 12/03/19 - 21:11-
SAO ROQUE--------------------- 17/10/19 - 19:41-
SOROCABA---------------------- 01/02/19 - 19:12-
SOROCABA---------------------- 23/03/19 - 09:11-
SOROCABA---------------------- 24/08/19 - 09:08-
SOROCABA---------------------- 07/09/19 - 12:17-
SOROCABA---------------------- 17/10/19 - 01:29-
SOROCABA---------------------- 16/11/19 - 19:42-
TAUBATE----------------------- 22/01/19 - 20:48-
TAUBATE----------------------- 02/02/19 - 07:33-
TAUBATE----------------------- 23/04/19 - 17:31-
TAUBATE----------------------- 23/05/19 - 08:16-
TAUBATE----------------------- 13/09/19 - 15:35-
TAUBATE----------------------- 15/09/19 - 16:48-
TAUBATE----------------------- 27/09/19 - 17:05-
TAUBATE----------------------- 04/10/19 - 22:50-
TAUBATE----------------------- 22/10/19 - 22:06-
TAUBATE----------------------- 18/11/19 - 09:27-
TAUBATE----------------------- 11/12/19 - 06:15-
***************************INDICE SECUNDÁRIO**************************
002MESA270917JUNDIAI$1909271753#######################JNZD010120LORENA$1901012012##############################################################################################################################T***************
004BQRM070912SOROCABA$1909071217######################PXQZ171001SOROCABA$1910170129######################RZEC161119SOROCABA$1911161942######################BTQJ220120TAUBATE$1901222048#######################T***************
003EPCS010214OSASCO$1902011444########################RBJB070514SAO PAULO$1905071451#####################RKFF120321SAO ROQUE$1903122111########################################################################F000006004009***
004PUPS041022TAUBATE$1910042250#######################RAKX221022TAUBATE$1910222206#######################EFNN181109TAUBATE$1911180927#######################LJPL111206TAUBATE$1912110615#######################T***************
003RHNR020609SAO PAULO$1906020919#####################GVAI061004SAO PAULO$1910060421#####################REPE060210SAO ROQUE$1902061056########################################################################T***************
003RCQX120200TAUBATE$1902120047#######################LENN230417TAUBATE$1904231731#######################JMQN230508TAUBATE$1905230816##########################################################################T***************
002RDKG090214OSASCO$1902091422########################MWUE171200OSASCO$1912170004##############################################################################################################################T***************
003APZS020207TAUBATE$1902020733#######################PHLP040814TAUBATE$1908041435#######################MPGM270917TAUBATE$1909271705##########################################################################F001005010003***
001LZAI240809SOROCABA$1908240908###############################################################################################################################################################################F002007*********
003PUCX171019SAO ROQUE$1910171941#####################LGEL010219SOROCABA$1902011912######################PPAO230309SOROCABA$1903230911#########################################################################T***************
002LTPH130915TAUBATE$1909131535#######################EGPB150916TAUBATE$1909151648#############################################################################################################################T***************
********************************LISTAR********************************
1 - EGPB150916, LENN230417, MPGM270917, PUPS041022, RDKG090214
2 - APZS020207, BQRM070912, BTQJ220120, EFNN181109
2 - EPCS010214, GVAI061004, JMQN230508, JNZD010120
2 - LGEL010219, LJPL111206, LTPH130915, LZAI240809, MESA270917
2 - MWUE171200, PHLP040814, PPAO230309, PUCX171019
2 - PXQZ171001, RAKX221022, RBJB070514, RCQX120200
2 - REPE060210, RHNR020609, RKFF120321, RZEC161119
********************************ARQUIVO*******************************
MATHEUS LIMA@F@18/05/1989@(48) 07385-4747@FUSCA@PGM-4022@COTIA|JUNDIAI|OSASCO|RIO DE JANEIRO|SAO JOSE DOS CAMPOS|SAO ROQUE|SOROCABA|TAUBATE@27/09/19@17:05@233.89@2@############################################################################################ALEXANDRE O GIGANTESCO@F@06/04/1990@(65) 76169-4546@TORO@PZS-3841@LORENA|SAO JOSE DOS CAMPOS|SAO PAULO|TAUBATE@02/02/19@07:33@178.64@1@#########################################################################################################################LETICIA FERREIRA DOS SANTOS@F@17/10/1996@(20) 24271-6849@COROLLA@ZAI-4628@COTIA|LORENA|SAO PAULO|SOROCABA@24/08/19@09:08@198.37@4@##############################################################################################################################ROBERT NORMAL@M@22/10/1991@(13) 07732-6093@CELTA@BJB-5714@LORENA|OSASCO|SAO PAULO@07/05/19@14:51@059.35@2@######################################################################################################################################################ROBERT NORMAL@F@21/05/1993@(50) 10798-0699@FIT@EPE-2827@SAO PAULO|SAO ROQUE@06/02/19@10:56@177.61@2@############################################################################################################################################################ROBERT NORMAL@F@27/11/1993@(46) 44364-7513@CIVIC@AKX-2371@LORENA|OSASCO|SAO JOSE DOS CAMPOS|SAO ROQUE|SOROCABA|TAUBATE@22/10/19@22:06@003.87@2@#################################################################################################################LETICIA FERNANDES@F@24/04/1991@(16) 52912-9838@FIT@JPL-9365@JUNDIAI|LORENA|RIO DE JANEIRO|SAO JOSE DOS CAMPOS|SAO PAULO|SAO ROQUE|SOROCABA|TAUBATE@11/12/19@06:15@062.88@1@#####################################################################################EDUARDO MOTTA@M@27/10/1989@(83) 25055-0163@FUSCA@PCS-8083@JUNDIAI|LORENA|OSASCO@01/02/19@14:44@087.24@1@########################################################################################################################################################ROBERT NORMAL@M@24/12/1998@(29) 58849-4183@FUSCA@KFF-5122@COTIA|JUNDIAI|LORENA|OSASCO|RIO DE JANEIRO|SAO ROQUE@12/03/19@21:11@199.38@4@#########################################################################################################################ROBERT PATTINSON@M@23/09/1998@(29) 49557-5766@COROLLA@ZEC-2936@COTIA|LORENA|OSASCO|RIO DE JANEIRO|SAO JOSE DOS CAMPOS|SAO ROQUE|SOROCABA@16/11/19@19:42@211.68@3@###############################################################################################LETICIA OLIVEIRA FERREIRA@F@25/12/1999@(98) 23272-1199@CELTA@ENN-6671@COTIA|JUNDIAI|LORENA|OSASCO|SAO JOSE DOS CAMPOS|SAO ROQUE|SOROCABA|TAUBATE@23/04/19@17:31@044.68@2@#######################################################################################ROBERT NORMAL@M@13/11/1995@(91) 21214-8767@TORO@DKG-9899@COTIA|OSASCO@09/02/19@14:22@220.19@2@##################################################################################################################################################################PABLO ESCOBAR@F@16/05/1992@(44) 49563-5429@COROLLA@PAO-6550@COTIA|RIO DE JANEIRO|SOROCABA@23/03/19@09:11@023.47@4@##############################################################################################################################################MATHEUS ROCHA@F@27/08/1993@(84) 92773-0066@UNO@WUE-2738@JUNDIAI|OSASCO@17/12/19@00:04@065.25@4@#################################################################################################################################################################BRUNA MARQUEZINE@M@27/12/1996@(91) 68930-6666@FUSCA@QRM-7096@COTIA|LORENA|OSASCO|RIO DE JANEIRO|SAO JOSE DOS CAMPOS|SAO PAULO|SAO ROQUE|SOROCABA@07/09/19@12:17@196.91@2@#######################################################################################JULIANA MENDES@M@20/08/1990@(96) 75084-6307@FOX@NZD-9782@JUNDIAI|LORENA@01/01/19@20:12@133.01@2@################################################################################################################################################################LETICIA FERNANDES@M@12/08/1992@(04) 70338-6134@UNO@TPH-4007@COTIA|JUNDIAI|LORENA|OSASCO|SAO JOSE DOS CAMPOS|SAO PAULO|SAO ROQUE|SOROCABA|TAUBATE@13/09/19@15:35@101.53@4@#######################################################################################JULIANA PAES@F@17/07/1999@(79) 42539-0784@HB20@MQN-3176@COTIA|JUNDIAI|LORENA|OSASCO|RIO DE JANEIRO|SAO JOSE DOS CAMPOS|SAO PAULO|SAO ROQUE|SOROCABA|TAUBATE@23/05/19@08:16@014.31@1@############################################################################ROBERT DOWNEY JUNIOR F :(@M@10/04/1994@(65) 06862-4654@CELTA@HNR-7493@JUNDIAI|SAO PAULO@02/06/19@09:19@110.85@4@################################################################################################################################################EVELYN DOS SANTOS@M@17/06/1989@(53) 04496-2534@TORO@FNN-8319@COTIA|JUNDIAI|OSASCO|RIO DE JANEIRO|SAO JOSE DOS CAMPOS|SAO PAULO|SOROCABA|TAUBATE@18/11/19@09:27@080.41@1@########################################################################################PABLO ESCOBAR@F@27/02/1994@(18) 84707-7218@COROLLA@UPS-6268@COTIA|JUNDIAI|LORENA|OSASCO|RIO DE JANEIRO|SAO JOSE DOS CAMPOS|SAO PAULO|SAO ROQUE|TAUBATE@04/10/19@22:50@166.48@1@#################################################################################MATHEUS AUGUSTO@F@10/07/1991@(38) 28224-6628@ONIX@ESA-2294@COTIA|JUNDIAI@27/09/19@17:53@169.73@2@###############################################################################################################################################################PABLO VITTAR@F@20/02/1991@(42) 12591-7500@CORSA@XQZ-6044@JUNDIAI|LORENA|OSASCO|RIO DE JANEIRO|SAO PAULO|SOROCABA@17/10/19@01:29@208.42@3@#######################################################################################################################PABLO PICASSO@F@08/01/1990@(83) 93200-9633@COROLLA@UCX-4653@OSASCO|SAO JOSE DOS CAMPOS|SAO PAULO|SAO ROQUE@17/10/19@19:41@233.58@1@#############################################################################################################################BRUNA MARQUEZINE@M@25/03/1992@(89) 87354-5816@CORSA@TQJ-5148@COTIA|JUNDIAI|LORENA|OSASCO|RIO DE JANEIRO|SAO JOSE DOS CAMPOS|SAO PAULO|SAO ROQUE|SOROCABA|TAUBATE@22/01/19@20:48@215.71@3@#######################################################################EDUARDO MOTTA@M@26/11/1992@(03) 63499-0113@GOL@GPB-6378@RIO DE JANEIRO|SAO PAULO|SAO ROQUE|SOROCABA|TAUBATE@15/09/19@16:48@035.87@1@############################################################################################################################LETICIA OLIVEIRA FERREIRA@M@11/04/1994@(09) 40148-3912@FIT@GEL-2824@LORENA|OSASCO|RIO DE JANEIRO|SAO PAULO|SOROCABA@01/02/19@19:12@079.07@3@####################################################################################################################PABLO ESCOBAR@F@07/10/1994@(24) 75480-0297@CORSA@HLP-3821@LORENA|OSASCO|SAO PAULO|SOROCABA|TAUBATE@04/08/19@14:35@018.71@2@#####################################################################################################################################RENATA ARAGAO@M@12/11/1998@(88) 72789-6048@HB20@CQX-8924@COTIA|JUNDIAI|LORENA|RIO DE JANEIRO|SAO JOSE DOS CAMPOS|SAO PAULO|SAO ROQUE|SOROCABA|TAUBATE@12/02/19@00:47@064.40@3@##################################################################################GABRIEL THE ANGEL@M@27/03/1990@(41) 99691-2941@FUSCA@VAI-8241@COTIA|JUNDIAI|OSASCO|RIO DE JANEIRO|SAO PAULO@06/10/19@04:21@177.05@1@############################################################################################################################JULIANA PAES@M@03/10/1989@(74) 79808-7633@ONIX@BDS-2672@COTIA|JUNDIAI|LORENA|OSASCO|SAO JOSE DOS CAMPOS|SAO PAULO|SAO ROQUE@08/02/19@18:03@066.64@4@############################################################################################################GABRIEL EL ANGEL@F@21/01/1991@(09) 98252-9573@CELTA@EKN-5107@COTIA|JUNDIAI|LORENA|OSASCO|RIO DE JANEIRO|SAO JOSE DOS CAMPOS|SAO PAULO|SAO ROQUE|SOROCABA|TAUBATE@24/01/19@16:55@050.65@1@#######################################################################
********************************ALTERAR*******************************
OPERACAO REALIZADA COM SUCESSO!
********************************BUSCAR********************************
Busca por LENN230417. Nos percorridos:
EGPB150916, LENN230417, MPGM270917, PUPS041022, RDKG090214

LENN230417
LETICIA OLIVEIRA FERREIRA
F
25/12/1999
(98) 23272-1199
CELTA
ENN-6671
23/04/19
17:31
044.68
2
COTIA, JUNDIAI, LORENA, OSASCO, SAO JOSE DOS CAMPOS, SAO ROQUE, SOROCABA, TAUBATE
********************************ALTERAR*******************************
Registro(s) nao encontrado!
FALHA AO REALIZAR OPERACAO!
********************************LISTAR********************************
1 - EGPB150916, GVAI061004, LENN230417, MPGM270917, PUPS041022, RDKG090214
2 - APZS020207, BQRM070912, BTQJ220120, EFNN181109
2 - EPCS010214, FOXM140201, GEKN240116, GURB190107
2 - JBDS080218, JMQN230508, JNZD010120
2 - LGEL010219, LJPL111206, LTPH130915, LZAI240809, MESA270917
2 - MWUE171200, PHLP040814, PPAO230309, PUCX171019
2 - PXQZ171001, RAKX221022, RBJB070514, RCQX120200
2 - REPE060210, RHNR020609, RKFF120321, RZEC161119
***************************INDICE PRIMÁRIO****************************
004APZS0202070001BQRM0709120014BTQJ2201200024EFNN1811090019##########################################T************************
004MWUE1712000013PHLP0408140027PPAO2303090012PUCX1710190023##########################################T************************
006EGPB1509160025GVAI0610040029LENN2304170010MPGM2709170000PUPS0410220020RDKG0902140011##############F000005007004001006003***
004REPE0602100004RHNR0206090018RKFF1203210008RZEC1611190009##########################################T************************
005LGEL0102190026LJPL1112060006LTPH1309150016LZAI2408090002MESA2709170021############################T************************
005EPCS0102140007FOXM1402010033GEKN2401160031GNHA0306060034GURB1901070032############################T************************
004PXQZ1710010022RAKX2210220005RBJB0705140003RCQX1202000028##########################################T************************
003JBDS0802180030JMQN2305080017JNZD0101200015########################################################T************************
***************************INDICE PRIMÁRIO****************************
004APZS0202070001BQRM0709120014BTQJ2201200024EFNN1811090019##########################################T************************
004MWUE1712000013PHLP0408140027PPAO2303090012PUCX1710190023##########################################T************************
006EGPB1509160025GVAI0610040029LENN2304170010MPGM2709170000PUPS0410220020RDKG0902140011##############F000005007004001006003***
004REPE0602100004RHNR0206090018RKFF1203210008RZEC1611190009##########################################T************************
005LGEL0102190026LJPL1112060006LTPH1309150016LZAI2408090002MESA2709170021############################T************************
005EPCS0102140007FOXM1402010033GEKN2401160031GNHA0306060034GURB1901070032############################T************************
004PXQZ1710010022RAKX2210220005RBJB0705140003RCQX1202000028##########################################T************************
003JBDS0802180030JMQN2305080017JNZD0101200015########################################################T************************
********************************LISTAR********************************
1 - EGPB150916, GVAI061004, LENN230417, MPGM270917, PUPS041022, RDKG090214
2 - ADLS100722, APZS020207, BQRM070912, BTQJ220120, EFNN181109
2 - EPCS010214, FOXM140201, GEKN240116, GNHA030606, GURB190107
2 - JBDS080218, JMQN230508, JNZD010120
2 - LGEL010219, LJPL111206, LTPH130915, LZAI240809, MESA270917
2 - MWUE171200, PHLP040814, PPAO230309, PUCX171019
2 - PXQZ171001, RAKX221022, RBJB070514, RCQX120200
2 - REPE060210, RHNR020609, RKFF120321, RZEC161119
********************************LISTAR********************************
JUNDIAI----------------------- 27/09/19 - 17:53-
LORENA------------------------ 01/01/19 - 20:12-
LORENA------------------------ 03/06/19 - 06:24-
OSASCO------------------------ 01/02/19 - 14:44-
OSASCO------------------------ 09/02/19 - 14:22-
OSASCO------------------------ 17/12/19 - 00:04-
SAO PAULO--------------------- 07/05/19 - 14:51-
SAO PAULO--------------------- 02/06/19 - 09:19-
SAO PAULO--------------------- 06/10/19 - 04:21-
SAO ROQUE--------------------- 06/02/19 - 10:56-
SAO ROQUE--------------------- 08/02/19 - 18:03-
SAO ROQUE--------------------- 12/03/19 - 21:11-
SAO ROQUE--------------------- 17/10/19 - 19:41-
SOROCABA---------------------- 01/02/19 - 19:12-
SOROCABA---------------------- 14/02/19 - 01:33-
SOROCABA---------------------- 23/03/19 - 09:11-
SOROCABA---------------------- 10/07/19 - 22:14-
SOROCABA---------------------- 24/08/19 - 09:08-
SOROCABA---------------------- 07/09/19 - 12:17-
SOROCABA---------------------- 17/10/19 - 01:29-
SOROCABA---------------------- 16/11/19 - 19:42-
TAUBATE----------------------- 19/01/19 - 07:13-
TAUBATE----------------------- 22/01/19 - 20:48-
TAUBATE----------------------- 24/01/19 - 16:55-
TAUBATE----------------------- 02/02/19 - 07:33-
TAUBATE----------------------- 12/02/19 - 00:47-
TAUBATE----------------------- 23/04/19 - 17:31-
TAUBATE----------------------- 23/05/19 - 08:16-
TAUBATE----------------------- 04/08/19 - 14:35-
TAUBATE----------------------- 13/09/19 - 15:35-
TAUBATE----------------------- 15/09/19 - 16:48-
TAUBATE----------------------- 27/09/19 - 17:05-
TAUBATE----------------------- 04/10/19 - 22:50-
TAUBATE----------------------- 22/10/19 - 22:06-
TAUBATE----------------------- 18/11/19 - 09:27-
TAUBATE----------------------- 11/12/19 - 06:15-
********************************ARQUIVO*******************************
MATHEUS LIMA@F@18/05/1989@(48) 07385-4747@FUSCA@PGM-4022@COTIA|JUNDIAI|OSASCO|RIO DE JANEIRO|SAO JOSE DOS CAMPOS|SAO ROQUE|SOROCABA|TAUBATE@27/09/19@17:05@233.89@2@############################################################################################ALEXANDRE O GIGANTESCO@F@06/04/1990@(65) 76169-4546@TORO@PZS-3841@LORENA|SAO JOSE DOS CAMPOS|SAO PAULO|TAUBATE@02/02/19@07:33@178.64@1@#########################################################################################################################LETICIA FERREIRA DOS SANTOS@F@17/10/1996@(20) 24271-6849@COROLLA@ZAI-4628@COTIA|LORENA|SAO PAULO|SOROCABA@24/08/19@09:08@198.37@4@##############################################################################################################################ROBERT NORMAL@M@22/10/1991@(13) 07732-6093@CELTA@BJB-5714@LORENA|OSASCO|SAO PAULO@07/05/19@14:51@059.35@2@######################################################################################################################################################ROBERT NORMAL@F@21/05/1993@(50) 10798-0699@FIT@EPE-2827@SAO PAULO|SAO ROQUE@06/02/19@10:56@177.61@2@############################################################################################################################################################ROBERT NORMAL@F@27/11/1993@(46) 44364-7513@CIVIC@AKX-2371@LORENA|OSASCO|SAO JOSE DOS CAMPOS|SAO ROQUE|SOROCABA|TAUBATE@22/10/19@22:06@003.87@2@#################################################################################################################LETICIA FERNANDES@F@24/04/1991@(16) 52912-9838@FIT@JPL-9365@JUNDIAI|LORENA|RIO DE JANEIRO|SAO JOSE DOS CAMPOS|SAO PAULO|SAO ROQUE|SOROCABA|TAUBATE@11/12/19@06:15@062.88@1@#####################################################################################EDUARDO MOTTA@M@27/10/1989@(83) 25055-0163@FUSCA@PCS-8083@JUNDIAI|LORENA|OSASCO@01/02/19@14:44@087.24@1@########################################################################################################################################################ROBERT NORMAL@M@24/12/1998@(29) 58849-4183@FUSCA@KFF-5122@COTIA|JUNDIAI|LORENA|OSASCO|RIO DE JANEIRO|SAO ROQUE@12/03/19@21:11@199.38@1@#########################################################################################################################ROBERT PATTINSON@M@23/09/1998@(29) 49557-5766@COROLLA@ZEC-2936@COTIA|LORENA|OSASCO|RIO DE JANEIRO|SAO JOSE DOS CAMPOS|SAO ROQUE|SOROCABA@16/11/19@19:42@211.68@3@###############################################################################################LETICIA OLIVEIRA FERREIRA@F@25/12/1999@(98) 23272-1199@CELTA@ENN-6671@COTIA|JUNDIAI|LORENA|OSASCO|SAO JOSE DOS CAMPOS|SAO ROQUE|SOROCABA|TAUBATE@23/04/19@17:31@044.68@2@#######################################################################################ROBERT NORMAL@M@13/11/1995@(91) 21214-8767@TORO@DKG-9899@COTIA|OSASCO@09/02/19@14:22@220.19@2@##################################################################################################################################################################PABLO ESCOBAR@F@16/05/1992@(44) 49563-5429@COROLLA@PAO-6550@COTIA|RIO DE JANEIRO|SOROCABA@23/03/19@09:11@023.47@4@##############################################################################################################################################MATHEUS ROCHA@F@27/08/1993@(84) 92773-0066@UNO@WUE-2738@JUNDIAI|OSASCO@17/12/19@00:04@065.25@4@#################################################################################################################################################################BRUNA MARQUEZINE@M@27/12/1996@(91) 68930-6666@FUSCA@QRM-7096@COTIA|LORENA|OSASCO|RIO DE JANEIRO|SAO JOSE DOS CAMPOS|SAO PAULO|SAO ROQUE|SOROCABA@07/09/19@12:17@196.91@2@#######################################################################################JULIANA MENDES@M@20/08/1990@(96) 75084-6307@FOX@NZD-9782@JUNDIAI|LORENA@01/01/19@20:12@133.01@2@################################################################################################################################################################LETICIA FERNANDES@M@12/08/1992@(04) 70338-6134@UNO@TPH-4007@COTIA|JUNDIAI|LORENA|OSASCO|SAO JOSE DOS CAMPOS|SAO PAULO|SAO ROQUE|SOROCABA|TAUBATE@13/09/19@15:35@101.53@4@#######################################################################################JULIANA PAES@F@17/07/1999@(79) 42539-0784@HB20@MQN-3176@COTIA|JUNDIAI|LORENA|OSASCO|RIO DE JANEIRO|SAO JOSE DOS CAMPOS|SAO PAULO|SAO ROQUE|SOROCABA|TAUBATE@23/05/19@08:16@014.31@1@############################################################################ROBERT DOWNEY JUNIOR F :(@M@10/04/1994@(65) 06862-4654@CELTA@HNR-7493@JUNDIAI|SAO PAULO@02/06/19@09:19@110.85@4@################################################################################################################################################EVELYN DOS SANTOS@M@17/06/1989@(53) 04496-2534@TORO@FNN-8319@COTIA|JUNDIAI|OSASCO|RIO DE JANEIRO|SAO JOSE DOS CAMPOS|SAO PAULO|SOROCABA|TAUBATE@18/11/19@09:27@080.41@1@########################################################################################PABLO ESCOBAR@F@27/02/1994@(18) 84707-7218@COROLLA@UPS-6268@COTIA|JUNDIAI|LORENA|OSASCO|RIO DE JANEIRO|SAO JOSE DOS CAMPOS|SAO PAULO|SAO ROQUE|TAUBATE@04/10/19@22:50@166.48@1@#################################################################################MATHEUS AUGUSTO@F@10/07/1991@(38) 28224-6628@ONIX@ESA-2294@COTIA|JUNDIAI@27/09/19@17:53@169.73@2@###############################################################################################################################################################PABLO VITTAR@F@20/02/1991@(42) 12591-7500@CORSA@XQZ-6044@JUNDIAI|LORENA|OSASCO|RIO DE JANEIRO|SAO PAULO|SOROCABA@17/10/19@01:29@208.42@3@#######################################################################################################################PABLO PICASSO@F@08/01/1990@(83) 93200-9633@COROLLA@UCX-4653@OSASCO|SAO JOSE DOS CAMPOS|SAO PAULO|SAO ROQUE@17/10/19@19:41@233.58@1@#############################################################################################################################BRUNA MARQUEZINE@M@25/03/1992@(89) 87354-5816@CORSA@TQJ-5148@COTIA|JUNDIAI|LORENA|OSASCO|RIO DE JANEIRO|SAO JOSE DOS CAMPOS|SAO PAULO|SAO ROQUE|SOROCABA|TAUBATE@22/01/19@20:48@215.71@3@#######################################################################EDUARDO MOTTA@M@26/11/1992@(03) 63499-0113@GOL@GPB-6378@RIO DE JANEIRO|SAO PAULO|SAO ROQUE|SOROCABA|TAUBATE@15/09/19@16:48@035.87@1@############################################################################################################################LETICIA OLIVEIRA FERREIRA@M@11/04/1994@(09) 40148-3912@FIT@GEL-2824@LORENA|OSASCO|RIO DE JANEIRO|SAO PAULO|SOROCABA@01/02/19@19:12@079.07@3@####################################################################################################################PABLO ESCOBAR@F@07/10/1994@(24) 75480-0297@CORSA@HLP-3821@LORENA|OSASCO|SAO PAULO|SOROCABA|TAUBATE@04/08/19@14:35@018.71@2@#####################################################################################################################################RENATA ARAGAO@M@12/11/1998@(88) 72789-6048@HB20@CQX-8924@COTIA|JUNDIAI|LORENA|RIO DE JANEIRO|SAO JOSE DOS CAMPOS|SAO PAULO|SAO ROQUE|SOROCABA|TAUBATE@12/02/19@00:47@064.40@3@##################################################################################GABRIEL THE ANGEL@M@27/03/1990@(41) 99691-2941@FUSCA@VAI-8241@COTIA|JUNDIAI|OSASCO|RIO DE JANEIRO|SAO PAULO@06/10/19@04:21@177.05@1@############################################################################################################################JULIANA PAES@M@03/10/1989@(74) 79808-7633@ONIX@BDS-2672@COTIA|JUNDIAI|LORENA|OSASCO|SAO JOSE DOS CAMPOS|SAO PAULO|SAO ROQUE@08/02/19@18:03@066.64@4@############################################################################################################GABRIEL EL ANGEL@F@21/01/1991@(09) 98252-9573@CELTA@EKN-5107@COTIA|JUNDIAI|LORENA|OSASCO|RIO DE JANEIRO|SAO JOSE DOS CAMPOS|SAO PAULO|SAO ROQUE|SOROCABA|TAUBATE@24/01/19@16:55@050.65@1@#######################################################################GABRIEL PENSADOR@M@09/11/1995@(89) 10803-4952@FUSCA@URB-7917@JUNDIAI|LORENA|OSASCO|RIO DE JANEIRO|SAO JOSE DOS CAMPOS|SAO PAULO|SAO ROQUE|SOROCABA|TAUBATE@19/01/19@07:13@102.81@1@#############################################################################FELIPE COUTINHO@F@03/01/1991@(57) 74666-5746@HB20@OXM-8003@JUNDIAI|OSASCO|SAO ROQUE|SOROCABA@14/02/19@01:33@067.18@3@###########################################################################################################################################GABRIEL O ANJO@F@10/01/1996@(60) 08860-3045@HB20@NHA-0172@COTIA|LORENA@03/06/19@06:24@115.96@3@#################################################################################################################################################################ALEXANDRE O PEQUENO@M@08/08/1989@(02) 37784-2489@FIT@DLS-1361@COTIA|LORENA|OSASCO|RIO DE JANEIRO|SAO PAULO|SOROCABA@10/07/19@22:14@218.08@4@####################################################################################################################
***************************INDICE PRIMÁRIO****************************
005ADLS1007220035APZS0202070001BQRM0709120014BTQJ2201200024EFNN1811090019############################T************************
004MWUE1712000013PHLP0408140027PPAO2303090012PUCX1710190023##########################################T************************
006EGPB1509160025GVAI0610040029LENN2304170010MPGM2709170000PUPS0410220020RDKG0902140011##############F000005007004001006003***
004REPE0602100004RHNR0206090018RKFF1203210008RZEC1611190009##########################################T************************
005LGEL0102190026LJPL1112060006LTPH1309150016LZAI2408090002MESA2709170021############################T************************
005EPCS0102140007FOXM1402010033GEKN2401160031GNHA0306060034GURB1901070032############################T************************
004PXQZ1710010022RAKX2210220005RBJB0705140003RCQX1202000028##########################################T************************
003JBDS0802180030JMQN2305080017JNZD0101200015########################################################T************************
***************************INDICE SECUNDÁRIO**************************
003MESA270917JUNDIAI$1909271753#######################JNZD010120LORENA$1901012012########################GNHA030606LORENA$1906030624###########################################################################T***************
002BQRM070912SOROCABA$1909071217######################PXQZ171001SOROCABA$1910170129############################################################################################################################T***************
004EPCS010214OSASCO$1902011444########################RBJB070514SAO PAULO$1905071451#####################RKFF120321SAO ROQUE$1903122111#####################FOXM140201SOROCABA$1902140133######################F000006004009012
004PUPS041022TAUBATE$1910042250#######################RAKX221022TAUBATE$1910222206#######################EFNN181109TAUBATE$1911180927#######################LJPL111206TAUBATE$1912110615#######################T***************
004RHNR020609SAO PAULO$1906020919#####################GVAI061004SAO PAULO$1910060421#####################REPE060210SAO ROQUE$1902061056#####################JBDS080218SAO ROQUE$1902081803#####################T***************
003RCQX120200TAUBATE$1902120047#######################LENN230417TAUBATE$1904231731#######################JMQN230508TAUBATE$1905230816##########################################################################T***************
002RDKG090214OSASCO$1902091422########################MWUE171200OSASCO$1912170004##############################################################################################################################T***************
004RZEC161119SOROCABA$1911161942######################APZS020207TAUBATE$1902020733#######################PHLP040814TAUBATE$1908041435#######################MPGM270917TAUBATE$1909271705#######################F001011005010003
001LZAI240809SOROCABA$1908240908###############################################################################################################################################################################F002007*********
002PUCX171019SAO ROQUE$1910171941#####################LGEL010219SOROCABA$1902011912############################################################################################################################T***************
002LTPH130915TAUBATE$1909131535#######################EGPB150916TAUBATE$1909151648#############################################################################################################################T***************
003GURB190107TAUBATE$1901190713#######################BTQJ220120TAUBATE$1901222048#######################GEKN240116TAUBATE$1901241655##########################################################################T***************
002PPAO230309SOROCABA$1903230911######################ADLS100722SOROCABA$1907102214############################################################################################################################T***************
