***************************INDICE PRIMÁRIO****************************
010AGCH0108120008AHHO2007160044AIOG0308060000AMKC2203200032AOGT2702180002AOIL0504020035AOKE1611080015APAV2108220040ARLT1506060030ASVX0509130021T*********************************
005JMPB0902160003JQJM1611110006JQVK0510090009JYWJ0610010039LDPU0506100023######################################################################T*********************************
006AYMB1305090018GHOM2707180036JLJU1607140001LLVI2312210041MNDP1101110010RSJB0506120033########################################################F000004007001005003006************
005MSMW0907210012PTSJ1804220042RNKQ2005060017RNYG0911020045ROOD1711120016######################################################################T*********************************
005AZVT2102040026EEZR2707170038EKBU2012070037GGQB1005060014GHCT2205180020######################################################################T*********************************
007LUOS1204120047LUWQ0412010043LXHB2311220029LZJO1309120004MGRW1211060031MHOA2507140019MMIM0911190027##########################################T*********************************
005RUFS0510170025RVMS0505070013SKIE1212080022TKEL0502110011TSPE0611210034######################################################################T*********************************
007GISU1712180049GKVD0103040028GNCY0212000005GZMV2608140007JAXN1811200046JBYN0204000048JHWE0907220024##########################################T*********************************
***************************INDICE SECUNDÁRIO**************************
007AZVT210204OSASCO$1902210421########################LZJO130912OSASCO$1909131214########################GGQB100506RIO DE JANEIRO$1905100648################MHOA250714RIO DE JANEIRO$1907251409################TKEL050211SAO PAULO$1902051135#####################RNYG091102SAO PAULO$1911090223#####################AOKE161108SAO PAULO$1911160832#####################T************************
007GKVD010304TAUBATE$1903010415#######################JBYN020400TAUBATE$1904020044#######################AOIL050402TAUBATE$1904050204#######################LUOS120412TAUBATE$1904121219#######################PTSJ180422TAUBATE$1904182238#######################AYMB130509TAUBATE$1905130944#######################GHCT220518TAUBATE$1905221821#######################T************************
004JQJM161111SAO PAULO$1911161125#####################AGCH010812SAO ROQUE$1908011209#####################JLJU160714SOROCABA$1907161406######################LXHB231122SOROCABA$1911232227###############################################################################################################################################################################F000004009003007*********
005AHHO200716SOROCABA$1907201625######################APAV210822SOROCABA$1908212247######################JQVK051009SOROCABA$1910050924######################TSPE061121SOROCABA$1911062155######################ROOD171112SOROCABA$1911171226############################################################################################################################T************************
004LUWQ041201SAO PAULO$1912040148#####################AMKC220320SAO ROQUE$1903222027#####################RNKQ200506SAO ROQUE$1905200650#####################GHOM270718SAO ROQUE$1907271806##############################################################################################################################################################################T************************
004ASVX050913TAUBATE$1909051349#######################RUFS051017TAUBATE$1910051727#######################JYWJ061001TAUBATE$1910060136#######################MMIM091119TAUBATE$1911091916################################################################################################################################################################################T************************
004ARLT150606TAUBATE$1906150600#######################JHWE090722TAUBATE$1907092230#######################EEZR270717TAUBATE$1907271731#######################AIOG030806TAUBATE$1908030616################################################################################################################################################################################T************************
004GISU171218SOROCABA$1912171844######################EKBU201207SOROCABA$1912200733######################MNDP110111TAUBATE$1901111101#######################JMPB090216TAUBATE$1902091638################################################################################################################################################################################T************************
003GNCY021200TAUBATE$1912020035#######################SKIE121208TAUBATE$1912120825#######################LLVI231221TAUBATE$1912232103###################################################################################################################################################################################################################################T************************
004JAXN181120SAO ROQUE$1911182040#####################RVMS050507SOROCABA$1905050703######################RSJB050612SOROCABA$1906051209######################MSMW090721SOROCABA$1907092117###############################################################################################################################################################################T************************
003LDPU050610TAUBATE$1906051037#######################GZMV260814TAUBATE$1908261449#######################MGRW121106TAUBATE$1911120637###################################################################################################################################################################################################################################F001006005008************
001AOGT270218TAUBATE$1902271846#########################################################################################################################################################################################################################################################################################################################################F002010******************
***************************INDICE SECUNDÁRIO**************************
007AZVT210204OSASCO$1902210421########################LZJO130912OSASCO$1909131214########################GGQB100506RIO DE JANEIRO$1905100648################MHOA250714RIO DE JANEIRO$1907251409################TKEL050211SAO PAULO$1902051135#####################RNYG091102SAO PAULO$1911090223#####################AOKE161108SAO PAULO$1911160832#####################T************************
007GKVD010304TAUBATE$1903010415#######################JBYN020400TAUBATE$1904020044#######################AOIL050402TAUBATE$1904050204#######################LUOS120412TAUBATE$1904121219#######################PTSJ180422TAUBATE$1904182238#######################AYMB130509TAUBATE$1905130944#######################GHCT220518TAUBATE$1905221821#######################T************************
004JQJM161111SAO PAULO$1911161125#####################AGCH010812SAO ROQUE$1908011209#####################JLJU160714SOROCABA$1907161406######################LXHB231122SOROCABA$1911232227###############################################################################################################################################################################F000004009003007*********
005AHHO200716SOROCABA$1907201625######################APAV210822SOROCABA$1908212247######################JQVK051009SOROCABA$1910050924######################TSPE061121SOROCABA$1911062155######################ROOD171112SOROCABA$1911171226############################################################################################################################T************************
004LUWQ041201SAO PAULO$1912040148#####################AMKC220320SAO ROQUE$1903222027#####################RNKQ200506SAO ROQUE$1905200650#####################GHOM270718SAO ROQUE$1907271806##############################################################################################################################################################################T************************
004ASVX050913TAUBATE$1909051349#######################RUFS051017TAUBATE$1910051727#######################JYWJ061001TAUBATE$1910060136#######################MMIM091119TAUBATE$1911091916################################################################################################################################################################################T************************
004ARLT150606TAUBATE$1906150600#######################JHWE090722TAUBATE$1907092230#######################EEZR270717TAUBATE$1907271731#######################AIOG030806TAUBATE$1908030616################################################################################################################################################################################T************************
004GISU171218SOROCABA$1912171844######################EKBU201207SOROCABA$1912200733######################MNDP110111TAUBATE$1901111101#######################JMPB090216TAUBATE$1902091638################################################################################################################################################################################T************************
003GNCY021200TAUBATE$1912020035#######################SKIE121208TAUBATE$1912120825#######################LLVI231221TAUBATE$1912232103###################################################################################################################################################################################################################################T************************
004JAXN181120SAO ROQUE$1911182040#####################RVMS050507SOROCABA$1905050703######################RSJB050612SOROCABA$1906051209######################MSMW090721SOROCABA$1907092117###############################################################################################################################################################################T************************
003LDPU050610TAUBATE$1906051037#######################GZMV260814TAUBATE$1908261449#######################MGRW121106TAUBATE$1911120637###################################################################################################################################################################################################################################F001006005008************
001AOGT270218TAUBATE$1902271846#########################################################################################################################################################################################################################################################################################################################################F002010******************
***************************INDICE PRIMÁRIO****************************
010AGCH0108120008AHHO2007160044AIOG0308060000AMKC2203200032AOGT2702180002AOIL0504020035AOKE1611080015APAV2108220040ARLT1506060030ASVX0509130021T*********************************
005JMPB0902160003JQJM1611110006JQVK0510090009JYWJ0610010039LDPU0506100023######################################################################T*********************************
006AYMB1305090018GHOM2707180036JLJU1607140001LLVI2312210041MNDP1101110010RSJB0506120033########################################################F000004007001005003006************
005MSMW0907210012PTSJ1804220042RNKQ2005060017RNYG0911020045ROOD1711120016######################################################################T*********************************
005AZVT2102040026EEZR2707170038EKBU2012070037GGQB1005060014GHCT2205180020######################################################################T*********************************
007LUOS1204120047LUWQ0412010043LXHB2311220029LZJO1309120004MGRW1211060031MHOA2507140019MMIM0911190027##########################################T*********************************
005RUFS0510170025RVMS0505070013SKIE1212080022TKEL0502110011TSPE0611210034######################################################################T*********************************
007GISU1712180049GKVD0103040028GNCY0212000005GZMV2608140007JAXN1811200046JBYN0204000048JHWE0907220024##########################################T*********************************
***************************INDICE SECUNDÁRIO**************************
007AZVT210204OSASCO$1902210421########################LZJO130912OSASCO$1909131214########################GGQB100506RIO DE JANEIRO$1905100648################MHOA250714RIO DE JANEIRO$1907251409################TKEL050211SAO PAULO$1902051135#####################RNYG091102SAO PAULO$1911090223#####################AOKE161108SAO PAULO$1911160832#####################T************************
007GKVD010304TAUBATE$1903010415#######################JBYN020400TAUBATE$1904020044#######################AOIL050402TAUBATE$1904050204#######################LUOS120412TAUBATE$1904121219#######################PTSJ180422TAUBATE$1904182238#######################AYMB130509TAUBATE$1905130944#######################GHCT220518TAUBATE$1905221821#######################T************************
004JQJM161111SAO PAULO$1911161125#####################AGCH010812SAO ROQUE$1908011209#####################JLJU160714SOROCABA$1907161406######################LXHB231122SOROCABA$1911232227###############################################################################################################################################################################F000004009003007*********
005AHHO200716SOROCABA$1907201625######################APAV210822SOROCABA$1908212247######################JQVK051009SOROCABA$1910050924######################TSPE061121SOROCABA$1911062155######################ROOD171112SOROCABA$1911171226############################################################################################################################T************************
004LUWQ041201SAO PAULO$1912040148#####################AMKC220320SAO ROQUE$1903222027#####################RNKQ200506SAO ROQUE$1905200650#####################GHOM270718SAO ROQUE$1907271806##############################################################################################################################################################################T************************
004ASVX050913TAUBATE$1909051349#######################RUFS051017TAUBATE$1910051727#######################JYWJ061001TAUBATE$1910060136#######################MMIM091119TAUBATE$1911091916################################################################################################################################################################################T************************
004ARLT150606TAUBATE$1906150600#######################JHWE090722TAUBATE$1907092230#######################EEZR270717TAUBATE$1907271731#######################AIOG030806TAUBATE$1908030616################################################################################################################################################################################T************************
004GISU171218SOROCABA$1912171844######################EKBU201207SOROCABA$1912200733######################MNDP110111TAUBATE$1901111101#######################JMPB090216TAUBATE$1902091638################################################################################################################################################################################T************************
003GNCY021200TAUBATE$1912020035#######################SKIE121208TAUBATE$1912120825#######################LLVI231221TAUBATE$1912232103###################################################################################################################################################################################################################################T************************
004JAXN181120SAO ROQUE$1911182040#####################RVMS050507SOROCABA$1905050703######################RSJB050612SOROCABA$1906051209######################MSMW090721SOROCABA$1907092117###############################################################################################################################################################################T************************
003LDPU050610TAUBATE$1906051037#######################GZMV260814TAUBATE$1908261449#######################MGRW121106TAUBATE$1911120637###################################################################################################################################################################################################################################F001006005008************
001AOGT270218TAUBATE$1902271846#########################################################################################################################################################################################################################################################################################################################################F002010******************
********************************BUSCAR********************************
Busca por GKVD010304. Nos percorridos:
AYMB130509, GHOM270718, JLJU160714, LLVI231221, MNDP110111, RSJB050612
GISU171218, GKVD010304, GNCY021200, GZMV260814, JAXN181120, JBYN020400, JHWE090722

GKVD010304
GABRIEL PENSADOR
M
14/09/1997
(51) 99042-0430
UNO
KVD-6214
01/03/19
04:15
019.29
3
COTIA, JUNDIAI, OSASCO, SAO JOSE DOS CAMPOS, SAO PAULO, SOROCABA, TAUBATE
********************************ALTERAR*******************************
OPERACAO REALIZADA COM SUCESSO!
********************************BUSCAR********************************
Busca por RUFS051017. Nos percorridos:
AYMB130509, GHOM270718, JLJU160714, LLVI231221, MNDP110111, RSJB050612
RUFS051017, RVMS050507, SKIE121208, TKEL050211, TSPE061121

RUFS051017
ROBERT PATTINSON
F
04/01/1997
(72) 89551-8081
TORO
UFS-7989
05/10/19
17:27
045.81
2
COTIA, JUNDIAI, LORENA, OSASCO, SAO JOSE DOS CAMPOS, SAO ROQUE, SOROCABA, TAUBATE
***************************INDICE PRIMÁRIO****************************
010AGCH0108120008AHHO2007160044AIOG0308060000AMKC2203200032AOGT2702180002AOIL0504020035AOKE1611080015APAV2108220040ARLT1506060030ASVX0509130021T*********************************
005JMPB0902160003JQJM1611110006JQVK0510090009JYWJ0610010039LDPU0506100023######################################################################T*********************************
006AYMB1305090018GHOM2707180036JLJU1607140001LLVI2312210041MNDP1101110010RSJB0506120033########################################################F000004007001005003006************
005MSMW0907210012PTSJ1804220042RNKQ2005060017RNYG0911020045ROOD1711120016######################################################################T*********************************
006AZVT2102040026EEZR2707170038EKBU2012070037ETXJ1711050050GGQB1005060014GHCT2205180020########################################################T*********************************
008LUOS1204120047LUWQ0412010043LXHB2311220029LZJO1309120004MGRW1211060031MHOA2507140019MKXC2008030051MMIM0911190027############################T*********************************
005RUFS0510170025RVMS0505070013SKIE1212080022TKEL0502110011TSPE0611210034######################################################################T*********************************
007GISU1712180049GKVD0103040028GNCY0212000005GZMV2608140007JAXN1811200046JBYN0204000048JHWE0907220024##########################################T*********************************
********************************ARQUIVO*******************************
ALEXANDRE O PEQUENO@F@16/04/1995@(76) 37913-1575@FIT@IOG-6027@COTIA|JUNDIAI|LORENA|OSASCO|RIO DE JANEIRO|SAO JOSE DOS CAMPOS|SAO ROQUE|SOROCABA|TAUBATE@03/08/19@06:16@132.35@3@################################################################################JULIANA MENDES@F@09/05/1993@(29) 28025-9277@COROLLA@LJU-6052@COTIA|OSASCO|RIO DE JANEIRO|SAO JOSE DOS CAMPOS|SAO PAULO|SOROCABA@16/07/19@14:06@182.02@3@########################################################################################################ALEXANDRE O GRANDE@M@10/11/1989@(50) 70410-1812@TORO@OGT-6978@COTIA|JUNDIAI|LORENA|OSASCO|RIO DE JANEIRO|SAO JOSE DOS CAMPOS|SAO PAULO|SAO ROQUE|SOROCABA|TAUBATE@27/02/19@18:46@134.78@1@######################################################################JULIANA PAES@M@18/04/1990@(47) 97743-9995@COROLLA@MPB-5593@SAO JOSE DOS CAMPOS|SAO PAULO|SAO ROQUE|TAUBATE@09/02/19@16:38@076.79@4@#############################################################################################################################LETICIA FERREIRA DOS SANTOS@M@05/07/1995@(07) 31643-2605@CORSA@ZJO-9728@COTIA|OSASCO@13/09/19@12:14@027.96@3@###################################################################################################################################################GABRIEL NAO SOU FAKE@M@07/02/1999@(82) 06393-4323@ONIX@NCY-0322@COTIA|JUNDIAI|LORENA|OSASCO|RIO DE JANEIRO|SAO JOSE DOS CAMPOS|SAO PAULO|SAO ROQUE|SOROCABA|TAUBATE@02/12/19@00:35@020.29@4@####################################################################JULIANA MENDES@M@05/11/1994@(43) 45668-6853@COROLLA@QJM-8073@LORENA|SAO PAULO@16/11/19@11:25@197.40@3@##########################################################################################################################################################GABRIEL EL ANGEL@F@06/05/1991@(53) 74785-4754@CELTA@ZMV-6138@COTIA|JUNDIAI|LORENA|OSASCO|SAO JOSE DOS CAMPOS|SAO PAULO|SAO ROQUE|TAUBATE@26/08/19@14:49@200.01@1@###############################################################################################ALEXANDRE O CHEGA NE@F@27/03/1999@(11) 08643-7691@CELTA@GCH-8759@RIO DE JANEIRO|SAO PAULO|SAO ROQUE@01/08/19@12:09@196.43@1@####################################################################################################################################JULIA ANDRADE@F@24/05/1997@(15) 98005-1353@FUSCA@QVK-7563@SAO ROQUE|SOROCABA@05/10/19@09:24@188.17@3@###########################################################################################################################################################MATHEUS ROCHA@M@19/08/1997@(44) 96613-0676@CELTA@NDP-4449@RIO DE JANEIRO|SAO ROQUE|TAUBATE@11/01/19@11:01@240.60@3@#############################################################################################################################################TATIANA MONTEIRO@M@13/06/1992@(02) 66347-5253@UNO@KEL-0952@OSASCO|SAO PAULO@05/02/19@11:35@091.21@3@############################################################################################################################################################MATHEUS LIMA@M@10/01/1996@(69) 71525-2618@CORSA@SMW-2118@JUNDIAI|LORENA|OSASCO|RIO DE JANEIRO|SAO JOSE DOS CAMPOS|SAO PAULO|SAO ROQUE|SOROCABA@09/07/19@21:17@240.20@3@#########################################################################################ROBERT DOWNEY JUNIOR F :(@M@03/06/1995@(18) 70960-5638@FIT@VMS-1347@LORENA|SOROCABA@05/05/19@07:03@201.02@4@####################################################################################################################################################GABRIEL PENSADOR@F@03/03/1999@(18) 65767-0051@FIT@GQB-1773@LORENA|OSASCO|RIO DE JANEIRO@10/05/19@06:48@126.18@1@################################################################################################################################################ALEXANDRE O MEDIO@M@03/12/1993@(76) 31500-0103@ONIX@OKE-7409@LORENA|SAO PAULO@16/11/19@08:32@211.97@2@##########################################################################################################################################################ROBERT NORMAL@M@25/08/1994@(83) 37738-2824@CORSA@OOD-3565@COTIA|OSASCO|RIO DE JANEIRO|SAO JOSE DOS CAMPOS|SAO PAULO|SAO ROQUE|SOROCABA@17/11/19@12:26@194.40@2@#################################################################################################ROBERT PATTINSON@M@17/06/1996@(06) 43448-5938@FOX@NKQ-3439@RIO DE JANEIRO|SAO JOSE DOS CAMPOS|SAO ROQUE@20/05/19@06:50@061.33@4@################################################################################################################################ALEXANDRE O GRANDE@M@26/05/1996@(45) 41145-1319@UNO@YMB-6153@COTIA|SAO JOSE DOS CAMPOS|SAO PAULO|SAO ROQUE|TAUBATE@13/05/19@09:44@196.86@1@#####################################################################################################################MATEUS ALVES@M@16/11/1995@(89) 36627-1353@COROLLA@HOA-8993@JUNDIAI|RIO DE JANEIRO@25/07/19@14:09@138.71@2@######################################################################################################################################################GABRIEL EL ANGEL@F@26/10/1989@(75) 56259-4023@CORSA@HCT-3297@COTIA|JUNDIAI|LORENA|OSASCO|RIO DE JANEIRO|SAO PAULO|SAO ROQUE|SOROCABA|TAUBATE@22/05/19@18:21@048.12@2@###########################################################################################ALEXANDRE O MEDIO@F@03/01/1995@(22) 75709-5018@CELTA@SVX-3226@COTIA|JUNDIAI|LORENA|OSASCO|RIO DE JANEIRO|SAO PAULO|SAO ROQUE|SOROCABA|TAUBATE@05/09/19@13:49@046.42@1@##########################################################################################SABRINA SATO@F@13/02/1991@(59) 13524-8970@CORSA@KIE-0447@JUNDIAI|LORENA|OSASCO|RIO DE JANEIRO|SAO JOSE DOS CAMPOS|SAO PAULO|SOROCABA|TAUBATE@12/12/19@08:25@040.65@4@###########################################################################################LETICIA FERNANDES@M@23/03/1995@(15) 47139-8163@COROLLA@DPU-0503@COTIA|JUNDIAI|LORENA|OSASCO|SAO JOSE DOS CAMPOS|SAO PAULO|SAO ROQUE|SOROCABA|TAUBATE@05/06/19@10:37@232.80@3@###################################################################################JULIANA PAES@F@04/10/1990@(93) 62670-3318@CELTA@HWE-5506@COTIA|JUNDIAI|LORENA|OSASCO|RIO DE JANEIRO|SAO JOSE DOS CAMPOS|SAO ROQUE|SOROCABA|TAUBATE@09/07/19@22:30@107.75@2@#####################################################################################ROBERT PATTINSON@F@04/01/1997@(72) 89551-8081@TORO@UFS-7989@COTIA|JUNDIAI|LORENA|OSASCO|SAO JOSE DOS CAMPOS|SAO ROQUE|SOROCABA|TAUBATE@05/10/19@17:27@045.81@2@#################################################################################################ALEXANDRE O MIXURUCA@F@21/08/1996@(80) 29307-6799@GOL@ZVT-3573@LORENA|OSASCO@21/02/19@04:21@190.58@2@###########################################################################################################################################################MATHEUS LIMA@M@27/09/1993@(03) 27450-7914@UNO@MIM-0635@COTIA|JUNDIAI|LORENA|OSASCO|SAO JOSE DOS CAMPOS|SAO PAULO|SAO ROQUE|SOROCABA|TAUBATE@09/11/19@19:16@091.14@4@############################################################################################GABRIEL PENSADOR@M@14/09/1997@(51) 99042-0430@UNO@KVD-6214@COTIA|JUNDIAI|OSASCO|SAO JOSE DOS CAMPOS|SAO PAULO|SOROCABA|TAUBATE@01/03/19@04:15@019.29@3@#########################################################################################################LETICIA CARRARA@F@13/07/1990@(19) 36442-8657@GOL@XHB-3308@COTIA|LORENA|OSASCO|RIO DE JANEIRO|SAO JOSE DOS CAMPOS|SAO ROQUE|SOROCABA@23/11/19@22:27@234.83@2@####################################################################################################ALEXANDRE O CHEGA NE@F@23/04/1997@(63) 47824-0880@HB20@RLT-7106@COTIA|LORENA|OSASCO|RIO DE JANEIRO|SAO JOSE DOS CAMPOS|SOROCABA|TAUBATE@15/06/19@06:00@116.28@4@################################################################################################MATHEUS ROCHA@M@09/05/1993@(39) 32862-2885@HB20@GRW-1524@COTIA|JUNDIAI|LORENA|OSASCO|SAO JOSE DOS CAMPOS|SAO ROQUE|SOROCABA|TAUBATE@12/11/19@06:37@085.03@2@####################################################################################################ALEXANDRE O MIXURUCA@M@09/06/1995@(23) 47643-7021@GOL@MKC-1714@COTIA|SAO ROQUE@22/03/19@20:27@113.77@3@#########################################################################################################################################################ROBERT DOWNEY JUNIOR F :(@F@20/07/1989@(78) 64778-9651@ONIX@SJB-6080@COTIA|JUNDIAI|LORENA|OSASCO|RIO DE JANEIRO|SAO JOSE DOS CAMPOS|SAO PAULO|SAO ROQUE|SOROCABA@05/06/19@12:09@103.66@1@#######################################################################TATIANA MONTEIRO@M@09/01/1997@(29) 49121-8976@COROLLA@SPE-1387@OSASCO|SAO JOSE DOS CAMPOS|SAO PAULO|SAO ROQUE|SOROCABA@06/11/19@21:55@050.28@3@#################################################################################################################ALEXANDRE O MIXURUCA@M@10/02/1997@(06) 17056-6064@FOX@OIL-5132@COTIA|OSASCO|RIO DE JANEIRO|SAO JOSE DOS CAMPOS|TAUBATE@05/04/19@02:04@222.91@2@#################################################################################################################GABRIEL PENSADOR@M@09/05/1993@(30) 20260-8226@FUSCA@HOM-6113@LORENA|OSASCO|SAO JOSE DOS CAMPOS|SAO ROQUE@27/07/19@18:06@104.04@4@###############################################################################################################################EVELYN DOS SANTOS@M@21/04/1992@(11) 23272-8420@HB20@KBU-7400@JUNDIAI|LORENA|OSASCO|RIO DE JANEIRO|SAO JOSE DOS CAMPOS|SAO PAULO|SAO ROQUE|SOROCABA@20/12/19@07:33@195.14@4@#####################################################################################EVELYN DOS SANTOS@F@12/09/1994@(87) 87341-2024@TORO@EZR-9610@COTIA|JUNDIAI|LORENA|OSASCO|RIO DE JANEIRO|SAO ROQUE|SOROCABA|TAUBATE@27/07/19@17:31@024.72@3@#####################################################################################################JULIA ANDRADE@M@03/04/1995@(11) 33496-5679@FIT@YWJ-0082@COTIA|JUNDIAI|LORENA|OSASCO|SOROCABA|TAUBATE@06/10/19@01:36@182.69@1@###################################################################################################################################ALEXANDRE O MEDIO@M@08/08/1989@(65) 45314-3908@CORSA@PAV-8533@COTIA|JUNDIAI|LORENA|SAO PAULO|SOROCABA@21/08/19@22:47@068.34@2@##################################################################################################################################LETICIA FERREIRA DOS SANTOS@M@18/11/1997@(49) 51184-3376@FUSCA@LVI-1769@COTIA|JUNDIAI|LORENA|OSASCO|RIO DE JANEIRO|SAO JOSE DOS CAMPOS|SAO PAULO|SAO ROQUE|SOROCABA|TAUBATE@23/12/19@21:03@150.97@4@############################################################PABLO ESCOBAR@F@24/12/1998@(18) 88702-8005@FOX@TSJ-5183@COTIA|JUNDIAI|LORENA|OSASCO|RIO DE JANEIRO|SAO JOSE DOS CAMPOS|SAO PAULO|SAO ROQUE|SOROCABA|TAUBATE@18/04/19@22:38@033.77@4@############################################################################LETICIA CARRARA@F@12/04/1989@(86) 28375-8999@COROLLA@UWQ-6199@OSASCO|RIO DE JANEIRO|SAO JOSE DOS CAMPOS|SAO PAULO@04/12/19@01:48@122.06@1@######################################################################################################################ALEXANDRE O GIGANTESCO@M@05/11/1997@(82) 95075-4760@TORO@HHO-0532@COTIA|JUNDIAI|LORENA|OSASCO|RIO DE JANEIRO|SAO JOSE DOS CAMPOS|SAO PAULO|SAO ROQUE|SOROCABA@20/07/19@16:25@011.19@1@##########################################################################RENATA ARAGAO@F@07/03/1990@(47) 93803-8267@FIT@NYG-3893@LORENA|SAO PAULO@09/11/19@02:23@098.86@4@###############################################################################################################################################################JULIANA PAES@M@19/05/1996@(08) 78617-0509@CIVIC@AXN-8279@JUNDIAI|OSASCO|SAO PAULO|SAO ROQUE@18/11/19@20:40@238.03@2@############################################################################################################################################LETICIA BASTOS@F@16/08/1997@(48) 39723-6157@UNO@UOS-5296@COTIA|JUNDIAI|LORENA|OSASCO|RIO DE JANEIRO|SAO JOSE DOS CAMPOS|SAO PAULO|SAO ROQUE|TAUBATE@12/04/19@12:19@060.98@4@####################################################################################JULIANA PAES@M@09/07/1995@(15) 05615-2513@CIVIC@BYN-6992@JUNDIAI|LORENA|OSASCO|SAO JOSE DOS CAMPOS|SAO PAULO|SAO ROQUE|SOROCABA|TAUBATE@02/04/19@00:44@082.21@2@################################################################################################GABRIEL EL ANGEL@M@02/04/1992@(48) 59537-0760@CORSA@ISU-3717@COTIA|LORENA|OSASCO|SAO PAULO|SAO ROQUE|SOROCABA@17/12/19@18:44@210.62@3@##########################################################################################################################EDUARDO COSTA@F@18/08/1994@(62) 35808-1830@FIT@TXJ-7321@COTIA|JUNDIAI|LORENA|OSASCO|RIO DE JANEIRO|SAO JOSE DOS CAMPOS|SAO PAULO|SAO ROQUE|SOROCABA|TAUBATE@17/11/19@05:39@224.61@4@############################################################################MATHEUS AUGUSTO@F@13/03/1999@(70) 84590-9577@CELTA@KXC-8167@JUNDIAI|OSASCO|SAO JOSE DOS CAMPOS|SAO PAULO|SAO ROQUE|SOROCABA@20/08/19@03:37@062.81@2@############################################################################################################
********************************BUSCAR********************************
Busca por JQJM161111. Nos percorridos:
AYMB130509, GHOM270718, JLJU160714, LLVI231221, MNDP110111, RSJB050612
JMPB090216, JQJM161111, JQVK051009, JYWJ061001, LDPU050610

JQJM161111
JULIANA MENDES
M
05/11/1994
(43) 45668-6853
COROLLA
QJM-8073
16/11/19
11:25
197.40
3
LORENA, SAO PAULO
********************************BUSCAR********************************
Busca por JUNDIAI$1911170539.
Nos percorridos:
TAUBATE$1902271846
SAO PAULO$1911161125, SAO ROQUE$1908011209, SOROCABA$1907161406, SOROCABA$1911232227
OSASCO$1902210421, OSASCO$1909131214, RIO DE JANEIRO$1905100648, RIO DE JANEIRO$1907251409, SAO PAULO$1902051135, SAO PAULO$1911090223, SAO PAULO$1911160832

Registro(s) nao encontrado!
********************************BUSCAR********************************
Busca por LLLL000414. Nos percorridos:
AYMB130509, GHOM270718, JLJU160714, LLVI231221, MNDP110111, RSJB050612
JMPB090216, JQJM161111, JQVK051009, JYWJ061001, LDPU050610

Registro(s) nao encontrado!
***************************INDICE PRIMÁRIO****************************
010AGCH0108120008AHHO2007160044AIOG0308060000AMKC2203200032AOGT2702180002AOIL0504020035AOKE1611080015APAV2108220040ARLT1506060030ASVX0509130021T*********************************
005JMPB0902160003JQJM1611110006JQVK0510090009JYWJ0610010039LDPU0506100023######################################################################T*********************************
006AYMB1305090018GHOM2707180036JLJU1607140001LLVI2312210041MNDP1101110010RSJB0506120033########################################################F000004007001005003006************
006MSMW0907210012PDNU0210020053PTSJ1804220042RNKQ2005060017RNYG0911020045ROOD1711120016########################################################T*********************************
006AZVT2102040026EEZR2707170038EKBU2012070037ETXJ1711050050GGQB1005060014GHCT2205180020########################################################T*********************************
009LUOS1204120047LUWQ0412010043LXHB2311220029LZJO1309120004MGRW1211060031MHOA2507140019MJEA1707200052MKXC2008030051MMIM0911190027##############T*********************************
005RUFS0510170025RVMS0505070013SKIE1212080022TKEL0502110011TSPE0611210034######################################################################T*********************************
007GISU1712180049GKVD0103040028GNCY0212000005GZMV2608140007JAXN1811200046JBYN0204000048JHWE0907220024##########################################T*********************************
***************************INDICE PRIMÁRIO****************************
010AGCH0108120008AHHO2007160044AIOG0308060000AMKC2203200032AOGT2702180002AOIL0504020035AOKE1611080015APAV2108220040ARLT1506060030ASVX0509130021T*********************************
005JMPB0902160003JQJM1611110006JQVK0510090009JYWJ0610010039LDPU0506100023######################################################################T*********************************
006AYMB1305090018GHOM2707180036JLJU1607140001LLVI2312210041MNDP1101110010RSJB0506120033########################################################F000004007001005003006************
006MSMW0907210012PDNU0210020053PTSJ1804220042RNKQ2005060017RNYG0911020045ROOD1711120016########################################################T*********************************
006AZVT2102040026EEZR2707170038EKBU2012070037ETXJ1711050050GGQB1005060014GHCT2205180020########################################################T*********************************
009LUOS1204120047LUWQ0412010043LXHB2311220029LZJO1309120004MGRW1211060031MHOA2507140019MJEA1707200052MKXC2008030051MMIM0911190027##############T*********************************
005RUFS0510170025RVMS0505070013SKIE1212080022TKEL0502110011TSPE0611210034######################################################################T*********************************
007GISU1712180049GKVD0103040028GNCY0212000005GZMV2608140007JAXN1811200046JBYN0204000048JHWE0907220024##########################################T*********************************
***************************INDICE SECUNDÁRIO**************************
004MJEA170720LORENA$1907172030########################AZVT210204OSASCO$1902210421########################LZJO130912OSASCO$1909131214########################GGQB100506RIO DE JANEIRO$1905100648#########################################################################################################################################################################T************************
007GKVD010304TAUBATE$1903010415#######################JBYN020400TAUBATE$1904020044#######################AOIL050402TAUBATE$1904050204#######################LUOS120412TAUBATE$1904121219#######################PTSJ180422TAUBATE$1904182238#######################AYMB130509TAUBATE$1905130944#######################GHCT220518TAUBATE$1905221821#######################T************************
005MHOA250714RIO DE JANEIRO$1907251409################JQJM161111SAO PAULO$1911161125#####################AGCH010812SAO ROQUE$1908011209#####################JLJU160714SOROCABA$1907161406######################LXHB231122SOROCABA$1911232227############################################################################################################################F000012004009003007******
007AHHO200716SOROCABA$1907201625######################MKXC200803SOROCABA$1908200337######################APAV210822SOROCABA$1908212247######################PDNU021002SOROCABA$1910020224######################JQVK051009SOROCABA$1910050924######################TSPE061121SOROCABA$1911062155######################ROOD171112SOROCABA$1911171226######################T************************
004LUWQ041201SAO PAULO$1912040148#####################AMKC220320SAO ROQUE$1903222027#####################RNKQ200506SAO ROQUE$1905200650#####################GHOM270718SAO ROQUE$1907271806##############################################################################################################################################################################T************************
004ASVX050913TAUBATE$1909051349#######################RUFS051017TAUBATE$1910051727#######################JYWJ061001TAUBATE$1910060136#######################MMIM091119TAUBATE$1911091916################################################################################################################################################################################T************************
004ARLT150606TAUBATE$1906150600#######################JHWE090722TAUBATE$1907092230#######################EEZR270717TAUBATE$1907271731#######################AIOG030806TAUBATE$1908030616################################################################################################################################################################################T************************
004GISU171218SOROCABA$1912171844######################EKBU201207SOROCABA$1912200733######################MNDP110111TAUBATE$1901111101#######################JMPB090216TAUBATE$1902091638################################################################################################################################################################################T************************
004ETXJ171105TAUBATE$1911170539#######################GNCY021200TAUBATE$1912020035#######################SKIE121208TAUBATE$1912120825#######################LLVI231221TAUBATE$1912232103################################################################################################################################################################################T************************
004JAXN181120SAO ROQUE$1911182040#####################RVMS050507SOROCABA$1905050703######################RSJB050612SOROCABA$1906051209######################MSMW090721SOROCABA$1907092117###############################################################################################################################################################################T************************
003LDPU050610TAUBATE$1906051037#######################GZMV260814TAUBATE$1908261449#######################MGRW121106TAUBATE$1911120637###################################################################################################################################################################################################################################F001006005008************
001AOGT270218TAUBATE$1902271846#########################################################################################################################################################################################################################################################################################################################################F002010******************
003TKEL050211SAO PAULO$1902051135#####################RNYG091102SAO PAULO$1911090223#####################AOKE161108SAO PAULO$1911160832#################################################################################################################################################################################################################################T************************
***************************INDICE SECUNDÁRIO**************************
004MJEA170720LORENA$1907172030########################AZVT210204OSASCO$1902210421########################LZJO130912OSASCO$1909131214########################GGQB100506RIO DE JANEIRO$1905100648#########################################################################################################################################################################T************************
007GKVD010304TAUBATE$1903010415#######################JBYN020400TAUBATE$1904020044#######################AOIL050402TAUBATE$1904050204#######################LUOS120412TAUBATE$1904121219#######################PTSJ180422TAUBATE$1904182238#######################AYMB130509TAUBATE$1905130944#######################GHCT220518TAUBATE$1905221821#######################T************************
005MHOA250714RIO DE JANEIRO$1907251409################JQJM161111SAO PAULO$1911161125#####################AGCH010812SAO ROQUE$1908011209#####################JLJU160714SOROCABA$1907161406######################LXHB231122SOROCABA$1911232227############################################################################################################################F000012004009003007******
007AHHO200716SOROCABA$1907201625######################MKXC200803SOROCABA$1908200337######################APAV210822SOROCABA$1908212247######################PDNU021002SOROCABA$1910020224######################JQVK051009SOROCABA$1910050924######################TSPE061121SOROCABA$1911062155######################ROOD171112SOROCABA$1911171226######################T************************
004LUWQ041201SAO PAULO$1912040148#####################AMKC220320SAO ROQUE$1903222027#####################RNKQ200506SAO ROQUE$1905200650#####################GHOM270718SAO ROQUE$1907271806##############################################################################################################################################################################T************************
004ASVX050913TAUBATE$1909051349#######################RUFS051017TAUBATE$1910051727#######################JYWJ061001TAUBATE$1910060136#######################MMIM091119TAUBATE$1911091916################################################################################################################################################################################T************************
004ARLT150606TAUBATE$1906150600#######################JHWE090722TAUBATE$1907092230#######################EEZR270717TAUBATE$1907271731#######################AIOG030806TAUBATE$1908030616################################################################################################################################################################################T************************
004GISU171218SOROCABA$1912171844######################EKBU201207SOROCABA$1912200733######################MNDP110111TAUBATE$1901111101#######################JMPB090216TAUBATE$1902091638################################################################################################################################################################################T************************
004ETXJ171105TAUBATE$1911170539#######################GNCY021200TAUBATE$1912020035#######################SKIE121208TAUBATE$1912120825#######################LLVI231221TAUBATE$1912232103################################################################################################################################################################################T************************
004JAXN181120SAO ROQUE$1911182040#####################RVMS050507SOROCABA$1905050703######################RSJB050612SOROCABA$1906051209######################MSMW090721SOROCABA$1907092117###############################################################################################################################################################################T************************
003LDPU050610TAUBATE$1906051037#######################GZMV260814TAUBATE$1908261449#######################MGRW121106TAUBATE$1911120637###################################################################################################################################################################################################################################F001006005008************
001AOGT270218TAUBATE$1902271846#########################################################################################################################################################################################################################################################################################################################################F002010******************
003TKEL050211SAO PAULO$1902051135#####################RNYG091102SAO PAULO$1911090223#####################AOKE161108SAO PAULO$1911160832#################################################################################################################################################################################################################################T************************
********************************ALTERAR*******************************
Registro(s) nao encontrado!
FALHA AO REALIZAR OPERACAO!
********************************ALTERAR*******************************
OPERACAO REALIZADA COM SUCESSO!
********************************ALTERAR*******************************
OPERACAO REALIZADA COM SUCESSO!
***************************INDICE PRIMÁRIO****************************
010AGCH0108120008AHHO2007160044AIOG0308060000AMKC2203200032AOGT2702180002AOIL0504020035AOKE1611080015APAV2108220040ARLT1506060030ASVX0509130021T*********************************
005JMPB0902160003JQJM1611110006JQVK0510090009JYWJ0610010039LDPU0506100023######################################################################T*********************************
006AYMB1305090018GHOM2707180036JLJU1607140001LLVI2312210041MNDP1101110010RSJB0506120033########################################################F000004007001005003006************
006MSMW0907210012PDNU0210020053PTSJ1804220042RNKQ2005060017RNYG0911020045ROOD1711120016########################################################T*********************************
006AZVT2102040026EEZR2707170038EKBU2012070037ETXJ1711050050GGQB1005060014GHCT2205180020########################################################T*********************************
009LUOS1204120047LUWQ0412010043LXHB2311220029LZJO1309120004MGRW1211060031MHOA2507140019MJEA1707200052MKXC2008030051MMIM0911190027##############T*********************************
005RUFS0510170025RVMS0505070013SKIE1212080022TKEL0502110011TSPE0611210034######################################################################T*********************************
007GISU1712180049GKVD0103040028GNCY0212000005GZMV2608140007JAXN1811200046JBYN0204000048JHWE0907220024##########################################T*********************************
********************************ARQUIVO*******************************
ALEXANDRE O PEQUENO@F@16/04/1995@(76) 37913-1575@FIT@IOG-6027@COTIA|JUNDIAI|LORENA|OSASCO|RIO DE JANEIRO|SAO JOSE DOS CAMPOS|SAO ROQUE|SOROCABA|TAUBATE@03/08/19@06:16@132.35@3@################################################################################JULIANA MENDES@F@09/05/1993@(29) 28025-9277@COROLLA@LJU-6052@COTIA|OSASCO|RIO DE JANEIRO|SAO JOSE DOS CAMPOS|SAO PAULO|SOROCABA@16/07/19@14:06@182.02@3@########################################################################################################ALEXANDRE O GRANDE@M@10/11/1989@(50) 70410-1812@TORO@OGT-6978@COTIA|JUNDIAI|LORENA|OSASCO|RIO DE JANEIRO|SAO JOSE DOS CAMPOS|SAO PAULO|SAO ROQUE|SOROCABA|TAUBATE@27/02/19@18:46@134.78@1@######################################################################JULIANA PAES@M@18/04/1990@(47) 97743-9995@COROLLA@MPB-5593@SAO JOSE DOS CAMPOS|SAO PAULO|SAO ROQUE|TAUBATE@09/02/19@16:38@076.79@4@#############################################################################################################################LETICIA FERREIRA DOS SANTOS@M@05/07/1995@(07) 31643-2605@CORSA@ZJO-9728@COTIA|OSASCO@13/09/19@12:14@027.96@3@###################################################################################################################################################GABRIEL NAO SOU FAKE@M@07/02/1999@(82) 06393-4323@ONIX@NCY-0322@COTIA|JUNDIAI|LORENA|OSASCO|RIO DE JANEIRO|SAO JOSE DOS CAMPOS|SAO PAULO|SAO ROQUE|SOROCABA|TAUBATE@02/12/19@00:35@020.29@4@####################################################################JULIANA MENDES@M@05/11/1994@(43) 45668-6853@COROLLA@QJM-8073@LORENA|SAO PAULO@16/11/19@11:25@197.40@3@##########################################################################################################################################################GABRIEL EL ANGEL@F@06/05/1991@(53) 74785-4754@CELTA@ZMV-6138@COTIA|JUNDIAI|LORENA|OSASCO|SAO JOSE DOS CAMPOS|SAO PAULO|SAO ROQUE|TAUBATE@26/08/19@14:49@200.01@1@###############################################################################################ALEXANDRE O CHEGA NE@F@27/03/1999@(11) 08643-7691@CELTA@GCH-8759@RIO DE JANEIRO|SAO PAULO|SAO ROQUE@01/08/19@12:09@196.43@1@####################################################################################################################################JULIA ANDRADE@F@24/05/1997@(15) 98005-1353@FUSCA@QVK-7563@SAO ROQUE|SOROCABA@05/10/19@09:24@188.17@3@###########################################################################################################################################################MATHEUS ROCHA@M@19/08/1997@(44) 96613-0676@CELTA@NDP-4449@RIO DE JANEIRO|SAO ROQUE|TAUBATE@11/01/19@11:01@240.60@3@#############################################################################################################################################TATIANA MONTEIRO@M@13/06/1992@(02) 66347-5253@UNO@KEL-0952@OSASCO|SAO PAULO@05/02/19@11:35@091.21@3@############################################################################################################################################################MATHEUS LIMA@M@10/01/1996@(69) 71525-2618@CORSA@SMW-2118@JUNDIAI|LORENA|OSASCO|RIO DE JANEIRO|SAO JOSE DOS CAMPOS|SAO PAULO|SAO ROQUE|SOROCABA@09/07/19@21:17@240.20@3@#########################################################################################ROBERT DOWNEY JUNIOR F :(@M@03/06/1995@(18) 70960-5638@FIT@VMS-1347@LORENA|SOROCABA@05/05/19@07:03@201.02@4@####################################################################################################################################################GABRIEL PENSADOR@F@03/03/1999@(18) 65767-0051@FIT@GQB-1773@LORENA|OSASCO|RIO DE JANEIRO@10/05/19@06:48@126.18@1@################################################################################################################################################ALEXANDRE O MEDIO@M@03/12/1993@(76) 31500-0103@ONIX@OKE-7409@LORENA|SAO PAULO@16/11/19@08:32@211.97@2@##########################################################################################################################################################ROBERT NORMAL@M@25/08/1994@(83) 37738-2824@CORSA@OOD-3565@COTIA|OSASCO|RIO DE JANEIRO|SAO JOSE DOS CAMPOS|SAO PAULO|SAO ROQUE|SOROCABA@17/11/19@12:26@194.40@2@#################################################################################################ROBERT PATTINSON@M@17/06/1996@(06) 43448-5938@FOX@NKQ-3439@RIO DE JANEIRO|SAO JOSE DOS CAMPOS|SAO ROQUE@20/05/19@06:50@061.33@4@################################################################################################################################ALEXANDRE O GRANDE@M@26/05/1996@(45) 41145-1319@UNO@YMB-6153@COTIA|SAO JOSE DOS CAMPOS|SAO PAULO|SAO ROQUE|TAUBATE@13/05/19@09:44@196.86@1@#####################################################################################################################MATEUS ALVES@M@16/11/1995@(89) 36627-1353@COROLLA@HOA-8993@JUNDIAI|RIO DE JANEIRO@25/07/19@14:09@138.71@2@######################################################################################################################################################GABRIEL EL ANGEL@F@26/10/1989@(75) 56259-4023@CORSA@HCT-3297@COTIA|JUNDIAI|LORENA|OSASCO|RIO DE JANEIRO|SAO PAULO|SAO ROQUE|SOROCABA|TAUBATE@22/05/19@18:21@048.12@2@###########################################################################################ALEXANDRE O MEDIO@F@03/01/1995@(22) 75709-5018@CELTA@SVX-3226@COTIA|JUNDIAI|LORENA|OSASCO|RIO DE JANEIRO|SAO PAULO|SAO ROQUE|SOROCABA|TAUBATE@05/09/19@13:49@046.42@1@##########################################################################################SABRINA SATO@F@13/02/1991@(59) 13524-8970@CORSA@KIE-0447@JUNDIAI|LORENA|OSASCO|RIO DE JANEIRO|SAO JOSE DOS CAMPOS|SAO PAULO|SOROCABA|TAUBATE@12/12/19@08:25@040.65@4@###########################################################################################LETICIA FERNANDES@M@23/03/1995@(15) 47139-8163@COROLLA@DPU-0503@COTIA|JUNDIAI|LORENA|OSASCO|SAO JOSE DOS CAMPOS|SAO PAULO|SAO ROQUE|SOROCABA|TAUBATE@05/06/19@10:37@232.80@3@###################################################################################JULIANA PAES@F@04/10/1990@(93) 62670-3318@CELTA@HWE-5506@COTIA|JUNDIAI|LORENA|OSASCO|RIO DE JANEIRO|SAO JOSE DOS CAMPOS|SAO ROQUE|SOROCABA|TAUBATE@09/07/19@22:30@107.75@2@#####################################################################################ROBERT PATTINSON@F@04/01/1997@(72) 89551-8081@TORO@UFS-7989@COTIA|JUNDIAI|LORENA|OSASCO|SAO JOSE DOS CAMPOS|SAO ROQUE|SOROCABA|TAUBATE@05/10/19@17:27@045.81@2@#################################################################################################ALEXANDRE O MIXURUCA@F@21/08/1996@(80) 29307-6799@GOL@ZVT-3573@LORENA|OSASCO@21/02/19@04:21@190.58@2@###########################################################################################################################################################MATHEUS LIMA@M@27/09/1993@(03) 27450-7914@UNO@MIM-0635@COTIA|JUNDIAI|LORENA|OSASCO|SAO JOSE DOS CAMPOS|SAO PAULO|SAO ROQUE|SOROCABA|TAUBATE@09/11/19@19:16@091.14@4@############################################################################################GABRIEL PENSADOR@M@14/09/1997@(51) 99042-0430@UNO@KVD-6214@COTIA|JUNDIAI|OSASCO|SAO JOSE DOS CAMPOS|SAO PAULO|SOROCABA|TAUBATE@01/03/19@04:15@019.29@3@#########################################################################################################LETICIA CARRARA@F@13/07/1990@(19) 36442-8657@GOL@XHB-3308@COTIA|LORENA|OSASCO|RIO DE JANEIRO|SAO JOSE DOS CAMPOS|SAO ROQUE|SOROCABA@23/11/19@22:27@234.83@2@####################################################################################################ALEXANDRE O CHEGA NE@F@23/04/1997@(63) 47824-0880@HB20@RLT-7106@COTIA|LORENA|OSASCO|RIO DE JANEIRO|SAO JOSE DOS CAMPOS|SOROCABA|TAUBATE@15/06/19@06:00@116.28@4@################################################################################################MATHEUS ROCHA@M@09/05/1993@(39) 32862-2885@HB20@GRW-1524@COTIA|JUNDIAI|LORENA|OSASCO|SAO JOSE DOS CAMPOS|SAO ROQUE|SOROCABA|TAUBATE@12/11/19@06:37@085.03@2@####################################################################################################ALEXANDRE O MIXURUCA@M@09/06/1995@(23) 47643-7021@GOL@MKC-1714@COTIA|SAO ROQUE@22/03/19@20:27@113.77@3@#########################################################################################################################################################ROBERT DOWNEY JUNIOR F :(@F@20/07/1989@(78) 64778-9651@ONIX@SJB-6080@COTIA|JUNDIAI|LORENA|OSASCO|RIO DE JANEIRO|SAO JOSE DOS CAMPOS|SAO PAULO|SAO ROQUE|SOROCABA@05/06/19@12:09@103.66@1@#######################################################################TATIANA MONTEIRO@M@09/01/1997@(29) 49121-8976@COROLLA@SPE-1387@OSASCO|SAO JOSE DOS CAMPOS|SAO PAULO|SAO ROQUE|SOROCABA@06/11/19@21:55@050.28@1@#################################################################################################################ALEXANDRE O MIXURUCA@M@10/02/1997@(06) 17056-6064@FOX@OIL-5132@COTIA|OSASCO|RIO DE JANEIRO|SAO JOSE DOS CAMPOS|TAUBATE@05/04/19@02:04@222.91@2@#################################################################################################################GABRIEL PENSADOR@M@09/05/1993@(30) 20260-8226@FUSCA@HOM-6113@LORENA|OSASCO|SAO JOSE DOS CAMPOS|SAO ROQUE@27/07/19@18:06@104.04@4@###############################################################################################################################EVELYN DOS SANTOS@M@21/04/1992@(11) 23272-8420@HB20@KBU-7400@JUNDIAI|LORENA|OSASCO|RIO DE JANEIRO|SAO JOSE DOS CAMPOS|SAO PAULO|SAO ROQUE|SOROCABA@20/12/19@07:33@195.14@4@#####################################################################################EVELYN DOS SANTOS@F@12/09/1994@(87) 87341-2024@TORO@EZR-9610@COTIA|JUNDIAI|LORENA|OSASCO|RIO DE JANEIRO|SAO ROQUE|SOROCABA|TAUBATE@27/07/19@17:31@024.72@3@#####################################################################################################JULIA ANDRADE@M@03/04/1995@(11) 33496-5679@FIT@YWJ-0082@COTIA|JUNDIAI|LORENA|OSASCO|SOROCABA|TAUBATE@06/10/19@01:36@182.69@4@###################################################################################################################################ALEXANDRE O MEDIO@M@08/08/1989@(65) 45314-3908@CORSA@PAV-8533@COTIA|JUNDIAI|LORENA|SAO PAULO|SOROCABA@21/08/19@22:47@068.34@2@##################################################################################################################################LETICIA FERREIRA DOS SANTOS@M@18/11/1997@(49) 51184-3376@FUSCA@LVI-1769@COTIA|JUNDIAI|LORENA|OSASCO|RIO DE JANEIRO|SAO JOSE DOS CAMPOS|SAO PAULO|SAO ROQUE|SOROCABA|TAUBATE@23/12/19@21:03@150.97@4@############################################################PABLO ESCOBAR@F@24/12/1998@(18) 88702-8005@FOX@TSJ-5183@COTIA|JUNDIAI|LORENA|OSASCO|RIO DE JANEIRO|SAO JOSE DOS CAMPOS|SAO PAULO|SAO ROQUE|SOROCABA|TAUBATE@18/04/19@22:38@033.77@4@############################################################################LETICIA CARRARA@F@12/04/1989@(86) 28375-8999@COROLLA@UWQ-6199@OSASCO|RIO DE JANEIRO|SAO JOSE DOS CAMPOS|SAO PAULO@04/12/19@01:48@122.06@1@######################################################################################################################ALEXANDRE O GIGANTESCO@M@05/11/1997@(82) 95075-4760@TORO@HHO-0532@COTIA|JUNDIAI|LORENA|OSASCO|RIO DE JANEIRO|SAO JOSE DOS CAMPOS|SAO PAULO|SAO ROQUE|SOROCABA@20/07/19@16:25@011.19@1@##########################################################################RENATA ARAGAO@F@07/03/1990@(47) 93803-8267@FIT@NYG-3893@LORENA|SAO PAULO@09/11/19@02:23@098.86@4@###############################################################################################################################################################JULIANA PAES@M@19/05/1996@(08) 78617-0509@CIVIC@AXN-8279@JUNDIAI|OSASCO|SAO PAULO|SAO ROQUE@18/11/19@20:40@238.03@2@############################################################################################################################################LETICIA BASTOS@F@16/08/1997@(48) 39723-6157@UNO@UOS-5296@COTIA|JUNDIAI|LORENA|OSASCO|RIO DE JANEIRO|SAO JOSE DOS CAMPOS|SAO PAULO|SAO ROQUE|TAUBATE@12/04/19@12:19@060.98@4@####################################################################################JULIANA PAES@M@09/07/1995@(15) 05615-2513@CIVIC@BYN-6992@JUNDIAI|LORENA|OSASCO|SAO JOSE DOS CAMPOS|SAO PAULO|SAO ROQUE|SOROCABA|TAUBATE@02/04/19@00:44@082.21@2@################################################################################################GABRIEL EL ANGEL@M@02/04/1992@(48) 59537-0760@CORSA@ISU-3717@COTIA|LORENA|OSASCO|SAO PAULO|SAO ROQUE|SOROCABA@17/12/19@18:44@210.62@3@##########################################################################################################################EDUARDO COSTA@F@18/08/1994@(62) 35808-1830@FIT@TXJ-7321@COTIA|JUNDIAI|LORENA|OSASCO|RIO DE JANEIRO|SAO JOSE DOS CAMPOS|SAO PAULO|SAO ROQUE|SOROCABA|TAUBATE@17/11/19@05:39@224.61@4@############################################################################MATHEUS AUGUSTO@F@13/03/1999@(70) 84590-9577@CELTA@KXC-8167@JUNDIAI|OSASCO|SAO JOSE DOS CAMPOS|SAO PAULO|SAO ROQUE|SOROCABA@20/08/19@03:37@062.81@2@############################################################################################################MATHEUS ROCHA@F@04/09/1997@(15) 55827-1923@ONIX@JEA-6628@JUNDIAI|LORENA@17/07/19@20:30@068.88@3@################################################################################################################################################################PABLO VITTAR@M@17/04/1995@(67) 66511-5935@FOX@DNU-4636@JUNDIAI|LORENA|OSASCO|RIO DE JANEIRO|SAO JOSE DOS CAMPOS|SAO PAULO|SAO ROQUE|SOROCABA@02/10/19@02:24@132.23@2@###########################################################################################
********************************BUSCAR********************************
Busca por GKVD010304. Nos percorridos:
AYMB130509, GHOM270718, JLJU160714, LLVI231221, MNDP110111, RSJB050612
GISU171218, GKVD010304, GNCY021200, GZMV260814, JAXN181120, JBYN020400, JHWE090722

GKVD010304
GABRIEL PENSADOR
M
14/09/1997
(51) 99042-0430
UNO
KVD-6214
01/03/19
04:15
019.29
3
COTIA, JUNDIAI, OSASCO, SAO JOSE DOS CAMPOS, SAO PAULO, SOROCABA, TAUBATE
***************************INDICE PRIMÁRIO****************************
010AGCH0108120008AHHO2007160044AIOG0308060000AMKC2203200032AOGT2702180002AOIL0504020035AOKE1611080015APAV2108220040ARLT1506060030ASVX0509130021T*********************************
005JMPB0902160003JQJM1611110006JQVK0510090009JYWJ0610010039LDPU0506100023######################################################################T*********************************
006AYMB1305090018GHOM2707180036JLJU1607140001LLVI2312210041MNDP1101110010RSJB0506120033########################################################F000004007001005003006************
006MSMW0907210012PDNU0210020053PTSJ1804220042RNKQ2005060017RNYG0911020045ROOD1711120016########################################################T*********************************
006AZVT2102040026EEZR2707170038EKBU2012070037ETXJ1711050050GGQB1005060014GHCT2205180020########################################################T*********************************
009LUOS1204120047LUWQ0412010043LXHB2311220029LZJO1309120004MGRW1211060031MHOA2507140019MJEA1707200052MKXC2008030051MMIM0911190027##############T*********************************
005RUFS0510170025RVMS0505070013SKIE1212080022TKEL0502110011TSPE0611210034######################################################################T*********************************
007GISU1712180049GKVD0103040028GNCY0212000005GZMV2608140007JAXN1811200046JBYN0204000048JHWE0907220024##########################################T*********************************
********************************LISTAR********************************
1 - AYMB130509, GHOM270718, JLJU160714, LLVI231221, MNDP110111, RSJB050612
2 - AGCH010812, AHHO200716, AIOG030806, AMKC220320, AOGT270218, AOIL050402, AOKE161108, APAV210822, ARLT150606, ASVX050913
2 - AZVT210204, EEZR270717, EKBU201207, ETXJ171105, GGQB100506, GHCT220518
2 - GISU171218, GKVD010304, GNCY021200, GYYF161021, GZMV260814, JAXN181120, JBYN020400, JHWE090722
2 - JMPB090216, JQJM161111, JQVK051009, JYWJ061001, LDPU050610
2 - LUOS120412, LUWQ041201, LXHB231122, LZJO130912, MGRW121106, MHOA250714, MJEA170720, MKXC200803, MMIM091119
2 - MSMW090721, PDNU021002, PTSJ180422, RNKQ200506, RNYG091102, ROOD171112
2 - RUFS051017, RVMS050507, SKIE121208, TKEL050211, TSPE061121
********************************LISTAR********************************
LORENA------------------------ 17/07/19 - 20:30-
OSASCO------------------------ 21/02/19 - 04:21-
OSASCO------------------------ 13/09/19 - 12:14-
RIO DE JANEIRO---------------- 10/05/19 - 06:48-
RIO DE JANEIRO---------------- 25/07/19 - 14:09-
SAO PAULO--------------------- 05/02/19 - 11:35-
SAO PAULO--------------------- 09/11/19 - 02:23-
SAO PAULO--------------------- 16/11/19 - 08:32-
SAO PAULO--------------------- 16/11/19 - 11:25-
SAO PAULO--------------------- 04/12/19 - 01:48-
SAO ROQUE--------------------- 22/03/19 - 20:27-
SAO ROQUE--------------------- 20/05/19 - 06:50-
SAO ROQUE--------------------- 27/07/19 - 18:06-
SAO ROQUE--------------------- 01/08/19 - 12:09-
SAO ROQUE--------------------- 18/11/19 - 20:40-
SOROCABA---------------------- 05/05/19 - 07:03-
SOROCABA---------------------- 05/06/19 - 12:09-
SOROCABA---------------------- 09/07/19 - 21:17-
SOROCABA---------------------- 16/07/19 - 14:06-
SOROCABA---------------------- 20/07/19 - 16:25-
SOROCABA---------------------- 20/08/19 - 03:37-
SOROCABA---------------------- 21/08/19 - 22:47-
SOROCABA---------------------- 02/10/19 - 02:24-
SOROCABA---------------------- 05/10/19 - 09:24-
SOROCABA---------------------- 06/11/19 - 21:55-
SOROCABA---------------------- 17/11/19 - 12:26-
SOROCABA---------------------- 23/11/19 - 22:27-
SOROCABA---------------------- 17/12/19 - 18:44-
SOROCABA---------------------- 20/12/19 - 07:33-
TAUBATE----------------------- 11/01/19 - 11:01-
TAUBATE----------------------- 09/02/19 - 16:38-
TAUBATE----------------------- 27/02/19 - 18:46-
TAUBATE----------------------- 01/03/19 - 04:15-
TAUBATE----------------------- 02/04/19 - 00:44-
TAUBATE----------------------- 05/04/19 - 02:04-
TAUBATE----------------------- 12/04/19 - 12:19-
TAUBATE----------------------- 18/04/19 - 22:38-
TAUBATE----------------------- 13/05/19 - 09:44-
TAUBATE----------------------- 22/05/19 - 18:21-
TAUBATE----------------------- 05/06/19 - 10:37-
TAUBATE----------------------- 15/06/19 - 06:00-
TAUBATE----------------------- 09/07/19 - 22:30-
TAUBATE----------------------- 27/07/19 - 17:31-
TAUBATE----------------------- 03/08/19 - 06:16-
TAUBATE----------------------- 26/08/19 - 14:49-
TAUBATE----------------------- 05/09/19 - 13:49-
TAUBATE----------------------- 05/10/19 - 17:27-
TAUBATE----------------------- 06/10/19 - 01:36-
TAUBATE----------------------- 16/10/19 - 21:11-
TAUBATE----------------------- 09/11/19 - 19:16-
TAUBATE----------------------- 12/11/19 - 06:37-
TAUBATE----------------------- 17/11/19 - 05:39-
TAUBATE----------------------- 02/12/19 - 00:35-
TAUBATE----------------------- 12/12/19 - 08:25-
TAUBATE----------------------- 23/12/19 - 21:03-
********************************ARQUIVO*******************************
ALEXANDRE O PEQUENO@F@16/04/1995@(76) 37913-1575@FIT@IOG-6027@COTIA|JUNDIAI|LORENA|OSASCO|RIO DE JANEIRO|SAO JOSE DOS CAMPOS|SAO ROQUE|SOROCABA|TAUBATE@03/08/19@06:16@132.35@3@################################################################################JULIANA MENDES@F@09/05/1993@(29) 28025-9277@COROLLA@LJU-6052@COTIA|OSASCO|RIO DE JANEIRO|SAO JOSE DOS CAMPOS|SAO PAULO|SOROCABA@16/07/19@14:06@182.02@3@########################################################################################################ALEXANDRE O GRANDE@M@10/11/1989@(50) 70410-1812@TORO@OGT-6978@COTIA|JUNDIAI|LORENA|OSASCO|RIO DE JANEIRO|SAO JOSE DOS CAMPOS|SAO PAULO|SAO ROQUE|SOROCABA|TAUBATE@27/02/19@18:46@134.78@1@######################################################################JULIANA PAES@M@18/04/1990@(47) 97743-9995@COROLLA@MPB-5593@SAO JOSE DOS CAMPOS|SAO PAULO|SAO ROQUE|TAUBATE@09/02/19@16:38@076.79@4@#############################################################################################################################LETICIA FERREIRA DOS SANTOS@M@05/07/1995@(07) 31643-2605@CORSA@ZJO-9728@COTIA|OSASCO@13/09/19@12:14@027.96@3@###################################################################################################################################################GABRIEL NAO SOU FAKE@M@07/02/1999@(82) 06393-4323@ONIX@NCY-0322@COTIA|JUNDIAI|LORENA|OSASCO|RIO DE JANEIRO|SAO JOSE DOS CAMPOS|SAO PAULO|SAO ROQUE|SOROCABA|TAUBATE@02/12/19@00:35@020.29@4@####################################################################JULIANA MENDES@M@05/11/1994@(43) 45668-6853@COROLLA@QJM-8073@LORENA|SAO PAULO@16/11/19@11:25@197.40@3@##########################################################################################################################################################GABRIEL EL ANGEL@F@06/05/1991@(53) 74785-4754@CELTA@ZMV-6138@COTIA|JUNDIAI|LORENA|OSASCO|SAO JOSE DOS CAMPOS|SAO PAULO|SAO ROQUE|TAUBATE@26/08/19@14:49@200.01@1@###############################################################################################ALEXANDRE O CHEGA NE@F@27/03/1999@(11) 08643-7691@CELTA@GCH-8759@RIO DE JANEIRO|SAO PAULO|SAO ROQUE@01/08/19@12:09@196.43@1@####################################################################################################################################JULIA ANDRADE@F@24/05/1997@(15) 98005-1353@FUSCA@QVK-7563@SAO ROQUE|SOROCABA@05/10/19@09:24@188.17@3@###########################################################################################################################################################MATHEUS ROCHA@M@19/08/1997@(44) 96613-0676@CELTA@NDP-4449@RIO DE JANEIRO|SAO ROQUE|TAUBATE@11/01/19@11:01@240.60@3@#############################################################################################################################################TATIANA MONTEIRO@M@13/06/1992@(02) 66347-5253@UNO@KEL-0952@OSASCO|SAO PAULO@05/02/19@11:35@091.21@3@############################################################################################################################################################MATHEUS LIMA@M@10/01/1996@(69) 71525-2618@CORSA@SMW-2118@JUNDIAI|LORENA|OSASCO|RIO DE JANEIRO|SAO JOSE DOS CAMPOS|SAO PAULO|SAO ROQUE|SOROCABA@09/07/19@21:17@240.20@3@#########################################################################################ROBERT DOWNEY JUNIOR F :(@M@03/06/1995@(18) 70960-5638@FIT@VMS-1347@LORENA|SOROCABA@05/05/19@07:03@201.02@4@####################################################################################################################################################GABRIEL PENSADOR@F@03/03/1999@(18) 65767-0051@FIT@GQB-1773@LORENA|OSASCO|RIO DE JANEIRO@10/05/19@06:48@126.18@1@################################################################################################################################################ALEXANDRE O MEDIO@M@03/12/1993@(76) 31500-0103@ONIX@OKE-7409@LORENA|SAO PAULO@16/11/19@08:32@211.97@2@##########################################################################################################################################################ROBERT NORMAL@M@25/08/1994@(83) 37738-2824@CORSA@OOD-3565@COTIA|OSASCO|RIO DE JANEIRO|SAO JOSE DOS CAMPOS|SAO PAULO|SAO ROQUE|SOROCABA@17/11/19@12:26@194.40@2@#################################################################################################ROBERT PATTINSON@M@17/06/1996@(06) 43448-5938@FOX@NKQ-3439@RIO DE JANEIRO|SAO JOSE DOS CAMPOS|SAO ROQUE@20/05/19@06:50@061.33@4@################################################################################################################################ALEXANDRE O GRANDE@M@26/05/1996@(45) 41145-1319@UNO@YMB-6153@COTIA|SAO JOSE DOS CAMPOS|SAO PAULO|SAO ROQUE|TAUBATE@13/05/19@09:44@196.86@1@#####################################################################################################################MATEUS ALVES@M@16/11/1995@(89) 36627-1353@COROLLA@HOA-8993@JUNDIAI|RIO DE JANEIRO@25/07/19@14:09@138.71@2@######################################################################################################################################################GABRIEL EL ANGEL@F@26/10/1989@(75) 56259-4023@CORSA@HCT-3297@COTIA|JUNDIAI|LORENA|OSASCO|RIO DE JANEIRO|SAO PAULO|SAO ROQUE|SOROCABA|TAUBATE@22/05/19@18:21@048.12@2@###########################################################################################ALEXANDRE O MEDIO@F@03/01/1995@(22) 75709-5018@CELTA@SVX-3226@COTIA|JUNDIAI|LORENA|OSASCO|RIO DE JANEIRO|SAO PAULO|SAO ROQUE|SOROCABA|TAUBATE@05/09/19@13:49@046.42@1@##########################################################################################SABRINA SATO@F@13/02/1991@(59) 13524-8970@CORSA@KIE-0447@JUNDIAI|LORENA|OSASCO|RIO DE JANEIRO|SAO JOSE DOS CAMPOS|SAO PAULO|SOROCABA|TAUBATE@12/12/19@08:25@040.65@4@###########################################################################################LETICIA FERNANDES@M@23/03/1995@(15) 47139-8163@COROLLA@DPU-0503@COTIA|JUNDIAI|LORENA|OSASCO|SAO JOSE DOS CAMPOS|SAO PAULO|SAO ROQUE|SOROCABA|TAUBATE@05/06/19@10:37@232.80@3@###################################################################################JULIANA PAES@F@04/10/1990@(93) 62670-3318@CELTA@HWE-5506@COTIA|JUNDIAI|LORENA|OSASCO|RIO DE JANEIRO|SAO JOSE DOS CAMPOS|SAO ROQUE|SOROCABA|TAUBATE@09/07/19@22:30@107.75@2@#####################################################################################ROBERT PATTINSON@F@04/01/1997@(72) 89551-8081@TORO@UFS-7989@COTIA|JUNDIAI|LORENA|OSASCO|SAO JOSE DOS CAMPOS|SAO ROQUE|SOROCABA|TAUBATE@05/10/19@17:27@045.81@2@#################################################################################################ALEXANDRE O MIXURUCA@F@21/08/1996@(80) 29307-6799@GOL@ZVT-3573@LORENA|OSASCO@21/02/19@04:21@190.58@2@###########################################################################################################################################################MATHEUS LIMA@M@27/09/1993@(03) 27450-7914@UNO@MIM-0635@COTIA|JUNDIAI|LORENA|OSASCO|SAO JOSE DOS CAMPOS|SAO PAULO|SAO ROQUE|SOROCABA|TAUBATE@09/11/19@19:16@091.14@4@############################################################################################GABRIEL PENSADOR@M@14/09/1997@(51) 99042-0430@UNO@KVD-6214@COTIA|JUNDIAI|OSASCO|SAO JOSE DOS CAMPOS|SAO PAULO|SOROCABA|TAUBATE@01/03/19@04:15@019.29@3@#########################################################################################################LETICIA CARRARA@F@13/07/1990@(19) 36442-8657@GOL@XHB-3308@COTIA|LORENA|OSASCO|RIO DE JANEIRO|SAO JOSE DOS CAMPOS|SAO ROQUE|SOROCABA@23/11/19@22:27@234.83@2@####################################################################################################ALEXANDRE O CHEGA NE@F@23/04/1997@(63) 47824-0880@HB20@RLT-7106@COTIA|LORENA|OSASCO|RIO DE JANEIRO|SAO JOSE DOS CAMPOS|SOROCABA|TAUBATE@15/06/19@06:00@116.28@4@################################################################################################MATHEUS ROCHA@M@09/05/1993@(39) 32862-2885@HB20@GRW-1524@COTIA|JUNDIAI|LORENA|OSASCO|SAO JOSE DOS CAMPOS|SAO ROQUE|SOROCABA|TAUBATE@12/11/19@06:37@085.03@2@####################################################################################################ALEXANDRE O MIXURUCA@M@09/06/1995@(23) 47643-7021@GOL@MKC-1714@COTIA|SAO ROQUE@22/03/19@20:27@113.77@3@#########################################################################################################################################################ROBERT DOWNEY JUNIOR F :(@F@20/07/1989@(78) 64778-9651@ONIX@SJB-6080@COTIA|JUNDIAI|LORENA|OSASCO|RIO DE JANEIRO|SAO JOSE DOS CAMPOS|SAO PAULO|SAO ROQUE|SOROCABA@05/06/19@12:09@103.66@1@#######################################################################TATIANA MONTEIRO@M@09/01/1997@(29) 49121-8976@COROLLA@SPE-1387@OSASCO|SAO JOSE DOS CAMPOS|SAO PAULO|SAO ROQUE|SOROCABA@06/11/19@21:55@050.28@1@#################################################################################################################ALEXANDRE O MIXURUCA@M@10/02/1997@(06) 17056-6064@FOX@OIL-5132@COTIA|OSASCO|RIO DE JANEIRO|SAO JOSE DOS CAMPOS|TAUBATE@05/04/19@02:04@222.91@2@#################################################################################################################GABRIEL PENSADOR@M@09/05/1993@(30) 20260-8226@FUSCA@HOM-6113@LORENA|OSASCO|SAO JOSE DOS CAMPOS|SAO ROQUE@27/07/19@18:06@104.04@4@###############################################################################################################################EVELYN DOS SANTOS@M@21/04/1992@(11) 23272-8420@HB20@KBU-7400@JUNDIAI|LORENA|OSASCO|RIO DE JANEIRO|SAO JOSE DOS CAMPOS|SAO PAULO|SAO ROQUE|SOROCABA@20/12/19@07:33@195.14@4@#####################################################################################EVELYN DOS SANTOS@F@12/09/1994@(87) 87341-2024@TORO@EZR-9610@COTIA|JUNDIAI|LORENA|OSASCO|RIO DE JANEIRO|SAO ROQUE|SOROCABA|TAUBATE@27/07/19@17:31@024.72@3@#####################################################################################################JULIA ANDRADE@M@03/04/1995@(11) 33496-5679@FIT@YWJ-0082@COTIA|JUNDIAI|LORENA|OSASCO|SOROCABA|TAUBATE@06/10/19@01:36@182.69@4@###################################################################################################################################ALEXANDRE O MEDIO@M@08/08/1989@(65) 45314-3908@CORSA@PAV-8533@COTIA|JUNDIAI|LORENA|SAO PAULO|SOROCABA@21/08/19@22:47@068.34@2@##################################################################################################################################LETICIA FERREIRA DOS SANTOS@M@18/11/1997@(49) 51184-3376@FUSCA@LVI-1769@COTIA|JUNDIAI|LORENA|OSASCO|RIO DE JANEIRO|SAO JOSE DOS CAMPOS|SAO PAULO|SAO ROQUE|SOROCABA|TAUBATE@23/12/19@21:03@150.97@4@############################################################PABLO ESCOBAR@F@24/12/1998@(18) 88702-8005@FOX@TSJ-5183@COTIA|JUNDIAI|LORENA|OSASCO|RIO DE JANEIRO|SAO JOSE DOS CAMPOS|SAO PAULO|SAO ROQUE|SOROCABA|TAUBATE@18/04/19@22:38@033.77@4@############################################################################LETICIA CARRARA@F@12/04/1989@(86) 28375-8999@COROLLA@UWQ-6199@OSASCO|RIO DE JANEIRO|SAO JOSE DOS CAMPOS|SAO PAULO@04/12/19@01:48@122.06@1@######################################################################################################################ALEXANDRE O GIGANTESCO@M@05/11/1997@(82) 95075-4760@TORO@HHO-0532@COTIA|JUNDIAI|LORENA|OSASCO|RIO DE JANEIRO|SAO JOSE DOS CAMPOS|SAO PAULO|SAO ROQUE|SOROCABA@20/07/19@16:25@011.19@1@##########################################################################RENATA ARAGAO@F@07/03/1990@(47) 93803-8267@FIT@NYG-3893@LORENA|SAO PAULO@09/11/19@02:23@098.86@4@###############################################################################################################################################################JULIANA PAES@M@19/05/1996@(08) 78617-0509@CIVIC@AXN-8279@JUNDIAI|OSASCO|SAO PAULO|SAO ROQUE@18/11/19@20:40@238.03@2@############################################################################################################################################LETICIA BASTOS@F@16/08/1997@(48) 39723-6157@UNO@UOS-5296@COTIA|JUNDIAI|LORENA|OSASCO|RIO DE JANEIRO|SAO JOSE DOS CAMPOS|SAO PAULO|SAO ROQUE|TAUBATE@12/04/19@12:19@060.98@4@####################################################################################JULIANA PAES@M@09/07/1995@(15) 05615-2513@CIVIC@BYN-6992@JUNDIAI|LORENA|OSASCO|SAO JOSE DOS CAMPOS|SAO PAULO|SAO ROQUE|SOROCABA|TAUBATE@02/04/19@00:44@082.21@2@################################################################################################GABRIEL EL ANGEL@M@02/04/1992@(48) 59537-0760@CORSA@ISU-3717@COTIA|LORENA|OSASCO|SAO PAULO|SAO ROQUE|SOROCABA@17/12/19@18:44@210.62@3@##########################################################################################################################EDUARDO COSTA@F@18/08/1994@(62) 35808-1830@FIT@TXJ-7321@COTIA|JUNDIAI|LORENA|OSASCO|RIO DE JANEIRO|SAO JOSE DOS CAMPOS|SAO PAULO|SAO ROQUE|SOROCABA|TAUBATE@17/11/19@05:39@224.61@4@############################################################################MATHEUS AUGUSTO@F@13/03/1999@(70) 84590-9577@CELTA@KXC-8167@JUNDIAI|OSASCO|SAO JOSE DOS CAMPOS|SAO PAULO|SAO ROQUE|SOROCABA@20/08/19@03:37@062.81@2@############################################################################################################MATHEUS ROCHA@F@04/09/1997@(15) 55827-1923@ONIX@JEA-6628@JUNDIAI|LORENA@17/07/19@20:30@068.88@3@################################################################################################################################################################PABLO VITTAR@M@17/04/1995@(67) 66511-5935@FOX@DNU-4636@JUNDIAI|LORENA|OSASCO|RIO DE JANEIRO|SAO JOSE DOS CAMPOS|SAO PAULO|SAO ROQUE|SOROCABA@02/10/19@02:24@132.23@2@###########################################################################################GABRIELA ALVEZ@M@11/08/1994@(55) 61718-7792@CORSA@YYF-9900@COTIA|JUNDIAI|LORENA|OSASCO|RIO DE JANEIRO|SAO JOSE DOS CAMPOS|SAO PAULO|SAO ROQUE|SOROCABA|TAUBATE@16/10/19@21:11@231.66@2@#########################################################################
***************************INDICE PRIMÁRIO****************************
010AGCH0108120008AHHO2007160044AIOG0308060000AMKC2203200032AOGT2702180002AOIL0504020035AOKE1611080015APAV2108220040ARLT1506060030ASVX0509130021T*********************************
005JMPB0902160003JQJM1611110006JQVK0510090009JYWJ0610010039LDPU0506100023######################################################################T*********************************
006AYMB1305090018GHOM2707180036JLJU1607140001LLVI2312210041MNDP1101110010RSJB0506120033########################################################F000004007001005003006************
006MSMW0907210012PDNU0210020053PTSJ1804220042RNKQ2005060017RNYG0911020045ROOD1711120016########################################################T*********************************
006AZVT2102040026EEZR2707170038EKBU2012070037ETXJ1711050050GGQB1005060014GHCT2205180020########################################################T*********************************
009LUOS1204120047LUWQ0412010043LXHB2311220029LZJO1309120004MGRW1211060031MHOA2507140019MJEA1707200052MKXC2008030051MMIM0911190027##############T*********************************
005RUFS0510170025RVMS0505070013SKIE1212080022TKEL0502110011TSPE0611210034######################################################################T*********************************
008GISU1712180049GKVD0103040028GNCY0212000005GYYF1610210054GZMV2608140007JAXN1811200046JBYN0204000048JHWE0907220024############################T*********************************
***************************INDICE SECUNDÁRIO**************************
004MJEA170720LORENA$1907172030########################AZVT210204OSASCO$1902210421########################LZJO130912OSASCO$1909131214########################GGQB100506RIO DE JANEIRO$1905100648#########################################################################################################################################################################T************************
007GKVD010304TAUBATE$1903010415#######################JBYN020400TAUBATE$1904020044#######################AOIL050402TAUBATE$1904050204#######################LUOS120412TAUBATE$1904121219#######################PTSJ180422TAUBATE$1904182238#######################AYMB130509TAUBATE$1905130944#######################GHCT220518TAUBATE$1905221821#######################T************************
005MHOA250714RIO DE JANEIRO$1907251409################JQJM161111SAO PAULO$1911161125#####################AGCH010812SAO ROQUE$1908011209#####################JLJU160714SOROCABA$1907161406######################LXHB231122SOROCABA$1911232227############################################################################################################################F000012004009003007******
007AHHO200716SOROCABA$1907201625######################MKXC200803SOROCABA$1908200337######################APAV210822SOROCABA$1908212247######################PDNU021002SOROCABA$1910020224######################JQVK051009SOROCABA$1910050924######################TSPE061121SOROCABA$1911062155######################ROOD171112SOROCABA$1911171226######################T************************
004LUWQ041201SAO PAULO$1912040148#####################AMKC220320SAO ROQUE$1903222027#####################RNKQ200506SAO ROQUE$1905200650#####################GHOM270718SAO ROQUE$1907271806##############################################################################################################################################################################T************************
005ASVX050913TAUBATE$1909051349#######################RUFS051017TAUBATE$1910051727#######################JYWJ061001TAUBATE$1910060136#######################GYYF161021TAUBATE$1910162111#######################MMIM091119TAUBATE$1911091916#############################################################################################################################T************************
004ARLT150606TAUBATE$1906150600#######################JHWE090722TAUBATE$1907092230#######################EEZR270717TAUBATE$1907271731#######################AIOG030806TAUBATE$1908030616################################################################################################################################################################################T************************
004GISU171218SOROCABA$1912171844######################EKBU201207SOROCABA$1912200733######################MNDP110111TAUBATE$1901111101#######################JMPB090216TAUBATE$1902091638################################################################################################################################################################################T************************
004ETXJ171105TAUBATE$1911170539#######################GNCY021200TAUBATE$1912020035#######################SKIE121208TAUBATE$1912120825#######################LLVI231221TAUBATE$1912232103################################################################################################################################################################################T************************
004JAXN181120SAO ROQUE$1911182040#####################RVMS050507SOROCABA$1905050703######################RSJB050612SOROCABA$1906051209######################MSMW090721SOROCABA$1907092117###############################################################################################################################################################################T************************
003LDPU050610TAUBATE$1906051037#######################GZMV260814TAUBATE$1908261449#######################MGRW121106TAUBATE$1911120637###################################################################################################################################################################################################################################F001006005008************
001AOGT270218TAUBATE$1902271846#########################################################################################################################################################################################################################################################################################################################################F002010******************
003TKEL050211SAO PAULO$1902051135#####################RNYG091102SAO PAULO$1911090223#####################AOKE161108SAO PAULO$1911160832#################################################################################################################################################################################################################################T************************
