********************************LISTAR********************************
Registro(s) nao encontrado!
***************************INDICE SECUNDÁRIO**************************
001GIHU250910RIO DE JANEIRO$1909251037###################################################################T*********
001EFIA201103TAUBATE$1911200300##########################################################################T*********
001AYFR121106TAUBATE$1911120600##########################################################################F000001***
***************************INDICE PRIMÁRIO****************************
002AYFR1211060002AZJL1203040005T*********
001GFFK0404200004##############T*********
002EFIA2011030000GIHU2509100001F000001003
001JDRH0409060003##############T*********
********************************BUSCAR********************************
Busca por 7777230917. Nos percorridos:
EFIA201103, GIHU250910
AYFR121106, AZJL120304

Registro(s) nao encontrado!
********************************LISTAR********************************
RIO DE JANEIRO---------------- 25/09/19 - 10:37-
SAO PAULO--------------------- 12/03/19 - 04:45-
SAO ROQUE--------------------- 04/04/19 - 20:58-
TAUBATE----------------------- 04/09/19 - 06:03-
TAUBATE----------------------- 12/11/19 - 06:00-
TAUBATE----------------------- 19/11/19 - 16:08-
TAUBATE----------------------- 20/11/19 - 03:00-
********************************LISTAR********************************
1 - GIHU250910
2 - EFIA201103
3 - AYFR121106, AZJL120304
3 - GFFK040420
2 - JMHK191116
3 - JDRH040906
3 - ROJN010819
********************************ARQUIVO*******************************
EDUARDO COSTA@F@22/02/1990@(00) 92543-1805@COROLLA@FIA-8309@COTIA|JUNDIAI|LORENA|OSASCO|RIO DE JANEIRO|SAO JOSE DOS CAMPOS|SAO PAULO|SAO ROQUE|SOROCABA|TAUBATE@20/11/19@03:00@076.92@2@########################################################################GABRIEL THE ANGEL@M@21/08/1996@(14) 50661-7360@FUSCA@IHU-0289@JUNDIAI|RIO DE JANEIRO@25/09/19@10:37@177.38@3@###################################################################################################################################################ANA JULIA@F@04/12/1990@(82) 32839-2752@FUSCA@YFR-6453@COTIA|JUNDIAI|LORENA|SAO JOSE DOS CAMPOS|SAO PAULO|SAO ROQUE|TAUBATE@12/11/19@06:00@197.47@4@#############################################################################################################JULIANA MENDES@F@26/09/1997@(56) 49039-8919@FIT@DRH-6247@JUNDIAI|LORENA|RIO DE JANEIRO|SAO PAULO|SOROCABA|TAUBATE@04/09/19@06:03@226.51@4@######################################################################################################################GABRIEL EL ANGEL@F@16/11/1993@(76) 67279-4709@UNO@FFK-5952@COTIA|SAO ROQUE@04/04/19@20:58@058.50@4@#############################################################################################################################################################ALEXANDRE O MEDIO@M@25/02/1991@(86) 59834-0729@CIVIC@ZJL-0710@COTIA|JUNDIAI|OSASCO|RIO DE JANEIRO|SAO PAULO@12/03/19@04:45@074.94@1@############################################################################################################################JULIA ANDRADE@F@14/12/1993@(46) 21137-8170@COROLLA@MHK-3697@COTIA|JUNDIAI|LORENA|OSASCO|RIO DE JANEIRO|SAO JOSE DOS CAMPOS|SAO PAULO|SAO ROQUE|SOROCABA|TAUBATE@19/11/19@16:08@227.04@1@########################################################################RENATA ARAGAO@F@03/02/1999@(04) 98645-1066@HB20@OJN-4069@COTIA|JUNDIAI|LORENA|RIO DE JANEIRO|SAO ROQUE|SOROCABA@01/08/19@19:03@025.24@2@########################################################################################################################
********************************LISTAR********************************
RIO DE JANEIRO---------------- 25/09/19 - 10:37-
SAO PAULO--------------------- 12/03/19 - 04:45-
SAO ROQUE--------------------- 04/04/19 - 20:58-
SOROCABA---------------------- 27/05/19 - 22:18-
SOROCABA---------------------- 01/08/19 - 19:03-
TAUBATE----------------------- 04/09/19 - 06:03-
TAUBATE----------------------- 12/11/19 - 06:00-
TAUBATE----------------------- 19/11/19 - 16:08-
TAUBATE----------------------- 20/11/19 - 03:00-
***************************INDICE PRIMÁRIO****************************
002AYFR1211060002AZJL1203040005T*********
001GFFK0404200004##############T*********
001EFIA2011030000##############F000001***
001JDRH0409060003##############T*********
002LJFS2705220008ROJN0108190007T*********
001JMHK1911160006##############F003004***
001GIHU2509100001##############F002005***
********************************BUSCAR********************************
Busca por SAO ROQUE$1908011903.
Nos percorridos:
SOROCABA$1908011903
SAO ROQUE$1904042058
SOROCABA$1905272218

Registro(s) nao encontrado!
********************************BUSCAR********************************
Busca por RIO DE JANEIRO$1905272218.
Nos percorridos:
SOROCABA$1908011903
SAO ROQUE$1904042058
RIO DE JANEIRO$1909251037, SAO PAULO$1903120445

Registro(s) nao encontrado!
********************************LISTAR********************************
1 - GIHU250910, JMHK191116
2 - AYFR121106, EFIA201103
3 - AXAJ261017
3 - AZJL120304
3 - GFFK040420
2 - JCQA210901
3 - GPSI061209
3 - JDRH040906
2 - LZNQ200521
3 - LJFS270522, LTCL150908
3 - ROJN010819, RSTK190104
***************************INDICE PRIMÁRIO****************************
001AXAJ2610170012##############T*********
001GFFK0404200004##############T*********
002AYFR1211060002EFIA2011030000F000008001
001GPSI0612090010##############T*********
002LJFS2705220008LTCL1509080014T*********
001JCQA2109010013##############F003009***
002GIHU2509100001JMHK1911160006F002005010
002ROJN0108190007RSTK1901040011T*********
001AZJL1203040005##############T*********
001JDRH0409060003##############T*********
001LZNQ2005210009##############F004007***
********************************LISTAR********************************
1 - GIHU250910, JMHK191116
2 - AYFR121106, EFIA201103
3 - AXAJ261017
3 - AZJL120304
3 - GFFK040420
2 - JCQA210901
3 - GPSI061209
3 - JDRH040906
2 - LZNQ200521
3 - LJFS270522, LTCL150908
3 - ROJN010819, RSTK190104
********************************BUSCAR********************************
Busca por GIHU250910. Nos percorridos:
GIHU250910, JMHK191116

GIHU250910
GABRIEL THE ANGEL
M
21/08/1996
(14) 50661-7360
FUSCA
IHU-0289
25/09/19
10:37
177.38
3
JUNDIAI, RIO DE JANEIRO
***************************INDICE PRIMÁRIO****************************
002ANLL0811180015AXAJ2610170012T*********
001GFFK0404200004##############T*********
002AYFR1211060002EFIA2011030000F000008001
001GPSI0612090010##############T*********
001LJFS2705220008##############T*********
001JCQA2109010013##############F003009***
002GIHU2509100001JMHK1911160006F002005010
002ROJN0108190007RSTK1901040011T*********
001AZJL1203040005##############T*********
001JDRH0409060003##############T*********
002LOBH2610150016LZNQ2005210009F004011007
001LTCL1509080014##############T*********
********************************ARQUIVO*******************************
EDUARDO COSTA@F@22/02/1990@(00) 92543-1805@COROLLA@FIA-8309@COTIA|JUNDIAI|LORENA|OSASCO|RIO DE JANEIRO|SAO JOSE DOS CAMPOS|SAO PAULO|SAO ROQUE|SOROCABA|TAUBATE@20/11/19@03:00@076.92@2@########################################################################GABRIEL THE ANGEL@M@21/08/1996@(14) 50661-7360@FUSCA@IHU-0289@JUNDIAI|RIO DE JANEIRO@25/09/19@10:37@177.38@3@###################################################################################################################################################ANA JULIA@F@04/12/1990@(82) 32839-2752@FUSCA@YFR-6453@COTIA|JUNDIAI|LORENA|SAO JOSE DOS CAMPOS|SAO PAULO|SAO ROQUE|TAUBATE@12/11/19@06:00@197.47@4@#############################################################################################################JULIANA MENDES@F@26/09/1997@(56) 49039-8919@FIT@DRH-6247@JUNDIAI|LORENA|RIO DE JANEIRO|SAO PAULO|SOROCABA|TAUBATE@04/09/19@06:03@226.51@4@######################################################################################################################GABRIEL EL ANGEL@F@16/11/1993@(76) 67279-4709@UNO@FFK-5952@COTIA|SAO ROQUE@04/04/19@20:58@058.50@4@#############################################################################################################################################################ALEXANDRE O MEDIO@M@25/02/1991@(86) 59834-0729@CIVIC@ZJL-0710@COTIA|JUNDIAI|OSASCO|RIO DE JANEIRO|SAO PAULO@12/03/19@04:45@074.94@1@############################################################################################################################JULIA ANDRADE@F@14/12/1993@(46) 21137-8170@COROLLA@MHK-3697@COTIA|JUNDIAI|LORENA|OSASCO|RIO DE JANEIRO|SAO JOSE DOS CAMPOS|SAO PAULO|SAO ROQUE|SOROCABA|TAUBATE@19/11/19@16:08@227.04@1@########################################################################RENATA ARAGAO@F@03/02/1999@(04) 98645-1066@HB20@OJN-4069@COTIA|JUNDIAI|LORENA|RIO DE JANEIRO|SAO ROQUE|SOROCABA@01/08/19@19:03@025.24@2@########################################################################################################################LETICIA FERNANDES@M@23/01/1997@(65) 94688-9080@TORO@JFS-4612@RIO DE JANEIRO|SAO JOSE DOS CAMPOS|SAO PAULO|SAO ROQUE|SOROCABA@27/05/19@22:18@183.95@1@###########################################################################################################LETICIA CARRARA@M@09/07/1992@(86) 72499-8292@CORSA@ZNQ-7960@COTIA|JUNDIAI|OSASCO|RIO DE JANEIRO|SAO PAULO|SAO ROQUE|SOROCABA|TAUBATE@20/05/19@21:08@218.71@2@###################################################################################################GABRIELA ALVEZ@M@15/12/1993@(77) 45610-9183@CORSA@PSI-8236@COTIA|OSASCO|RIO DE JANEIRO|SAO JOSE DOS CAMPOS|SAO PAULO|SOROCABA|TAUBATE@06/12/19@09:21@194.58@1@##################################################################################################ROBERT PATTINSON@M@22/12/1993@(58) 67778-7921@CELTA@STK-7201@COTIA|JUNDIAI|LORENA|RIO DE JANEIRO|SAO JOSE DOS CAMPOS|SAO PAULO|SAO ROQUE|SOROCABA|TAUBATE@19/01/19@04:14@129.70@2@##############################################################################ALEXANDRE O MIXURUCA@F@11/03/1991@(04) 73220-6241@COROLLA@XAJ-2720@COTIA|JUNDIAI|RIO DE JANEIRO|SAO PAULO|SAO ROQUE|SOROCABA@26/10/19@17:17@105.28@4@###########################################################################################################JULIA ANDRADE@F@02/03/1992@(96) 88194-0512@FIT@CQA-5771@JUNDIAI|OSASCO|RIO DE JANEIRO|SAO JOSE DOS CAMPOS|SAO ROQUE|TAUBATE@21/09/19@01:06@199.19@2@############################################################################################################LAVINIE DIAS@F@11/01/1995@(61) 80415-1024@GOL@TCL-0470@COTIA|LORENA|RIO DE JANEIRO|SAO PAULO|SOROCABA|TAUBATE@15/09/19@08:30@193.11@2@##########################################################################################################################ALEXANDRE O GIGANTESCO@M@07/08/1993@(56) 40086-5286@CIVIC@NLL-4252@COTIA|JUNDIAI|LORENA|OSASCO|RIO DE JANEIRO|SAO JOSE DOS CAMPOS|SAO PAULO|SAO ROQUE|SOROCABA|TAUBATE@08/11/19@18:05@166.04@4@#################################################################LETICIA OLIVEIRA FERREIRA@M@23/02/1989@(26) 12269-3065@CELTA@OBH-8318@COTIA|LORENA|OSASCO@26/10/19@15:10@202.61@4@##############################################################################################################################################RENATA ARAGAO@M@02/08/1997@(28) 57531-5494@HB20@POE-8401@JUNDIAI|RIO DE JANEIRO|SAO ROQUE@17/02/19@01:14@032.21@2@##############################################################################################################################################
********************************BUSCAR********************************
Busca por RPOE170201. Nos percorridos:
JMHK191116
LZNQ200521
RPOE170201

RPOE170201
RENATA ARAGAO
M
02/08/1997
(28) 57531-5494
HB20
POE-8401
17/02/19
01:14
032.21
2
JUNDIAI, RIO DE JANEIRO, SAO ROQUE
********************************BUSCAR********************************
Busca por SAO PAULO$1909190954.
Nos percorridos:
SOROCABA$1908011903
SAO PAULO$1909190954

ARON190909
ALEXANDRE O MAIS OU MENOS
M
11/11/1991
(80) 47435-5224
CELTA
RON-0247
19/09/19
09:54
208.18
1
COTIA, RIO DE JANEIRO, SAO JOSE DOS CAMPOS, SAO PAULO
********************************LISTAR********************************
OSASCO------------------------ 26/10/19 - 15:10-
RIO DE JANEIRO---------------- 25/09/19 - 10:37-
SAO PAULO--------------------- 12/03/19 - 04:45-
SAO PAULO--------------------- 19/09/19 - 09:54-
SAO ROQUE--------------------- 17/02/19 - 01:14-
SAO ROQUE--------------------- 04/04/19 - 20:58-
SOROCABA---------------------- 27/05/19 - 22:18-
SOROCABA---------------------- 01/08/19 - 19:03-
SOROCABA---------------------- 26/10/19 - 17:17-
TAUBATE----------------------- 19/01/19 - 04:14-
TAUBATE----------------------- 20/05/19 - 21:08-
TAUBATE----------------------- 04/09/19 - 06:03-
TAUBATE----------------------- 15/09/19 - 08:30-
TAUBATE----------------------- 21/09/19 - 01:06-
TAUBATE----------------------- 08/11/19 - 18:05-
TAUBATE----------------------- 12/11/19 - 06:00-
TAUBATE----------------------- 19/11/19 - 16:08-
TAUBATE----------------------- 20/11/19 - 03:00-
TAUBATE----------------------- 06/12/19 - 09:21-
***************************INDICE PRIMÁRIO****************************
001ANLL0811180015##############T*********
001GFFK0404200004##############T*********
001ARON1909090018##############F000016***
001GPSI0612090010##############T*********
001LJFS2705220008##############T*********
001JCQA2109010013##############F003009***
002AYFR1211060002GIHU2509100001F002017005
001ROJN0108190007##############T*********
001AZJL1203040005##############T*********
001JDRH0409060003##############T*********
001LOBH2610150016##############F004011***
001LTCL1509080014##############T*********
001RSTK1901040011##############T*********
001RPOE1702010017##############F007012***
001LZNQ2005210009##############F010013***
001JMHK1911160006##############F006014***
001AXAJ2610170012##############T*********
001EFIA2011030000##############F008001***
********************************BUSCAR********************************
Busca por LOBH261015. Nos percorridos:
JMHK191116
LZNQ200521
LOBH261015

LOBH261015
LETICIA OLIVEIRA FERREIRA
M
23/02/1989
(26) 12269-3065
CELTA
OBH-8318
26/10/19
15:10
202.61
4
COTIA, LORENA, OSASCO
********************************BUSCAR********************************
Busca por SAO PAULO$1909190954.
Nos percorridos:
SOROCABA$1908011903
SAO PAULO$1909190954

ARON190909
ALEXANDRE O MAIS OU MENOS
M
11/11/1991
(80) 47435-5224
CELTA
RON-0247
19/09/19
09:54
208.18
1
COTIA, RIO DE JANEIRO, SAO JOSE DOS CAMPOS, SAO PAULO
********************************LISTAR********************************
1 - JMHK191116
2 - AYFR121106, GIHU250910
3 - ARON190909
4 - ANLL081118
4 - AXAJ261017
3 - EFIA201103
4 - AZJL120304
4 - GFFK040420
3 - JCQA210901
4 - GPSI061209
4 - JDRH040906
2 - LZNQ200521
3 - LOBH261015
4 - LJFS270522
4 - LTCL150908
3 - RPOE170201
4 - MUZO100819, ROJN010819
4 - RSTK190104
********************************LISTAR********************************
OSASCO------------------------ 26/10/19 - 15:10-
RIO DE JANEIRO---------------- 25/09/19 - 10:37-
SAO PAULO--------------------- 12/03/19 - 04:45-
SAO PAULO--------------------- 10/08/19 - 19:47-
SAO PAULO--------------------- 19/09/19 - 09:54-
SAO ROQUE--------------------- 17/02/19 - 01:14-
SAO ROQUE--------------------- 04/04/19 - 20:58-
SOROCABA---------------------- 27/05/19 - 22:18-
SOROCABA---------------------- 01/08/19 - 19:03-
SOROCABA---------------------- 26/10/19 - 17:17-
TAUBATE----------------------- 19/01/19 - 04:14-
TAUBATE----------------------- 20/05/19 - 21:08-
TAUBATE----------------------- 04/09/19 - 06:03-
TAUBATE----------------------- 15/09/19 - 08:30-
TAUBATE----------------------- 21/09/19 - 01:06-
TAUBATE----------------------- 08/11/19 - 18:05-
TAUBATE----------------------- 12/11/19 - 06:00-
TAUBATE----------------------- 19/11/19 - 16:08-
TAUBATE----------------------- 20/11/19 - 03:00-
TAUBATE----------------------- 06/12/19 - 09:21-
********************************ARQUIVO*******************************
EDUARDO COSTA@F@22/02/1990@(00) 92543-1805@COROLLA@FIA-8309@COTIA|JUNDIAI|LORENA|OSASCO|RIO DE JANEIRO|SAO JOSE DOS CAMPOS|SAO PAULO|SAO ROQUE|SOROCABA|TAUBATE@20/11/19@03:00@076.92@2@########################################################################GABRIEL THE ANGEL@M@21/08/1996@(14) 50661-7360@FUSCA@IHU-0289@JUNDIAI|RIO DE JANEIRO@25/09/19@10:37@177.38@3@###################################################################################################################################################ANA JULIA@F@04/12/1990@(82) 32839-2752@FUSCA@YFR-6453@COTIA|JUNDIAI|LORENA|SAO JOSE DOS CAMPOS|SAO PAULO|SAO ROQUE|TAUBATE@12/11/19@06:00@197.47@4@#############################################################################################################JULIANA MENDES@F@26/09/1997@(56) 49039-8919@FIT@DRH-6247@JUNDIAI|LORENA|RIO DE JANEIRO|SAO PAULO|SOROCABA|TAUBATE@04/09/19@06:03@226.51@4@######################################################################################################################GABRIEL EL ANGEL@F@16/11/1993@(76) 67279-4709@UNO@FFK-5952@COTIA|SAO ROQUE@04/04/19@20:58@058.50@4@#############################################################################################################################################################ALEXANDRE O MEDIO@M@25/02/1991@(86) 59834-0729@CIVIC@ZJL-0710@COTIA|JUNDIAI|OSASCO|RIO DE JANEIRO|SAO PAULO@12/03/19@04:45@074.94@1@############################################################################################################################JULIA ANDRADE@F@14/12/1993@(46) 21137-8170@COROLLA@MHK-3697@COTIA|JUNDIAI|LORENA|OSASCO|RIO DE JANEIRO|SAO JOSE DOS CAMPOS|SAO PAULO|SAO ROQUE|SOROCABA|TAUBATE@19/11/19@16:08@227.04@1@########################################################################RENATA ARAGAO@F@03/02/1999@(04) 98645-1066@HB20@OJN-4069@COTIA|JUNDIAI|LORENA|RIO DE JANEIRO|SAO ROQUE|SOROCABA@01/08/19@19:03@025.24@2@########################################################################################################################LETICIA FERNANDES@M@23/01/1997@(65) 94688-9080@TORO@JFS-4612@RIO DE JANEIRO|SAO JOSE DOS CAMPOS|SAO PAULO|SAO ROQUE|SOROCABA@27/05/19@22:18@183.95@1@###########################################################################################################LETICIA CARRARA@M@09/07/1992@(86) 72499-8292@CORSA@ZNQ-7960@COTIA|JUNDIAI|OSASCO|RIO DE JANEIRO|SAO PAULO|SAO ROQUE|SOROCABA|TAUBATE@20/05/19@21:08@218.71@2@###################################################################################################GABRIELA ALVEZ@M@15/12/1993@(77) 45610-9183@CORSA@PSI-8236@COTIA|OSASCO|RIO DE JANEIRO|SAO JOSE DOS CAMPOS|SAO PAULO|SOROCABA|TAUBATE@06/12/19@09:21@194.58@1@##################################################################################################ROBERT PATTINSON@M@22/12/1993@(58) 67778-7921@CELTA@STK-7201@COTIA|JUNDIAI|LORENA|RIO DE JANEIRO|SAO JOSE DOS CAMPOS|SAO PAULO|SAO ROQUE|SOROCABA|TAUBATE@19/01/19@04:14@129.70@2@##############################################################################ALEXANDRE O MIXURUCA@F@11/03/1991@(04) 73220-6241@COROLLA@XAJ-2720@COTIA|JUNDIAI|RIO DE JANEIRO|SAO PAULO|SAO ROQUE|SOROCABA@26/10/19@17:17@105.28@4@###########################################################################################################JULIA ANDRADE@F@02/03/1992@(96) 88194-0512@FIT@CQA-5771@JUNDIAI|OSASCO|RIO DE JANEIRO|SAO JOSE DOS CAMPOS|SAO ROQUE|TAUBATE@21/09/19@01:06@199.19@2@############################################################################################################LAVINIE DIAS@F@11/01/1995@(61) 80415-1024@GOL@TCL-0470@COTIA|LORENA|RIO DE JANEIRO|SAO PAULO|SOROCABA|TAUBATE@15/09/19@08:30@193.11@2@##########################################################################################################################ALEXANDRE O GIGANTESCO@M@07/08/1993@(56) 40086-5286@CIVIC@NLL-4252@COTIA|JUNDIAI|LORENA|OSASCO|RIO DE JANEIRO|SAO JOSE DOS CAMPOS|SAO PAULO|SAO ROQUE|SOROCABA|TAUBATE@08/11/19@18:05@166.04@4@#################################################################LETICIA OLIVEIRA FERREIRA@M@23/02/1989@(26) 12269-3065@CELTA@OBH-8318@COTIA|LORENA|OSASCO@26/10/19@15:10@202.61@4@##############################################################################################################################################RENATA ARAGAO@M@02/08/1997@(28) 57531-5494@HB20@POE-8401@JUNDIAI|RIO DE JANEIRO|SAO ROQUE@17/02/19@01:14@032.21@2@##############################################################################################################################################ALEXANDRE O MAIS OU MENOS@M@11/11/1991@(80) 47435-5224@CELTA@RON-0247@COTIA|RIO DE JANEIRO|SAO JOSE DOS CAMPOS|SAO PAULO@19/09/19@09:54@208.18@1@###############################################################################################################MATHEUS ROCHA@M@16/05/1995@(73) 67348-1113@FOX@UZO-9347@LORENA|SAO PAULO@10/08/19@19:47@220.52@1@###############################################################################################################################################################
***************************INDICE PRIMÁRIO****************************
001ANLL0811180015##############T*********
001GFFK0404200004##############T*********
001ARON1909090018##############F000016***
001GPSI0612090010##############T*********
001LJFS2705220008##############T*********
001JCQA2109010013##############F003009***
002AYFR1211060002GIHU2509100001F002017005
002MUZO1008190019ROJN0108190007T*********
001AZJL1203040005##############T*********
001JDRH0409060003##############T*********
001LOBH2610150016##############F004011***
001LTCL1509080014##############T*********
001RSTK1901040011##############T*********
001RPOE1702010017##############F007012***
001LZNQ2005210009##############F010013***
001JMHK1911160006##############F006014***
001AXAJ2610170012##############T*********
001EFIA2011030000##############F008001***
***************************INDICE SECUNDÁRIO**************************
001LOBH261015OSASCO$1910261510###########################################################################T*********
001JMHK191116TAUBATE$1911191608##########################################################################T*********
001GIHU250910RIO DE JANEIRO$1909251037###################################################################F000011***
001LJFS270522SOROCABA$1905272218#########################################################################T*********
002AXAJ261017SOROCABA$1910261717######################RSTK190104TAUBATE$1901190414#######################T*********
002LZNQ200521TAUBATE$1905202108#######################LTCL150908TAUBATE$1909150830#######################F004008010
001ARON190909SAO PAULO$1909190954########################################################################F002013***
001GPSI061209TAUBATE$1912060921##########################################################################T*********
001JDRH040906TAUBATE$1909040603##########################################################################T*********
001EFIA201103TAUBATE$1911200300##########################################################################F001007***
002JCQA210901TAUBATE$1909210106#######################ANLL081118TAUBATE$1911081805#######################T*********
002AZJL120304SAO PAULO$1903120445#####################MUZO100819SAO PAULO$1908101947#####################T*********
001RPOE170201SAO ROQUE$1902170114########################################################################T*********
001GFFK040420SAO ROQUE$1904042058########################################################################F012003***
001AYFR121106TAUBATE$1911120600##########################################################################F005009***
001ROJN010819SOROCABA$1908011903#########################################################################F006014***
