********************************LISTAR********************************
Registro(s) nao encontrado!
***************************INDICE SECUNDÁRIO**************************
Arquivo vazio!
********************************ARQUIVO*******************************
ALEXANDRE O MEDIO@M@13/08/1998@(62) 41617-8792@FOX@QFS-3187@JUNDIAI|LORENA|OSASCO|RIO DE JANEIRO|SAO JOSE DOS CAMPOS|SAO PAULO|SAO ROQUE|SOROCABA|TAUBATE@23/07/19@20:32@176.30@4@##############################################################################GABRIEL O ANJO@F@03/07/1997@(09) 80465-4226@UNO@RHL-0056@COTIA|JUNDIAI|LORENA|RIO DE JANEIRO|SAO JOSE DOS CAMPOS|SAO PAULO|SAO ROQUE|SOROCABA|TAUBATE@06/06/19@01:24@126.19@4@##################################################################################
********************************BUSCAR********************************
Busca por AQFS230720. Nos percorridos:
AQFS230720, GRHL060601

AQFS230720
ALEXANDRE O MEDIO
M
13/08/1998
(62) 41617-8792
FOX
QFS-3187
23/07/19
20:32
176.30
4
JUNDIAI, LORENA, OSASCO, RIO DE JANEIRO, SAO JOSE DOS CAMPOS, SAO PAULO, SAO ROQUE, SOROCABA, TAUBATE
***************************INDICE SECUNDÁRIO**************************
001EBEW220418TAUBATE$1904221841##########################################################################T*********
001AQFS230720TAUBATE$1907232032##########################################################################T*********
001GRHL060601TAUBATE$1906060124##########################################################################F000001***
********************************BUSCAR********************************
Busca por EBEW220418. Nos percorridos:
EBEW220418

EBEW220418
EDUARDO MOTTA
F
06/07/1995
(22) 47528-8163
CELTA
BEW-3944
22/04/19
18:41
191.93
3
COTIA, JUNDIAI, LORENA, OSASCO, RIO DE JANEIRO, SAO JOSE DOS CAMPOS, SAO PAULO, SAO ROQUE, SOROCABA, TAUBATE
********************************BUSCAR********************************
Busca por SAO PAULO$1903200852.
Nos percorridos:
TAUBATE$1906060124
SAO PAULO$1903200852, TAUBATE$1904221841

TKGV200308
TATIANA MONTEIRO
M
06/08/1989
(23) 48990-2252
CIVIC
KGV-0299
20/03/19
08:52
033.57
3
JUNDIAI, LORENA, OSASCO, SAO JOSE DOS CAMPOS, SAO PAULO
********************************ARQUIVO*******************************
ALEXANDRE O MEDIO@M@13/08/1998@(62) 41617-8792@FOX@QFS-3187@JUNDIAI|LORENA|OSASCO|RIO DE JANEIRO|SAO JOSE DOS CAMPOS|SAO PAULO|SAO ROQUE|SOROCABA|TAUBATE@23/07/19@20:32@176.30@4@##############################################################################GABRIEL O ANJO@F@03/07/1997@(09) 80465-4226@UNO@RHL-0056@COTIA|JUNDIAI|LORENA|RIO DE JANEIRO|SAO JOSE DOS CAMPOS|SAO PAULO|SAO ROQUE|SOROCABA|TAUBATE@06/06/19@01:24@126.19@4@##################################################################################EDUARDO MOTTA@F@06/07/1995@(22) 47528-8163@CELTA@BEW-3944@COTIA|JUNDIAI|LORENA|OSASCO|RIO DE JANEIRO|SAO JOSE DOS CAMPOS|SAO PAULO|SAO ROQUE|SOROCABA|TAUBATE@22/04/19@18:41@191.93@3@##########################################################################ALEXANDRE O MEDIO@F@09/06/1991@(00) 77996-0907@HB20@TAG-3736@COTIA|JUNDIAI|LORENA|OSASCO|RIO DE JANEIRO|SAO PAULO|SAO ROQUE|SOROCABA|TAUBATE@10/11/19@06:32@126.30@4@###########################################################################################TATIANA MONTEIRO@M@06/08/1989@(23) 48990-2252@CIVIC@KGV-0299@JUNDIAI|LORENA|OSASCO|SAO JOSE DOS CAMPOS|SAO PAULO@20/03/19@08:52@033.57@3@#######################################################################################################################
********************************LISTAR********************************
1 - EBEW220418
2 - AQFS230720, ATAG101106
2 - GRHL060601, TKGV200308
********************************LISTAR********************************
SAO PAULO--------------------- 20/03/19 - 08:52-
TAUBATE----------------------- 03/03/19 - 12:04-
TAUBATE----------------------- 22/04/19 - 18:41-
TAUBATE----------------------- 06/06/19 - 01:24-
TAUBATE----------------------- 23/07/19 - 20:32-
TAUBATE----------------------- 10/11/19 - 06:32-
********************************ARQUIVO*******************************
ALEXANDRE O MEDIO@M@13/08/1998@(62) 41617-8792@FOX@QFS-3187@JUNDIAI|LORENA|OSASCO|RIO DE JANEIRO|SAO JOSE DOS CAMPOS|SAO PAULO|SAO ROQUE|SOROCABA|TAUBATE@23/07/19@20:32@176.30@4@##############################################################################GABRIEL O ANJO@F@03/07/1997@(09) 80465-4226@UNO@RHL-0056@COTIA|JUNDIAI|LORENA|RIO DE JANEIRO|SAO JOSE DOS CAMPOS|SAO PAULO|SAO ROQUE|SOROCABA|TAUBATE@06/06/19@01:24@126.19@4@##################################################################################EDUARDO MOTTA@F@06/07/1995@(22) 47528-8163@CELTA@BEW-3944@COTIA|JUNDIAI|LORENA|OSASCO|RIO DE JANEIRO|SAO JOSE DOS CAMPOS|SAO PAULO|SAO ROQUE|SOROCABA|TAUBATE@22/04/19@18:41@191.93@3@##########################################################################ALEXANDRE O MEDIO@F@09/06/1991@(00) 77996-0907@HB20@TAG-3736@COTIA|JUNDIAI|LORENA|OSASCO|RIO DE JANEIRO|SAO PAULO|SAO ROQUE|SOROCABA|TAUBATE@10/11/19@06:32@126.30@4@###########################################################################################TATIANA MONTEIRO@M@06/08/1989@(23) 48990-2252@CIVIC@KGV-0299@JUNDIAI|LORENA|OSASCO|SAO JOSE DOS CAMPOS|SAO PAULO@20/03/19@08:52@033.57@3@#######################################################################################################################JULIA ANDRADE@M@22/12/1994@(56) 73975-0221@CORSA@XNK-2287@COTIA|JUNDIAI|LORENA|SAO PAULO|SAO ROQUE|TAUBATE@03/03/19@12:04@066.25@4@#############################################################################################################################
***************************INDICE SECUNDÁRIO**************************
001TKGV200308SAO PAULO$1903200852########################################################################T*********
002AQFS230720TAUBATE$1907232032#######################ATAG101106TAUBATE$1911100632#######################T*********
002JXNK030312TAUBATE$1903031204#######################GRHL060601TAUBATE$1906060124#######################F000003001
001EBEW220418TAUBATE$1904221841##########################################################################T*********
********************************ARQUIVO*******************************
ALEXANDRE O MEDIO@M@13/08/1998@(62) 41617-8792@FOX@QFS-3187@JUNDIAI|LORENA|OSASCO|RIO DE JANEIRO|SAO JOSE DOS CAMPOS|SAO PAULO|SAO ROQUE|SOROCABA|TAUBATE@23/07/19@20:32@176.30@4@##############################################################################GABRIEL O ANJO@F@03/07/1997@(09) 80465-4226@UNO@RHL-0056@COTIA|JUNDIAI|LORENA|RIO DE JANEIRO|SAO JOSE DOS CAMPOS|SAO PAULO|SAO ROQUE|SOROCABA|TAUBATE@06/06/19@01:24@126.19@4@##################################################################################EDUARDO MOTTA@F@06/07/1995@(22) 47528-8163@CELTA@BEW-3944@COTIA|JUNDIAI|LORENA|OSASCO|RIO DE JANEIRO|SAO JOSE DOS CAMPOS|SAO PAULO|SAO ROQUE|SOROCABA|TAUBATE@22/04/19@18:41@191.93@3@##########################################################################ALEXANDRE O MEDIO@F@09/06/1991@(00) 77996-0907@HB20@TAG-3736@COTIA|JUNDIAI|LORENA|OSASCO|RIO DE JANEIRO|SAO PAULO|SAO ROQUE|SOROCABA|TAUBATE@10/11/19@06:32@126.30@4@###########################################################################################TATIANA MONTEIRO@M@06/08/1989@(23) 48990-2252@CIVIC@KGV-0299@JUNDIAI|LORENA|OSASCO|SAO JOSE DOS CAMPOS|SAO PAULO@20/03/19@08:52@033.57@3@#######################################################################################################################JULIA ANDRADE@M@22/12/1994@(56) 73975-0221@CORSA@XNK-2287@COTIA|JUNDIAI|LORENA|SAO PAULO|SAO ROQUE|TAUBATE@03/03/19@12:04@066.25@4@#############################################################################################################################LAVINIE DIAS@M@01/06/1997@(70) 44327-7640@FUSCA@VPQ-0840@SAO JOSE DOS CAMPOS|SOROCABA@18/06/19@16:03@233.61@1@##################################################################################################################################################
********************************BUSCAR********************************
Busca por OSASCO$1901140837.
Nos percorridos:
TAUBATE$1903031204
SAO PAULO$1903200852
OSASCO$1901140837

SYKJ140108
SABRINA SATO
F
23/11/1990
(01) 15810-5714
UNO
YKJ-7083
14/01/19
08:37
247.54
4
JUNDIAI, OSASCO
********************************LISTAR********************************
OSASCO------------------------ 14/01/19 - 08:37-
SAO JOSE DOS CAMPOS----------- 20/12/19 - 19:22-
SAO PAULO--------------------- 20/03/19 - 08:52-
SAO ROQUE--------------------- 15/05/19 - 05:36-
SOROCABA---------------------- 18/06/19 - 16:03-
TAUBATE----------------------- 07/01/19 - 17:44-
TAUBATE----------------------- 03/03/19 - 12:04-
TAUBATE----------------------- 17/03/19 - 14:49-
TAUBATE----------------------- 22/04/19 - 18:41-
TAUBATE----------------------- 06/06/19 - 01:24-
TAUBATE----------------------- 23/07/19 - 20:32-
TAUBATE----------------------- 10/11/19 - 06:32-
********************************BUSCAR********************************
Busca por RIO DE JANEIRO$1903171449.
Nos percorridos:
TAUBATE$1903031204
SAO PAULO$1903200852, SOROCABA$1906181603
OSASCO$1901140837, SAO JOSE DOS CAMPOS$1912201922

Registro(s) nao encontrado!
********************************BUSCAR********************************
Busca por EBEW220418. Nos percorridos:
JXNK030312, RSCD150505
ATAG101106, EBEW220418

EBEW220418
EDUARDO MOTTA
F
06/07/1995
(22) 47528-8163
CELTA
BEW-3944
22/04/19
18:41
191.93
3
COTIA, JUNDIAI, LORENA, OSASCO, RIO DE JANEIRO, SAO JOSE DOS CAMPOS, SAO PAULO, SAO ROQUE, SOROCABA, TAUBATE
********************************BUSCAR********************************
Busca por SAO PAULO$1903200852.
Nos percorridos:
TAUBATE$1903031204
SAO PAULO$1903200852, SOROCABA$1906181603

TKGV200308
TATIANA MONTEIRO
M
06/08/1989
(23) 48990-2252
CIVIC
KGV-0299
20/03/19
08:52
033.57
3
JUNDIAI, LORENA, OSASCO, SAO JOSE DOS CAMPOS, SAO PAULO
********************************ARQUIVO*******************************
ALEXANDRE O MEDIO@M@13/08/1998@(62) 41617-8792@FOX@QFS-3187@JUNDIAI|LORENA|OSASCO|RIO DE JANEIRO|SAO JOSE DOS CAMPOS|SAO PAULO|SAO ROQUE|SOROCABA|TAUBATE@23/07/19@20:32@176.30@4@##############################################################################GABRIEL O ANJO@F@03/07/1997@(09) 80465-4226@UNO@RHL-0056@COTIA|JUNDIAI|LORENA|RIO DE JANEIRO|SAO JOSE DOS CAMPOS|SAO PAULO|SAO ROQUE|SOROCABA|TAUBATE@06/06/19@01:24@126.19@4@##################################################################################EDUARDO MOTTA@F@06/07/1995@(22) 47528-8163@CELTA@BEW-3944@COTIA|JUNDIAI|LORENA|OSASCO|RIO DE JANEIRO|SAO JOSE DOS CAMPOS|SAO PAULO|SAO ROQUE|SOROCABA|TAUBATE@22/04/19@18:41@191.93@3@##########################################################################ALEXANDRE O MEDIO@F@09/06/1991@(00) 77996-0907@HB20@TAG-3736@COTIA|JUNDIAI|LORENA|OSASCO|RIO DE JANEIRO|SAO PAULO|SAO ROQUE|SOROCABA|TAUBATE@10/11/19@06:32@126.30@4@###########################################################################################TATIANA MONTEIRO@M@06/08/1989@(23) 48990-2252@CIVIC@KGV-0299@JUNDIAI|LORENA|OSASCO|SAO JOSE DOS CAMPOS|SAO PAULO@20/03/19@08:52@033.57@3@#######################################################################################################################JULIA ANDRADE@M@22/12/1994@(56) 73975-0221@CORSA@XNK-2287@COTIA|JUNDIAI|LORENA|SAO PAULO|SAO ROQUE|TAUBATE@03/03/19@12:04@066.25@4@#############################################################################################################################LAVINIE DIAS@M@01/06/1997@(70) 44327-7640@FUSCA@VPQ-0840@SAO JOSE DOS CAMPOS|SOROCABA@18/06/19@16:03@233.61@1@##################################################################################################################################################SABRINA SATO@F@23/11/1990@(01) 15810-5714@UNO@YKJ-7083@JUNDIAI|OSASCO@14/01/19@08:37@247.54@4@##################################################################################################################################################################ROBERT NORMAL@M@01/10/1993@(17) 17550-0184@CIVIC@ZYU-7864@COTIA|OSASCO|RIO DE JANEIRO|SAO JOSE DOS CAMPOS|SAO PAULO|SAO ROQUE|TAUBATE@17/03/19@14:49@083.35@2@##################################################################################################ALEXANDRE O GIGANTESCO@M@20/04/1995@(03) 34204-3022@ONIX@XHD-9408@COTIA|JUNDIAI|LORENA|OSASCO|SAO JOSE DOS CAMPOS|SAO PAULO|SAO ROQUE|SOROCABA|TAUBATE@07/01/19@17:44@160.08@1@#################################################################################ROBERT PATTINSON@F@10/03/1993@(19) 08294-4884@UNO@SCD-7271@JUNDIAI|LORENA|SAO JOSE DOS CAMPOS|SAO PAULO|SAO ROQUE@15/05/19@05:36@018.32@4@######################################################################################################################TATIANA MONTEIRO@F@22/04/1995@(10) 65117-4532@GOL@OVD-5304@COTIA|JUNDIAI|LORENA|OSASCO|SAO JOSE DOS CAMPOS@20/12/19@19:22@108.73@4@#############################################################################################################################LETICIA FERNANDES@F@19/11/1995@(28) 43655-4123@ONIX@RGA-6842@COTIA|JUNDIAI|OSASCO|SAO PAULO|SAO ROQUE|SOROCABA@05/09/19@05:54@131.86@4@#########################################################################################################################LETICIA FERREIRA DOS SANTOS@M@20/10/1994@(84) 64444-5802@ONIX@SEB-8147@JUNDIAI|RIO DE JANEIRO|SAO JOSE DOS CAMPOS|TAUBATE@03/10/19@12:21@226.60@3@##############################################################################################################PABLO ESCOBAR@M@20/04/1996@(05) 02911-8169@CIVIC@RAK-2914@COTIA|JUNDIAI|LORENA|RIO DE JANEIRO|SAO PAULO|SAO ROQUE|SOROCABA|TAUBATE@15/12/19@05:06@137.55@3@#####################################################################################################
********************************LISTAR********************************
1 - JXNK030312, RSCD150505
2 - ATAG101106, EBEW220418
3 - AQFS230720
3 - AXHD070117
3 - GRHL060601
2 - LSEB031012
3 - LRGA050905
3 - LVPQ180616, PRAK151205
2 - SYKJ140108
3 - RZYU170314
3 - TKGV200308, TOVD201219
***************************INDICE PRIMÁRIO****************************
001AQFS2307200000##############T*********
001GRHL0606010001##############T*********
002ATAG1011060003EBEW2204180002F000007001
002LMLU2108080016LRGA0509050012T*********
002TKGV2003080004TOVD2012190011T*********
002LSEB0310120013MZVW0607100015F003009011
002JXNK0303120005RSCD1505050010F002005010
001AXHD0701170009##############T*********
001RZYU1703140008##############T*********
001LVPQ1806160006##############T*********
001SYKJ1401080007##############F008004***
001PRAK1512050014##############T*********
********************************LISTAR********************************
OSASCO------------------------ 14/01/19 - 08:37-
RIO DE JANEIRO---------------- 21/08/19 - 08:08-
SAO JOSE DOS CAMPOS----------- 20/12/19 - 19:22-
SAO PAULO--------------------- 20/03/19 - 08:52-
SAO ROQUE--------------------- 15/05/19 - 05:36-
SOROCABA---------------------- 18/06/19 - 16:03-
SOROCABA---------------------- 05/09/19 - 05:54-
TAUBATE----------------------- 07/01/19 - 17:44-
TAUBATE----------------------- 03/03/19 - 12:04-
TAUBATE----------------------- 17/03/19 - 14:49-
TAUBATE----------------------- 22/04/19 - 18:41-
TAUBATE----------------------- 06/06/19 - 01:24-
TAUBATE----------------------- 06/07/19 - 10:33-
TAUBATE----------------------- 23/07/19 - 20:32-
TAUBATE----------------------- 03/10/19 - 12:21-
TAUBATE----------------------- 10/11/19 - 06:32-
TAUBATE----------------------- 15/12/19 - 05:06-
********************************BUSCAR********************************
Busca por KKKK130114. Nos percorridos:
JXNK030312, RSCD150505
LSEB031012, MZVW060710
LMLU210808, LRGA050905

Registro(s) nao encontrado!
********************************ARQUIVO*******************************
ALEXANDRE O MEDIO@M@13/08/1998@(62) 41617-8792@FOX@QFS-3187@JUNDIAI|LORENA|OSASCO|RIO DE JANEIRO|SAO JOSE DOS CAMPOS|SAO PAULO|SAO ROQUE|SOROCABA|TAUBATE@23/07/19@20:32@176.30@4@##############################################################################GABRIEL O ANJO@F@03/07/1997@(09) 80465-4226@UNO@RHL-0056@COTIA|JUNDIAI|LORENA|RIO DE JANEIRO|SAO JOSE DOS CAMPOS|SAO PAULO|SAO ROQUE|SOROCABA|TAUBATE@06/06/19@01:24@126.19@4@##################################################################################EDUARDO MOTTA@F@06/07/1995@(22) 47528-8163@CELTA@BEW-3944@COTIA|JUNDIAI|LORENA|OSASCO|RIO DE JANEIRO|SAO JOSE DOS CAMPOS|SAO PAULO|SAO ROQUE|SOROCABA|TAUBATE@22/04/19@18:41@191.93@3@##########################################################################ALEXANDRE O MEDIO@F@09/06/1991@(00) 77996-0907@HB20@TAG-3736@COTIA|JUNDIAI|LORENA|OSASCO|RIO DE JANEIRO|SAO PAULO|SAO ROQUE|SOROCABA|TAUBATE@10/11/19@06:32@126.30@4@###########################################################################################TATIANA MONTEIRO@M@06/08/1989@(23) 48990-2252@CIVIC@KGV-0299@JUNDIAI|LORENA|OSASCO|SAO JOSE DOS CAMPOS|SAO PAULO@20/03/19@08:52@033.57@3@#######################################################################################################################JULIA ANDRADE@M@22/12/1994@(56) 73975-0221@CORSA@XNK-2287@COTIA|JUNDIAI|LORENA|SAO PAULO|SAO ROQUE|TAUBATE@03/03/19@12:04@066.25@4@#############################################################################################################################LAVINIE DIAS@M@01/06/1997@(70) 44327-7640@FUSCA@VPQ-0840@SAO JOSE DOS CAMPOS|SOROCABA@18/06/19@16:03@233.61@1@##################################################################################################################################################SABRINA SATO@F@23/11/1990@(01) 15810-5714@UNO@YKJ-7083@JUNDIAI|OSASCO@14/01/19@08:37@247.54@4@##################################################################################################################################################################ROBERT NORMAL@M@01/10/1993@(17) 17550-0184@CIVIC@ZYU-7864@COTIA|OSASCO|RIO DE JANEIRO|SAO JOSE DOS CAMPOS|SAO PAULO|SAO ROQUE|TAUBATE@17/03/19@14:49@083.35@2@##################################################################################################ALEXANDRE O GIGANTESCO@M@20/04/1995@(03) 34204-3022@ONIX@XHD-9408@COTIA|JUNDIAI|LORENA|OSASCO|SAO JOSE DOS CAMPOS|SAO PAULO|SAO ROQUE|SOROCABA|TAUBATE@07/01/19@17:44@160.08@1@#################################################################################ROBERT PATTINSON@F@10/03/1993@(19) 08294-4884@UNO@SCD-7271@JUNDIAI|LORENA|SAO JOSE DOS CAMPOS|SAO PAULO|SAO ROQUE@15/05/19@05:36@018.32@4@######################################################################################################################TATIANA MONTEIRO@F@22/04/1995@(10) 65117-4532@GOL@OVD-5304@COTIA|JUNDIAI|LORENA|OSASCO|SAO JOSE DOS CAMPOS@20/12/19@19:22@108.73@4@#############################################################################################################################LETICIA FERNANDES@F@19/11/1995@(28) 43655-4123@ONIX@RGA-6842@COTIA|JUNDIAI|OSASCO|SAO PAULO|SAO ROQUE|SOROCABA@05/09/19@05:54@131.86@4@#########################################################################################################################LETICIA FERREIRA DOS SANTOS@M@20/10/1994@(84) 64444-5802@ONIX@SEB-8147@JUNDIAI|RIO DE JANEIRO|SAO JOSE DOS CAMPOS|TAUBATE@03/10/19@12:21@226.60@3@##############################################################################################################PABLO ESCOBAR@M@20/04/1996@(05) 02911-8169@CIVIC@RAK-2914@COTIA|JUNDIAI|LORENA|RIO DE JANEIRO|SAO PAULO|SAO ROQUE|SOROCABA|TAUBATE@15/12/19@05:06@137.55@3@#####################################################################################################MATEUS ALVES@M@23/05/1990@(16) 38424-8419@UNO@ZVW-1844@COTIA|JUNDIAI|LORENA|OSASCO|RIO DE JANEIRO|SAO JOSE DOS CAMPOS|SAO PAULO|SAO ROQUE|TAUBATE@06/07/19@10:33@079.43@2@######################################################################################LETICIA BASTOS@F@16/06/1991@(90) 28516-9888@CELTA@MLU-9985@COTIA|RIO DE JANEIRO@21/08/19@08:08@194.43@1@########################################################################################################################################################
********************************LISTAR********************************
1 - JXNK030312, RSCD150505
2 - ATAG101106, EBEW220418
3 - AQFS230720
3 - AXHD070117
3 - GRHL060601
2 - LSEB031012, MZVW060710
3 - LMLU210808, LRGA050905
3 - LVPQ180616
3 - PRAK151205
2 - SYKJ140108
3 - RZYU170314
3 - TKGV200308, TOVD201219
***************************INDICE PRIMÁRIO****************************
001AQFS2307200000##############T*********
001GRHL0606010001##############T*********
002ATAG1011060003EBEW2204180002F000007001
002LMLU2108080016LRGA0509050012T*********
002TKGV2003080004TOVD2012190011T*********
002LSEB0310120013MZVW0607100015F003009011
002JXNK0303120005RSCD1505050010F002005010
001AXHD0701170009##############T*********
001RZYU1703140008##############T*********
001LVPQ1806160006##############T*********
001SYKJ1401080007##############F008004***
002PRAK1512050014PZQM1401200017T*********
***************************INDICE SECUNDÁRIO**************************
001SYKJ140108OSASCO$1901140837###########################################################################T*********
002MZVW060710TAUBATE$1907061033#######################AQFS230720TAUBATE$1907232032#######################T*********
001LMLU210808RIO DE JANEIRO$1908210808###################################################################F000009***
002RZYU170314TAUBATE$1903171449#######################EBEW220418TAUBATE$1904221841#######################T*********
002RSCD150505SAO ROQUE$1905150536#####################PZQM140120SOROCABA$1901142006######################T*********
002GRHL060601TAUBATE$1906060124#######################LSEB031012TAUBATE$1910031221#######################F003001008
002TKGV200308SAO PAULO$1903200852#####################JXNK030312TAUBATE$1903031204#######################F002010005
002LRGA050905SOROCABA$1909050554######################AXHD070117TAUBATE$1901071744#######################T*********
002ATAG101106TAUBATE$1911100632#######################PRAK151205TAUBATE$1912150506#######################T*********
001TOVD201219SAO JOSE DOS CAMPOS$1912201922##############################################################T*********
001LVPQ180616SOROCABA$1906181603#########################################################################F004007***
********************************BUSCAR********************************
Busca por OSASCO$1901140837.
Nos percorridos:
SAO PAULO$1903200852, TAUBATE$1903031204
RIO DE JANEIRO$1908210808
OSASCO$1901140837, RIO DE JANEIRO$1902091142

SYKJ140108
SABRINA SATO
F
23/11/1990
(01) 15810-5714
UNO
YKJ-7083
14/01/19
08:37
247.54
4
JUNDIAI, OSASCO
********************************BUSCAR********************************
Busca por JZZB140820. Nos percorridos:
LSEB031012
JXNK030312
LMLU210808
JZZB140820

JZZB140820
JULIANA PAES
M
07/07/1989
(70) 58977-6924
COROLLA
ZZB-0688
14/08/19
20:23
249.29
3
COTIA, SAO PAULO
********************************LISTAR********************************
1 - LSEB031012
2 - JXNK030312
3 - ATAG101106, EBEW220418
4 - AQFS230720
4 - AXHD070117, EAKO090211
4 - GRHL060601
3 - LMLU210808
4 - JZZB140820
4 - LRGA050905
2 - RSCD150505
3 - MZVW060710
4 - LVPQ180616
4 - PRAK151205, PZQM140120
3 - SYKJ140108
4 - RZYU170314
4 - TKGV200308, TOVD201219
********************************LISTAR********************************
OSASCO------------------------ 14/01/19 - 08:37-
RIO DE JANEIRO---------------- 09/02/19 - 11:42-
RIO DE JANEIRO---------------- 21/08/19 - 08:08-
SAO JOSE DOS CAMPOS----------- 20/12/19 - 19:22-
SAO PAULO--------------------- 20/03/19 - 08:52-
SAO PAULO--------------------- 14/08/19 - 20:23-
SAO ROQUE--------------------- 15/05/19 - 05:36-
SOROCABA---------------------- 14/01/19 - 20:06-
SOROCABA---------------------- 18/06/19 - 16:03-
SOROCABA---------------------- 05/09/19 - 05:54-
TAUBATE----------------------- 07/01/19 - 17:44-
TAUBATE----------------------- 03/03/19 - 12:04-
TAUBATE----------------------- 17/03/19 - 14:49-
TAUBATE----------------------- 22/04/19 - 18:41-
TAUBATE----------------------- 06/06/19 - 01:24-
TAUBATE----------------------- 06/07/19 - 10:33-
TAUBATE----------------------- 23/07/19 - 20:32-
TAUBATE----------------------- 03/10/19 - 12:21-
TAUBATE----------------------- 10/11/19 - 06:32-
TAUBATE----------------------- 15/12/19 - 05:06-
********************************ARQUIVO*******************************
ALEXANDRE O MEDIO@M@13/08/1998@(62) 41617-8792@FOX@QFS-3187@JUNDIAI|LORENA|OSASCO|RIO DE JANEIRO|SAO JOSE DOS CAMPOS|SAO PAULO|SAO ROQUE|SOROCABA|TAUBATE@23/07/19@20:32@176.30@4@##############################################################################GABRIEL O ANJO@F@03/07/1997@(09) 80465-4226@UNO@RHL-0056@COTIA|JUNDIAI|LORENA|RIO DE JANEIRO|SAO JOSE DOS CAMPOS|SAO PAULO|SAO ROQUE|SOROCABA|TAUBATE@06/06/19@01:24@126.19@4@##################################################################################EDUARDO MOTTA@F@06/07/1995@(22) 47528-8163@CELTA@BEW-3944@COTIA|JUNDIAI|LORENA|OSASCO|RIO DE JANEIRO|SAO JOSE DOS CAMPOS|SAO PAULO|SAO ROQUE|SOROCABA|TAUBATE@22/04/19@18:41@191.93@3@##########################################################################ALEXANDRE O MEDIO@F@09/06/1991@(00) 77996-0907@HB20@TAG-3736@COTIA|JUNDIAI|LORENA|OSASCO|RIO DE JANEIRO|SAO PAULO|SAO ROQUE|SOROCABA|TAUBATE@10/11/19@06:32@126.30@4@###########################################################################################TATIANA MONTEIRO@M@06/08/1989@(23) 48990-2252@CIVIC@KGV-0299@JUNDIAI|LORENA|OSASCO|SAO JOSE DOS CAMPOS|SAO PAULO@20/03/19@08:52@033.57@3@#######################################################################################################################JULIA ANDRADE@M@22/12/1994@(56) 73975-0221@CORSA@XNK-2287@COTIA|JUNDIAI|LORENA|SAO PAULO|SAO ROQUE|TAUBATE@03/03/19@12:04@066.25@4@#############################################################################################################################LAVINIE DIAS@M@01/06/1997@(70) 44327-7640@FUSCA@VPQ-0840@SAO JOSE DOS CAMPOS|SOROCABA@18/06/19@16:03@233.61@1@##################################################################################################################################################SABRINA SATO@F@23/11/1990@(01) 15810-5714@UNO@YKJ-7083@JUNDIAI|OSASCO@14/01/19@08:37@247.54@4@##################################################################################################################################################################ROBERT NORMAL@M@01/10/1993@(17) 17550-0184@CIVIC@ZYU-7864@COTIA|OSASCO|RIO DE JANEIRO|SAO JOSE DOS CAMPOS|SAO PAULO|SAO ROQUE|TAUBATE@17/03/19@14:49@083.35@2@##################################################################################################ALEXANDRE O GIGANTESCO@M@20/04/1995@(03) 34204-3022@ONIX@XHD-9408@COTIA|JUNDIAI|LORENA|OSASCO|SAO JOSE DOS CAMPOS|SAO PAULO|SAO ROQUE|SOROCABA|TAUBATE@07/01/19@17:44@160.08@1@#################################################################################ROBERT PATTINSON@F@10/03/1993@(19) 08294-4884@UNO@SCD-7271@JUNDIAI|LORENA|SAO JOSE DOS CAMPOS|SAO PAULO|SAO ROQUE@15/05/19@05:36@018.32@4@######################################################################################################################TATIANA MONTEIRO@F@22/04/1995@(10) 65117-4532@GOL@OVD-5304@COTIA|JUNDIAI|LORENA|OSASCO|SAO JOSE DOS CAMPOS@20/12/19@19:22@108.73@4@#############################################################################################################################LETICIA FERNANDES@F@19/11/1995@(28) 43655-4123@ONIX@RGA-6842@COTIA|JUNDIAI|OSASCO|SAO PAULO|SAO ROQUE|SOROCABA@05/09/19@05:54@131.86@4@#########################################################################################################################LETICIA FERREIRA DOS SANTOS@M@20/10/1994@(84) 64444-5802@ONIX@SEB-8147@JUNDIAI|RIO DE JANEIRO|SAO JOSE DOS CAMPOS|TAUBATE@03/10/19@12:21@226.60@3@##############################################################################################################PABLO ESCOBAR@M@20/04/1996@(05) 02911-8169@CIVIC@RAK-2914@COTIA|JUNDIAI|LORENA|RIO DE JANEIRO|SAO PAULO|SAO ROQUE|SOROCABA|TAUBATE@15/12/19@05:06@137.55@3@#####################################################################################################MATEUS ALVES@M@23/05/1990@(16) 38424-8419@UNO@ZVW-1844@COTIA|JUNDIAI|LORENA|OSASCO|RIO DE JANEIRO|SAO JOSE DOS CAMPOS|SAO PAULO|SAO ROQUE|TAUBATE@06/07/19@10:33@079.43@2@######################################################################################LETICIA BASTOS@F@16/06/1991@(90) 28516-9888@CELTA@MLU-9985@COTIA|RIO DE JANEIRO@21/08/19@08:08@194.43@1@########################################################################################################################################################PABLO VITTAR@M@21/07/1996@(83) 46397-3633@COROLLA@ZQM-9821@COTIA|JUNDIAI|LORENA|OSASCO|RIO DE JANEIRO|SAO PAULO|SOROCABA@14/01/19@20:06@069.68@3@###############################################################################################################JULIANA PAES@M@07/07/1989@(70) 58977-6924@COROLLA@ZZB-0688@COTIA|SAO PAULO@14/08/19@20:23@249.29@3@#############################################################################################################################################################EDUARDO COSTA@M@09/02/1994@(41) 86671-1230@FUSCA@AKO-7206@JUNDIAI|OSASCO|RIO DE JANEIRO@09/02/19@11:42@007.47@2@################################################################################################################################################
***************************INDICE PRIMÁRIO****************************
001AQFS2307200000##############T*********
001GRHL0606010001##############T*********
002ATAG1011060003EBEW2204180002F000007001
001JZZB1408200018##############T*********
002TKGV2003080004TOVD2012190011T*********
001LMLU2108080016##############F003012***
001JXNK0303120005##############F002005***
002AXHD0701170009EAKO0902110019T*********
001RZYU1703140008##############T*********
001LVPQ1806160006##############T*********
001SYKJ1401080007##############F008004***
002PRAK1512050014PZQM1401200017T*********
001LRGA0509050012##############T*********
001MZVW0607100015##############F009011***
001RSCD1505050010##############F013010***
001LSEB0310120013##############F006014***
***************************INDICE SECUNDÁRIO**************************
002SYKJ140108OSASCO$1901140837########################EAKO090211RIO DE JANEIRO$1902091142################T*********
002MZVW060710TAUBATE$1907061033#######################AQFS230720TAUBATE$1907232032#######################T*********
001LMLU210808RIO DE JANEIRO$1908210808###################################################################F000009***
002RZYU170314TAUBATE$1903171449#######################EBEW220418TAUBATE$1904221841#######################T*********
001JZZB140820SAO PAULO$1908142023########################################################################T*********
002GRHL060601TAUBATE$1906060124#######################LSEB031012TAUBATE$1910031221#######################F003001008
002TKGV200308SAO PAULO$1903200852#####################JXNK030312TAUBATE$1903031204#######################F002010005
002LRGA050905SOROCABA$1909050554######################AXHD070117TAUBATE$1901071744#######################T*********
002ATAG101106TAUBATE$1911100632#######################PRAK151205TAUBATE$1912150506#######################T*********
001TOVD201219SAO JOSE DOS CAMPOS$1912201922##############################################################T*********
002RSCD150505SAO ROQUE$1905150536#####################LVPQ180616SOROCABA$1906181603######################F004011007
001PZQM140120SOROCABA$1901142006#########################################################################T*********
