***************************INDICE PRIMÁRIO****************************
001AIHC0202140000##############T*********
********************************LISTAR********************************
SAO PAULO--------------------- 02/02/19 - 14:02-
TAUBATE----------------------- 20/01/19 - 00:34-
********************************BUSCAR********************************
Busca por ACKN200100. Nos percorridos:
ACKN200100, AIHC020214

ACKN200100
ANA JULIA
M
07/12/1992
(15) 95974-7034
FIT
CKN-3028
20/01/19
00:34
056.47
2
COTIA, JUNDIAI, OSASCO, SAO ROQUE, SOROCABA, TAUBATE
********************************ALTERAR*******************************
OPERACAO REALIZADA COM SUCESSO!
***************************INDICE SECUNDÁRIO**************************
002AIHC020214SAO PAULO$1902021402#####################ACKN200100TAUBATE$1901200034#######################T*********
********************************BUSCAR********************************
Busca por RIO DE JANEIRO$1902021402.
Nos percorridos:
SAO PAULO$1902021402, TAUBATE$1901200034

Registro(s) nao encontrado!
***************************INDICE PRIMÁRIO****************************
002ACKN2001000001AIHC0202140000T*********
********************************BUSCAR********************************
Busca por AIHC020214. Nos percorridos:
ACKN200100, AIHC020214

AIHC020214
ALEXANDRE O MAIS OU MENOS
F
14/10/1994
(53) 66325-4860
UNO
IHC-8454
02/02/19
14:02
173.40
1
COTIA, JUNDIAI, LORENA, SAO JOSE DOS CAMPOS, SAO PAULO
********************************ARQUIVO*******************************
ALEXANDRE O MAIS OU MENOS@F@14/10/1994@(53) 66325-4860@UNO@IHC-8454@COTIA|JUNDIAI|LORENA|SAO JOSE DOS CAMPOS|SAO PAULO@02/02/19@14:02@173.40@1@#################################################################################################################ANA JULIA@M@07/12/1992@(15) 95974-7034@FIT@CKN-3028@COTIA|JUNDIAI|OSASCO|SAO ROQUE|SOROCABA|TAUBATE@20/01/19@00:34@056.47@1@####################################################################################################################################
***************************INDICE SECUNDÁRIO**************************
002AIHC020214SAO PAULO$1902021402#####################ACKN200100TAUBATE$1901200034#######################T*********
********************************BUSCAR********************************
Busca por AIHC020214. Nos percorridos:
ACKN200100, AIHC020214

AIHC020214
ALEXANDRE O MAIS OU MENOS
F
14/10/1994
(53) 66325-4860
UNO
IHC-8454
02/02/19
14:02
173.40
1
COTIA, JUNDIAI, LORENA, SAO JOSE DOS CAMPOS, SAO PAULO
********************************BUSCAR********************************
Busca por ACKN200100. Nos percorridos:
ACKN200100, AIHC020214

ACKN200100
ANA JULIA
M
07/12/1992
(15) 95974-7034
FIT
CKN-3028
20/01/19
00:34
056.47
1
COTIA, JUNDIAI, OSASCO, SAO ROQUE, SOROCABA, TAUBATE
********************************LISTAR********************************
SAO PAULO--------------------- 02/02/19 - 14:02-
TAUBATE----------------------- 20/01/19 - 00:34-
***************************INDICE SECUNDÁRIO**************************
001AIHC020214SAO PAULO$1902021402########################################################################T*********
001ACKN200100TAUBATE$1901200034##########################################################################T*********
001LWOV150501SAO PAULO$1905150109########################################################################F000001***
********************************BUSCAR********************************
Busca por OSASCO$1902021402.
Nos percorridos:
SAO PAULO$1905150109
SAO PAULO$1902021402

Registro(s) nao encontrado!
********************************BUSCAR********************************
Busca por LWOV150501. Nos percorridos:
AIHC020214
LIMS041107, LWOV150501

LWOV150501
LETICIA FERREIRA DA SILVA
F
14/12/1994
(91) 25910-9309
ONIX
WOV-0188
15/05/19
01:09
115.75
2
COTIA, OSASCO, RIO DE JANEIRO, SAO JOSE DOS CAMPOS, SAO PAULO
***************************INDICE SECUNDÁRIO**************************
001AIHC020214SAO PAULO$1902021402########################################################################T*********
001PYHW030902SOROCABA$1909030253#########################################################################T*********
002LWOV150501SAO PAULO$1905150109#####################LIMS041107SOROCABA$1911040729######################F000001003
001ACKN200100TAUBATE$1901200034##########################################################################T*********
********************************ARQUIVO*******************************
ALEXANDRE O MAIS OU MENOS@F@14/10/1994@(53) 66325-4860@UNO@IHC-8454@COTIA|JUNDIAI|LORENA|SAO JOSE DOS CAMPOS|SAO PAULO@02/02/19@14:02@173.40@1@#################################################################################################################ANA JULIA@M@07/12/1992@(15) 95974-7034@FIT@CKN-3028@COTIA|JUNDIAI|OSASCO|SAO ROQUE|SOROCABA|TAUBATE@20/01/19@00:34@056.47@1@####################################################################################################################################LETICIA FERREIRA DA SILVA@F@14/12/1994@(91) 25910-9309@ONIX@WOV-0188@COTIA|OSASCO|RIO DE JANEIRO|SAO JOSE DOS CAMPOS|SAO PAULO@15/05/19@01:09@115.75@2@#########################################################################################################LETICIA FERREIRA DA SILVA@M@24/03/1994@(13) 24172-4522@ONIX@IMS-5662@COTIA|LORENA|RIO DE JANEIRO|SOROCABA@04/11/19@07:29@030.06@4@##############################################################################################################################PABLO VITTAR@F@24/07/1996@(36) 31909-1464@COROLLA@YHW-0434@COTIA|JUNDIAI|LORENA|RIO DE JANEIRO|SAO JOSE DOS CAMPOS|SAO PAULO|SAO ROQUE|SOROCABA@03/09/19@02:53@163.49@4@########################################################################################
***************************INDICE SECUNDÁRIO**************************
001AIHC020214SAO PAULO$1902021402########################################################################T*********
001PYHW030902SOROCABA$1909030253#########################################################################T*********
002LWOV150501SAO PAULO$1905150109#####################LIMS041107SOROCABA$1911040729######################F000001003
001ACKN200100TAUBATE$1901200034##########################################################################T*********
********************************BUSCAR********************************
Busca por MKGE190121. Nos percorridos:
AIHC020214, LWOV150501
MKGE190121, PYHW030902

MKGE190121
MATHEUS AUGUSTO
M
25/01/1992
(08) 73796-5346
CORSA
KGE-7550
19/01/19
21:19
119.93
1
LORENA, RIO DE JANEIRO, TAUBATE
********************************BUSCAR********************************
Busca por TAUBATE$1901192119.
Nos percorridos:
SAO PAULO$1905150109, SOROCABA$1911040729
TAUBATE$1901192119, TAUBATE$1901200034

MKGE190121
MATHEUS AUGUSTO
M
25/01/1992
(08) 73796-5346
CORSA
KGE-7550
19/01/19
21:19
119.93
1
LORENA, RIO DE JANEIRO, TAUBATE
********************************ALTERAR*******************************
OPERACAO REALIZADA COM SUCESSO!
********************************BUSCAR********************************
Busca por MKGE190121. Nos percorridos:
AIHC020214, LWOV150501
MKGE190121, PYHW030902

MKGE190121
MATHEUS AUGUSTO
M
25/01/1992
(08) 73796-5346
CORSA
KGE-7550
19/01/19
21:19
119.93
7
LORENA, RIO DE JANEIRO, TAUBATE
***************************INDICE SECUNDÁRIO**************************
001AIHC020214SAO PAULO$1902021402########################################################################T*********
001PYHW030902SOROCABA$1909030253#########################################################################T*********
001LWOV150501SAO PAULO$1905150109########################################################################F000001***
001MKGE190121TAUBATE$1901192119##########################################################################T*********
001AAEZ211115TAUBATE$1911211503##########################################################################T*********
001ACKN200100TAUBATE$1901200034##########################################################################F003004***
001LIMS041107SOROCABA$1911040729#########################################################################F002005***
***************************INDICE PRIMÁRIO****************************
002AAEZ2111150006ACKN2001000001T*********
001LIMS0411070003##############T*********
001AIHC0202140000##############F000001***
001MKGE1901210005##############T*********
001PYHW0309020004##############T*********
001PJXD1201200007##############F003004***
001LWOV1505010002##############F002005***
***************************INDICE SECUNDÁRIO**************************
001AIHC020214SAO PAULO$1902021402########################################################################T*********
001PYHW030902SOROCABA$1909030253#########################################################################T*********
001LWOV150501SAO PAULO$1905150109########################################################################F000001***
001LCZA030116TAUBATE$1901031622##########################################################################T*********
001AAEZ211115TAUBATE$1911211503##########################################################################T*********
002PJXD120120TAUBATE$1901122008#######################ACKN200100TAUBATE$1901200034#######################F003007004
001LIMS041107SOROCABA$1911040729#########################################################################F002005***
001MKGE190121TAUBATE$1901192119##########################################################################T*********
********************************ARQUIVO*******************************
ALEXANDRE O MAIS OU MENOS@F@14/10/1994@(53) 66325-4860@UNO@IHC-8454@COTIA|JUNDIAI|LORENA|SAO JOSE DOS CAMPOS|SAO PAULO@02/02/19@14:02@173.40@1@#################################################################################################################ANA JULIA@M@07/12/1992@(15) 95974-7034@FIT@CKN-3028@COTIA|JUNDIAI|OSASCO|SAO ROQUE|SOROCABA|TAUBATE@20/01/19@00:34@056.47@1@####################################################################################################################################LETICIA FERREIRA DA SILVA@F@14/12/1994@(91) 25910-9309@ONIX@WOV-0188@COTIA|OSASCO|RIO DE JANEIRO|SAO JOSE DOS CAMPOS|SAO PAULO@15/05/19@01:09@115.75@2@#########################################################################################################LETICIA FERREIRA DA SILVA@M@24/03/1994@(13) 24172-4522@ONIX@IMS-5662@COTIA|LORENA|RIO DE JANEIRO|SOROCABA@04/11/19@07:29@030.06@4@##############################################################################################################################PABLO VITTAR@F@24/07/1996@(36) 31909-1464@COROLLA@YHW-0434@COTIA|JUNDIAI|LORENA|RIO DE JANEIRO|SAO JOSE DOS CAMPOS|SAO PAULO|SAO ROQUE|SOROCABA@03/09/19@02:53@163.49@4@########################################################################################MATHEUS AUGUSTO@M@25/01/1992@(08) 73796-5346@CORSA@KGE-7550@LORENA|RIO DE JANEIRO|TAUBATE@19/01/19@21:19@119.93@7@##############################################################################################################################################ALEXANDRE O MAIS OU MENOS@F@26/12/1989@(88) 74085-2392@ONIX@AEZ-5133@JUNDIAI|OSASCO|RIO DE JANEIRO|SAO JOSE DOS CAMPOS|SAO PAULO|SAO ROQUE|TAUBATE@21/11/19@15:03@069.78@1@#####################################################################################PABLO ESCOBAR@F@11/01/1990@(91) 71901-2219@UNO@JXD-4210@COTIA|JUNDIAI|LORENA|OSASCO|RIO DE JANEIRO|SAO JOSE DOS CAMPOS|SAO PAULO|SAO ROQUE|TAUBATE@12/01/19@20:08@102.06@3@#####################################################################################LAVINIE DIAS@M@02/01/1993@(43) 16602-9185@HB20@CZA-3769@COTIA|JUNDIAI|LORENA|RIO DE JANEIRO|SAO JOSE DOS CAMPOS|SAO PAULO|SAO ROQUE|SOROCABA|TAUBATE@03/01/19@16:22@242.63@3@###################################################################################
********************************BUSCAR********************************
Busca por TAUBATE$1901031622.
Nos percorridos:
SOROCABA$1911040729
TAUBATE$1901122008, TAUBATE$1901200034
TAUBATE$1901031622

LCZA030116
LAVINIE DIAS
M
02/01/1993
(43) 16602-9185
HB20
CZA-3769
03/01/19
16:22
242.63
3
COTIA, JUNDIAI, LORENA, RIO DE JANEIRO, SAO JOSE DOS CAMPOS, SAO PAULO, SAO ROQUE, SOROCABA, TAUBATE
********************************BUSCAR********************************
Busca por LCZA030116. Nos percorridos:
LWOV150501
AIHC020214, LIMS041107
EEDC020317, LCZA030116

LCZA030116
LAVINIE DIAS
M
02/01/1993
(43) 16602-9185
HB20
CZA-3769
03/01/19
16:22
242.63
3
COTIA, JUNDIAI, LORENA, RIO DE JANEIRO, SAO JOSE DOS CAMPOS, SAO PAULO, SAO ROQUE, SOROCABA, TAUBATE
********************************BUSCAR********************************
Busca por OSASCO$1910180125.
Nos percorridos:
SOROCABA$1911040729
SAO PAULO$1905150109
SAO PAULO$1902021402

Registro(s) nao encontrado!
********************************ALTERAR*******************************
Registro(s) nao encontrado!
FALHA AO REALIZAR OPERACAO!
********************************BUSCAR********************************
Busca por VOLTA REDONDA$1910180125.
Nos percorridos:
SOROCABA$1911040729
TAUBATE$1901122008, TAUBATE$1901200034
TAUBATE$1903021744, TAUBATE$1911211503

Registro(s) nao encontrado!
********************************BUSCAR********************************
Busca por TAUBATE$1901192119.
Nos percorridos:
SOROCABA$1911040729
TAUBATE$1901122008, TAUBATE$1901200034
TAUBATE$1901192119

MKGE190121
MATHEUS AUGUSTO
M
25/01/1992
(08) 73796-5346
CORSA
KGE-7550
19/01/19
21:19
119.93
7
LORENA, RIO DE JANEIRO, TAUBATE
********************************ARQUIVO*******************************
ALEXANDRE O MAIS OU MENOS@F@14/10/1994@(53) 66325-4860@UNO@IHC-8454@COTIA|JUNDIAI|LORENA|SAO JOSE DOS CAMPOS|SAO PAULO@02/02/19@14:02@173.40@1@#################################################################################################################ANA JULIA@M@07/12/1992@(15) 95974-7034@FIT@CKN-3028@COTIA|JUNDIAI|OSASCO|SAO ROQUE|SOROCABA|TAUBATE@20/01/19@00:34@056.47@1@####################################################################################################################################LETICIA FERREIRA DA SILVA@F@14/12/1994@(91) 25910-9309@ONIX@WOV-0188@COTIA|OSASCO|RIO DE JANEIRO|SAO JOSE DOS CAMPOS|SAO PAULO@15/05/19@01:09@115.75@2@#########################################################################################################LETICIA FERREIRA DA SILVA@M@24/03/1994@(13) 24172-4522@ONIX@IMS-5662@COTIA|LORENA|RIO DE JANEIRO|SOROCABA@04/11/19@07:29@030.06@4@##############################################################################################################################PABLO VITTAR@F@24/07/1996@(36) 31909-1464@COROLLA@YHW-0434@COTIA|JUNDIAI|LORENA|RIO DE JANEIRO|SAO JOSE DOS CAMPOS|SAO PAULO|SAO ROQUE|SOROCABA@03/09/19@02:53@163.49@4@########################################################################################MATHEUS AUGUSTO@M@25/01/1992@(08) 73796-5346@CORSA@KGE-7550@LORENA|RIO DE JANEIRO|TAUBATE@19/01/19@21:19@119.93@7@##############################################################################################################################################ALEXANDRE O MAIS OU MENOS@F@26/12/1989@(88) 74085-2392@ONIX@AEZ-5133@JUNDIAI|OSASCO|RIO DE JANEIRO|SAO JOSE DOS CAMPOS|SAO PAULO|SAO ROQUE|TAUBATE@21/11/19@15:03@069.78@1@#####################################################################################PABLO ESCOBAR@F@11/01/1990@(91) 71901-2219@UNO@JXD-4210@COTIA|JUNDIAI|LORENA|OSASCO|RIO DE JANEIRO|SAO JOSE DOS CAMPOS|SAO PAULO|SAO ROQUE|TAUBATE@12/01/19@20:08@102.06@3@#####################################################################################LAVINIE DIAS@M@02/01/1993@(43) 16602-9185@HB20@CZA-3769@COTIA|JUNDIAI|LORENA|RIO DE JANEIRO|SAO JOSE DOS CAMPOS|SAO PAULO|SAO ROQUE|SOROCABA|TAUBATE@03/01/19@16:22@242.63@3@###################################################################################LETICIA FERREIRA DOS SANTOS@F@18/04/1991@(41) 71701-4662@CELTA@MBV-1746@JUNDIAI|OSASCO|RIO DE JANEIRO|SAO JOSE DOS CAMPOS|SAO PAULO|SAO ROQUE|SOROCABA@18/10/19@01:25@209.93@2@#################################################################################EDUARDO COSTA@F@27/08/1998@(81) 82988-1214@FOX@EDC-7176@COTIA|LORENA|OSASCO|SAO JOSE DOS CAMPOS|SAO PAULO|SAO ROQUE|SOROCABA|TAUBATE@02/03/19@17:44@181.78@3@###################################################################################################
********************************BUSCAR********************************
Busca por LLLL271217. Nos percorridos:
LWOV150501
AIHC020214, LIMS041107
LMBV181001

Registro(s) nao encontrado!
********************************LISTAR********************************
1 - LWOV150501
2 - AIHC020214, LIMS041107
3 - AAEZ211115, ACKN200100
3 - EEDC020317, LCZA030116
3 - LMBV181001
2 - PJXD120120
3 - MKGE190121
3 - PYHW030902
********************************LISTAR********************************
SAO PAULO--------------------- 02/02/19 - 14:02-
SAO PAULO--------------------- 15/05/19 - 01:09-
SOROCABA---------------------- 03/09/19 - 02:53-
SOROCABA---------------------- 18/10/19 - 01:25-
SOROCABA---------------------- 04/11/19 - 07:29-
TAUBATE----------------------- 03/01/19 - 16:22-
TAUBATE----------------------- 12/01/19 - 20:08-
TAUBATE----------------------- 19/01/19 - 21:19-
TAUBATE----------------------- 20/01/19 - 00:34-
TAUBATE----------------------- 02/03/19 - 17:44-
TAUBATE----------------------- 21/11/19 - 15:03-
********************************ARQUIVO*******************************
ALEXANDRE O MAIS OU MENOS@F@14/10/1994@(53) 66325-4860@UNO@IHC-8454@COTIA|JUNDIAI|LORENA|SAO JOSE DOS CAMPOS|SAO PAULO@02/02/19@14:02@173.40@1@#################################################################################################################ANA JULIA@M@07/12/1992@(15) 95974-7034@FIT@CKN-3028@COTIA|JUNDIAI|OSASCO|SAO ROQUE|SOROCABA|TAUBATE@20/01/19@00:34@056.47@1@####################################################################################################################################LETICIA FERREIRA DA SILVA@F@14/12/1994@(91) 25910-9309@ONIX@WOV-0188@COTIA|OSASCO|RIO DE JANEIRO|SAO JOSE DOS CAMPOS|SAO PAULO@15/05/19@01:09@115.75@2@#########################################################################################################LETICIA FERREIRA DA SILVA@M@24/03/1994@(13) 24172-4522@ONIX@IMS-5662@COTIA|LORENA|RIO DE JANEIRO|SOROCABA@04/11/19@07:29@030.06@4@##############################################################################################################################PABLO VITTAR@F@24/07/1996@(36) 31909-1464@COROLLA@YHW-0434@COTIA|JUNDIAI|LORENA|RIO DE JANEIRO|SAO JOSE DOS CAMPOS|SAO PAULO|SAO ROQUE|SOROCABA@03/09/19@02:53@163.49@4@########################################################################################MATHEUS AUGUSTO@M@25/01/1992@(08) 73796-5346@CORSA@KGE-7550@LORENA|RIO DE JANEIRO|TAUBATE@19/01/19@21:19@119.93@7@##############################################################################################################################################ALEXANDRE O MAIS OU MENOS@F@26/12/1989@(88) 74085-2392@ONIX@AEZ-5133@JUNDIAI|OSASCO|RIO DE JANEIRO|SAO JOSE DOS CAMPOS|SAO PAULO|SAO ROQUE|TAUBATE@21/11/19@15:03@069.78@1@#####################################################################################PABLO ESCOBAR@F@11/01/1990@(91) 71901-2219@UNO@JXD-4210@COTIA|JUNDIAI|LORENA|OSASCO|RIO DE JANEIRO|SAO JOSE DOS CAMPOS|SAO PAULO|SAO ROQUE|TAUBATE@12/01/19@20:08@102.06@3@#####################################################################################LAVINIE DIAS@M@02/01/1993@(43) 16602-9185@HB20@CZA-3769@COTIA|JUNDIAI|LORENA|RIO DE JANEIRO|SAO JOSE DOS CAMPOS|SAO PAULO|SAO ROQUE|SOROCABA|TAUBATE@03/01/19@16:22@242.63@3@###################################################################################LETICIA FERREIRA DOS SANTOS@F@18/04/1991@(41) 71701-4662@CELTA@MBV-1746@JUNDIAI|OSASCO|RIO DE JANEIRO|SAO JOSE DOS CAMPOS|SAO PAULO|SAO ROQUE|SOROCABA@18/10/19@01:25@209.93@2@#################################################################################EDUARDO COSTA@F@27/08/1998@(81) 82988-1214@FOX@EDC-7176@COTIA|LORENA|OSASCO|SAO JOSE DOS CAMPOS|SAO PAULO|SAO ROQUE|SOROCABA|TAUBATE@02/03/19@17:44@181.78@3@###################################################################################################
***************************INDICE PRIMÁRIO****************************
002AAEZ2111150006ACKN2001000001T*********
002EEDC0203170010LCZA0301160008T*********
002AIHC0202140000LIMS0411070003F000001007
001MKGE1901210005##############T*********
001PYHW0309020004##############T*********
001PJXD1201200007##############F003004***
001LWOV1505010002##############F002005***
001LMBV1810010009##############T*********
***************************INDICE SECUNDÁRIO**************************
001AIHC020214SAO PAULO$1902021402########################################################################T*********
002PYHW030902SOROCABA$1909030253######################LMBV181001SOROCABA$1910180125######################T*********
001LWOV150501SAO PAULO$1905150109########################################################################F000001***
001LCZA030116TAUBATE$1901031622##########################################################################T*********
002EEDC020317TAUBATE$1903021744#######################AAEZ211115TAUBATE$1911211503#######################T*********
002PJXD120120TAUBATE$1901122008#######################ACKN200100TAUBATE$1901200034#######################F003007004
001LIMS041107SOROCABA$1911040729#########################################################################F002005***
001MKGE190121TAUBATE$1901192119##########################################################################T*********
