********************************ARQUIVO*******************************
Arquivo vazio!
********************************LISTAR********************************
1 - AOSX010903, GWPK170711
***************************INDICE SECUNDÁRIO**************************
002GWPK170711SAO PAULO$1907171148#####################AOSX010903SAO ROQUE$1909010311#####################T*********
***************************INDICE SECUNDÁRIO**************************
002GWPK170711SAO PAULO$1907171148#####################AOSX010903SAO ROQUE$1909010311#####################T*********
********************************ALTERAR*******************************
OPERACAO REALIZADA COM SUCESSO!
********************************ALTERAR*******************************
OPERACAO REALIZADA COM SUCESSO!
***************************INDICE SECUNDÁRIO**************************
001GWPK170711SAO PAULO$1907171148########################################################################T*********
001PXVB111214SAO ROQUE$1912111431########################################################################T*********
002AOSX010903SAO ROQUE$1909010311#####################APAN200105SOROCABA$1901200550######################F000001003
001AULZ261122TAUBATE$1911262224##########################################################################T*********
********************************BUSCAR********************************
Busca por KKKK255511. Nos percorridos:
APAN200105, GWPK170711
MIHZ170404, PXVB111214

Registro(s) nao encontrado!
********************************BUSCAR********************************
Busca por GWPK170711. Nos percorridos:
APAN200105, GWPK170711

GWPK170711
GABRIEL O ANJO
M
16/01/1998
(23) 44463-2265
HB20
WPK-9765
17/07/19
11:48
061.22
1
JUNDIAI, SAO PAULO
********************************LISTAR********************************
SAO PAULO--------------------- 17/07/19 - 11:48-
SAO ROQUE--------------------- 01/09/19 - 03:11-
SAO ROQUE--------------------- 11/12/19 - 14:31-
SOROCABA---------------------- 20/01/19 - 05:50-
SOROCABA---------------------- 17/04/19 - 04:55-
TAUBATE----------------------- 26/11/19 - 22:24-
********************************LISTAR********************************
1 - APAN200105, GWPK170711
2 - AOSX010903
2 - AULZ261122
2 - MIHZ170404, PXVB111214
********************************ALTERAR*******************************
OPERACAO REALIZADA COM SUCESSO!
********************************ALTERAR*******************************
OPERACAO REALIZADA COM SUCESSO!
********************************ALTERAR*******************************
Registro(s) nao encontrado!
FALHA AO REALIZAR OPERACAO!
********************************ARQUIVO*******************************
GABRIEL O ANJO@M@16/01/1998@(23) 44463-2265@HB20@WPK-9765@JUNDIAI|SAO PAULO@17/07/19@11:48@061.22@1@############################################################################################################################################################ALEXANDRE O GIGANTESCO@M@24/02/1997@(07) 94043-1298@GOL@OSX-8083@COTIA|JUNDIAI|LORENA|OSASCO|RIO DE JANEIRO|SAO JOSE DOS CAMPOS|SAO PAULO|SAO ROQUE@01/09/19@03:11@220.28@2@####################################################################################PABLO PICASSO@F@16/08/1989@(46) 29077-2132@GOL@XVB-5782@SAO PAULO|SAO ROQUE@11/12/19@14:31@142.75@3@############################################################################################################################################################ALEXANDRE O GIGANTESCO@M@15/02/1998@(85) 86829-8554@COROLLA@PAN-0835@RIO DE JANEIRO|SAO JOSE DOS CAMPOS|SAO PAULO|SAO ROQUE|SOROCABA@20/01/19@05:50@051.47@2@###################################################################################################ALEXANDRE O GIGANTESCO@M@20/09/1996@(60) 80494-6286@FUSCA@ULZ-5638@COTIA|OSASCO|RIO DE JANEIRO|SOROCABA|TAUBATE@26/11/19@22:24@124.49@4@########################################################################################################################MATHEUS LIMA@F@14/08/1997@(84) 10102-3104@HB20@IHZ-3056@COTIA|JUNDIAI|LORENA|OSASCO|RIO DE JANEIRO|SAO JOSE DOS CAMPOS|SAO PAULO|SAO ROQUE|SOROCABA@17/04/19@04:55@179.19@3@####################################################################################
********************************LISTAR********************************
SAO PAULO--------------------- 17/07/19 - 11:48-
SAO ROQUE--------------------- 01/09/19 - 03:11-
SAO ROQUE--------------------- 11/12/19 - 14:31-
SOROCABA---------------------- 20/01/19 - 05:50-
SOROCABA---------------------- 17/04/19 - 04:55-
TAUBATE----------------------- 26/11/19 - 22:24-
********************************BUSCAR********************************
Busca por VOLTA REDONDA$1907171148.
Nos percorridos:
SOROCABA$1901200550
TAUBATE$1903110643
TAUBATE$1911262224

Registro(s) nao encontrado!
********************************ARQUIVO*******************************
GABRIEL O ANJO@M@16/01/1998@(23) 44463-2265@HB20@WPK-9765@JUNDIAI|SAO PAULO@17/07/19@11:48@061.22@1@############################################################################################################################################################ALEXANDRE O GIGANTESCO@M@24/02/1997@(07) 94043-1298@GOL@OSX-8083@COTIA|JUNDIAI|LORENA|OSASCO|RIO DE JANEIRO|SAO JOSE DOS CAMPOS|SAO PAULO|SAO ROQUE@01/09/19@03:11@220.28@2@####################################################################################PABLO PICASSO@F@16/08/1989@(46) 29077-2132@GOL@XVB-5782@SAO PAULO|SAO ROQUE@11/12/19@14:31@142.75@3@############################################################################################################################################################ALEXANDRE O GIGANTESCO@M@15/02/1998@(85) 86829-8554@COROLLA@PAN-0835@RIO DE JANEIRO|SAO JOSE DOS CAMPOS|SAO PAULO|SAO ROQUE|SOROCABA@20/01/19@05:50@051.47@2@###################################################################################################ALEXANDRE O GIGANTESCO@M@20/09/1996@(60) 80494-6286@FUSCA@ULZ-5638@COTIA|OSASCO|RIO DE JANEIRO|SOROCABA|TAUBATE@26/11/19@22:24@124.49@4@########################################################################################################################MATHEUS LIMA@F@14/08/1997@(84) 10102-3104@HB20@IHZ-3056@COTIA|JUNDIAI|LORENA|OSASCO|RIO DE JANEIRO|SAO JOSE DOS CAMPOS|SAO PAULO|SAO ROQUE|SOROCABA@17/04/19@04:55@179.19@3@####################################################################################EDUARDO COSTA@F@14/06/1989@(89) 82873-5922@FIT@VYO-7039@LORENA|OSASCO|RIO DE JANEIRO|TAUBATE@11/03/19@06:43@151.38@1@###########################################################################################################################################
********************************ARQUIVO*******************************
GABRIEL O ANJO@M@16/01/1998@(23) 44463-2265@HB20@WPK-9765@JUNDIAI|SAO PAULO@17/07/19@11:48@061.22@1@############################################################################################################################################################ALEXANDRE O GIGANTESCO@M@24/02/1997@(07) 94043-1298@GOL@OSX-8083@COTIA|JUNDIAI|LORENA|OSASCO|RIO DE JANEIRO|SAO JOSE DOS CAMPOS|SAO PAULO|SAO ROQUE@01/09/19@03:11@220.28@2@####################################################################################PABLO PICASSO@F@16/08/1989@(46) 29077-2132@GOL@XVB-5782@SAO PAULO|SAO ROQUE@11/12/19@14:31@142.75@3@############################################################################################################################################################ALEXANDRE O GIGANTESCO@M@15/02/1998@(85) 86829-8554@COROLLA@PAN-0835@RIO DE JANEIRO|SAO JOSE DOS CAMPOS|SAO PAULO|SAO ROQUE|SOROCABA@20/01/19@05:50@051.47@2@###################################################################################################ALEXANDRE O GIGANTESCO@M@20/09/1996@(60) 80494-6286@FUSCA@ULZ-5638@COTIA|OSASCO|RIO DE JANEIRO|SOROCABA|TAUBATE@26/11/19@22:24@124.49@4@########################################################################################################################MATHEUS LIMA@F@14/08/1997@(84) 10102-3104@HB20@IHZ-3056@COTIA|JUNDIAI|LORENA|OSASCO|RIO DE JANEIRO|SAO JOSE DOS CAMPOS|SAO PAULO|SAO ROQUE|SOROCABA@17/04/19@04:55@179.19@3@####################################################################################EDUARDO COSTA@F@14/06/1989@(89) 82873-5922@FIT@VYO-7039@LORENA|OSASCO|RIO DE JANEIRO|TAUBATE@11/03/19@06:43@151.38@1@###########################################################################################################################################
********************************ALTERAR*******************************
Registro(s) nao encontrado!
FALHA AO REALIZAR OPERACAO!
***************************INDICE SECUNDÁRIO**************************
001GWPK170711SAO PAULO$1907171148########################################################################T*********
001PXVB111214SAO ROQUE$1912111431########################################################################T*********
001AOSX010903SAO ROQUE$1909010311########################################################################F000001***
001MIHZ170404SOROCABA$1904170455#########################################################################T*********
001AULZ261122TAUBATE$1911262224##########################################################################T*********
001EVYO110306TAUBATE$1903110643##########################################################################F003004***
001APAN200105SOROCABA$1901200550#########################################################################F002005***
********************************BUSCAR********************************
Busca por SOROCABA$1906141433.
Nos percorridos:
SOROCABA$1901200550
TAUBATE$1903110643
SOROCABA$1904170455, SOROCABA$1906141433

JMTS140614
JULIANA PAES
F
16/12/1991
(37) 41826-3406
GOL
MTS-5605
14/06/19
14:33
064.29
2
COTIA, JUNDIAI, OSASCO, RIO DE JANEIRO, SAO JOSE DOS CAMPOS, SAO PAULO, SOROCABA
********************************BUSCAR********************************
Busca por PXVB111214. Nos percorridos:
GWPK170711
MIHZ170404
PXVB111214

PXVB111214
PABLO PICASSO
F
16/08/1989
(46) 29077-2132
GOL
XVB-5782
11/12/19
14:31
142.75
3
SAO PAULO, SAO ROQUE
********************************ARQUIVO*******************************
GABRIEL O ANJO@M@16/01/1998@(23) 44463-2265@HB20@WPK-9765@JUNDIAI|SAO PAULO@17/07/19@11:48@061.22@1@############################################################################################################################################################ALEXANDRE O GIGANTESCO@M@24/02/1997@(07) 94043-1298@GOL@OSX-8083@COTIA|JUNDIAI|LORENA|OSASCO|RIO DE JANEIRO|SAO JOSE DOS CAMPOS|SAO PAULO|SAO ROQUE@01/09/19@03:11@220.28@2@####################################################################################PABLO PICASSO@F@16/08/1989@(46) 29077-2132@GOL@XVB-5782@SAO PAULO|SAO ROQUE@11/12/19@14:31@142.75@3@############################################################################################################################################################ALEXANDRE O GIGANTESCO@M@15/02/1998@(85) 86829-8554@COROLLA@PAN-0835@RIO DE JANEIRO|SAO JOSE DOS CAMPOS|SAO PAULO|SAO ROQUE|SOROCABA@20/01/19@05:50@051.47@2@###################################################################################################ALEXANDRE O GIGANTESCO@M@20/09/1996@(60) 80494-6286@FUSCA@ULZ-5638@COTIA|OSASCO|RIO DE JANEIRO|SOROCABA|TAUBATE@26/11/19@22:24@124.49@4@########################################################################################################################MATHEUS LIMA@F@14/08/1997@(84) 10102-3104@HB20@IHZ-3056@COTIA|JUNDIAI|LORENA|OSASCO|RIO DE JANEIRO|SAO JOSE DOS CAMPOS|SAO PAULO|SAO ROQUE|SOROCABA@17/04/19@04:55@179.19@3@####################################################################################EDUARDO COSTA@F@14/06/1989@(89) 82873-5922@FIT@VYO-7039@LORENA|OSASCO|RIO DE JANEIRO|TAUBATE@11/03/19@06:43@151.38@1@###########################################################################################################################################JULIANA PAES@F@16/12/1991@(37) 41826-3406@GOL@MTS-5605@COTIA|JUNDIAI|OSASCO|RIO DE JANEIRO|SAO JOSE DOS CAMPOS|SAO PAULO|SOROCABA@14/06/19@14:33@064.29@2@######################################################################################################
********************************ARQUIVO*******************************
GABRIEL O ANJO@M@16/01/1998@(23) 44463-2265@HB20@WPK-9765@JUNDIAI|SAO PAULO@17/07/19@11:48@061.22@1@############################################################################################################################################################ALEXANDRE O GIGANTESCO@M@24/02/1997@(07) 94043-1298@GOL@OSX-8083@COTIA|JUNDIAI|LORENA|OSASCO|RIO DE JANEIRO|SAO JOSE DOS CAMPOS|SAO PAULO|SAO ROQUE@01/09/19@03:11@220.28@2@####################################################################################PABLO PICASSO@F@16/08/1989@(46) 29077-2132@GOL@XVB-5782@SAO PAULO|SAO ROQUE@11/12/19@14:31@142.75@3@############################################################################################################################################################ALEXANDRE O GIGANTESCO@M@15/02/1998@(85) 86829-8554@COROLLA@PAN-0835@RIO DE JANEIRO|SAO JOSE DOS CAMPOS|SAO PAULO|SAO ROQUE|SOROCABA@20/01/19@05:50@051.47@2@###################################################################################################ALEXANDRE O GIGANTESCO@M@20/09/1996@(60) 80494-6286@FUSCA@ULZ-5638@COTIA|OSASCO|RIO DE JANEIRO|SOROCABA|TAUBATE@26/11/19@22:24@124.49@4@########################################################################################################################MATHEUS LIMA@F@14/08/1997@(84) 10102-3104@HB20@IHZ-3056@COTIA|JUNDIAI|LORENA|OSASCO|RIO DE JANEIRO|SAO JOSE DOS CAMPOS|SAO PAULO|SAO ROQUE|SOROCABA@17/04/19@04:55@179.19@3@####################################################################################EDUARDO COSTA@F@14/06/1989@(89) 82873-5922@FIT@VYO-7039@LORENA|OSASCO|RIO DE JANEIRO|TAUBATE@11/03/19@06:43@151.38@1@###########################################################################################################################################JULIANA PAES@F@16/12/1991@(37) 41826-3406@GOL@MTS-5605@COTIA|JUNDIAI|OSASCO|RIO DE JANEIRO|SAO JOSE DOS CAMPOS|SAO PAULO|SOROCABA@14/06/19@14:33@064.29@2@######################################################################################################
********************************LISTAR********************************
1 - GWPK170711
2 - APAN200105
3 - AOSX010903
3 - AULZ261122, EVYO110306
2 - MIHZ170404
3 - JMTS140614
3 - PXVB111214
********************************ARQUIVO*******************************
GABRIEL O ANJO@M@16/01/1998@(23) 44463-2265@HB20@WPK-9765@JUNDIAI|SAO PAULO@17/07/19@11:48@061.22@1@############################################################################################################################################################ALEXANDRE O GIGANTESCO@M@24/02/1997@(07) 94043-1298@GOL@OSX-8083@COTIA|JUNDIAI|LORENA|OSASCO|RIO DE JANEIRO|SAO JOSE DOS CAMPOS|SAO PAULO|SAO ROQUE@01/09/19@03:11@220.28@2@####################################################################################PABLO PICASSO@F@16/08/1989@(46) 29077-2132@GOL@XVB-5782@SAO PAULO|SAO ROQUE@11/12/19@14:31@142.75@3@############################################################################################################################################################ALEXANDRE O GIGANTESCO@M@15/02/1998@(85) 86829-8554@COROLLA@PAN-0835@RIO DE JANEIRO|SAO JOSE DOS CAMPOS|SAO PAULO|SAO ROQUE|SOROCABA@20/01/19@05:50@051.47@2@###################################################################################################ALEXANDRE O GIGANTESCO@M@20/09/1996@(60) 80494-6286@FUSCA@ULZ-5638@COTIA|OSASCO|RIO DE JANEIRO|SOROCABA|TAUBATE@26/11/19@22:24@124.49@4@########################################################################################################################MATHEUS LIMA@F@14/08/1997@(84) 10102-3104@HB20@IHZ-3056@COTIA|JUNDIAI|LORENA|OSASCO|RIO DE JANEIRO|SAO JOSE DOS CAMPOS|SAO PAULO|SAO ROQUE|SOROCABA@17/04/19@04:55@179.19@3@####################################################################################EDUARDO COSTA@F@14/06/1989@(89) 82873-5922@FIT@VYO-7039@LORENA|OSASCO|RIO DE JANEIRO|TAUBATE@11/03/19@06:43@151.38@1@###########################################################################################################################################JULIANA PAES@F@16/12/1991@(37) 41826-3406@GOL@MTS-5605@COTIA|JUNDIAI|OSASCO|RIO DE JANEIRO|SAO JOSE DOS CAMPOS|SAO PAULO|SOROCABA@14/06/19@14:33@064.29@2@######################################################################################################ROBERT PATTINSON@F@01/11/1996@(97) 16642-4421@CIVIC@FYO-0988@COTIA|JUNDIAI|LORENA|OSASCO|RIO DE JANEIRO|SAO JOSE DOS CAMPOS|SAO ROQUE|SOROCABA@21/03/19@11:04@097.72@4@#########################################################################################
***************************INDICE SECUNDÁRIO**************************
001GWPK170711SAO PAULO$1907171148########################################################################T*********
001PXVB111214SAO ROQUE$1912111431########################################################################T*********
001AOSX010903SAO ROQUE$1909010311########################################################################F000001***
002GBOL110302SOROCABA$1903110233######################RFYO210311SOROCABA$1903211104######################T*********
001AULZ261122TAUBATE$1911262224##########################################################################T*********
002MIHZ170404SOROCABA$1904170455######################EVYO110306TAUBATE$1903110643#######################F003007004
001APAN200105SOROCABA$1901200550#########################################################################F002005***
001JMTS140614SOROCABA$1906141433#########################################################################T*********
***************************INDICE PRIMÁRIO****************************
001AOSX0109030001##############T*********
001JMTS1406140007##############T*********
002APAN2001050003EVYO1103060006F000003007
001AULZ2611220004##############T*********
002PXVB1112140002RFYO2103110008T*********
001MIHZ1704040005##############F001004***
001GWPK1707110000##############F002005***
001GBOL1103020009##############T*********
***************************INDICE PRIMÁRIO****************************
001AOSX0109030001##############T*********
001JMTS1406140007##############T*********
002APAN2001050003EVYO1103060006F000003007
001AULZ2611220004##############T*********
002PXVB1112140002RFYO2103110008T*********
001MIHZ1704040005##############F001004***
001GWPK1707110000##############F002005***
001GBOL1103020009##############T*********
********************************ALTERAR*******************************
OPERACAO REALIZADA COM SUCESSO!
********************************BUSCAR********************************
Busca por TAUBATE$1903110643.
Nos percorridos:
SOROCABA$1901200550, TAUBATE$1903110643

EVYO110306
EDUARDO COSTA
F
14/06/1989
(89) 82873-5922
FIT
VYO-7039
11/03/19
06:43
151.38
1
LORENA, OSASCO, RIO DE JANEIRO, TAUBATE
********************************BUSCAR********************************
Busca por JMTS140614. Nos percorridos:
EVYO110306, GWPK170711
MIHZ170404
JMTS140614

JMTS140614
JULIANA PAES
F
16/12/1991
(37) 41826-3406
GOL
MTS-5605
14/06/19
14:33
064.29
1
COTIA, JUNDIAI, OSASCO, RIO DE JANEIRO, SAO JOSE DOS CAMPOS, SAO PAULO, SOROCABA
********************************LISTAR********************************
1 - EVYO110306, GWPK170711
2 - APAN200105
3 - AOSX010903
3 - AULZ261122, ENVU041111
2 - GBOL110302
3 - FQNG220216
3 - GJDF060419
2 - MIHZ170404
3 - JMTS140614
3 - PXVB111214, RFYO210311
********************************LISTAR********************************
OSASCO------------------------ 22/02/19 - 16:57-
SAO PAULO--------------------- 17/07/19 - 11:48-
SAO ROQUE--------------------- 01/09/19 - 03:11-
SAO ROQUE--------------------- 11/12/19 - 14:31-
SOROCABA---------------------- 20/01/19 - 05:50-
SOROCABA---------------------- 11/03/19 - 02:33-
SOROCABA---------------------- 21/03/19 - 11:04-
SOROCABA---------------------- 17/04/19 - 04:55-
SOROCABA---------------------- 14/06/19 - 14:33-
TAUBATE----------------------- 11/03/19 - 06:43-
TAUBATE----------------------- 06/04/19 - 19:14-
TAUBATE----------------------- 04/11/19 - 11:25-
TAUBATE----------------------- 26/11/19 - 22:24-
********************************ARQUIVO*******************************
GABRIEL O ANJO@M@16/01/1998@(23) 44463-2265@HB20@WPK-9765@JUNDIAI|SAO PAULO@17/07/19@11:48@061.22@1@############################################################################################################################################################ALEXANDRE O GIGANTESCO@M@24/02/1997@(07) 94043-1298@GOL@OSX-8083@COTIA|JUNDIAI|LORENA|OSASCO|RIO DE JANEIRO|SAO JOSE DOS CAMPOS|SAO PAULO|SAO ROQUE@01/09/19@03:11@220.28@2@####################################################################################PABLO PICASSO@F@16/08/1989@(46) 29077-2132@GOL@XVB-5782@SAO PAULO|SAO ROQUE@11/12/19@14:31@142.75@3@############################################################################################################################################################ALEXANDRE O GIGANTESCO@M@15/02/1998@(85) 86829-8554@COROLLA@PAN-0835@RIO DE JANEIRO|SAO JOSE DOS CAMPOS|SAO PAULO|SAO ROQUE|SOROCABA@20/01/19@05:50@051.47@2@###################################################################################################ALEXANDRE O GIGANTESCO@M@20/09/1996@(60) 80494-6286@FUSCA@ULZ-5638@COTIA|OSASCO|RIO DE JANEIRO|SOROCABA|TAUBATE@26/11/19@22:24@124.49@4@########################################################################################################################MATHEUS LIMA@F@14/08/1997@(84) 10102-3104@HB20@IHZ-3056@COTIA|JUNDIAI|LORENA|OSASCO|RIO DE JANEIRO|SAO JOSE DOS CAMPOS|SAO PAULO|SAO ROQUE|SOROCABA@17/04/19@04:55@179.19@3@####################################################################################EDUARDO COSTA@F@14/06/1989@(89) 82873-5922@FIT@VYO-7039@LORENA|OSASCO|RIO DE JANEIRO|TAUBATE@11/03/19@06:43@151.38@1@###########################################################################################################################################JULIANA PAES@F@16/12/1991@(37) 41826-3406@GOL@MTS-5605@COTIA|JUNDIAI|OSASCO|RIO DE JANEIRO|SAO JOSE DOS CAMPOS|SAO PAULO|SOROCABA@14/06/19@14:33@064.29@1@######################################################################################################ROBERT PATTINSON@F@01/11/1996@(97) 16642-4421@CIVIC@FYO-0988@COTIA|JUNDIAI|LORENA|OSASCO|RIO DE JANEIRO|SAO JOSE DOS CAMPOS|SAO ROQUE|SOROCABA@21/03/19@11:04@097.72@4@#########################################################################################GABRIEL EL ANGEL@M@17/04/1997@(13) 97254-5490@CORSA@BOL-7397@OSASCO|RIO DE JANEIRO|SAO ROQUE|SOROCABA@11/03/19@02:33@078.09@1@##################################################################################################################################GABRIEL NAO SOU FAKE@F@12/08/1991@(84) 86320-2489@FUSCA@JDF-9647@COTIA|JUNDIAI|LORENA|OSASCO|RIO DE JANEIRO|SAO JOSE DOS CAMPOS|SAO PAULO|SAO ROQUE|TAUBATE@06/04/19@19:14@068.12@4@############################################################################FELIPE COUTINHO@M@11/03/1989@(74) 36537-2814@COROLLA@QNG-7137@JUNDIAI|LORENA|OSASCO@22/02/19@16:57@059.27@1@####################################################################################################################################################EDUARDO MOTTA@M@27/11/1997@(39) 11856-7991@FOX@NVU-6103@COTIA|JUNDIAI|LORENA|OSASCO|RIO DE JANEIRO|SAO JOSE DOS CAMPOS|SAO PAULO|SAO ROQUE|SOROCABA|TAUBATE@04/11/19@11:25@222.38@1@############################################################################
***************************INDICE PRIMÁRIO****************************
001AOSX0109030001##############T*********
001JMTS1406140007##############T*********
001APAN2001050003##############F000003***
002AULZ2611220004ENVU0411110012T*********
002PXVB1112140002RFYO2103110008T*********
001MIHZ1704040005##############F001004***
002EVYO1103060006GWPK1707110000F002009005
001FQNG2202160011##############T*********
001GJDF0604190010##############T*********
001GBOL1103020009##############F007008***
***************************INDICE SECUNDÁRIO**************************
002FQNG220216OSASCO$1902221657########################GWPK170711SAO PAULO$1907171148#####################T*********
001PXVB111214SAO ROQUE$1912111431########################################################################T*********
001AOSX010903SAO ROQUE$1909010311########################################################################F000001***
002GBOL110302SOROCABA$1903110233######################RFYO210311SOROCABA$1903211104######################T*********
001GJDF060419TAUBATE$1904061914##########################################################################T*********
001MIHZ170404SOROCABA$1904170455#########################################################################F003007***
002APAN200105SOROCABA$1901200550######################EVYO110306TAUBATE$1903110643#######################F002005009
001JMTS140614SOROCABA$1906141433#########################################################################T*********
001AULZ261122TAUBATE$1911262224##########################################################################T*********
001ENVU041111TAUBATE$1911041125##########################################################################F004008***
