********************************ARQUIVO*******************************
Arquivo vazio!
***************************INDICE PRIMÁRIO****************************
Arquivo vazio!
***************************INDICE SECUNDÁRIO**************************
Arquivo vazio!
********************************BUSCAR********************************
Busca por TAUBATE$1901120008.
Nos percorridos:
TAUBATE$1901120008

PBEL120100
PABLO VITTAR
M
21/08/1994
(43) 44680-7866
FIT
BEL-4612
12/01/19
00:08
126.71
3
COTIA, JUNDIAI, RIO DE JANEIRO, SAO PAULO, SAO ROQUE, TAUBATE
********************************ARQUIVO*******************************
PABLO VITTAR@M@21/08/1994@(43) 44680-7866@FIT@BEL-4612@COTIA|JUNDIAI|RIO DE JANEIRO|SAO PAULO|SAO ROQUE|TAUBATE@12/01/19@00:08@126.71@3@########################################################################################################################
********************************ALTERAR*******************************
OPERACAO REALIZADA COM SUCESSO!
***************************INDICE SECUNDÁRIO**************************
002LVDZ180414SOROCABA$1904181458######################PBEL120100TAUBATE$1901120008##########################################################################T************
********************************LISTAR********************************
SOROCABA---------------------- 18/04/19 - 14:58-
TAUBATE----------------------- 12/01/19 - 00:08-
********************************LISTAR********************************
1 - PBEL120100
2 - LVDZ180414
2 - PEOL070308
********************************ARQUIVO*******************************
PABLO VITTAR@M@21/08/1994@(43) 44680-7866@FIT@BEL-4612@COTIA|JUNDIAI|RIO DE JANEIRO|SAO PAULO|SAO ROQUE|TAUBATE@12/01/19@00:08@126.71@3@########################################################################################################################LETICIA CARRARA@F@11/08/1997@(47) 66932-1436@ONIX@VDZ-2523@COTIA|OSASCO|RIO DE JANEIRO|SAO JOSE DOS CAMPOS|SAO PAULO|SOROCABA@18/04/19@14:58@192.83@1@##########################################################################################################PABLO VITTAR@F@03/05/1998@(28) 48026-7781@FOX@EOL-3185@COTIA|JUNDIAI|LORENA|OSASCO|RIO DE JANEIRO|SAO JOSE DOS CAMPOS|SAO PAULO|SAO ROQUE|SOROCABA|TAUBATE@07/03/19@08:50@004.67@3@#############################################################################
********************************BUSCAR********************************
Busca por SOROCABA$1907211843.
Nos percorridos:
TAUBATE$1901120008
SOROCABA$1904181458, SOROCABA$1907211843

FEGY210718
FATIMA BERNARDES
F
09/02/1992
(47) 09785-5478
ONIX
EGY-6832
21/07/19
18:43
178.10
1
COTIA, JUNDIAI, LORENA, OSASCO, RIO DE JANEIRO, SAO JOSE DOS CAMPOS, SAO PAULO, SAO ROQUE, SOROCABA
********************************BUSCAR********************************
Busca por SAO JOSE DOS CAMPOS$1903120313.
Nos percorridos:
TAUBATE$1901120008
SOROCABA$1901012146, SOROCABA$1904181458, SOROCABA$1907211843

Registro(s) nao encontrado!
********************************LISTAR********************************
1 - FEGY210718, PBEL120100
2 - AHVM120303
2 - GZTT010121, LVDZ180414
2 - PEOL070308
********************************ARQUIVO*******************************
PABLO VITTAR@M@21/08/1994@(43) 44680-7866@FIT@BEL-4612@COTIA|JUNDIAI|RIO DE JANEIRO|SAO PAULO|SAO ROQUE|TAUBATE@12/01/19@00:08@126.71@3@########################################################################################################################LETICIA CARRARA@F@11/08/1997@(47) 66932-1436@ONIX@VDZ-2523@COTIA|OSASCO|RIO DE JANEIRO|SAO JOSE DOS CAMPOS|SAO PAULO|SOROCABA@18/04/19@14:58@192.83@1@##########################################################################################################PABLO VITTAR@F@03/05/1998@(28) 48026-7781@FOX@EOL-3185@COTIA|JUNDIAI|LORENA|OSASCO|RIO DE JANEIRO|SAO JOSE DOS CAMPOS|SAO PAULO|SAO ROQUE|SOROCABA|TAUBATE@07/03/19@08:50@004.67@3@#############################################################################FATIMA BERNARDES@F@09/02/1992@(47) 09785-5478@ONIX@EGY-6832@COTIA|JUNDIAI|LORENA|OSASCO|RIO DE JANEIRO|SAO JOSE DOS CAMPOS|SAO PAULO|SAO ROQUE|SOROCABA@21/07/19@18:43@178.10@1@################################################################################ALEXANDRE O MIXURUCA@F@13/02/1991@(13) 51385-3862@FUSCA@HVM-5788@COTIA|LORENA|TAUBATE@12/03/19@03:13@109.39@2@##################################################################################################################################################GABRIEL NAO SOU FAKE@F@05/11/1993@(37) 41873-2901@CIVIC@ZTT-8546@COTIA|JUNDIAI|LORENA|OSASCO|RIO DE JANEIRO|SAO JOSE DOS CAMPOS|SAO PAULO|SOROCABA@01/01/19@21:46@217.29@3@#####################################################################################ALEXANDRE O MEDIO@F@11/12/1994@(45) 84317-7499@UNO@KML-5138@COTIA|JUNDIAI|LORENA|OSASCO|RIO DE JANEIRO|SAO JOSE DOS CAMPOS|SAO PAULO|SAO ROQUE|SOROCABA|TAUBATE@19/02/19@13:49@060.05@4@########################################################################
********************************BUSCAR********************************
Busca por JUNDIAI$1902191349.
Nos percorridos:
TAUBATE$1901120008
SOROCABA$1901012146, SOROCABA$1904181458, SOROCABA$1907211843

Registro(s) nao encontrado!
********************************BUSCAR********************************
Busca por PBEL120100. Nos percorridos:
FEGY210718
PBEL120100

PBEL120100
PABLO VITTAR
M
21/08/1994
(43) 44680-7866
FIT
BEL-4612
12/01/19
00:08
126.71
3
COTIA, JUNDIAI, RIO DE JANEIRO, SAO PAULO, SAO ROQUE, TAUBATE
********************************BUSCAR********************************
Busca por AKML190213. Nos percorridos:
FEGY210718
AKML190213

AKML190213
ALEXANDRE O MEDIO
F
11/12/1994
(45) 84317-7499
UNO
KML-5138
19/02/19
13:49
060.05
4
COTIA, JUNDIAI, LORENA, OSASCO, RIO DE JANEIRO, SAO JOSE DOS CAMPOS, SAO PAULO, SAO ROQUE, SOROCABA, TAUBATE
********************************BUSCAR********************************
Busca por SAO JOSE DOS CAMPOS$1901120008.
Nos percorridos:
SOROCABA$1904181458, TAUBATE$1901120008
SAO PAULO$1909201146, SOROCABA$1901012146, SOROCABA$1902250555

Registro(s) nao encontrado!
********************************BUSCAR********************************
Busca por AKML190213. Nos percorridos:
FEGY210718
AKML190213

AKML190213
ALEXANDRE O MEDIO
F
11/12/1994
(45) 84317-7499
UNO
KML-5138
19/02/19
13:49
060.05
4
COTIA, JUNDIAI, LORENA, OSASCO, RIO DE JANEIRO, SAO JOSE DOS CAMPOS, SAO PAULO, SAO ROQUE, SOROCABA, TAUBATE
***************************INDICE SECUNDÁRIO**************************
003GDYL200911SAO PAULO$1909201146#####################GZTT010121SOROCABA$1901012146######################AOJC250205SOROCABA$1902250555######################T************
003AKML190213TAUBATE$1902191349#######################PEOL070308TAUBATE$1903070850#######################AHVM120303TAUBATE$1903120313#######################T************
002LVDZ180414SOROCABA$1904181458######################PBEL120100TAUBATE$1901120008##########################################################################F000003001***
001FEGY210718SOROCABA$1907211843############################################################################################################################T************
********************************ALTERAR*******************************
OPERACAO REALIZADA COM SUCESSO!
***************************INDICE PRIMÁRIO****************************
001AHVM1203030004##############T*********
001PEOL0703080002##############T*********
001AKML1902130006##############F000004***
001GDYL2009110008##############T*********
001AOJC2502050007##############T*********
002GZTT0101210005PBEL1201000000F003007001
001FEGY2107180003##############F002005***
001LVDZ1804140001##############T*********
********************************BUSCAR********************************
Busca por OSASCO$1903120313.
Nos percorridos:
SOROCABA$1904181458, TAUBATE$1901120008
SAO PAULO$1909201146, SOROCABA$1901012146, SOROCABA$1902250555

Registro(s) nao encontrado!
********************************LISTAR********************************
1 - FEGY210718
2 - AKML190213
3 - AHVM120303
3 - AOJC250205
2 - GZTT010121, PBEL120100
3 - GDYL200911
3 - LVDZ180414
3 - PEOL070308
********************************LISTAR********************************
SAO PAULO--------------------- 20/09/19 - 11:46-
SOROCABA---------------------- 01/01/19 - 21:46-
SOROCABA---------------------- 25/02/19 - 05:55-
SOROCABA---------------------- 18/04/19 - 14:58-
SOROCABA---------------------- 21/07/19 - 18:43-
TAUBATE----------------------- 12/01/19 - 00:08-
TAUBATE----------------------- 19/02/19 - 13:49-
TAUBATE----------------------- 07/03/19 - 08:50-
TAUBATE----------------------- 12/03/19 - 03:13-
TAUBATE----------------------- 20/06/19 - 06:24-
********************************BUSCAR********************************
Busca por SAO PAULO$1909201146.
Nos percorridos:
SOROCABA$1904181458, TAUBATE$1901120008, TAUBATE$1903120313
SAO PAULO$1909201146, SOROCABA$1901012146, SOROCABA$1902250555

GDYL200911
GABRIEL NAO SOU FAKE
F
11/04/1991
(91) 81412-0498
UNO
DYL-0590
20/09/19
11:46
120.09
4
JUNDIAI, LORENA, OSASCO, SAO PAULO
********************************BUSCAR********************************
Busca por SAO ROQUE$1903120313.
Nos percorridos:
SOROCABA$1904181458, TAUBATE$1901120008, TAUBATE$1903120313
SAO PAULO$1909201146, SOROCABA$1901012146, SOROCABA$1902250555

Registro(s) nao encontrado!
***************************INDICE PRIMÁRIO****************************
001AHVM1203030004##############T*********
001PEOL0703080002##############T*********
001AKML1902130006##############F000004***
001GDYL2009110008##############T*********
002AOJC2502050007AXYL1903000010T*********
001GZTT0101210005##############F003007***
002FEGY2107180003LSWP1103140011F002005009
001LCQI2006060009##############T*********
001LVDZ1804140001##############T*********
001PBEL1201000000##############F008001***
********************************ALTERAR*******************************
OPERACAO REALIZADA COM SUCESSO!
********************************ALTERAR*******************************
OPERACAO REALIZADA COM SUCESSO!
***************************INDICE SECUNDÁRIO**************************
003GDYL200911SAO PAULO$1909201146#####################GZTT010121SOROCABA$1901012146######################AOJC250205SOROCABA$1902250555######################T************
003AKML190213TAUBATE$1902191349#######################PEOL070308TAUBATE$1903070850#######################LSWP110314TAUBATE$1903111400#######################T************
003LVDZ180414SOROCABA$1904181458######################PBEL120100TAUBATE$1901120008#######################AHVM120303TAUBATE$1903120313#######################F000003001004
001FEGY210718SOROCABA$1907211843############################################################################################################################T************
003AXYL190300TAUBATE$1903190025#######################MNOF140520TAUBATE$1905142051#######################LCQI200606TAUBATE$1906200624#######################T************
********************************BUSCAR********************************
Busca por SAO ROQUE$1901120008.
Nos percorridos:
TAUBATE$1901120008
SOROCABA$1901012146, SOROCABA$1904181458
SAO PAULO$1903171545, SAO PAULO$1909201146

Registro(s) nao encontrado!
***************************INDICE PRIMÁRIO****************************
001AHVM1203030004##############T*********
001PEOL0703080002##############T*********
001AKML1902130006##############F000004***
001GDYL2009110008##############T*********
002AOJC2502050007AXYL1903000010T*********
001GZTT0101210005##############F003007***
002FEGY2107180003LSWP1103140011F002005009
001LCQI2006060009##############T*********
001LVDZ1804140001##############T*********
002MFYT1703150013PBEL1201000000F008010001
001MNOF1405200012##############T*********
***************************INDICE PRIMÁRIO****************************
001AHVM1203030004##############T*********
001PEOL0703080002##############T*********
002AKML1902130006AOJC2502050007F000004011
001GDYL2009110008##############T*********
001ANZG2712070014##############T*********
001GZTT0101210005##############F003007***
002FEGY2107180003LSWP1103140011F002005009
001LCQI2006060009##############T*********
001LVDZ1804140001##############T*********
002MFYT1703150013PBEL1201000000F008010001
001MNOF1405200012##############T*********
001AXYL1903000010##############T*********
********************************BUSCAR********************************
Busca por SOROCABA$1907211843.
Nos percorridos:
TAUBATE$1901120008
SOROCABA$1901012146, SOROCABA$1904181458
SOROCABA$1907211843, SOROCABA$1912270754

FEGY210718
FATIMA BERNARDES
F
09/02/1992
(47) 09785-5478
ONIX
EGY-6832
21/07/19
18:43
178.10
1
COTIA, JUNDIAI, LORENA, OSASCO, RIO DE JANEIRO, SAO JOSE DOS CAMPOS, SAO PAULO, SAO ROQUE, SOROCABA
********************************ALTERAR*******************************
OPERACAO REALIZADA COM SUCESSO!
***************************INDICE PRIMÁRIO****************************
001AHVM1203030004##############T*********
001PEOL0703080002##############T*********
002AKML1902130006AOJC2502050007F000004011
002GDYL2009110008GXSK2107130015T*********
001ANZG2712070014##############T*********
001GZTT0101210005##############F003007***
002FEGY2107180003LSWP1103140011F002005009
001LCQI2006060009##############T*********
001LVDZ1804140001##############T*********
002MFYT1703150013PBEL1201000000F008010001
001MNOF1405200012##############T*********
001AXYL1903000010##############T*********
********************************LISTAR********************************
1 - FEGY210718, LSWP110314
2 - AKML190213, AOJC250205
3 - AHVM120303
3 - ANZG271207
3 - AXYL190300
2 - GZTT010121
3 - GDYL200911, GXSK210713
3 - LCQI200606, LNRB190716
2 - MFYT170315, PBEL120100
3 - LVDZ180414
3 - MNOF140520
3 - PEOL070308
********************************LISTAR********************************
SAO PAULO--------------------- 17/03/19 - 15:45-
SAO PAULO--------------------- 20/09/19 - 11:46-
SOROCABA---------------------- 01/01/19 - 21:46-
SOROCABA---------------------- 25/02/19 - 05:55-
SOROCABA---------------------- 18/04/19 - 14:58-
SOROCABA---------------------- 21/07/19 - 18:43-
SOROCABA---------------------- 27/12/19 - 07:54-
TAUBATE----------------------- 12/01/19 - 00:08-
TAUBATE----------------------- 19/02/19 - 13:49-
TAUBATE----------------------- 07/03/19 - 08:50-
TAUBATE----------------------- 11/03/19 - 14:00-
TAUBATE----------------------- 12/03/19 - 03:13-
TAUBATE----------------------- 19/03/19 - 00:25-
TAUBATE----------------------- 14/05/19 - 20:51-
TAUBATE----------------------- 20/06/19 - 06:24-
TAUBATE----------------------- 19/07/19 - 16:37-
TAUBATE----------------------- 21/07/19 - 13:16-
********************************ARQUIVO*******************************
PABLO VITTAR@M@21/08/1994@(43) 44680-7866@FIT@BEL-4612@COTIA|JUNDIAI|RIO DE JANEIRO|SAO PAULO|SAO ROQUE|TAUBATE@12/01/19@00:08@126.71@3@########################################################################################################################LETICIA CARRARA@F@11/08/1997@(47) 66932-1436@ONIX@VDZ-2523@COTIA|OSASCO|RIO DE JANEIRO|SAO JOSE DOS CAMPOS|SAO PAULO|SOROCABA@18/04/19@14:58@192.83@1@##########################################################################################################PABLO VITTAR@F@03/05/1998@(28) 48026-7781@FOX@EOL-3185@COTIA|JUNDIAI|LORENA|OSASCO|RIO DE JANEIRO|SAO JOSE DOS CAMPOS|SAO PAULO|SAO ROQUE|SOROCABA|TAUBATE@07/03/19@08:50@004.67@3@#############################################################################FATIMA BERNARDES@F@09/02/1992@(47) 09785-5478@ONIX@EGY-6832@COTIA|JUNDIAI|LORENA|OSASCO|RIO DE JANEIRO|SAO JOSE DOS CAMPOS|SAO PAULO|SAO ROQUE|SOROCABA@21/07/19@18:43@178.10@2@################################################################################ALEXANDRE O MIXURUCA@F@13/02/1991@(13) 51385-3862@FUSCA@HVM-5788@COTIA|LORENA|TAUBATE@12/03/19@03:13@109.39@2@##################################################################################################################################################GABRIEL NAO SOU FAKE@F@05/11/1993@(37) 41873-2901@CIVIC@ZTT-8546@COTIA|JUNDIAI|LORENA|OSASCO|RIO DE JANEIRO|SAO JOSE DOS CAMPOS|SAO PAULO|SOROCABA@01/01/19@21:46@217.29@3@#####################################################################################ALEXANDRE O MEDIO@F@11/12/1994@(45) 84317-7499@UNO@KML-5138@COTIA|JUNDIAI|LORENA|OSASCO|RIO DE JANEIRO|SAO JOSE DOS CAMPOS|SAO PAULO|SAO ROQUE|SOROCABA|TAUBATE@19/02/19@13:49@060.05@4@########################################################################ANA JULIA@F@10/01/1996@(78) 47303-6069@CIVIC@OJC-0517@COTIA|JUNDIAI|LORENA|OSASCO|RIO DE JANEIRO|SAO JOSE DOS CAMPOS|SAO PAULO|SAO ROQUE|SOROCABA@25/02/19@05:55@176.26@4@######################################################################################GABRIEL NAO SOU FAKE@F@11/04/1991@(91) 81412-0498@UNO@DYL-0590@JUNDIAI|LORENA|OSASCO|SAO PAULO@20/09/19@11:46@120.09@4@#########################################################################################################################################LETICIA FERREIRA DA SILVA@M@07/06/1992@(37) 47230-3071@FOX@CQI-9207@COTIA|JUNDIAI|LORENA|RIO DE JANEIRO|SAO JOSE DOS CAMPOS|SAO PAULO|SAO ROQUE|SOROCABA|TAUBATE@20/06/19@06:24@058.62@4@#######################################################################ALEXANDRE O MEDIO@F@09/03/1991@(92) 73019-7394@CELTA@XYL-1306@COTIA|JUNDIAI|LORENA|OSASCO|SAO JOSE DOS CAMPOS|SAO PAULO|SAO ROQUE|SOROCABA|TAUBATE@19/03/19@00:25@234.71@1@#####################################################################################LETICIA FERNANDES@M@06/10/1991@(41) 73708-5076@TORO@SWP-8935@COTIA|JUNDIAI|LORENA|OSASCO|SAO PAULO|SOROCABA|TAUBATE@11/03/19@14:00@168.70@1@####################################################################################################################MATHEUS AUGUSTO@M@12/06/1989@(08) 25818-0475@CELTA@NOF-5361@JUNDIAI|LORENA|OSASCO|RIO DE JANEIRO|SAO ROQUE|SOROCABA|TAUBATE@14/05/19@20:51@127.69@4@############################################################################################################MATHEUS LIMA@F@12/07/1992@(07) 73892-4780@COROLLA@FYT-9594@JUNDIAI|LORENA|OSASCO|RIO DE JANEIRO|SAO PAULO@17/03/19@15:45@056.07@4@##############################################################################################################################ALEXANDRE O PEQUENO@M@23/03/1990@(34) 41177-2715@COROLLA@NZG-8166@COTIA|JUNDIAI|LORENA|OSASCO|RIO DE JANEIRO|SAO PAULO|SAO ROQUE|SOROCABA@27/12/19@07:54@233.87@4@##############################################################################################GABRIEL NAO SOU FAKE@F@04/03/1993@(08) 35397-7765@FUSCA@XSK-2588@COTIA|JUNDIAI|LORENA|OSASCO|RIO DE JANEIRO|SAO JOSE DOS CAMPOS|SAO PAULO|SAO ROQUE|SOROCABA|TAUBATE@21/07/19@13:16@111.30@3@###################################################################LETICIA BASTOS@F@21/06/1991@(51) 26204-7782@CORSA@NRB-4868@COTIA|JUNDIAI|LORENA|OSASCO|RIO DE JANEIRO|SAO JOSE DOS CAMPOS|SAO PAULO|SAO ROQUE|SOROCABA|TAUBATE@19/07/19@16:37@052.85@1@#########################################################################
***************************INDICE PRIMÁRIO****************************
001AHVM1203030004##############T*********
001PEOL0703080002##############T*********
002AKML1902130006AOJC2502050007F000004011
002GDYL2009110008GXSK2107130015T*********
001ANZG2712070014##############T*********
001GZTT0101210005##############F003007***
002FEGY2107180003LSWP1103140011F002005009
002LCQI2006060009LNRB1907160016T*********
001LVDZ1804140001##############T*********
002MFYT1703150013PBEL1201000000F008010001
001MNOF1405200012##############T*********
001AXYL1903000010##############T*********
***************************INDICE SECUNDÁRIO**************************
002MFYT170315SAO PAULO$1903171545#####################GDYL200911SAO PAULO$1909201146########################################################################T************
003AKML190213TAUBATE$1902191349#######################PEOL070308TAUBATE$1903070850#######################LSWP110314TAUBATE$1903111400#######################T************
002GZTT010121SOROCABA$1901012146######################LVDZ180414SOROCABA$1904181458#########################################################################F000005003***
002FEGY210718SOROCABA$1907211843######################ANZG271207SOROCABA$1912270754#########################################################################T************
002AXYL190300TAUBATE$1903190025#######################MNOF140520TAUBATE$1905142051##########################################################################T************
001AOJC250205SOROCABA$1902250555############################################################################################################################T************
002AHVM120303TAUBATE$1903120313#######################LCQI200606TAUBATE$1906200624##########################################################################F001004008***
001PBEL120100TAUBATE$1901120008#############################################################################################################################F002006******
002LNRB190716TAUBATE$1907191637#######################GXSK210713TAUBATE$1907211316##########################################################################T************
********************************ALTERAR*******************************
OPERACAO REALIZADA COM SUCESSO!
