***************************INDICE SECUNDÁRIO**************************
Arquivo vazio!
***************************INDICE SECUNDÁRIO**************************
002AATE210214SOROCABA$1902211444######################MXJM070708TAUBATE$1907070803##########################################################################T************
********************************ALTERAR*******************************
Registro(s) nao encontrado!
FALHA AO REALIZAR OPERACAO!
********************************ARQUIVO*******************************
MATHEUS LIMA@M@23/12/1998@(63) 85838-4031@CORSA@XJM-8543@COTIA|JUNDIAI|LORENA|OSASCO|SAO PAULO|SAO ROQUE|SOROCABA|TAUBATE@07/07/19@08:03@041.92@3@##############################################################################################################ALEXANDRE O CHEGA NE@M@09/06/1998@(53) 75052-9236@CIVIC@ATE-0191@COTIA|JUNDIAI|LORENA|OSASCO|RIO DE JANEIRO|SAO JOSE DOS CAMPOS|SAO PAULO|SAO ROQUE|SOROCABA@21/02/19@14:44@219.74@4@###########################################################################
********************************ALTERAR*******************************
OPERACAO REALIZADA COM SUCESSO!
********************************LISTAR********************************
1 - LWWZ180500
2 - AATE210214, GKSP100819
2 - MXJM070708
********************************LISTAR********************************
SOROCABA---------------------- 21/02/19 - 14:44-
TAUBATE----------------------- 18/05/19 - 00:37-
TAUBATE----------------------- 07/07/19 - 08:03-
TAUBATE----------------------- 10/08/19 - 19:44-
********************************ARQUIVO*******************************
MATHEUS LIMA@M@23/12/1998@(63) 85838-4031@CORSA@XJM-8543@COTIA|JUNDIAI|LORENA|OSASCO|SAO PAULO|SAO ROQUE|SOROCABA|TAUBATE@07/07/19@08:03@041.92@1@##############################################################################################################ALEXANDRE O CHEGA NE@M@09/06/1998@(53) 75052-9236@CIVIC@ATE-0191@COTIA|JUNDIAI|LORENA|OSASCO|RIO DE JANEIRO|SAO JOSE DOS CAMPOS|SAO PAULO|SAO ROQUE|SOROCABA@21/02/19@14:44@219.74@4@###########################################################################LETICIA FERNANDES@F@11/12/1992@(07) 55524-0449@FIT@WWZ-1972@COTIA|JUNDIAI|LORENA|OSASCO|RIO DE JANEIRO|SAO JOSE DOS CAMPOS|SAO PAULO|SAO ROQUE|TAUBATE@18/05/19@00:37@172.25@3@#################################################################################GABRIEL THE ANGEL@M@21/04/1998@(92) 17666-6736@TORO@KSP-8333@JUNDIAI|LORENA|OSASCO|RIO DE JANEIRO|SAO JOSE DOS CAMPOS|SAO PAULO|SAO ROQUE|SOROCABA|TAUBATE@10/08/19@19:44@114.21@4@#############################################################################
********************************ARQUIVO*******************************
MATHEUS LIMA@M@23/12/1998@(63) 85838-4031@CORSA@XJM-8543@COTIA|JUNDIAI|LORENA|OSASCO|SAO PAULO|SAO ROQUE|SOROCABA|TAUBATE@07/07/19@08:03@041.92@1@##############################################################################################################ALEXANDRE O CHEGA NE@M@09/06/1998@(53) 75052-9236@CIVIC@ATE-0191@COTIA|JUNDIAI|LORENA|OSASCO|RIO DE JANEIRO|SAO JOSE DOS CAMPOS|SAO PAULO|SAO ROQUE|SOROCABA@21/02/19@14:44@219.74@4@###########################################################################LETICIA FERNANDES@F@11/12/1992@(07) 55524-0449@FIT@WWZ-1972@COTIA|JUNDIAI|LORENA|OSASCO|RIO DE JANEIRO|SAO JOSE DOS CAMPOS|SAO PAULO|SAO ROQUE|TAUBATE@18/05/19@00:37@172.25@3@#################################################################################GABRIEL THE ANGEL@M@21/04/1998@(92) 17666-6736@TORO@KSP-8333@JUNDIAI|LORENA|OSASCO|RIO DE JANEIRO|SAO JOSE DOS CAMPOS|SAO PAULO|SAO ROQUE|SOROCABA|TAUBATE@10/08/19@19:44@114.21@4@#############################################################################ALEXANDRE O MAIS OU MENOS@F@26/02/1992@(74) 52568-0046@TORO@RLD-6661@JUNDIAI|OSASCO|RIO DE JANEIRO|SAO JOSE DOS CAMPOS|SAO PAULO|SAO ROQUE|SOROCABA@24/01/19@10:37@113.17@3@####################################################################################MATHEUS LIMA@F@17/02/1994@(05) 84320-6708@ONIX@RIE-7592@COTIA|JUNDIAI|LORENA|OSASCO|RIO DE JANEIRO|SAO JOSE DOS CAMPOS|SAO ROQUE|SOROCABA@25/01/19@22:18@180.26@3@##############################################################################################
********************************ARQUIVO*******************************
MATHEUS LIMA@M@23/12/1998@(63) 85838-4031@CORSA@XJM-8543@COTIA|JUNDIAI|LORENA|OSASCO|SAO PAULO|SAO ROQUE|SOROCABA|TAUBATE@07/07/19@08:03@041.92@1@##############################################################################################################ALEXANDRE O CHEGA NE@M@09/06/1998@(53) 75052-9236@CIVIC@ATE-0191@COTIA|JUNDIAI|LORENA|OSASCO|RIO DE JANEIRO|SAO JOSE DOS CAMPOS|SAO PAULO|SAO ROQUE|SOROCABA@21/02/19@14:44@219.74@4@###########################################################################LETICIA FERNANDES@F@11/12/1992@(07) 55524-0449@FIT@WWZ-1972@COTIA|JUNDIAI|LORENA|OSASCO|RIO DE JANEIRO|SAO JOSE DOS CAMPOS|SAO PAULO|SAO ROQUE|TAUBATE@18/05/19@00:37@172.25@3@#################################################################################GABRIEL THE ANGEL@M@21/04/1998@(92) 17666-6736@TORO@KSP-8333@JUNDIAI|LORENA|OSASCO|RIO DE JANEIRO|SAO JOSE DOS CAMPOS|SAO PAULO|SAO ROQUE|SOROCABA|TAUBATE@10/08/19@19:44@114.21@4@#############################################################################ALEXANDRE O MAIS OU MENOS@F@26/02/1992@(74) 52568-0046@TORO@RLD-6661@JUNDIAI|OSASCO|RIO DE JANEIRO|SAO JOSE DOS CAMPOS|SAO PAULO|SAO ROQUE|SOROCABA@24/01/19@10:37@113.17@3@####################################################################################MATHEUS LIMA@F@17/02/1994@(05) 84320-6708@ONIX@RIE-7592@COTIA|JUNDIAI|LORENA|OSASCO|RIO DE JANEIRO|SAO JOSE DOS CAMPOS|SAO ROQUE|SOROCABA@25/01/19@22:18@180.26@3@##############################################################################################
********************************LISTAR********************************
1 - ARLD240110, LWWZ180500
2 - AATE210214
2 - GKSP100819
2 - MRIE250122, MXJM070708
********************************BUSCAR********************************
Busca por AATE210214. Nos percorridos:
ARLD240110, LWWZ180500
AATE210214

AATE210214
ALEXANDRE O CHEGA NE
M
09/06/1998
(53) 75052-9236
CIVIC
ATE-0191
21/02/19
14:44
219.74
4
COTIA, JUNDIAI, LORENA, OSASCO, RIO DE JANEIRO, SAO JOSE DOS CAMPOS, SAO PAULO, SAO ROQUE, SOROCABA
***************************INDICE SECUNDÁRIO**************************
002ARLD240110SOROCABA$1901241037######################MRIE250122SOROCABA$1901252218#########################################################################T************
001GKSP100819TAUBATE$1908101944#############################################################################################################################T************
002AATE210214SOROCABA$1902211444######################MXJM070708TAUBATE$1907070803##########################################################################F000003001***
001LWWZ180500TAUBATE$1905180037#############################################################################################################################T************
********************************ALTERAR*******************************
OPERACAO REALIZADA COM SUCESSO!
***************************INDICE SECUNDÁRIO**************************
002ARLD240110SOROCABA$1901241037######################MRIE250122SOROCABA$1901252218#########################################################################T************
001GKSP100819TAUBATE$1908101944#############################################################################################################################T************
002AATE210214SOROCABA$1902211444######################MXJM070708TAUBATE$1907070803##########################################################################F000003001***
001LWWZ180500TAUBATE$1905180037#############################################################################################################################T************
********************************ARQUIVO*******************************
MATHEUS LIMA@M@23/12/1998@(63) 85838-4031@CORSA@XJM-8543@COTIA|JUNDIAI|LORENA|OSASCO|SAO PAULO|SAO ROQUE|SOROCABA|TAUBATE@07/07/19@08:03@041.92@1@##############################################################################################################ALEXANDRE O CHEGA NE@M@09/06/1998@(53) 75052-9236@CIVIC@ATE-0191@COTIA|JUNDIAI|LORENA|OSASCO|RIO DE JANEIRO|SAO JOSE DOS CAMPOS|SAO PAULO|SAO ROQUE|SOROCABA@21/02/19@14:44@219.74@4@###########################################################################LETICIA FERNANDES@F@11/12/1992@(07) 55524-0449@FIT@WWZ-1972@COTIA|JUNDIAI|LORENA|OSASCO|RIO DE JANEIRO|SAO JOSE DOS CAMPOS|SAO PAULO|SAO ROQUE|TAUBATE@18/05/19@00:37@172.25@3@#################################################################################GABRIEL THE ANGEL@M@21/04/1998@(92) 17666-6736@TORO@KSP-8333@JUNDIAI|LORENA|OSASCO|RIO DE JANEIRO|SAO JOSE DOS CAMPOS|SAO PAULO|SAO ROQUE|SOROCABA|TAUBATE@10/08/19@19:44@114.21@4@#############################################################################ALEXANDRE O MAIS OU MENOS@F@26/02/1992@(74) 52568-0046@TORO@RLD-6661@JUNDIAI|OSASCO|RIO DE JANEIRO|SAO JOSE DOS CAMPOS|SAO PAULO|SAO ROQUE|SOROCABA@24/01/19@10:37@113.17@3@####################################################################################MATHEUS LIMA@F@17/02/1994@(05) 84320-6708@ONIX@RIE-7592@COTIA|JUNDIAI|LORENA|OSASCO|RIO DE JANEIRO|SAO JOSE DOS CAMPOS|SAO ROQUE|SOROCABA@25/01/19@22:18@180.26@3@##############################################################################################
********************************BUSCAR********************************
Busca por SOROCABA$1902211444.
Nos percorridos:
SOROCABA$1902211444, TAUBATE$1907070803

AATE210214
ALEXANDRE O CHEGA NE
M
09/06/1998
(53) 75052-9236
CIVIC
ATE-0191
21/02/19
14:44
219.74
4
COTIA, JUNDIAI, LORENA, OSASCO, RIO DE JANEIRO, SAO JOSE DOS CAMPOS, SAO PAULO, SAO ROQUE, SOROCABA
********************************LISTAR********************************
SAO PAULO--------------------- 06/05/19 - 06:55-
SOROCABA---------------------- 24/01/19 - 10:37-
SOROCABA---------------------- 25/01/19 - 22:18-
SOROCABA---------------------- 21/02/19 - 14:44-
TAUBATE----------------------- 18/05/19 - 00:37-
TAUBATE----------------------- 07/07/19 - 08:03-
TAUBATE----------------------- 10/08/19 - 19:44-
********************************BUSCAR********************************
Busca por SAO ROQUE$1905160655.
Nos percorridos:
SOROCABA$1901241037, SOROCABA$1902211444, TAUBATE$1907070803
SAO PAULO$1905060655, SAO ROQUE$1905160655

ETJK160506
EDUARDO MOTTA
M
26/09/1998
(23) 19698-5022
FIT
TJK-0833
16/05/19
06:55
123.21
2
LORENA, SAO JOSE DOS CAMPOS, SAO ROQUE
***************************INDICE PRIMÁRIO****************************
001AATE2102140001##############T*********
001MRIE2501220005##############T*********
001ARLD2401100004##############F000003***
002ETJK1605060007GKSP1008190003T*********
001MXJM0707080000##############T*********
001MTPV0605060006##############F001004***
001LWWZ1805000002##############F002005***
***************************INDICE SECUNDÁRIO**************************
002MTPV060506SAO PAULO$1905060655#####################ETJK160506SAO ROQUE$1905160655########################################################################T************
001GKSP100819TAUBATE$1908101944#############################################################################################################################T************
003ARLD240110SOROCABA$1901241037######################AATE210214SOROCABA$1902211444######################MXJM070708TAUBATE$1907070803#######################F000004003001
001LWWZ180500TAUBATE$1905180037#############################################################################################################################T************
001MRIE250122SOROCABA$1901252218############################################################################################################################T************
********************************ARQUIVO*******************************
MATHEUS LIMA@M@23/12/1998@(63) 85838-4031@CORSA@XJM-8543@COTIA|JUNDIAI|LORENA|OSASCO|SAO PAULO|SAO ROQUE|SOROCABA|TAUBATE@07/07/19@08:03@041.92@1@##############################################################################################################ALEXANDRE O CHEGA NE@M@09/06/1998@(53) 75052-9236@CIVIC@ATE-0191@COTIA|JUNDIAI|LORENA|OSASCO|RIO DE JANEIRO|SAO JOSE DOS CAMPOS|SAO PAULO|SAO ROQUE|SOROCABA@21/02/19@14:44@219.74@4@###########################################################################LETICIA FERNANDES@F@11/12/1992@(07) 55524-0449@FIT@WWZ-1972@COTIA|JUNDIAI|LORENA|OSASCO|RIO DE JANEIRO|SAO JOSE DOS CAMPOS|SAO PAULO|SAO ROQUE|TAUBATE@18/05/19@00:37@172.25@3@#################################################################################GABRIEL THE ANGEL@M@21/04/1998@(92) 17666-6736@TORO@KSP-8333@JUNDIAI|LORENA|OSASCO|RIO DE JANEIRO|SAO JOSE DOS CAMPOS|SAO PAULO|SAO ROQUE|SOROCABA|TAUBATE@10/08/19@19:44@114.21@4@#############################################################################ALEXANDRE O MAIS OU MENOS@F@26/02/1992@(74) 52568-0046@TORO@RLD-6661@JUNDIAI|OSASCO|RIO DE JANEIRO|SAO JOSE DOS CAMPOS|SAO PAULO|SAO ROQUE|SOROCABA@24/01/19@10:37@113.17@3@####################################################################################MATHEUS LIMA@F@17/02/1994@(05) 84320-6708@ONIX@RIE-7592@COTIA|JUNDIAI|LORENA|OSASCO|RIO DE JANEIRO|SAO JOSE DOS CAMPOS|SAO ROQUE|SOROCABA@25/01/19@22:18@180.26@3@##############################################################################################MATHEUS AUGUSTO@M@08/09/1993@(63) 28405-7354@TORO@TPV-6512@COTIA|SAO JOSE DOS CAMPOS|SAO PAULO@06/05/19@06:55@074.22@2@#########################################################################################################################################EDUARDO MOTTA@M@26/09/1998@(23) 19698-5022@FIT@TJK-0833@LORENA|SAO JOSE DOS CAMPOS|SAO ROQUE@16/05/19@06:55@123.21@2@###########################################################################################################################################
***************************INDICE PRIMÁRIO****************************
001AATE2102140001##############T*********
001MRIE2501220005##############T*********
001ARLD2401100004##############F000003***
002ETJK1605060007GKSP1008190003T*********
001MXJM0707080000##############T*********
001MTPV0605060006##############F001004***
001LWWZ1805000002##############F002005***
***************************INDICE SECUNDÁRIO**************************
002MTPV060506SAO PAULO$1905060655#####################ETJK160506SAO ROQUE$1905160655########################################################################T************
002GKSP100819TAUBATE$1908101944#######################MOQF200920TAUBATE$1909202038##########################################################################T************
003ARLD240110SOROCABA$1901241037######################AATE210214SOROCABA$1902211444######################MXJM070708TAUBATE$1907070803#######################F000004003001
001LWWZ180500TAUBATE$1905180037#############################################################################################################################T************
001MRIE250122SOROCABA$1901252218############################################################################################################################T************
********************************LISTAR********************************
RIO DE JANEIRO---------------- 04/06/19 - 09:54-
SAO PAULO--------------------- 06/05/19 - 06:55-
SAO ROQUE--------------------- 16/05/19 - 06:55-
SOROCABA---------------------- 24/01/19 - 10:37-
SOROCABA---------------------- 25/01/19 - 22:18-
SOROCABA---------------------- 21/02/19 - 14:44-
TAUBATE----------------------- 18/05/19 - 00:37-
TAUBATE----------------------- 07/07/19 - 08:03-
TAUBATE----------------------- 10/08/19 - 19:44-
TAUBATE----------------------- 20/09/19 - 20:38-
TAUBATE----------------------- 15/10/19 - 00:53-
********************************LISTAR********************************
RIO DE JANEIRO---------------- 04/06/19 - 09:54-
SAO PAULO--------------------- 06/05/19 - 06:55-
SAO ROQUE--------------------- 16/05/19 - 06:55-
SOROCABA---------------------- 24/01/19 - 10:37-
SOROCABA---------------------- 25/01/19 - 22:18-
SOROCABA---------------------- 21/02/19 - 14:44-
TAUBATE----------------------- 18/05/19 - 00:37-
TAUBATE----------------------- 07/07/19 - 08:03-
TAUBATE----------------------- 10/08/19 - 19:44-
TAUBATE----------------------- 20/09/19 - 20:38-
TAUBATE----------------------- 15/10/19 - 00:53-
********************************ARQUIVO*******************************
MATHEUS LIMA@M@23/12/1998@(63) 85838-4031@CORSA@XJM-8543@COTIA|JUNDIAI|LORENA|OSASCO|SAO PAULO|SAO ROQUE|SOROCABA|TAUBATE@07/07/19@08:03@041.92@1@##############################################################################################################ALEXANDRE O CHEGA NE@M@09/06/1998@(53) 75052-9236@CIVIC@ATE-0191@COTIA|JUNDIAI|LORENA|OSASCO|RIO DE JANEIRO|SAO JOSE DOS CAMPOS|SAO PAULO|SAO ROQUE|SOROCABA@21/02/19@14:44@219.74@4@###########################################################################LETICIA FERNANDES@F@11/12/1992@(07) 55524-0449@FIT@WWZ-1972@COTIA|JUNDIAI|LORENA|OSASCO|RIO DE JANEIRO|SAO JOSE DOS CAMPOS|SAO PAULO|SAO ROQUE|TAUBATE@18/05/19@00:37@172.25@3@#################################################################################GABRIEL THE ANGEL@M@21/04/1998@(92) 17666-6736@TORO@KSP-8333@JUNDIAI|LORENA|OSASCO|RIO DE JANEIRO|SAO JOSE DOS CAMPOS|SAO PAULO|SAO ROQUE|SOROCABA|TAUBATE@10/08/19@19:44@114.21@4@#############################################################################ALEXANDRE O MAIS OU MENOS@F@26/02/1992@(74) 52568-0046@TORO@RLD-6661@JUNDIAI|OSASCO|RIO DE JANEIRO|SAO JOSE DOS CAMPOS|SAO PAULO|SAO ROQUE|SOROCABA@24/01/19@10:37@113.17@3@####################################################################################MATHEUS LIMA@F@17/02/1994@(05) 84320-6708@ONIX@RIE-7592@COTIA|JUNDIAI|LORENA|OSASCO|RIO DE JANEIRO|SAO JOSE DOS CAMPOS|SAO ROQUE|SOROCABA@25/01/19@22:18@180.26@3@##############################################################################################MATHEUS AUGUSTO@M@08/09/1993@(63) 28405-7354@TORO@TPV-6512@COTIA|SAO JOSE DOS CAMPOS|SAO PAULO@06/05/19@06:55@074.22@2@#########################################################################################################################################EDUARDO MOTTA@M@26/09/1998@(23) 19698-5022@FIT@TJK-0833@LORENA|SAO JOSE DOS CAMPOS|SAO ROQUE@16/05/19@06:55@123.21@2@###########################################################################################################################################MATHEUS AUGUSTO@F@19/04/1997@(10) 66815-4557@TORO@OQF-9582@COTIA|JUNDIAI|LORENA|OSASCO|RIO DE JANEIRO|SAO JOSE DOS CAMPOS|SAO PAULO|SAO ROQUE|SOROCABA|TAUBATE@20/09/19@20:38@156.68@3@#########################################################################PABLO PICASSO@F@18/04/1998@(60) 81603-8847@FOX@QAD-0205@JUNDIAI|LORENA|OSASCO|RIO DE JANEIRO@04/06/19@09:54@181.85@3@###########################################################################################################################################MATEUS ALVES@F@14/04/1991@(21) 41870-0170@CELTA@UNF-4548@JUNDIAI|LORENA|OSASCO|SAO JOSE DOS CAMPOS|SAO ROQUE|SOROCABA|TAUBATE@15/10/19@00:53@132.75@3@##########################################################################################################
***************************INDICE SECUNDÁRIO**************************
003PQAD040609RIO DE JANEIRO$1906040954################MTPV060506SAO PAULO$1905060655#####################ETJK160506SAO ROQUE$1905160655#####################T************
003GKSP100819TAUBATE$1908101944#######################MOQF200920TAUBATE$1909202038#######################MUNF151000TAUBATE$1910150053#######################T************
003ARLD240110SOROCABA$1901241037######################AATE210214SOROCABA$1902211444######################MXJM070708TAUBATE$1907070803#######################F000004003001
001LWWZ180500TAUBATE$1905180037#############################################################################################################################T************
001MRIE250122SOROCABA$1901252218############################################################################################################################T************
********************************LISTAR********************************
1 - LWWZ180500
2 - ARLD240110
3 - AATE210214, ALRT250801
3 - ETJK160506, GKSP100819
2 - MTPV060506, MXJM070708
3 - MOQF200920, MRIE250122
3 - MUNF151000
3 - PQAD040609
********************************BUSCAR********************************
Busca por RIO DE JANEIRO$1905202224.
Nos percorridos:
TAUBATE$1907070803
SOROCABA$1901241037, SOROCABA$1902211444
RIO DE JANEIRO$1906040954, SAO PAULO$1905060655, SAO ROQUE$1905160655

Registro(s) nao encontrado!
***************************INDICE SECUNDÁRIO**************************
002MKJC200522RIO DE JANEIRO$1905202224################PQAD040609RIO DE JANEIRO$1906040954###################################################################T************
002GKSP100819TAUBATE$1908101944#######################ALRT250801TAUBATE$1908250133##########################################################################T************
003MTPV060506SAO PAULO$1905060655#####################ARLD240110SOROCABA$1901241037######################AATE210214SOROCABA$1902211444######################F000008004003
002BAMU130105TAUBATE$1901130523#######################LWWZ180500TAUBATE$1905180037##########################################################################T************
001MRIE250122SOROCABA$1901252218############################################################################################################################T************
001MUNF151000TAUBATE$1910150053#############################################################################################################################T************
001MOQF200920TAUBATE$1909202038#############################################################################################################################F001005******
001MXJM070708TAUBATE$1907070803#############################################################################################################################F002006******
001ETJK160506SAO ROQUE$1905160655###########################################################################################################################T************
********************************BUSCAR********************************
Busca por MOQF200920. Nos percorridos:
LWWZ180500, MTPV060506
MOQF200920

MOQF200920
MATHEUS AUGUSTO
F
19/04/1997
(10) 66815-4557
TORO
OQF-9582
20/09/19
20:38
156.68
3
COTIA, JUNDIAI, LORENA, OSASCO, RIO DE JANEIRO, SAO JOSE DOS CAMPOS, SAO PAULO, SAO ROQUE, SOROCABA, TAUBATE
***************************INDICE PRIMÁRIO****************************
002AATE2102140001ALRT2508010011T*********
001MKJC2005220012##############T*********
002ARLD2401100004ETJK1605060007F000003010
001BAMU1301050013##############T*********
001MUNF1510000010##############T*********
001MOQF2009200008##############F001008***
002LWWZ1805000002MTPV0605060006F002005009
001PQAD0406090009##############T*********
001MRIE2501220005##############T*********
001MXJM0707080000##############F004007***
001GKSP1008190003##############T*********
********************************BUSCAR********************************
Busca por AATE210214. Nos percorridos:
LWWZ180500, MTPV060506
ARLD240110, ETJK160506
AATE210214, ALRT250801

AATE210214
ALEXANDRE O CHEGA NE
M
09/06/1998
(53) 75052-9236
CIVIC
ATE-0191
21/02/19
14:44
219.74
4
COTIA, JUNDIAI, LORENA, OSASCO, RIO DE JANEIRO, SAO JOSE DOS CAMPOS, SAO PAULO, SAO ROQUE, SOROCABA
********************************BUSCAR********************************
Busca por MKJC200522. Nos percorridos:
LWWZ180500, MTPV060506
MOQF200920
MKJC200522

MKJC200522
MATHEUS ROCHA
M
05/02/1992
(73) 82094-8480
CORSA
KJC-4616
20/05/19
22:24
198.23
3
JUNDIAI, LORENA, OSASCO, RIO DE JANEIRO
********************************BUSCAR********************************
Busca por RIO DE JANEIRO$1905202224.
Nos percorridos:
TAUBATE$1907070803
SAO PAULO$1905060655, SOROCABA$1901241037, SOROCABA$1902211444
RIO DE JANEIRO$1905202224, RIO DE JANEIRO$1906040954

MKJC200522
MATHEUS ROCHA
M
05/02/1992
(73) 82094-8480
CORSA
KJC-4616
20/05/19
22:24
198.23
3
JUNDIAI, LORENA, OSASCO, RIO DE JANEIRO
********************************LISTAR********************************
RIO DE JANEIRO---------------- 20/05/19 - 22:24-
RIO DE JANEIRO---------------- 04/06/19 - 09:54-
SAO PAULO--------------------- 06/05/19 - 06:55-
SAO ROQUE--------------------- 16/05/19 - 06:55-
SAO ROQUE--------------------- 02/10/19 - 12:02-
SOROCABA---------------------- 24/01/19 - 10:37-
SOROCABA---------------------- 25/01/19 - 22:18-
SOROCABA---------------------- 21/02/19 - 14:44-
TAUBATE----------------------- 13/01/19 - 05:23-
TAUBATE----------------------- 01/04/19 - 06:47-
TAUBATE----------------------- 18/05/19 - 00:37-
TAUBATE----------------------- 07/07/19 - 08:03-
TAUBATE----------------------- 10/08/19 - 19:44-
TAUBATE----------------------- 25/08/19 - 01:33-
TAUBATE----------------------- 20/09/19 - 20:38-
TAUBATE----------------------- 15/10/19 - 00:53-
********************************LISTAR********************************
1 - LWWZ180500, MTPV060506
2 - ARLD240110, ETJK160506
3 - AATE210214, ALRT250801
3 - BAMU130105
3 - EVSI021012, GKSP100819
2 - MOQF200920
3 - MBNP010406, MKJC200522
3 - MRIE250122
2 - MXJM070708
3 - MUNF151000
3 - PQAD040609
***************************INDICE PRIMÁRIO****************************
002AATE2102140001ALRT2508010011T*********
002MBNP0104060015MKJC2005220012T*********
002ARLD2401100004ETJK1605060007F000003010
001BAMU1301050013##############T*********
001MUNF1510000010##############T*********
001MOQF2009200008##############F001008***
002LWWZ1805000002MTPV0605060006F002005009
001PQAD0406090009##############T*********
001MRIE2501220005##############T*********
001MXJM0707080000##############F004007***
002EVSI0210120014GKSP1008190003T*********
********************************ARQUIVO*******************************
MATHEUS LIMA@M@23/12/1998@(63) 85838-4031@CORSA@XJM-8543@COTIA|JUNDIAI|LORENA|OSASCO|SAO PAULO|SAO ROQUE|SOROCABA|TAUBATE@07/07/19@08:03@041.92@1@##############################################################################################################ALEXANDRE O CHEGA NE@M@09/06/1998@(53) 75052-9236@CIVIC@ATE-0191@COTIA|JUNDIAI|LORENA|OSASCO|RIO DE JANEIRO|SAO JOSE DOS CAMPOS|SAO PAULO|SAO ROQUE|SOROCABA@21/02/19@14:44@219.74@4@###########################################################################LETICIA FERNANDES@F@11/12/1992@(07) 55524-0449@FIT@WWZ-1972@COTIA|JUNDIAI|LORENA|OSASCO|RIO DE JANEIRO|SAO JOSE DOS CAMPOS|SAO PAULO|SAO ROQUE|TAUBATE@18/05/19@00:37@172.25@3@#################################################################################GABRIEL THE ANGEL@M@21/04/1998@(92) 17666-6736@TORO@KSP-8333@JUNDIAI|LORENA|OSASCO|RIO DE JANEIRO|SAO JOSE DOS CAMPOS|SAO PAULO|SAO ROQUE|SOROCABA|TAUBATE@10/08/19@19:44@114.21@4@#############################################################################ALEXANDRE O MAIS OU MENOS@F@26/02/1992@(74) 52568-0046@TORO@RLD-6661@JUNDIAI|OSASCO|RIO DE JANEIRO|SAO JOSE DOS CAMPOS|SAO PAULO|SAO ROQUE|SOROCABA@24/01/19@10:37@113.17@3@####################################################################################MATHEUS LIMA@F@17/02/1994@(05) 84320-6708@ONIX@RIE-7592@COTIA|JUNDIAI|LORENA|OSASCO|RIO DE JANEIRO|SAO JOSE DOS CAMPOS|SAO ROQUE|SOROCABA@25/01/19@22:18@180.26@3@##############################################################################################MATHEUS AUGUSTO@M@08/09/1993@(63) 28405-7354@TORO@TPV-6512@COTIA|SAO JOSE DOS CAMPOS|SAO PAULO@06/05/19@06:55@074.22@2@#########################################################################################################################################EDUARDO MOTTA@M@26/09/1998@(23) 19698-5022@FIT@TJK-0833@LORENA|SAO JOSE DOS CAMPOS|SAO ROQUE@16/05/19@06:55@123.21@2@###########################################################################################################################################MATHEUS AUGUSTO@F@19/04/1997@(10) 66815-4557@TORO@OQF-9582@COTIA|JUNDIAI|LORENA|OSASCO|RIO DE JANEIRO|SAO JOSE DOS CAMPOS|SAO PAULO|SAO ROQUE|SOROCABA|TAUBATE@20/09/19@20:38@156.68@3@#########################################################################PABLO PICASSO@F@18/04/1998@(60) 81603-8847@FOX@QAD-0205@JUNDIAI|LORENA|OSASCO|RIO DE JANEIRO@04/06/19@09:54@181.85@3@###########################################################################################################################################MATEUS ALVES@F@14/04/1991@(21) 41870-0170@CELTA@UNF-4548@JUNDIAI|LORENA|OSASCO|SAO JOSE DOS CAMPOS|SAO ROQUE|SOROCABA|TAUBATE@15/10/19@00:53@132.75@3@##########################################################################################################ALEXANDRE O MIXURUCA@F@25/04/1996@(89) 22323-8866@FUSCA@LRT-5992@LORENA|OSASCO|RIO DE JANEIRO|SAO PAULO|SOROCABA|TAUBATE@25/08/19@01:33@063.98@4@###############################################################################################################MATHEUS ROCHA@M@05/02/1992@(73) 82094-8480@CORSA@KJC-4616@JUNDIAI|LORENA|OSASCO|RIO DE JANEIRO@20/05/19@22:24@198.23@3@#########################################################################################################################################BRUNA MARQUEZINE@M@18/01/1994@(67) 11413-1678@HB20@AMU-6068@JUNDIAI|LORENA|OSASCO|RIO DE JANEIRO|SAO JOSE DOS CAMPOS|SAO PAULO|SAO ROQUE|SOROCABA|TAUBATE@13/01/19@05:23@191.64@4@##############################################################################EVELYN DOS SANTOS@F@10/06/1996@(44) 81907-0607@GOL@VSI-2065@COTIA|OSASCO|SAO JOSE DOS CAMPOS|SAO ROQUE@02/10/19@12:02@232.27@2@#################################################################################################################################MATEUS ALVES@F@11/11/1990@(00) 42006-5670@CORSA@BNP-7331@COTIA|LORENA|OSASCO|RIO DE JANEIRO|SAO ROQUE|TAUBATE@01/04/19@06:47@181.61@3@##########################################################################################################################
***************************INDICE SECUNDÁRIO**************************
002MKJC200522RIO DE JANEIRO$1905202224################PQAD040609RIO DE JANEIRO$1906040954###################################################################T************
002GKSP100819TAUBATE$1908101944#######################ALRT250801TAUBATE$1908250133##########################################################################T************
003MTPV060506SAO PAULO$1905060655#####################ARLD240110SOROCABA$1901241037######################AATE210214SOROCABA$1902211444######################F000008004003
003BAMU130105TAUBATE$1901130523#######################MBNP010406TAUBATE$1904010647#######################LWWZ180500TAUBATE$1905180037#######################T************
001MRIE250122SOROCABA$1901252218############################################################################################################################T************
001MUNF151000TAUBATE$1910150053#############################################################################################################################T************
001MOQF200920TAUBATE$1909202038#############################################################################################################################F001005******
001MXJM070708TAUBATE$1907070803#############################################################################################################################F002006******
002ETJK160506SAO ROQUE$1905160655#####################EVSI021012SAO ROQUE$1910021202########################################################################T************
