***************************INDICE PRIMÁRIO****************************
Arquivo vazio!
***************************INDICE SECUNDÁRIO**************************
Arquivo vazio!
***************************INDICE PRIMÁRIO****************************
001EATE2108010000############################T************
********************************BUSCAR********************************
Busca por COTIA$1908210114.
Nos percorridos:
SOROCABA$1908210114

Registro(s) nao encontrado!
********************************BUSCAR********************************
Busca por OSASCO$1908210114.
Nos percorridos:
SOROCABA$1908210114

Registro(s) nao encontrado!
********************************BUSCAR********************************
Busca por EATE210801. Nos percorridos:
EATE210801, RVNJ070318

EATE210801
EVELYN DOS SANTOS
F
13/09/1996
(17) 33067-4271
FIT
ATE-3940
21/08/19
01:14
170.54
3
COTIA, JUNDIAI, LORENA, RIO DE JANEIRO, SAO JOSE DOS CAMPOS, SAO PAULO, SAO ROQUE, SOROCABA
***************************INDICE SECUNDÁRIO**************************
002EATE210801SOROCABA$1908210114######################RVNJ070318TAUBATE$1903071845#######################T*********
********************************LISTAR********************************
SOROCABA---------------------- 21/08/19 - 01:14-
TAUBATE----------------------- 07/03/19 - 18:45-
***************************INDICE SECUNDÁRIO**************************
002EATE210801SOROCABA$1908210114######################RVNJ070318TAUBATE$1903071845#######################T*********
***************************INDICE PRIMÁRIO****************************
002EATE2108010000GFGB2002010003##############T************
002RNOT0904010004RVNJ0703180001##############T************
001LPCL1711150002############################F000001******
********************************BUSCAR********************************
Busca por SOROCABA$1911171547.
Nos percorridos:
SOROCABA$1908210114, TAUBATE$1903071845
TAUBATE$1902200145

Registro(s) nao encontrado!
********************************ARQUIVO*******************************
EVELYN DOS SANTOS@F@13/09/1996@(17) 33067-4271@FIT@ATE-3940@COTIA|JUNDIAI|LORENA|RIO DE JANEIRO|SAO JOSE DOS CAMPOS|SAO PAULO|SAO ROQUE|SOROCABA@21/08/19@01:14@170.54@3@#######################################################################################ROBERT PATTINSON@F@12/07/1998@(65) 84787-1753@GOL@VNJ-6975@COTIA|SAO PAULO|SOROCABA|TAUBATE@07/03/19@18:45@094.30@4@############################################################################################################################################LETICIA FERNANDES@F@02/06/1996@(25) 50582-7671@CIVIC@PCL-6839@COTIA|LORENA|OSASCO|RIO DE JANEIRO|SAO JOSE DOS CAMPOS|SAO ROQUE|TAUBATE@17/11/19@15:47@132.27@4@#################################################################################################GABRIELA ALVEZ@M@19/07/1989@(08) 34451-9720@FIT@FGB-9392@COTIA|JUNDIAI|LORENA|OSASCO|RIO DE JANEIRO|SAO PAULO|SAO ROQUE|SOROCABA|TAUBATE@20/02/19@01:45@108.77@2@###############################################################################################ROBERT DOWNEY JUNIOR F :(@M@21/03/1995@(51) 04933-0363@FUSCA@NOT-5930@LORENA|OSASCO|RIO DE JANEIRO|SAO JOSE DOS CAMPOS|SAO PAULO|SAO ROQUE|SOROCABA@09/04/19@01:51@187.92@2@####################################################################################
***************************INDICE SECUNDÁRIO**************************
001RNOT090401SOROCABA$1904090151#########################################################################T*********
001LPCL171115TAUBATE$1911171547##########################################################################T*********
002EATE210801SOROCABA$1908210114######################RVNJ070318TAUBATE$1903071845#######################F000003001
001GFGB200201TAUBATE$1902200145##########################################################################T*********
********************************ARQUIVO*******************************
EVELYN DOS SANTOS@F@13/09/1996@(17) 33067-4271@FIT@ATE-3940@COTIA|JUNDIAI|LORENA|RIO DE JANEIRO|SAO JOSE DOS CAMPOS|SAO PAULO|SAO ROQUE|SOROCABA@21/08/19@01:14@170.54@3@#######################################################################################ROBERT PATTINSON@F@12/07/1998@(65) 84787-1753@GOL@VNJ-6975@COTIA|SAO PAULO|SOROCABA|TAUBATE@07/03/19@18:45@094.30@4@############################################################################################################################################LETICIA FERNANDES@F@02/06/1996@(25) 50582-7671@CIVIC@PCL-6839@COTIA|LORENA|OSASCO|RIO DE JANEIRO|SAO JOSE DOS CAMPOS|SAO ROQUE|TAUBATE@17/11/19@15:47@132.27@4@#################################################################################################GABRIELA ALVEZ@M@19/07/1989@(08) 34451-9720@FIT@FGB-9392@COTIA|JUNDIAI|LORENA|OSASCO|RIO DE JANEIRO|SAO PAULO|SAO ROQUE|SOROCABA|TAUBATE@20/02/19@01:45@108.77@2@###############################################################################################ROBERT DOWNEY JUNIOR F :(@M@21/03/1995@(51) 04933-0363@FUSCA@NOT-5930@LORENA|OSASCO|RIO DE JANEIRO|SAO JOSE DOS CAMPOS|SAO PAULO|SAO ROQUE|SOROCABA@09/04/19@01:51@187.92@2@####################################################################################
***************************INDICE PRIMÁRIO****************************
002EATE2108010000GFGB2002010003##############T************
003MXSE1712000005RNOT0904010004RVNJ0703180001T************
001LPCL1711150002############################F000001******
********************************ALTERAR*******************************
OPERACAO REALIZADA COM SUCESSO!
********************************ARQUIVO*******************************
EVELYN DOS SANTOS@F@13/09/1996@(17) 33067-4271@FIT@ATE-3940@COTIA|JUNDIAI|LORENA|RIO DE JANEIRO|SAO JOSE DOS CAMPOS|SAO PAULO|SAO ROQUE|SOROCABA@21/08/19@01:14@170.54@2@#######################################################################################ROBERT PATTINSON@F@12/07/1998@(65) 84787-1753@GOL@VNJ-6975@COTIA|SAO PAULO|SOROCABA|TAUBATE@07/03/19@18:45@094.30@4@############################################################################################################################################LETICIA FERNANDES@F@02/06/1996@(25) 50582-7671@CIVIC@PCL-6839@COTIA|LORENA|OSASCO|RIO DE JANEIRO|SAO JOSE DOS CAMPOS|SAO ROQUE|TAUBATE@17/11/19@15:47@132.27@4@#################################################################################################GABRIELA ALVEZ@M@19/07/1989@(08) 34451-9720@FIT@FGB-9392@COTIA|JUNDIAI|LORENA|OSASCO|RIO DE JANEIRO|SAO PAULO|SAO ROQUE|SOROCABA|TAUBATE@20/02/19@01:45@108.77@2@###############################################################################################ROBERT DOWNEY JUNIOR F :(@M@21/03/1995@(51) 04933-0363@FUSCA@NOT-5930@LORENA|OSASCO|RIO DE JANEIRO|SAO JOSE DOS CAMPOS|SAO PAULO|SAO ROQUE|SOROCABA@09/04/19@01:51@187.92@2@####################################################################################MATHEUS LIMA@M@10/06/1993@(31) 39400-5663@CIVIC@XSE-5381@COTIA|RIO DE JANEIRO@17/12/19@00:44@064.36@3@##########################################################################################################################################################
********************************BUSCAR********************************
Busca por SAO ROQUE$1912170044.
Nos percorridos:
SOROCABA$1908210114, TAUBATE$1903071845
RIO DE JANEIRO$1912170044, SOROCABA$1904090151

Registro(s) nao encontrado!
********************************ALTERAR*******************************
OPERACAO REALIZADA COM SUCESSO!
********************************ARQUIVO*******************************
EVELYN DOS SANTOS@F@13/09/1996@(17) 33067-4271@FIT@ATE-3940@COTIA|JUNDIAI|LORENA|RIO DE JANEIRO|SAO JOSE DOS CAMPOS|SAO PAULO|SAO ROQUE|SOROCABA@21/08/19@01:14@170.54@2@#######################################################################################ROBERT PATTINSON@F@12/07/1998@(65) 84787-1753@GOL@VNJ-6975@COTIA|SAO PAULO|SOROCABA|TAUBATE@07/03/19@18:45@094.30@4@############################################################################################################################################LETICIA FERNANDES@F@02/06/1996@(25) 50582-7671@CIVIC@PCL-6839@COTIA|LORENA|OSASCO|RIO DE JANEIRO|SAO JOSE DOS CAMPOS|SAO ROQUE|TAUBATE@17/11/19@15:47@132.27@4@#################################################################################################GABRIELA ALVEZ@M@19/07/1989@(08) 34451-9720@FIT@FGB-9392@COTIA|JUNDIAI|LORENA|OSASCO|RIO DE JANEIRO|SAO PAULO|SAO ROQUE|SOROCABA|TAUBATE@20/02/19@01:45@108.77@2@###############################################################################################ROBERT DOWNEY JUNIOR F :(@M@21/03/1995@(51) 04933-0363@FUSCA@NOT-5930@LORENA|OSASCO|RIO DE JANEIRO|SAO JOSE DOS CAMPOS|SAO PAULO|SAO ROQUE|SOROCABA@09/04/19@01:51@187.92@2@####################################################################################MATHEUS LIMA@M@10/06/1993@(31) 39400-5663@CIVIC@XSE-5381@COTIA|RIO DE JANEIRO@17/12/19@00:44@064.36@4@##########################################################################################################################################################ALEXANDRE O MEDIO@M@13/01/1999@(05) 56394-0354@HB20@ITI-7913@COTIA|TAUBATE@02/01/19@12:06@137.63@4@#############################################################################################################################################################
********************************BUSCAR********************************
Busca por LPCL171115. Nos percorridos:
LPCL171115

LPCL171115
LETICIA FERNANDES
F
02/06/1996
(25) 50582-7671
CIVIC
PCL-6839
17/11/19
15:47
132.27
4
COTIA, LORENA, OSASCO, RIO DE JANEIRO, SAO JOSE DOS CAMPOS, SAO ROQUE, TAUBATE
***************************INDICE PRIMÁRIO****************************
003AITI0201120006EATE2108010000GFGB2002010003T************
003MXSE1712000005RNOT0904010004RVNJ0703180001T************
001LPCL1711150002############################F000001******
********************************ALTERAR*******************************
OPERACAO REALIZADA COM SUCESSO!
********************************BUSCAR********************************
Busca por SAO JOSE DOS CAMPOS$1912170044.
Nos percorridos:
SOROCABA$1908210114, TAUBATE$1903071845
RIO DE JANEIRO$1912170044, SOROCABA$1904090151

Registro(s) nao encontrado!
********************************BUSCAR********************************
Busca por SOROCABA$1908210114.
Nos percorridos:
SOROCABA$1908210114, TAUBATE$1903071845

EATE210801
EVELYN DOS SANTOS
F
13/09/1996
(17) 33067-4271
FIT
ATE-3940
21/08/19
01:14
170.54
2
COTIA, JUNDIAI, LORENA, RIO DE JANEIRO, SAO JOSE DOS CAMPOS, SAO PAULO, SAO ROQUE, SOROCABA
***************************INDICE PRIMÁRIO****************************
002AITI0201120006AQRQ1004110007##############T************
003MXSE1712000005RNOT0904010004RVNJ0703180001T************
002EATE2108010000LPCL1711150002##############F000003001***
001GFGB2002010003############################T************
********************************ARQUIVO*******************************
EVELYN DOS SANTOS@F@13/09/1996@(17) 33067-4271@FIT@ATE-3940@COTIA|JUNDIAI|LORENA|RIO DE JANEIRO|SAO JOSE DOS CAMPOS|SAO PAULO|SAO ROQUE|SOROCABA@21/08/19@01:14@170.54@2@#######################################################################################ROBERT PATTINSON@F@12/07/1998@(65) 84787-1753@GOL@VNJ-6975@COTIA|SAO PAULO|SOROCABA|TAUBATE@07/03/19@18:45@094.30@4@############################################################################################################################################LETICIA FERNANDES@F@02/06/1996@(25) 50582-7671@CIVIC@PCL-6839@COTIA|LORENA|OSASCO|RIO DE JANEIRO|SAO JOSE DOS CAMPOS|SAO ROQUE|TAUBATE@17/11/19@15:47@132.27@4@#################################################################################################GABRIELA ALVEZ@M@19/07/1989@(08) 34451-9720@FIT@FGB-9392@COTIA|JUNDIAI|LORENA|OSASCO|RIO DE JANEIRO|SAO PAULO|SAO ROQUE|SOROCABA|TAUBATE@20/02/19@01:45@108.77@2@###############################################################################################ROBERT DOWNEY JUNIOR F :(@M@21/03/1995@(51) 04933-0363@FUSCA@NOT-5930@LORENA|OSASCO|RIO DE JANEIRO|SAO JOSE DOS CAMPOS|SAO PAULO|SAO ROQUE|SOROCABA@09/04/19@01:51@187.92@2@####################################################################################MATHEUS LIMA@M@10/06/1993@(31) 39400-5663@CIVIC@XSE-5381@COTIA|RIO DE JANEIRO@17/12/19@00:44@064.36@4@##########################################################################################################################################################ALEXANDRE O MEDIO@M@13/01/1999@(05) 56394-0354@HB20@ITI-7913@COTIA|TAUBATE@02/01/19@12:06@137.63@4@#############################################################################################################################################################ALEXANDRE O CHEGA NE@M@24/08/1989@(53) 78254-2989@UNO@QRQ-4651@JUNDIAI|LORENA|SAO JOSE DOS CAMPOS|SAO PAULO|SAO ROQUE|TAUBATE@10/04/19@11:19@185.69@2@##########################################################################################################
***************************INDICE PRIMÁRIO****************************
002AITI0201120006AQRQ1004110007##############T************
002MKEW0703140008MXSE1712000005##############T************
003EATE2108010000LPCL1711150002RNOT0904010004F000003001004
001GFGB2002010003############################T************
001RVNJ0703180001############################T************
********************************LISTAR********************************
1 - EATE210801, LPCL171115, RNOT090401
2 - AITI020112, AQRQ100411
2 - GFGB200201
2 - MKEW070314, MXSE171200
2 - RVNJ070318
********************************ARQUIVO*******************************
EVELYN DOS SANTOS@F@13/09/1996@(17) 33067-4271@FIT@ATE-3940@COTIA|JUNDIAI|LORENA|RIO DE JANEIRO|SAO JOSE DOS CAMPOS|SAO PAULO|SAO ROQUE|SOROCABA@21/08/19@01:14@170.54@2@#######################################################################################ROBERT PATTINSON@F@12/07/1998@(65) 84787-1753@GOL@VNJ-6975@COTIA|SAO PAULO|SOROCABA|TAUBATE@07/03/19@18:45@094.30@4@############################################################################################################################################LETICIA FERNANDES@F@02/06/1996@(25) 50582-7671@CIVIC@PCL-6839@COTIA|LORENA|OSASCO|RIO DE JANEIRO|SAO JOSE DOS CAMPOS|SAO ROQUE|TAUBATE@17/11/19@15:47@132.27@4@#################################################################################################GABRIELA ALVEZ@M@19/07/1989@(08) 34451-9720@FIT@FGB-9392@COTIA|JUNDIAI|LORENA|OSASCO|RIO DE JANEIRO|SAO PAULO|SAO ROQUE|SOROCABA|TAUBATE@20/02/19@01:45@108.77@2@###############################################################################################ROBERT DOWNEY JUNIOR F :(@M@21/03/1995@(51) 04933-0363@FUSCA@NOT-5930@LORENA|OSASCO|RIO DE JANEIRO|SAO JOSE DOS CAMPOS|SAO PAULO|SAO ROQUE|SOROCABA@09/04/19@01:51@187.92@2@####################################################################################MATHEUS LIMA@M@10/06/1993@(31) 39400-5663@CIVIC@XSE-5381@COTIA|RIO DE JANEIRO@17/12/19@00:44@064.36@4@##########################################################################################################################################################ALEXANDRE O MEDIO@M@13/01/1999@(05) 56394-0354@HB20@ITI-7913@COTIA|TAUBATE@02/01/19@12:06@137.63@4@#############################################################################################################################################################ALEXANDRE O CHEGA NE@M@24/08/1989@(53) 78254-2989@UNO@QRQ-4651@JUNDIAI|LORENA|SAO JOSE DOS CAMPOS|SAO PAULO|SAO ROQUE|TAUBATE@10/04/19@11:19@185.69@2@##########################################################################################################MATHEUS ROCHA@F@03/10/1996@(94) 36557-6816@GOL@KEW-1297@COTIA|JUNDIAI|SAO JOSE DOS CAMPOS|SAO PAULO@07/03/19@14:42@086.61@2@####################################################################################################################################
********************************LISTAR********************************
RIO DE JANEIRO---------------- 17/12/19 - 00:44-
SAO PAULO--------------------- 07/03/19 - 14:42-
SOROCABA---------------------- 09/04/19 - 01:51-
SOROCABA---------------------- 21/08/19 - 01:14-
TAUBATE----------------------- 02/01/19 - 12:06-
TAUBATE----------------------- 20/02/19 - 01:45-
TAUBATE----------------------- 07/03/19 - 18:45-
TAUBATE----------------------- 10/04/19 - 11:19-
TAUBATE----------------------- 17/11/19 - 15:47-
***************************INDICE PRIMÁRIO****************************
002AITI0201120006AQRQ1004110007##############T************
003MKEW0703140008MXSE1712000005PCOY2507060009T************
003EATE2108010000LPCL1711150002RNOT0904010004F000003001004
001GFGB2002010003############################T************
001RVNJ0703180001############################T************
***************************INDICE PRIMÁRIO****************************
002AITI0201120006AQRQ1004110007##############T************
003MKEW0703140008MXSE1712000005PCOY2507060009T************
003EATE2108010000LPCL1711150002RNOT0904010004F000003001004
001GFGB2002010003############################T************
001RVNJ0703180001############################T************
********************************ALTERAR*******************************
OPERACAO REALIZADA COM SUCESSO!
********************************BUSCAR********************************
Busca por SOROCABA$1910271245.
Nos percorridos:
SOROCABA$1908210114, TAUBATE$1903071845
TAUBATE$1901021206
SOROCABA$1910271245

MDFV271012
MATHEUS ROCHA
F
25/07/1989
(34) 04736-9212
CIVIC
DFV-1340
27/10/19
12:45
182.21
3
OSASCO, RIO DE JANEIRO, SAO PAULO, SAO ROQUE, SOROCABA
********************************BUSCAR********************************
Busca por PCOY250706. Nos percorridos:
MXSE171200
RNOT090401
PCOY250706

PCOY250706
PABLO VITTAR
M
12/10/1999
(43) 24805-9949
FIT
COY-2430
25/07/19
06:31
197.60
3
COTIA, JUNDIAI, LORENA, OSASCO, RIO DE JANEIRO, SAO JOSE DOS CAMPOS, SAO PAULO, SAO ROQUE, SOROCABA, TAUBATE
***************************INDICE SECUNDÁRIO**************************
001MXSE171200RIO DE JANEIRO$1912170044###################################################################T*********
001AQRQ100411TAUBATE$1904101119##########################################################################T*********
001MKEW070314SAO PAULO$1903071442########################################################################F000004***
001MDFV271012SOROCABA$1910271245#########################################################################T*********
001RNOT090401SOROCABA$1904090151#########################################################################T*********
001AITI020112TAUBATE$1901021206##########################################################################F003008***
002EATE210801SOROCABA$1908210114######################RVNJ070318TAUBATE$1903071845#######################F002005009
001LPCL171115TAUBATE$1911171547##########################################################################T*********
001GFGB200201TAUBATE$1902200145##########################################################################T*********
001PCOY250706TAUBATE$1907250631##########################################################################F001007***
********************************ALTERAR*******************************
OPERACAO REALIZADA COM SUCESSO!
***************************INDICE SECUNDÁRIO**************************
001MXSE171200RIO DE JANEIRO$1912170044###################################################################T*********
001AQRQ100411TAUBATE$1904101119##########################################################################T*********
002MKEW070314SAO PAULO$1903071442#####################RNOT090401SOROCABA$1904090151######################F000004010
001MDFV271012SOROCABA$1910271245#########################################################################T*********
001APME170218SOROCABA$1902171820#########################################################################T*********
001AITI020112TAUBATE$1901021206##########################################################################F003008***
002EATE210801SOROCABA$1908210114######################RVNJ070318TAUBATE$1903071845#######################F002005009
001LPCL171115TAUBATE$1911171547##########################################################################T*********
001GFGB200201TAUBATE$1902200145##########################################################################T*********
001PCOY250706TAUBATE$1907250631##########################################################################F001007***
001LKDC180511SOROCABA$1905181148#########################################################################T*********
********************************BUSCAR********************************
Busca por SOROCABA$1910271245.
Nos percorridos:
SOROCABA$1908210114, TAUBATE$1903071845
TAUBATE$1901021206
SOROCABA$1910271245

MDFV271012
MATHEUS ROCHA
F
25/07/1989
(34) 04736-9212
CIVIC
DFV-1340
27/10/19
12:45
182.21
3
OSASCO, RIO DE JANEIRO, SAO PAULO, SAO ROQUE, SOROCABA
********************************ALTERAR*******************************
Registro(s) nao encontrado!
FALHA AO REALIZAR OPERACAO!
********************************LISTAR********************************
1 - MXSE171200
2 - EATE210801, LPCL171115
3 - AITI020112, APME170218, AQRQ100411
3 - GFGB200201, LKDC180511
3 - MDFV271012, MKEW070314
2 - RNOT090401
3 - PCOY250706, PLVW071009
3 - RVNJ070318
********************************LISTAR********************************
RIO DE JANEIRO---------------- 17/12/19 - 00:44-
SAO PAULO--------------------- 07/03/19 - 14:42-
SAO PAULO--------------------- 07/10/19 - 09:21-
SOROCABA---------------------- 17/02/19 - 18:20-
SOROCABA---------------------- 09/04/19 - 01:51-
SOROCABA---------------------- 18/05/19 - 11:48-
SOROCABA---------------------- 21/08/19 - 01:14-
SOROCABA---------------------- 27/10/19 - 12:45-
TAUBATE----------------------- 02/01/19 - 12:06-
TAUBATE----------------------- 20/02/19 - 01:45-
TAUBATE----------------------- 07/03/19 - 18:45-
TAUBATE----------------------- 10/04/19 - 11:19-
TAUBATE----------------------- 25/07/19 - 06:31-
TAUBATE----------------------- 17/11/19 - 15:47-
********************************ARQUIVO*******************************
EVELYN DOS SANTOS@F@13/09/1996@(17) 33067-4271@FIT@ATE-3940@COTIA|JUNDIAI|LORENA|RIO DE JANEIRO|SAO JOSE DOS CAMPOS|SAO PAULO|SAO ROQUE|SOROCABA@21/08/19@01:14@170.54@4@#######################################################################################ROBERT PATTINSON@F@12/07/1998@(65) 84787-1753@GOL@VNJ-6975@COTIA|SAO PAULO|SOROCABA|TAUBATE@07/03/19@18:45@094.30@4@############################################################################################################################################LETICIA FERNANDES@F@02/06/1996@(25) 50582-7671@CIVIC@PCL-6839@COTIA|LORENA|OSASCO|RIO DE JANEIRO|SAO JOSE DOS CAMPOS|SAO ROQUE|TAUBATE@17/11/19@15:47@132.27@4@#################################################################################################GABRIELA ALVEZ@M@19/07/1989@(08) 34451-9720@FIT@FGB-9392@COTIA|JUNDIAI|LORENA|OSASCO|RIO DE JANEIRO|SAO PAULO|SAO ROQUE|SOROCABA|TAUBATE@20/02/19@01:45@108.77@2@###############################################################################################ROBERT DOWNEY JUNIOR F :(@M@21/03/1995@(51) 04933-0363@FUSCA@NOT-5930@LORENA|OSASCO|RIO DE JANEIRO|SAO JOSE DOS CAMPOS|SAO PAULO|SAO ROQUE|SOROCABA@09/04/19@01:51@187.92@2@####################################################################################MATHEUS LIMA@M@10/06/1993@(31) 39400-5663@CIVIC@XSE-5381@COTIA|RIO DE JANEIRO@17/12/19@00:44@064.36@2@##########################################################################################################################################################ALEXANDRE O MEDIO@M@13/01/1999@(05) 56394-0354@HB20@ITI-7913@COTIA|TAUBATE@02/01/19@12:06@137.63@4@#############################################################################################################################################################ALEXANDRE O CHEGA NE@M@24/08/1989@(53) 78254-2989@UNO@QRQ-4651@JUNDIAI|LORENA|SAO JOSE DOS CAMPOS|SAO PAULO|SAO ROQUE|TAUBATE@10/04/19@11:19@185.69@2@##########################################################################################################MATHEUS ROCHA@F@03/10/1996@(94) 36557-6816@GOL@KEW-1297@COTIA|JUNDIAI|SAO JOSE DOS CAMPOS|SAO PAULO@07/03/19@14:42@086.61@2@####################################################################################################################################PABLO VITTAR@M@12/10/1999@(43) 24805-9949@FIT@COY-2430@COTIA|JUNDIAI|LORENA|OSASCO|RIO DE JANEIRO|SAO JOSE DOS CAMPOS|SAO PAULO|SAO ROQUE|SOROCABA|TAUBATE@25/07/19@06:31@197.60@3@#############################################################################MATHEUS ROCHA@F@25/07/1989@(34) 04736-9212@CIVIC@DFV-1340@OSASCO|RIO DE JANEIRO|SAO PAULO|SAO ROQUE|SOROCABA@27/10/19@12:45@182.21@3@###########################################################################################################################LETICIA BASTOS@M@05/08/1997@(86) 84678-5900@GOL@KDC-3940@COTIA|OSASCO|RIO DE JANEIRO|SAO ROQUE|SOROCABA@18/05/19@11:48@130.13@1@################################################################################################################################ALEXANDRE O PEQUENO@F@01/10/1990@(70) 67505-4237@COROLLA@PME-9668@COTIA|JUNDIAI|OSASCO|SAO JOSE DOS CAMPOS|SAO ROQUE|SOROCABA@17/02/19@18:20@036.49@4@##########################################################################################################PABLO PICASSO@M@08/09/1990@(59) 60100-4952@CELTA@LVW-0742@COTIA|RIO DE JANEIRO|SAO PAULO@07/10/19@09:21@027.24@1@###############################################################################################################################################
***************************INDICE PRIMÁRIO****************************
003AITI0201120006APME1702180012AQRQ1004110007T************
002MDFV2710120010MKEW0703140008##############T************
002EATE2108010000LPCL1711150002##############F000003001***
002GFGB2002010003LKDC1805110011##############T************
001RVNJ0703180001############################T************
002PCOY2507060009PLVW0710090013##############T************
001RNOT0904010004############################F005004******
001MXSE1712000005############################F002006******
***************************INDICE SECUNDÁRIO**************************
001MXSE171200RIO DE JANEIRO$1912170044###################################################################T*********
001AQRQ100411TAUBATE$1904101119##########################################################################T*********
002MKEW070314SAO PAULO$1903071442#####################RNOT090401SOROCABA$1904090151######################F000004010
001MDFV271012SOROCABA$1910271245#########################################################################T*********
002PLVW071009SAO PAULO$1910070921#####################APME170218SOROCABA$1902171820######################T*********
001AITI020112TAUBATE$1901021206##########################################################################F003008***
002EATE210801SOROCABA$1908210114######################RVNJ070318TAUBATE$1903071845#######################F002005009
001LPCL171115TAUBATE$1911171547##########################################################################T*********
001GFGB200201TAUBATE$1902200145##########################################################################T*********
001PCOY250706TAUBATE$1907250631##########################################################################F001007***
001LKDC180511SOROCABA$1905181148#########################################################################T*********
